<?xml version="1.0" encoding="UTF-8"?>
<testsuite name="com.everyparking.server.ServerApplicationTests" tests="1" skipped="0" failures="0" errors="0" timestamp="2023-05-24T04:27:09" hostname="WANS-A1234" time="0.203">
  <properties/>
  <testcase name="contextLoads()" classname="com.everyparking.server.ServerApplicationTests" time="0.203"/>
  <system-out><![CDATA[13:27:01.074 [Test worker] DEBUG org.springframework.test.context.BootstrapUtils - Instantiating CacheAwareContextLoaderDelegate from class [org.springframework.test.context.cache.DefaultCacheAwareContextLoaderDelegate]
13:27:01.085 [Test worker] DEBUG org.springframework.test.context.BootstrapUtils - Instantiating BootstrapContext using constructor [public org.springframework.test.context.support.DefaultBootstrapContext(java.lang.Class,org.springframework.test.context.CacheAwareContextLoaderDelegate)]
13:27:01.133 [Test worker] DEBUG org.springframework.test.context.BootstrapUtils - Instantiating TestContextBootstrapper for test class [com.everyparking.server.ServerApplicationTests] from class [org.springframework.boot.test.context.SpringBootTestContextBootstrapper]
13:27:01.148 [Test worker] INFO org.springframework.boot.test.context.SpringBootTestContextBootstrapper - Neither @ContextConfiguration nor @ContextHierarchy found for test class [com.everyparking.server.ServerApplicationTests], using SpringBootContextLoader
13:27:01.152 [Test worker] DEBUG org.springframework.test.context.support.AbstractContextLoader - Did not detect default resource location for test class [com.everyparking.server.ServerApplicationTests]: class path resource [com/everyparking/server/ServerApplicationTests-context.xml] does not exist
13:27:01.153 [Test worker] DEBUG org.springframework.test.context.support.AbstractContextLoader - Did not detect default resource location for test class [com.everyparking.server.ServerApplicationTests]: class path resource [com/everyparking/server/ServerApplicationTestsContext.groovy] does not exist
13:27:01.153 [Test worker] INFO org.springframework.test.context.support.AbstractContextLoader - Could not detect default resource locations for test class [com.everyparking.server.ServerApplicationTests]: no resource found for suffixes {-context.xml, Context.groovy}.
13:27:01.154 [Test worker] INFO org.springframework.test.context.support.AnnotationConfigContextLoaderUtils - Could not detect default configuration classes for test class [com.everyparking.server.ServerApplicationTests]: ServerApplicationTests does not declare any static, non-private, non-final, nested classes annotated with @Configuration.
13:27:01.212 [Test worker] DEBUG org.springframework.test.context.support.ActiveProfilesUtils - Could not find an 'annotation declaring class' for annotation type [org.springframework.test.context.ActiveProfiles] and class [com.everyparking.server.ServerApplicationTests]
13:27:01.294 [Test worker] DEBUG org.springframework.context.annotation.ClassPathScanningCandidateComponentProvider - Identified candidate component class: file [C:\workspace\capstone\EveryParking_Server\build\classes\java\main\com\everyparking\server\ServerApplication.class]
13:27:01.295 [Test worker] INFO org.springframework.boot.test.context.SpringBootTestContextBootstrapper - Found @SpringBootConfiguration com.everyparking.server.ServerApplication for test class com.everyparking.server.ServerApplicationTests
13:27:01.431 [Test worker] DEBUG org.springframework.boot.test.context.SpringBootTestContextBootstrapper - @TestExecutionListeners is not present for class [com.everyparking.server.ServerApplicationTests]: using defaults.
13:27:01.432 [Test worker] INFO org.springframework.boot.test.context.SpringBootTestContextBootstrapper - Loaded default TestExecutionListener class names from location [META-INF/spring.factories]: [org.springframework.boot.test.autoconfigure.restdocs.RestDocsTestExecutionListener, org.springframework.boot.test.autoconfigure.web.client.MockRestServiceServerResetTestExecutionListener, org.springframework.boot.test.autoconfigure.web.servlet.MockMvcPrintOnlyOnFailureTestExecutionListener, org.springframework.boot.test.autoconfigure.web.servlet.WebDriverTestExecutionListener, org.springframework.boot.test.autoconfigure.webservices.client.MockWebServiceServerTestExecutionListener, org.springframework.boot.test.mock.mockito.MockitoTestExecutionListener, org.springframework.boot.test.mock.mockito.ResetMocksTestExecutionListener, org.springframework.test.context.web.ServletTestExecutionListener, org.springframework.test.context.support.DirtiesContextBeforeModesTestExecutionListener, org.springframework.test.context.event.ApplicationEventsTestExecutionListener, org.springframework.test.context.support.DependencyInjectionTestExecutionListener, org.springframework.test.context.support.DirtiesContextTestExecutionListener, org.springframework.test.context.transaction.TransactionalTestExecutionListener, org.springframework.test.context.jdbc.SqlScriptsTestExecutionListener, org.springframework.test.context.event.EventPublishingTestExecutionListener]
13:27:01.452 [Test worker] INFO org.springframework.boot.test.context.SpringBootTestContextBootstrapper - Using TestExecutionListeners: [org.springframework.test.context.web.ServletTestExecutionListener@3228d990, org.springframework.test.context.support.DirtiesContextBeforeModesTestExecutionListener@54e7391d, org.springframework.test.context.event.ApplicationEventsTestExecutionListener@50b8ae8d, org.springframework.boot.test.mock.mockito.MockitoTestExecutionListener@255990cc, org.springframework.boot.test.autoconfigure.SpringBootDependencyInjectionTestExecutionListener@51c929ae, org.springframework.test.context.support.DirtiesContextTestExecutionListener@3c8bdd5b, org.springframework.test.context.transaction.TransactionalTestExecutionListener@29d2d081, org.springframework.test.context.jdbc.SqlScriptsTestExecutionListener@40e4ea87, org.springframework.test.context.event.EventPublishingTestExecutionListener@58783f6c, org.springframework.boot.test.autoconfigure.restdocs.RestDocsTestExecutionListener@3a7b503d, org.springframework.boot.test.autoconfigure.web.client.MockRestServiceServerResetTestExecutionListener@512d92b, org.springframework.boot.test.autoconfigure.web.servlet.MockMvcPrintOnlyOnFailureTestExecutionListener@62c5bbdc, org.springframework.boot.test.autoconfigure.web.servlet.WebDriverTestExecutionListener@7bdf6bb7, org.springframework.boot.test.autoconfigure.webservices.client.MockWebServiceServerTestExecutionListener@1bc53649, org.springframework.boot.test.mock.mockito.ResetMocksTestExecutionListener@88d6f9b]
13:27:01.457 [Test worker] DEBUG org.springframework.test.context.support.AbstractDirtiesContextTestExecutionListener - Before test class: context [DefaultTestContext@3fabf088 testClass = ServerApplicationTests, testInstance = [null], testMethod = [null], testException = [null], mergedContextConfiguration = [WebMergedContextConfiguration@1e392345 testClass = ServerApplicationTests, locations = '{}', classes = '{class com.everyparking.server.ServerApplication}', contextInitializerClasses = '[]', activeProfiles = '{}', propertySourceLocations = '{}', propertySourceProperties = '{org.springframework.boot.test.context.SpringBootTestContextBootstrapper=true}', contextCustomizers = set[org.springframework.boot.test.autoconfigure.actuate.metrics.MetricsExportContextCustomizerFactory$DisableMetricExportContextCustomizer@674658f7, org.springframework.boot.test.autoconfigure.properties.PropertyMappingContextCustomizer@0, org.springframework.boot.test.autoconfigure.web.servlet.WebDriverContextCustomizerFactory$Customizer@3e5499cc, org.springframework.boot.test.context.filter.ExcludeFilterContextCustomizer@15cafec7, org.springframework.boot.test.json.DuplicateJsonObjectContextCustomizerFactory$DuplicateJsonObjectContextCustomizer@792bbc74, org.springframework.boot.test.mock.mockito.MockitoContextCustomizer@0, org.springframework.boot.test.web.client.TestRestTemplateContextCustomizer@531c311e, org.springframework.boot.test.context.SpringBootTestArgs@1, org.springframework.boot.test.context.SpringBootTestWebEnvironment@3b5fad2d], resourceBasePath = 'src/main/webapp', contextLoader = 'org.springframework.boot.test.context.SpringBootContextLoader', parent = [null]], attributes = map['org.springframework.test.context.web.ServletTestExecutionListener.activateListener' -> true]], class annotated with @DirtiesContext [false] with mode [null].

  .   ____          _            __ _ _
 /\\ / ___'_ __ _ _(_)_ __  __ _ \ \ \ \
( ( )\___ | '_ | '_| | '_ \/ _` | \ \ \ \
 \\/  ___)| |_)| | | | | || (_| |  ) ) ) )
  '  |____| .__|_| |_|_| |_\__, | / / / /
 =========|_|==============|___/=/_/_/_/
 :: Spring Boot ::                (v2.7.9)

2023-05-24 13:27:01.971  INFO 105924 --- [    Test worker] c.e.server.ServerApplicationTests        : Starting ServerApplicationTests using Java 11.0.18 on WANS-A1234 with PID 105924 (started by swan in C:\workspace\capstone\EveryParking_Server)
2023-05-24 13:27:01.972  INFO 105924 --- [    Test worker] c.e.server.ServerApplicationTests        : No active profile set, falling back to 1 default profile: "default"
2023-05-24 13:27:03.071  INFO 105924 --- [    Test worker] .s.d.r.c.RepositoryConfigurationDelegate : Bootstrapping Spring Data JPA repositories in DEFAULT mode.
2023-05-24 13:27:03.175  INFO 105924 --- [    Test worker] .s.d.r.c.RepositoryConfigurationDelegate : Finished Spring Data repository scanning in 93 ms. Found 8 JPA repository interfaces.
2023-05-24 13:27:03.922  INFO 105924 --- [    Test worker] o.hibernate.jpa.internal.util.LogHelper  : HHH000204: Processing PersistenceUnitInfo [name: default]
2023-05-24 13:27:04.002  INFO 105924 --- [    Test worker] org.hibernate.Version                    : HHH000412: Hibernate ORM core version 5.6.15.Final
2023-05-24 13:27:04.250  INFO 105924 --- [    Test worker] o.hibernate.annotations.common.Version   : HCANN000001: Hibernate Commons Annotations {5.1.2.Final}
2023-05-24 13:27:04.322 DEBUG 105924 --- [    Test worker] org.hibernate.type.BasicTypeRegistry     : Adding type registration boolean -> org.hibernate.type.BooleanType@1ae924f1
2023-05-24 13:27:04.322 DEBUG 105924 --- [    Test worker] org.hibernate.type.BasicTypeRegistry     : Adding type registration boolean -> org.hibernate.type.BooleanType@1ae924f1
2023-05-24 13:27:04.322 DEBUG 105924 --- [    Test worker] org.hibernate.type.BasicTypeRegistry     : Adding type registration java.lang.Boolean -> org.hibernate.type.BooleanType@1ae924f1
2023-05-24 13:27:04.323 DEBUG 105924 --- [    Test worker] org.hibernate.type.BasicTypeRegistry     : Adding type registration numeric_boolean -> org.hibernate.type.NumericBooleanType@104a287c
2023-05-24 13:27:04.324 DEBUG 105924 --- [    Test worker] org.hibernate.type.BasicTypeRegistry     : Adding type registration true_false -> org.hibernate.type.TrueFalseType@1e734eee
2023-05-24 13:27:04.325 DEBUG 105924 --- [    Test worker] org.hibernate.type.BasicTypeRegistry     : Adding type registration yes_no -> org.hibernate.type.YesNoType@5e68be2
2023-05-24 13:27:04.326 DEBUG 105924 --- [    Test worker] org.hibernate.type.BasicTypeRegistry     : Adding type registration byte -> org.hibernate.type.ByteType@7f51f588
2023-05-24 13:27:04.326 DEBUG 105924 --- [    Test worker] org.hibernate.type.BasicTypeRegistry     : Adding type registration byte -> org.hibernate.type.ByteType@7f51f588
2023-05-24 13:27:04.326 DEBUG 105924 --- [    Test worker] org.hibernate.type.BasicTypeRegistry     : Adding type registration java.lang.Byte -> org.hibernate.type.ByteType@7f51f588
2023-05-24 13:27:04.327 DEBUG 105924 --- [    Test worker] org.hibernate.type.BasicTypeRegistry     : Adding type registration character -> org.hibernate.type.CharacterType@372954e1
2023-05-24 13:27:04.328 DEBUG 105924 --- [    Test worker] org.hibernate.type.BasicTypeRegistry     : Adding type registration char -> org.hibernate.type.CharacterType@372954e1
2023-05-24 13:27:04.328 DEBUG 105924 --- [    Test worker] org.hibernate.type.BasicTypeRegistry     : Adding type registration java.lang.Character -> org.hibernate.type.CharacterType@372954e1
2023-05-24 13:27:04.329 DEBUG 105924 --- [    Test worker] org.hibernate.type.BasicTypeRegistry     : Adding type registration short -> org.hibernate.type.ShortType@53cddaf8
2023-05-24 13:27:04.330 DEBUG 105924 --- [    Test worker] org.hibernate.type.BasicTypeRegistry     : Adding type registration short -> org.hibernate.type.ShortType@53cddaf8
2023-05-24 13:27:04.330 DEBUG 105924 --- [    Test worker] org.hibernate.type.BasicTypeRegistry     : Adding type registration java.lang.Short -> org.hibernate.type.ShortType@53cddaf8
2023-05-24 13:27:04.332 DEBUG 105924 --- [    Test worker] org.hibernate.type.BasicTypeRegistry     : Adding type registration integer -> org.hibernate.type.IntegerType@1e721583
2023-05-24 13:27:04.332 DEBUG 105924 --- [    Test worker] org.hibernate.type.BasicTypeRegistry     : Adding type registration int -> org.hibernate.type.IntegerType@1e721583
2023-05-24 13:27:04.332 DEBUG 105924 --- [    Test worker] org.hibernate.type.BasicTypeRegistry     : Adding type registration java.lang.Integer -> org.hibernate.type.IntegerType@1e721583
2023-05-24 13:27:04.333 DEBUG 105924 --- [    Test worker] org.hibernate.type.BasicTypeRegistry     : Adding type registration long -> org.hibernate.type.LongType@48dff674
2023-05-24 13:27:04.333 DEBUG 105924 --- [    Test worker] org.hibernate.type.BasicTypeRegistry     : Adding type registration long -> org.hibernate.type.LongType@48dff674
2023-05-24 13:27:04.333 DEBUG 105924 --- [    Test worker] org.hibernate.type.BasicTypeRegistry     : Adding type registration java.lang.Long -> org.hibernate.type.LongType@48dff674
2023-05-24 13:27:04.334 DEBUG 105924 --- [    Test worker] org.hibernate.type.BasicTypeRegistry     : Adding type registration float -> org.hibernate.type.FloatType@77fc19cf
2023-05-24 13:27:04.334 DEBUG 105924 --- [    Test worker] org.hibernate.type.BasicTypeRegistry     : Adding type registration float -> org.hibernate.type.FloatType@77fc19cf
2023-05-24 13:27:04.334 DEBUG 105924 --- [    Test worker] org.hibernate.type.BasicTypeRegistry     : Adding type registration java.lang.Float -> org.hibernate.type.FloatType@77fc19cf
2023-05-24 13:27:04.335 DEBUG 105924 --- [    Test worker] org.hibernate.type.BasicTypeRegistry     : Adding type registration double -> org.hibernate.type.DoubleType@bb8ead8
2023-05-24 13:27:04.335 DEBUG 105924 --- [    Test worker] org.hibernate.type.BasicTypeRegistry     : Adding type registration double -> org.hibernate.type.DoubleType@bb8ead8
2023-05-24 13:27:04.335 DEBUG 105924 --- [    Test worker] org.hibernate.type.BasicTypeRegistry     : Adding type registration java.lang.Double -> org.hibernate.type.DoubleType@bb8ead8
2023-05-24 13:27:04.336 DEBUG 105924 --- [    Test worker] org.hibernate.type.BasicTypeRegistry     : Adding type registration big_decimal -> org.hibernate.type.BigDecimalType@677cb96e
2023-05-24 13:27:04.336 DEBUG 105924 --- [    Test worker] org.hibernate.type.BasicTypeRegistry     : Adding type registration java.math.BigDecimal -> org.hibernate.type.BigDecimalType@677cb96e
2023-05-24 13:27:04.337 DEBUG 105924 --- [    Test worker] org.hibernate.type.BasicTypeRegistry     : Adding type registration big_integer -> org.hibernate.type.BigIntegerType@63dda940
2023-05-24 13:27:04.337 DEBUG 105924 --- [    Test worker] org.hibernate.type.BasicTypeRegistry     : Adding type registration java.math.BigInteger -> org.hibernate.type.BigIntegerType@63dda940
2023-05-24 13:27:04.340 DEBUG 105924 --- [    Test worker] org.hibernate.type.BasicTypeRegistry     : Adding type registration string -> org.hibernate.type.StringType@33627576
2023-05-24 13:27:04.340 DEBUG 105924 --- [    Test worker] org.hibernate.type.BasicTypeRegistry     : Adding type registration java.lang.String -> org.hibernate.type.StringType@33627576
2023-05-24 13:27:04.341 DEBUG 105924 --- [    Test worker] org.hibernate.type.BasicTypeRegistry     : Adding type registration nstring -> org.hibernate.type.StringNVarcharType@5a3cf878
2023-05-24 13:27:04.342 DEBUG 105924 --- [    Test worker] org.hibernate.type.BasicTypeRegistry     : Adding type registration ncharacter -> org.hibernate.type.CharacterNCharType@5c53c235
2023-05-24 13:27:04.343 DEBUG 105924 --- [    Test worker] org.hibernate.type.BasicTypeRegistry     : Adding type registration url -> org.hibernate.type.UrlType@66d3b881
2023-05-24 13:27:04.343 DEBUG 105924 --- [    Test worker] org.hibernate.type.BasicTypeRegistry     : Adding type registration java.net.URL -> org.hibernate.type.UrlType@66d3b881
2023-05-24 13:27:04.344 DEBUG 105924 --- [    Test worker] org.hibernate.type.BasicTypeRegistry     : Adding type registration Duration -> org.hibernate.type.DurationType@52f9e8bb
2023-05-24 13:27:04.344 DEBUG 105924 --- [    Test worker] org.hibernate.type.BasicTypeRegistry     : Adding type registration java.time.Duration -> org.hibernate.type.DurationType@52f9e8bb
2023-05-24 13:27:04.345 DEBUG 105924 --- [    Test worker] org.hibernate.type.BasicTypeRegistry     : Adding type registration Instant -> org.hibernate.type.InstantType@72224107
2023-05-24 13:27:04.345 DEBUG 105924 --- [    Test worker] org.hibernate.type.BasicTypeRegistry     : Adding type registration java.time.Instant -> org.hibernate.type.InstantType@72224107
2023-05-24 13:27:04.348 DEBUG 105924 --- [    Test worker] org.hibernate.type.BasicTypeRegistry     : Adding type registration LocalDateTime -> org.hibernate.type.LocalDateTimeType@1c7cd434
2023-05-24 13:27:04.348 DEBUG 105924 --- [    Test worker] org.hibernate.type.BasicTypeRegistry     : Adding type registration java.time.LocalDateTime -> org.hibernate.type.LocalDateTimeType@1c7cd434
2023-05-24 13:27:04.349 DEBUG 105924 --- [    Test worker] org.hibernate.type.BasicTypeRegistry     : Adding type registration LocalDate -> org.hibernate.type.LocalDateType@5cce40d7
2023-05-24 13:27:04.349 DEBUG 105924 --- [    Test worker] org.hibernate.type.BasicTypeRegistry     : Adding type registration java.time.LocalDate -> org.hibernate.type.LocalDateType@5cce40d7
2023-05-24 13:27:04.351 DEBUG 105924 --- [    Test worker] org.hibernate.type.BasicTypeRegistry     : Adding type registration LocalTime -> org.hibernate.type.LocalTimeType@2c99c8d
2023-05-24 13:27:04.351 DEBUG 105924 --- [    Test worker] org.hibernate.type.BasicTypeRegistry     : Adding type registration java.time.LocalTime -> org.hibernate.type.LocalTimeType@2c99c8d
2023-05-24 13:27:04.353 DEBUG 105924 --- [    Test worker] org.hibernate.type.BasicTypeRegistry     : Adding type registration OffsetDateTime -> org.hibernate.type.OffsetDateTimeType@f95d64d
2023-05-24 13:27:04.353 DEBUG 105924 --- [    Test worker] org.hibernate.type.BasicTypeRegistry     : Adding type registration java.time.OffsetDateTime -> org.hibernate.type.OffsetDateTimeType@f95d64d
2023-05-24 13:27:04.354 DEBUG 105924 --- [    Test worker] org.hibernate.type.BasicTypeRegistry     : Adding type registration OffsetTime -> org.hibernate.type.OffsetTimeType@74a58a06
2023-05-24 13:27:04.354 DEBUG 105924 --- [    Test worker] org.hibernate.type.BasicTypeRegistry     : Adding type registration java.time.OffsetTime -> org.hibernate.type.OffsetTimeType@74a58a06
2023-05-24 13:27:04.355 DEBUG 105924 --- [    Test worker] org.hibernate.type.BasicTypeRegistry     : Adding type registration ZonedDateTime -> org.hibernate.type.ZonedDateTimeType@147efd9
2023-05-24 13:27:04.355 DEBUG 105924 --- [    Test worker] org.hibernate.type.BasicTypeRegistry     : Adding type registration java.time.ZonedDateTime -> org.hibernate.type.ZonedDateTimeType@147efd9
2023-05-24 13:27:04.356 DEBUG 105924 --- [    Test worker] org.hibernate.type.BasicTypeRegistry     : Adding type registration date -> org.hibernate.type.DateType@78479f2b
2023-05-24 13:27:04.357 DEBUG 105924 --- [    Test worker] org.hibernate.type.BasicTypeRegistry     : Adding type registration java.sql.Date -> org.hibernate.type.DateType@78479f2b
2023-05-24 13:27:04.359 DEBUG 105924 --- [    Test worker] org.hibernate.type.BasicTypeRegistry     : Adding type registration time -> org.hibernate.type.TimeType@1b0e031b
2023-05-24 13:27:04.359 DEBUG 105924 --- [    Test worker] org.hibernate.type.BasicTypeRegistry     : Adding type registration java.sql.Time -> org.hibernate.type.TimeType@1b0e031b
2023-05-24 13:27:04.360 DEBUG 105924 --- [    Test worker] org.hibernate.type.BasicTypeRegistry     : Adding type registration timestamp -> org.hibernate.type.TimestampType@22865072
2023-05-24 13:27:04.360 DEBUG 105924 --- [    Test worker] org.hibernate.type.BasicTypeRegistry     : Adding type registration java.sql.Timestamp -> org.hibernate.type.TimestampType@22865072
2023-05-24 13:27:04.360 DEBUG 105924 --- [    Test worker] org.hibernate.type.BasicTypeRegistry     : Adding type registration java.util.Date -> org.hibernate.type.TimestampType@22865072
2023-05-24 13:27:04.362 DEBUG 105924 --- [    Test worker] org.hibernate.type.BasicTypeRegistry     : Adding type registration dbtimestamp -> org.hibernate.type.DbTimestampType@7e18ced7
2023-05-24 13:27:04.363 DEBUG 105924 --- [    Test worker] org.hibernate.type.BasicTypeRegistry     : Adding type registration calendar -> org.hibernate.type.CalendarType@5cd8d029
2023-05-24 13:27:04.363 DEBUG 105924 --- [    Test worker] org.hibernate.type.BasicTypeRegistry     : Adding type registration java.util.Calendar -> org.hibernate.type.CalendarType@5cd8d029
2023-05-24 13:27:04.363 DEBUG 105924 --- [    Test worker] org.hibernate.type.BasicTypeRegistry     : Adding type registration java.util.GregorianCalendar -> org.hibernate.type.CalendarType@5cd8d029
2023-05-24 13:27:04.364 DEBUG 105924 --- [    Test worker] org.hibernate.type.BasicTypeRegistry     : Adding type registration calendar_date -> org.hibernate.type.CalendarDateType@799c8758
2023-05-24 13:27:04.364 DEBUG 105924 --- [    Test worker] org.hibernate.type.BasicTypeRegistry     : Adding type registration calendar_time -> org.hibernate.type.CalendarTimeType@582dcd35
2023-05-24 13:27:04.365 DEBUG 105924 --- [    Test worker] org.hibernate.type.BasicTypeRegistry     : Adding type registration locale -> org.hibernate.type.LocaleType@638afcaa
2023-05-24 13:27:04.365 DEBUG 105924 --- [    Test worker] org.hibernate.type.BasicTypeRegistry     : Adding type registration java.util.Locale -> org.hibernate.type.LocaleType@638afcaa
2023-05-24 13:27:04.367 DEBUG 105924 --- [    Test worker] org.hibernate.type.BasicTypeRegistry     : Adding type registration currency -> org.hibernate.type.CurrencyType@64c25a62
2023-05-24 13:27:04.367 DEBUG 105924 --- [    Test worker] org.hibernate.type.BasicTypeRegistry     : Adding type registration java.util.Currency -> org.hibernate.type.CurrencyType@64c25a62
2023-05-24 13:27:04.368 DEBUG 105924 --- [    Test worker] org.hibernate.type.BasicTypeRegistry     : Adding type registration timezone -> org.hibernate.type.TimeZoneType@570b2057
2023-05-24 13:27:04.368 DEBUG 105924 --- [    Test worker] org.hibernate.type.BasicTypeRegistry     : Adding type registration java.util.TimeZone -> org.hibernate.type.TimeZoneType@570b2057
2023-05-24 13:27:04.369 DEBUG 105924 --- [    Test worker] org.hibernate.type.BasicTypeRegistry     : Adding type registration class -> org.hibernate.type.ClassType@11bfffb3
2023-05-24 13:27:04.369 DEBUG 105924 --- [    Test worker] org.hibernate.type.BasicTypeRegistry     : Adding type registration java.lang.Class -> org.hibernate.type.ClassType@11bfffb3
2023-05-24 13:27:04.372 DEBUG 105924 --- [    Test worker] org.hibernate.type.BasicTypeRegistry     : Adding type registration uuid-binary -> org.hibernate.type.UUIDBinaryType@f03ee8f
2023-05-24 13:27:04.372 DEBUG 105924 --- [    Test worker] org.hibernate.type.BasicTypeRegistry     : Adding type registration java.util.UUID -> org.hibernate.type.UUIDBinaryType@f03ee8f
2023-05-24 13:27:04.374 DEBUG 105924 --- [    Test worker] org.hibernate.type.BasicTypeRegistry     : Adding type registration uuid-char -> org.hibernate.type.UUIDCharType@5e5a8718
2023-05-24 13:27:04.377 DEBUG 105924 --- [    Test worker] org.hibernate.type.BasicTypeRegistry     : Adding type registration binary -> org.hibernate.type.BinaryType@42730828
2023-05-24 13:27:04.377 DEBUG 105924 --- [    Test worker] org.hibernate.type.BasicTypeRegistry     : Adding type registration byte[] -> org.hibernate.type.BinaryType@42730828
2023-05-24 13:27:04.377 DEBUG 105924 --- [    Test worker] org.hibernate.type.BasicTypeRegistry     : Adding type registration [B -> org.hibernate.type.BinaryType@42730828
2023-05-24 13:27:04.380 DEBUG 105924 --- [    Test worker] org.hibernate.type.BasicTypeRegistry     : Adding type registration wrapper-binary -> org.hibernate.type.WrapperBinaryType@5fb7ab9c
2023-05-24 13:27:04.380 DEBUG 105924 --- [    Test worker] org.hibernate.type.BasicTypeRegistry     : Adding type registration Byte[] -> org.hibernate.type.WrapperBinaryType@5fb7ab9c
2023-05-24 13:27:04.380 DEBUG 105924 --- [    Test worker] org.hibernate.type.BasicTypeRegistry     : Adding type registration [Ljava.lang.Byte; -> org.hibernate.type.WrapperBinaryType@5fb7ab9c
2023-05-24 13:27:04.381 DEBUG 105924 --- [    Test worker] org.hibernate.type.BasicTypeRegistry     : Adding type registration row_version -> org.hibernate.type.RowVersionType@38f617f4
2023-05-24 13:27:04.382 DEBUG 105924 --- [    Test worker] org.hibernate.type.BasicTypeRegistry     : Adding type registration image -> org.hibernate.type.ImageType@7c91fe86
2023-05-24 13:27:04.383 DEBUG 105924 --- [    Test worker] org.hibernate.type.BasicTypeRegistry     : Adding type registration characters -> org.hibernate.type.CharArrayType@15994b0b
2023-05-24 13:27:04.383 DEBUG 105924 --- [    Test worker] org.hibernate.type.BasicTypeRegistry     : Adding type registration char[] -> org.hibernate.type.CharArrayType@15994b0b
2023-05-24 13:27:04.383 DEBUG 105924 --- [    Test worker] org.hibernate.type.BasicTypeRegistry     : Adding type registration [C -> org.hibernate.type.CharArrayType@15994b0b
2023-05-24 13:27:04.384 DEBUG 105924 --- [    Test worker] org.hibernate.type.BasicTypeRegistry     : Adding type registration wrapper-characters -> org.hibernate.type.CharacterArrayType@3407aa4f
2023-05-24 13:27:04.384 DEBUG 105924 --- [    Test worker] org.hibernate.type.BasicTypeRegistry     : Adding type registration [Ljava.lang.Character; -> org.hibernate.type.CharacterArrayType@3407aa4f
2023-05-24 13:27:04.384 DEBUG 105924 --- [    Test worker] org.hibernate.type.BasicTypeRegistry     : Adding type registration Character[] -> org.hibernate.type.CharacterArrayType@3407aa4f
2023-05-24 13:27:04.384 DEBUG 105924 --- [    Test worker] org.hibernate.type.BasicTypeRegistry     : Adding type registration text -> org.hibernate.type.TextType@10e56da9
2023-05-24 13:27:04.385 DEBUG 105924 --- [    Test worker] org.hibernate.type.BasicTypeRegistry     : Adding type registration ntext -> org.hibernate.type.NTextType@4fbaa7f5
2023-05-24 13:27:04.386 DEBUG 105924 --- [    Test worker] org.hibernate.type.BasicTypeRegistry     : Adding type registration blob -> org.hibernate.type.BlobType@524f5ea5
2023-05-24 13:27:04.386 DEBUG 105924 --- [    Test worker] org.hibernate.type.BasicTypeRegistry     : Adding type registration java.sql.Blob -> org.hibernate.type.BlobType@524f5ea5
2023-05-24 13:27:04.387 DEBUG 105924 --- [    Test worker] org.hibernate.type.BasicTypeRegistry     : Adding type registration materialized_blob -> org.hibernate.type.MaterializedBlobType@5599b5bb
2023-05-24 13:27:04.388 DEBUG 105924 --- [    Test worker] org.hibernate.type.BasicTypeRegistry     : Adding type registration clob -> org.hibernate.type.ClobType@4d43a1b7
2023-05-24 13:27:04.388 DEBUG 105924 --- [    Test worker] org.hibernate.type.BasicTypeRegistry     : Adding type registration java.sql.Clob -> org.hibernate.type.ClobType@4d43a1b7
2023-05-24 13:27:04.389 DEBUG 105924 --- [    Test worker] org.hibernate.type.BasicTypeRegistry     : Adding type registration nclob -> org.hibernate.type.NClobType@5cf0673d
2023-05-24 13:27:04.390 DEBUG 105924 --- [    Test worker] org.hibernate.type.BasicTypeRegistry     : Adding type registration java.sql.NClob -> org.hibernate.type.NClobType@5cf0673d
2023-05-24 13:27:04.390 DEBUG 105924 --- [    Test worker] org.hibernate.type.BasicTypeRegistry     : Adding type registration materialized_clob -> org.hibernate.type.MaterializedClobType@ad0bb4e
2023-05-24 13:27:04.391 DEBUG 105924 --- [    Test worker] org.hibernate.type.BasicTypeRegistry     : Adding type registration materialized_nclob -> org.hibernate.type.MaterializedNClobType@7f642bf
2023-05-24 13:27:04.392 DEBUG 105924 --- [    Test worker] org.hibernate.type.BasicTypeRegistry     : Adding type registration serializable -> org.hibernate.type.SerializableType@11c7a0b4
2023-05-24 13:27:04.396 DEBUG 105924 --- [    Test worker] org.hibernate.type.BasicTypeRegistry     : Adding type registration object -> org.hibernate.type.ObjectType@2c2e3460
2023-05-24 13:27:04.396 DEBUG 105924 --- [    Test worker] org.hibernate.type.BasicTypeRegistry     : Adding type registration java.lang.Object -> org.hibernate.type.ObjectType@2c2e3460
2023-05-24 13:27:04.397 DEBUG 105924 --- [    Test worker] org.hibernate.type.BasicTypeRegistry     : Adding type registration imm_date -> org.hibernate.type.AdaptedImmutableType@42107318
2023-05-24 13:27:04.397 DEBUG 105924 --- [    Test worker] org.hibernate.type.BasicTypeRegistry     : Adding type registration imm_time -> org.hibernate.type.AdaptedImmutableType@4e4f4092
2023-05-24 13:27:04.397 DEBUG 105924 --- [    Test worker] org.hibernate.type.BasicTypeRegistry     : Adding type registration imm_timestamp -> org.hibernate.type.AdaptedImmutableType@5d829ef0
2023-05-24 13:27:04.397 DEBUG 105924 --- [    Test worker] org.hibernate.type.BasicTypeRegistry     : Adding type registration imm_dbtimestamp -> org.hibernate.type.AdaptedImmutableType@4416e18d
2023-05-24 13:27:04.397 DEBUG 105924 --- [    Test worker] org.hibernate.type.BasicTypeRegistry     : Adding type registration imm_calendar -> org.hibernate.type.AdaptedImmutableType@5dfc2a4
2023-05-24 13:27:04.397 DEBUG 105924 --- [    Test worker] org.hibernate.type.BasicTypeRegistry     : Adding type registration imm_calendar_date -> org.hibernate.type.AdaptedImmutableType@3120495d
2023-05-24 13:27:04.397 DEBUG 105924 --- [    Test worker] org.hibernate.type.BasicTypeRegistry     : Adding type registration imm_binary -> org.hibernate.type.AdaptedImmutableType@781c2497
2023-05-24 13:27:04.398 DEBUG 105924 --- [    Test worker] org.hibernate.type.BasicTypeRegistry     : Adding type registration imm_serializable -> org.hibernate.type.AdaptedImmutableType@b75b890
2023-05-24 13:27:04.440  INFO 105924 --- [    Test worker] com.zaxxer.hikari.HikariDataSource       : HikariPool-1 - Starting...
2023-05-24 13:27:04.507  INFO 105924 --- [    Test worker] com.zaxxer.hikari.HikariDataSource       : HikariPool-1 - Start completed.
2023-05-24 13:27:04.535  INFO 105924 --- [    Test worker] org.hibernate.dialect.Dialect            : HHH000400: Using dialect: org.hibernate.dialect.MariaDB106Dialect
2023-05-24 13:27:04.583 DEBUG 105924 --- [    Test worker] o.h.type.spi.TypeConfiguration$Scope     : Scoping TypeConfiguration [org.hibernate.type.spi.TypeConfiguration@da34eb0] to MetadataBuildingContext [org.hibernate.boot.internal.MetadataBuildingContextRootImpl@785a4557]
2023-05-24 13:27:04.999 DEBUG 105924 --- [    Test worker] org.hibernate.type.EnumType              : Using NAMED-based conversion for Enum com.everyparking.server.data.entity.MemberStatus
2023-05-24 13:27:05.000 DEBUG 105924 --- [    Test worker] org.hibernate.type.EnumType              : Using NAMED-based conversion for Enum com.everyparking.server.data.entity.RoleType
2023-05-24 13:27:05.001 DEBUG 105924 --- [    Test worker] org.hibernate.type.EnumType              : Using NAMED-based conversion for Enum com.everyparking.server.data.entity.CarStatus
2023-05-24 13:27:05.001 DEBUG 105924 --- [    Test worker] org.hibernate.type.EnumType              : Using NAMED-based conversion for Enum com.everyparking.server.data.entity.ParkingStatus
2023-05-24 13:27:05.001 DEBUG 105924 --- [    Test worker] o.h.type.spi.TypeConfiguration$Scope     : Scoping TypeConfiguration [org.hibernate.type.spi.TypeConfiguration@da34eb0] to SessionFactoryImpl [org.hibernate.internal.SessionFactoryImpl@3b2c8bda]
2023-05-24 13:27:05.504 DEBUG 105924 --- [    Test worker] org.hibernate.SQL                        : 
    
    alter table member 
       drop 
       foreign key if exists FKsev4q8fdxwy6niycwskmklvwx
2023-05-24 13:27:05.516 DEBUG 105924 --- [    Test worker] org.hibernate.SQL                        : 
    
    alter table member 
       drop 
       foreign key if exists FKooq37npsgnsvp2aab38uf6klb
2023-05-24 13:27:05.529 DEBUG 105924 --- [    Test worker] org.hibernate.SQL                        : 
    
    alter table message 
       drop 
       foreign key if exists FK4msccpwmxulmw875edu7p352d
2023-05-24 13:27:05.536 DEBUG 105924 --- [    Test worker] org.hibernate.SQL                        : 
    
    alter table message 
       drop 
       foreign key if exists FKjusoilghlrkxd2gam6ly30fdd
2023-05-24 13:27:05.549 DEBUG 105924 --- [    Test worker] org.hibernate.SQL                        : 
    
    alter table message 
       drop 
       foreign key if exists FKeid59e86pmn4dcpuborxrk3id
2023-05-24 13:27:05.562 DEBUG 105924 --- [    Test worker] org.hibernate.SQL                        : 
    
    alter table parking_info 
       drop 
       foreign key if exists FKjhj2r0t48s78k97qf72xpawm0
2023-05-24 13:27:05.567 DEBUG 105924 --- [    Test worker] org.hibernate.SQL                        : 
    
    alter table parking_info 
       drop 
       foreign key if exists FKjlmlpqme43cbfesbaj3f30225
2023-05-24 13:27:05.583 DEBUG 105924 --- [    Test worker] org.hibernate.SQL                        : 
    
    alter table report 
       drop 
       foreign key if exists FKmxlq6fpk3hfesa0qut2vh09ef
2023-05-24 13:27:05.589 DEBUG 105924 --- [    Test worker] org.hibernate.SQL                        : 
    
    alter table report 
       drop 
       foreign key if exists FKffmfaraf2frrc09ju7dwg7ca3
2023-05-24 13:27:05.600 DEBUG 105924 --- [    Test worker] org.hibernate.SQL                        : 
    
    alter table upload_file 
       drop 
       foreign key if exists FK8u9i9pa3m7slsihn06d7dgubp
2023-05-24 13:27:05.612 DEBUG 105924 --- [    Test worker] org.hibernate.SQL                        : 
    
    alter table upload_file 
       drop 
       foreign key if exists FKj8idbmcr961eyi06jiubgxokg
2023-05-24 13:27:05.622 DEBUG 105924 --- [    Test worker] org.hibernate.SQL                        : 
    
    drop table if exists car
2023-05-24 13:27:05.627 DEBUG 105924 --- [    Test worker] org.hibernate.SQL                        : 
    
    drop table if exists entry_log
2023-05-24 13:27:05.642 DEBUG 105924 --- [    Test worker] org.hibernate.SQL                        : 
    
    drop table if exists member
2023-05-24 13:27:05.651 DEBUG 105924 --- [    Test worker] org.hibernate.SQL                        : 
    
    drop table if exists message
2023-05-24 13:27:05.664 DEBUG 105924 --- [    Test worker] org.hibernate.SQL                        : 
    
    drop table if exists parking_info
2023-05-24 13:27:05.678 DEBUG 105924 --- [    Test worker] org.hibernate.SQL                        : 
    
    drop table if exists parking_lot
2023-05-24 13:27:05.684 DEBUG 105924 --- [    Test worker] org.hibernate.SQL                        : 
    
    drop table if exists report
2023-05-24 13:27:05.695 DEBUG 105924 --- [    Test worker] org.hibernate.SQL                        : 
    
    drop table if exists upload_file
2023-05-24 13:27:05.713 DEBUG 105924 --- [    Test worker] org.hibernate.SQL                        : 
    
    create table car (
       car_id bigint not null auto_increment,
        created_time datetime(6),
        last_modified_time datetime(6),
        is_enter bit not null,
        parking_lot_id integer not null,
        car_number varchar(255),
        car_status varchar(255),
        model_name varchar(255),
        primary key (car_id)
    ) engine=InnoDB
2023-05-24 13:27:05.721 DEBUG 105924 --- [    Test worker] org.hibernate.SQL                        : 
    
    create table entry_log (
       id bigint not null auto_increment,
        car_number varchar(255) not null,
        entry_time datetime(6) not null,
        exit_time datetime(6),
        primary key (id)
    ) engine=InnoDB
2023-05-24 13:27:05.732 DEBUG 105924 --- [    Test worker] org.hibernate.SQL                        : 
    
    create table member (
       member_id bigint not null auto_increment,
        created_time datetime(6),
        last_modified_time datetime(6),
        member_status varchar(255),
        password varchar(255),
        role_type varchar(255),
        student_id integer not null,
        user_id varchar(255),
        email varchar(255),
        phone_number integer not null,
        user_name varchar(255),
        car_id bigint,
        parking_info_id bigint,
        primary key (member_id)
    ) engine=InnoDB
2023-05-24 13:27:05.742 DEBUG 105924 --- [    Test worker] org.hibernate.SQL                        : 
    
    create table message (
       message_id bigint not null auto_increment,
        created_time datetime(6),
        last_modified_time datetime(6),
        details varchar(255),
        member_id bigint,
        sender_member_id bigint,
        primary key (message_id)
    ) engine=InnoDB
2023-05-24 13:27:05.749 DEBUG 105924 --- [    Test worker] org.hibernate.SQL                        : 
    
    create table parking_info (
       parking_info_id bigint not null auto_increment,
        created_time datetime(6),
        last_modified_time datetime(6),
        parking_id integer not null,
        parking_status varchar(255),
        car_id bigint,
        parking_lot_id bigint,
        primary key (parking_info_id)
    ) engine=InnoDB
2023-05-24 13:27:05.757 DEBUG 105924 --- [    Test worker] org.hibernate.SQL                        : 
    
    create table parking_lot (
       parking_lot_id bigint not null auto_increment,
        created_time datetime(6),
        last_modified_time datetime(6),
        available integer not null,
        name varchar(255),
        total integer not null,
        used integer not null,
        primary key (parking_lot_id)
    ) engine=InnoDB
2023-05-24 13:27:05.764 DEBUG 105924 --- [    Test worker] org.hibernate.SQL                        : 
    
    create table report (
       report_id bigint not null auto_increment,
        created_time datetime(6),
        last_modified_time datetime(6),
        contents varchar(255),
        title varchar(255),
        member_member_id bigint,
        primary key (report_id)
    ) engine=InnoDB
2023-05-24 13:27:05.771 DEBUG 105924 --- [    Test worker] org.hibernate.SQL                        : 
    
    create table upload_file (
       image_id bigint not null auto_increment,
        created_time datetime(6),
        last_modified_time datetime(6),
        store_file_name varchar(255),
        upload_file_name varchar(255),
        report_report_id bigint,
        primary key (image_id)
    ) engine=InnoDB
2023-05-24 13:27:05.778 DEBUG 105924 --- [    Test worker] org.hibernate.SQL                        : 
    
    alter table member 
       add constraint FKsev4q8fdxwy6niycwskmklvwx 
       foreign key (car_id) 
       references car (car_id)
2023-05-24 13:27:05.803 DEBUG 105924 --- [    Test worker] org.hibernate.SQL                        : 
    
    alter table member 
       add constraint FKooq37npsgnsvp2aab38uf6klb 
       foreign key (parking_info_id) 
       references parking_info (parking_info_id)
2023-05-24 13:27:05.830 DEBUG 105924 --- [    Test worker] org.hibernate.SQL                        : 
    
    alter table message 
       add constraint FK4msccpwmxulmw875edu7p352d 
       foreign key (member_id) 
       references member (member_id)
2023-05-24 13:27:05.857 DEBUG 105924 --- [    Test worker] org.hibernate.SQL                        : 
    
    alter table message 
       add constraint FKjusoilghlrkxd2gam6ly30fdd 
       foreign key (sender_member_id) 
       references member (member_id)
2023-05-24 13:27:05.885 DEBUG 105924 --- [    Test worker] org.hibernate.SQL                        : 
    
    alter table message 
       add constraint FKeid59e86pmn4dcpuborxrk3id 
       foreign key (message_id) 
       references member (member_id)
2023-05-24 13:27:05.915 DEBUG 105924 --- [    Test worker] org.hibernate.SQL                        : 
    
    alter table parking_info 
       add constraint FKjhj2r0t48s78k97qf72xpawm0 
       foreign key (car_id) 
       references car (car_id)
2023-05-24 13:27:05.937 DEBUG 105924 --- [    Test worker] org.hibernate.SQL                        : 
    
    alter table parking_info 
       add constraint FKjlmlpqme43cbfesbaj3f30225 
       foreign key (parking_lot_id) 
       references parking_lot (parking_lot_id)
2023-05-24 13:27:05.960 DEBUG 105924 --- [    Test worker] org.hibernate.SQL                        : 
    
    alter table report 
       add constraint FKmxlq6fpk3hfesa0qut2vh09ef 
       foreign key (member_member_id) 
       references member (member_id)
2023-05-24 13:27:05.978 DEBUG 105924 --- [    Test worker] org.hibernate.SQL                        : 
    
    alter table report 
       add constraint FKffmfaraf2frrc09ju7dwg7ca3 
       foreign key (report_id) 
       references member (member_id)
2023-05-24 13:27:06.003 DEBUG 105924 --- [    Test worker] org.hibernate.SQL                        : 
    
    alter table upload_file 
       add constraint FK8u9i9pa3m7slsihn06d7dgubp 
       foreign key (report_report_id) 
       references report (report_id)
2023-05-24 13:27:06.025 DEBUG 105924 --- [    Test worker] org.hibernate.SQL                        : 
    
    alter table upload_file 
       add constraint FKj8idbmcr961eyi06jiubgxokg 
       foreign key (image_id) 
       references report (report_id)
2023-05-24 13:27:06.046  INFO 105924 --- [    Test worker] o.h.e.t.j.p.i.JtaPlatformInitiator       : HHH000490: Using JtaPlatform implementation: [org.hibernate.engine.transaction.jta.platform.internal.NoJtaPlatform]
2023-05-24 13:27:06.056 TRACE 105924 --- [    Test worker] o.h.type.spi.TypeConfiguration$Scope     : Handling #sessionFactoryCreated from [org.hibernate.internal.SessionFactoryImpl@3b2c8bda] for TypeConfiguration
2023-05-24 13:27:06.057  INFO 105924 --- [    Test worker] j.LocalContainerEntityManagerFactoryBean : Initialized JPA EntityManagerFactory for persistence unit 'default'
2023-05-24 13:27:07.073 DEBUG 105924 --- [    Test worker] org.hibernate.SQL                        : 
    insert 
    into
        member
        (created_time, last_modified_time, car_id, member_status, parking_info_id, password, role_type, student_id, user_id, email, phone_number, user_name) 
    values
        (?, ?, ?, ?, ?, ?, ?, ?, ?, ?, ?, ?)
2023-05-24 13:27:07.081 TRACE 105924 --- [    Test worker] o.h.type.descriptor.sql.BasicBinder      : binding parameter [1] as [TIMESTAMP] - [2023-05-24T13:27:07.007292100]
2023-05-24 13:27:07.082 TRACE 105924 --- [    Test worker] o.h.type.descriptor.sql.BasicBinder      : binding parameter [2] as [TIMESTAMP] - [null]
2023-05-24 13:27:07.083 TRACE 105924 --- [    Test worker] o.h.type.descriptor.sql.BasicBinder      : binding parameter [3] as [BIGINT] - [null]
2023-05-24 13:27:07.083 TRACE 105924 --- [    Test worker] o.h.type.descriptor.sql.BasicBinder      : binding parameter [4] as [VARCHAR] - [DEFAULT]
2023-05-24 13:27:07.084 TRACE 105924 --- [    Test worker] o.h.type.descriptor.sql.BasicBinder      : binding parameter [5] as [BIGINT] - [null]
2023-05-24 13:27:07.084 TRACE 105924 --- [    Test worker] o.h.type.descriptor.sql.BasicBinder      : binding parameter [6] as [VARCHAR] - [1234]
2023-05-24 13:27:07.084 TRACE 105924 --- [    Test worker] o.h.type.descriptor.sql.BasicBinder      : binding parameter [7] as [VARCHAR] - [ADMIN]
2023-05-24 13:27:07.085 TRACE 105924 --- [    Test worker] o.h.type.descriptor.sql.BasicBinder      : binding parameter [8] as [INTEGER] - [0]
2023-05-24 13:27:07.085 TRACE 105924 --- [    Test worker] o.h.type.descriptor.sql.BasicBinder      : binding parameter [9] as [VARCHAR] - [admin]
2023-05-24 13:27:07.085 TRACE 105924 --- [    Test worker] o.h.type.descriptor.sql.BasicBinder      : binding parameter [10] as [VARCHAR] - [admin@a.com]
2023-05-24 13:27:07.085 TRACE 105924 --- [    Test worker] o.h.type.descriptor.sql.BasicBinder      : binding parameter [11] as [INTEGER] - [12341234]
2023-05-24 13:27:07.085 TRACE 105924 --- [    Test worker] o.h.type.descriptor.sql.BasicBinder      : binding parameter [12] as [VARCHAR] - [관리자]
2023-05-24 13:27:07.126 DEBUG 105924 --- [    Test worker] org.hibernate.SQL                        : 
    insert 
    into
        parking_lot
        (created_time, last_modified_time, available, name, total, used) 
    values
        (?, ?, ?, ?, ?, ?)
2023-05-24 13:27:07.126 TRACE 105924 --- [    Test worker] o.h.type.descriptor.sql.BasicBinder      : binding parameter [1] as [TIMESTAMP] - [2023-05-24T13:27:07.119323800]
2023-05-24 13:27:07.126 TRACE 105924 --- [    Test worker] o.h.type.descriptor.sql.BasicBinder      : binding parameter [2] as [TIMESTAMP] - [null]
2023-05-24 13:27:07.126 TRACE 105924 --- [    Test worker] o.h.type.descriptor.sql.BasicBinder      : binding parameter [3] as [INTEGER] - [20]
2023-05-24 13:27:07.126 TRACE 105924 --- [    Test worker] o.h.type.descriptor.sql.BasicBinder      : binding parameter [4] as [VARCHAR] - [테스트]
2023-05-24 13:27:07.126 TRACE 105924 --- [    Test worker] o.h.type.descriptor.sql.BasicBinder      : binding parameter [5] as [INTEGER] - [20]
2023-05-24 13:27:07.126 TRACE 105924 --- [    Test worker] o.h.type.descriptor.sql.BasicBinder      : binding parameter [6] as [INTEGER] - [0]
2023-05-24 13:27:07.145 DEBUG 105924 --- [    Test worker] org.hibernate.SQL                        : 
    insert 
    into
        parking_info
        (created_time, last_modified_time, car_id, parking_id, parking_lot_id, parking_status) 
    values
        (?, ?, ?, ?, ?, ?)
2023-05-24 13:27:07.145 TRACE 105924 --- [    Test worker] o.h.type.descriptor.sql.BasicBinder      : binding parameter [1] as [TIMESTAMP] - [2023-05-24T13:27:07.140406300]
2023-05-24 13:27:07.145 TRACE 105924 --- [    Test worker] o.h.type.descriptor.sql.BasicBinder      : binding parameter [2] as [TIMESTAMP] - [null]
2023-05-24 13:27:07.145 TRACE 105924 --- [    Test worker] o.h.type.descriptor.sql.BasicBinder      : binding parameter [3] as [BIGINT] - [null]
2023-05-24 13:27:07.145 TRACE 105924 --- [    Test worker] o.h.type.descriptor.sql.BasicBinder      : binding parameter [4] as [INTEGER] - [1]
2023-05-24 13:27:07.145 TRACE 105924 --- [    Test worker] o.h.type.descriptor.sql.BasicBinder      : binding parameter [5] as [BIGINT] - [1]
2023-05-24 13:27:07.148 TRACE 105924 --- [    Test worker] o.h.type.descriptor.sql.BasicBinder      : binding parameter [6] as [VARCHAR] - [AVAILABLE]
2023-05-24 13:27:07.162 DEBUG 105924 --- [    Test worker] org.hibernate.SQL                        : 
    insert 
    into
        parking_info
        (created_time, last_modified_time, car_id, parking_id, parking_lot_id, parking_status) 
    values
        (?, ?, ?, ?, ?, ?)
2023-05-24 13:27:07.163 TRACE 105924 --- [    Test worker] o.h.type.descriptor.sql.BasicBinder      : binding parameter [1] as [TIMESTAMP] - [2023-05-24T13:27:07.162172900]
2023-05-24 13:27:07.163 TRACE 105924 --- [    Test worker] o.h.type.descriptor.sql.BasicBinder      : binding parameter [2] as [TIMESTAMP] - [null]
2023-05-24 13:27:07.163 TRACE 105924 --- [    Test worker] o.h.type.descriptor.sql.BasicBinder      : binding parameter [3] as [BIGINT] - [null]
2023-05-24 13:27:07.163 TRACE 105924 --- [    Test worker] o.h.type.descriptor.sql.BasicBinder      : binding parameter [4] as [INTEGER] - [2]
2023-05-24 13:27:07.163 TRACE 105924 --- [    Test worker] o.h.type.descriptor.sql.BasicBinder      : binding parameter [5] as [BIGINT] - [1]
2023-05-24 13:27:07.163 TRACE 105924 --- [    Test worker] o.h.type.descriptor.sql.BasicBinder      : binding parameter [6] as [VARCHAR] - [AVAILABLE]
2023-05-24 13:27:07.165 DEBUG 105924 --- [    Test worker] org.hibernate.SQL                        : 
    insert 
    into
        parking_info
        (created_time, last_modified_time, car_id, parking_id, parking_lot_id, parking_status) 
    values
        (?, ?, ?, ?, ?, ?)
2023-05-24 13:27:07.165 TRACE 105924 --- [    Test worker] o.h.type.descriptor.sql.BasicBinder      : binding parameter [1] as [TIMESTAMP] - [2023-05-24T13:27:07.165173700]
2023-05-24 13:27:07.166 TRACE 105924 --- [    Test worker] o.h.type.descriptor.sql.BasicBinder      : binding parameter [2] as [TIMESTAMP] - [null]
2023-05-24 13:27:07.166 TRACE 105924 --- [    Test worker] o.h.type.descriptor.sql.BasicBinder      : binding parameter [3] as [BIGINT] - [null]
2023-05-24 13:27:07.166 TRACE 105924 --- [    Test worker] o.h.type.descriptor.sql.BasicBinder      : binding parameter [4] as [INTEGER] - [3]
2023-05-24 13:27:07.166 TRACE 105924 --- [    Test worker] o.h.type.descriptor.sql.BasicBinder      : binding parameter [5] as [BIGINT] - [1]
2023-05-24 13:27:07.166 TRACE 105924 --- [    Test worker] o.h.type.descriptor.sql.BasicBinder      : binding parameter [6] as [VARCHAR] - [AVAILABLE]
2023-05-24 13:27:07.168 DEBUG 105924 --- [    Test worker] org.hibernate.SQL                        : 
    insert 
    into
        parking_info
        (created_time, last_modified_time, car_id, parking_id, parking_lot_id, parking_status) 
    values
        (?, ?, ?, ?, ?, ?)
2023-05-24 13:27:07.168 TRACE 105924 --- [    Test worker] o.h.type.descriptor.sql.BasicBinder      : binding parameter [1] as [TIMESTAMP] - [2023-05-24T13:27:07.168394800]
2023-05-24 13:27:07.168 TRACE 105924 --- [    Test worker] o.h.type.descriptor.sql.BasicBinder      : binding parameter [2] as [TIMESTAMP] - [null]
2023-05-24 13:27:07.168 TRACE 105924 --- [    Test worker] o.h.type.descriptor.sql.BasicBinder      : binding parameter [3] as [BIGINT] - [null]
2023-05-24 13:27:07.168 TRACE 105924 --- [    Test worker] o.h.type.descriptor.sql.BasicBinder      : binding parameter [4] as [INTEGER] - [4]
2023-05-24 13:27:07.168 TRACE 105924 --- [    Test worker] o.h.type.descriptor.sql.BasicBinder      : binding parameter [5] as [BIGINT] - [1]
2023-05-24 13:27:07.168 TRACE 105924 --- [    Test worker] o.h.type.descriptor.sql.BasicBinder      : binding parameter [6] as [VARCHAR] - [AVAILABLE]
2023-05-24 13:27:07.171 DEBUG 105924 --- [    Test worker] org.hibernate.SQL                        : 
    insert 
    into
        parking_info
        (created_time, last_modified_time, car_id, parking_id, parking_lot_id, parking_status) 
    values
        (?, ?, ?, ?, ?, ?)
2023-05-24 13:27:07.171 TRACE 105924 --- [    Test worker] o.h.type.descriptor.sql.BasicBinder      : binding parameter [1] as [TIMESTAMP] - [2023-05-24T13:27:07.171428900]
2023-05-24 13:27:07.171 TRACE 105924 --- [    Test worker] o.h.type.descriptor.sql.BasicBinder      : binding parameter [2] as [TIMESTAMP] - [null]
2023-05-24 13:27:07.171 TRACE 105924 --- [    Test worker] o.h.type.descriptor.sql.BasicBinder      : binding parameter [3] as [BIGINT] - [null]
2023-05-24 13:27:07.171 TRACE 105924 --- [    Test worker] o.h.type.descriptor.sql.BasicBinder      : binding parameter [4] as [INTEGER] - [5]
2023-05-24 13:27:07.171 TRACE 105924 --- [    Test worker] o.h.type.descriptor.sql.BasicBinder      : binding parameter [5] as [BIGINT] - [1]
2023-05-24 13:27:07.171 TRACE 105924 --- [    Test worker] o.h.type.descriptor.sql.BasicBinder      : binding parameter [6] as [VARCHAR] - [AVAILABLE]
2023-05-24 13:27:07.174 DEBUG 105924 --- [    Test worker] org.hibernate.SQL                        : 
    insert 
    into
        parking_info
        (created_time, last_modified_time, car_id, parking_id, parking_lot_id, parking_status) 
    values
        (?, ?, ?, ?, ?, ?)
2023-05-24 13:27:07.174 TRACE 105924 --- [    Test worker] o.h.type.descriptor.sql.BasicBinder      : binding parameter [1] as [TIMESTAMP] - [2023-05-24T13:27:07.173428]
2023-05-24 13:27:07.174 TRACE 105924 --- [    Test worker] o.h.type.descriptor.sql.BasicBinder      : binding parameter [2] as [TIMESTAMP] - [null]
2023-05-24 13:27:07.174 TRACE 105924 --- [    Test worker] o.h.type.descriptor.sql.BasicBinder      : binding parameter [3] as [BIGINT] - [null]
2023-05-24 13:27:07.174 TRACE 105924 --- [    Test worker] o.h.type.descriptor.sql.BasicBinder      : binding parameter [4] as [INTEGER] - [6]
2023-05-24 13:27:07.174 TRACE 105924 --- [    Test worker] o.h.type.descriptor.sql.BasicBinder      : binding parameter [5] as [BIGINT] - [1]
2023-05-24 13:27:07.174 TRACE 105924 --- [    Test worker] o.h.type.descriptor.sql.BasicBinder      : binding parameter [6] as [VARCHAR] - [AVAILABLE]
2023-05-24 13:27:07.177 DEBUG 105924 --- [    Test worker] org.hibernate.SQL                        : 
    insert 
    into
        parking_info
        (created_time, last_modified_time, car_id, parking_id, parking_lot_id, parking_status) 
    values
        (?, ?, ?, ?, ?, ?)
2023-05-24 13:27:07.177 TRACE 105924 --- [    Test worker] o.h.type.descriptor.sql.BasicBinder      : binding parameter [1] as [TIMESTAMP] - [2023-05-24T13:27:07.177413100]
2023-05-24 13:27:07.177 TRACE 105924 --- [    Test worker] o.h.type.descriptor.sql.BasicBinder      : binding parameter [2] as [TIMESTAMP] - [null]
2023-05-24 13:27:07.177 TRACE 105924 --- [    Test worker] o.h.type.descriptor.sql.BasicBinder      : binding parameter [3] as [BIGINT] - [null]
2023-05-24 13:27:07.177 TRACE 105924 --- [    Test worker] o.h.type.descriptor.sql.BasicBinder      : binding parameter [4] as [INTEGER] - [7]
2023-05-24 13:27:07.177 TRACE 105924 --- [    Test worker] o.h.type.descriptor.sql.BasicBinder      : binding parameter [5] as [BIGINT] - [1]
2023-05-24 13:27:07.177 TRACE 105924 --- [    Test worker] o.h.type.descriptor.sql.BasicBinder      : binding parameter [6] as [VARCHAR] - [AVAILABLE]
2023-05-24 13:27:07.182 DEBUG 105924 --- [    Test worker] org.hibernate.SQL                        : 
    insert 
    into
        parking_info
        (created_time, last_modified_time, car_id, parking_id, parking_lot_id, parking_status) 
    values
        (?, ?, ?, ?, ?, ?)
2023-05-24 13:27:07.183 TRACE 105924 --- [    Test worker] o.h.type.descriptor.sql.BasicBinder      : binding parameter [1] as [TIMESTAMP] - [2023-05-24T13:27:07.182420400]
2023-05-24 13:27:07.183 TRACE 105924 --- [    Test worker] o.h.type.descriptor.sql.BasicBinder      : binding parameter [2] as [TIMESTAMP] - [null]
2023-05-24 13:27:07.183 TRACE 105924 --- [    Test worker] o.h.type.descriptor.sql.BasicBinder      : binding parameter [3] as [BIGINT] - [null]
2023-05-24 13:27:07.183 TRACE 105924 --- [    Test worker] o.h.type.descriptor.sql.BasicBinder      : binding parameter [4] as [INTEGER] - [8]
2023-05-24 13:27:07.183 TRACE 105924 --- [    Test worker] o.h.type.descriptor.sql.BasicBinder      : binding parameter [5] as [BIGINT] - [1]
2023-05-24 13:27:07.184 TRACE 105924 --- [    Test worker] o.h.type.descriptor.sql.BasicBinder      : binding parameter [6] as [VARCHAR] - [AVAILABLE]
2023-05-24 13:27:07.187 DEBUG 105924 --- [    Test worker] org.hibernate.SQL                        : 
    insert 
    into
        parking_info
        (created_time, last_modified_time, car_id, parking_id, parking_lot_id, parking_status) 
    values
        (?, ?, ?, ?, ?, ?)
2023-05-24 13:27:07.188 TRACE 105924 --- [    Test worker] o.h.type.descriptor.sql.BasicBinder      : binding parameter [1] as [TIMESTAMP] - [2023-05-24T13:27:07.187419400]
2023-05-24 13:27:07.188 TRACE 105924 --- [    Test worker] o.h.type.descriptor.sql.BasicBinder      : binding parameter [2] as [TIMESTAMP] - [null]
2023-05-24 13:27:07.188 TRACE 105924 --- [    Test worker] o.h.type.descriptor.sql.BasicBinder      : binding parameter [3] as [BIGINT] - [null]
2023-05-24 13:27:07.188 TRACE 105924 --- [    Test worker] o.h.type.descriptor.sql.BasicBinder      : binding parameter [4] as [INTEGER] - [9]
2023-05-24 13:27:07.188 TRACE 105924 --- [    Test worker] o.h.type.descriptor.sql.BasicBinder      : binding parameter [5] as [BIGINT] - [1]
2023-05-24 13:27:07.188 TRACE 105924 --- [    Test worker] o.h.type.descriptor.sql.BasicBinder      : binding parameter [6] as [VARCHAR] - [AVAILABLE]
2023-05-24 13:27:07.202 DEBUG 105924 --- [    Test worker] org.hibernate.SQL                        : 
    insert 
    into
        parking_info
        (created_time, last_modified_time, car_id, parking_id, parking_lot_id, parking_status) 
    values
        (?, ?, ?, ?, ?, ?)
2023-05-24 13:27:07.203 TRACE 105924 --- [    Test worker] o.h.type.descriptor.sql.BasicBinder      : binding parameter [1] as [TIMESTAMP] - [2023-05-24T13:27:07.202426900]
2023-05-24 13:27:07.203 TRACE 105924 --- [    Test worker] o.h.type.descriptor.sql.BasicBinder      : binding parameter [2] as [TIMESTAMP] - [null]
2023-05-24 13:27:07.203 TRACE 105924 --- [    Test worker] o.h.type.descriptor.sql.BasicBinder      : binding parameter [3] as [BIGINT] - [null]
2023-05-24 13:27:07.203 TRACE 105924 --- [    Test worker] o.h.type.descriptor.sql.BasicBinder      : binding parameter [4] as [INTEGER] - [10]
2023-05-24 13:27:07.203 TRACE 105924 --- [    Test worker] o.h.type.descriptor.sql.BasicBinder      : binding parameter [5] as [BIGINT] - [1]
2023-05-24 13:27:07.203 TRACE 105924 --- [    Test worker] o.h.type.descriptor.sql.BasicBinder      : binding parameter [6] as [VARCHAR] - [AVAILABLE]
2023-05-24 13:27:07.206 DEBUG 105924 --- [    Test worker] org.hibernate.SQL                        : 
    insert 
    into
        parking_info
        (created_time, last_modified_time, car_id, parking_id, parking_lot_id, parking_status) 
    values
        (?, ?, ?, ?, ?, ?)
2023-05-24 13:27:07.207 TRACE 105924 --- [    Test worker] o.h.type.descriptor.sql.BasicBinder      : binding parameter [1] as [TIMESTAMP] - [2023-05-24T13:27:07.206440100]
2023-05-24 13:27:07.207 TRACE 105924 --- [    Test worker] o.h.type.descriptor.sql.BasicBinder      : binding parameter [2] as [TIMESTAMP] - [null]
2023-05-24 13:27:07.207 TRACE 105924 --- [    Test worker] o.h.type.descriptor.sql.BasicBinder      : binding parameter [3] as [BIGINT] - [null]
2023-05-24 13:27:07.207 TRACE 105924 --- [    Test worker] o.h.type.descriptor.sql.BasicBinder      : binding parameter [4] as [INTEGER] - [11]
2023-05-24 13:27:07.207 TRACE 105924 --- [    Test worker] o.h.type.descriptor.sql.BasicBinder      : binding parameter [5] as [BIGINT] - [1]
2023-05-24 13:27:07.207 TRACE 105924 --- [    Test worker] o.h.type.descriptor.sql.BasicBinder      : binding parameter [6] as [VARCHAR] - [AVAILABLE]
2023-05-24 13:27:07.231 DEBUG 105924 --- [    Test worker] org.hibernate.SQL                        : 
    insert 
    into
        parking_info
        (created_time, last_modified_time, car_id, parking_id, parking_lot_id, parking_status) 
    values
        (?, ?, ?, ?, ?, ?)
2023-05-24 13:27:07.232 TRACE 105924 --- [    Test worker] o.h.type.descriptor.sql.BasicBinder      : binding parameter [1] as [TIMESTAMP] - [2023-05-24T13:27:07.231410200]
2023-05-24 13:27:07.233 TRACE 105924 --- [    Test worker] o.h.type.descriptor.sql.BasicBinder      : binding parameter [2] as [TIMESTAMP] - [null]
2023-05-24 13:27:07.233 TRACE 105924 --- [    Test worker] o.h.type.descriptor.sql.BasicBinder      : binding parameter [3] as [BIGINT] - [null]
2023-05-24 13:27:07.233 TRACE 105924 --- [    Test worker] o.h.type.descriptor.sql.BasicBinder      : binding parameter [4] as [INTEGER] - [12]
2023-05-24 13:27:07.233 TRACE 105924 --- [    Test worker] o.h.type.descriptor.sql.BasicBinder      : binding parameter [5] as [BIGINT] - [1]
2023-05-24 13:27:07.233 TRACE 105924 --- [    Test worker] o.h.type.descriptor.sql.BasicBinder      : binding parameter [6] as [VARCHAR] - [AVAILABLE]
2023-05-24 13:27:07.236 DEBUG 105924 --- [    Test worker] org.hibernate.SQL                        : 
    insert 
    into
        parking_info
        (created_time, last_modified_time, car_id, parking_id, parking_lot_id, parking_status) 
    values
        (?, ?, ?, ?, ?, ?)
2023-05-24 13:27:07.236 TRACE 105924 --- [    Test worker] o.h.type.descriptor.sql.BasicBinder      : binding parameter [1] as [TIMESTAMP] - [2023-05-24T13:27:07.235868500]
2023-05-24 13:27:07.236 TRACE 105924 --- [    Test worker] o.h.type.descriptor.sql.BasicBinder      : binding parameter [2] as [TIMESTAMP] - [null]
2023-05-24 13:27:07.236 TRACE 105924 --- [    Test worker] o.h.type.descriptor.sql.BasicBinder      : binding parameter [3] as [BIGINT] - [null]
2023-05-24 13:27:07.236 TRACE 105924 --- [    Test worker] o.h.type.descriptor.sql.BasicBinder      : binding parameter [4] as [INTEGER] - [13]
2023-05-24 13:27:07.236 TRACE 105924 --- [    Test worker] o.h.type.descriptor.sql.BasicBinder      : binding parameter [5] as [BIGINT] - [1]
2023-05-24 13:27:07.238 TRACE 105924 --- [    Test worker] o.h.type.descriptor.sql.BasicBinder      : binding parameter [6] as [VARCHAR] - [AVAILABLE]
2023-05-24 13:27:07.245 DEBUG 105924 --- [    Test worker] org.hibernate.SQL                        : 
    insert 
    into
        parking_info
        (created_time, last_modified_time, car_id, parking_id, parking_lot_id, parking_status) 
    values
        (?, ?, ?, ?, ?, ?)
2023-05-24 13:27:07.245 TRACE 105924 --- [    Test worker] o.h.type.descriptor.sql.BasicBinder      : binding parameter [1] as [TIMESTAMP] - [2023-05-24T13:27:07.244882500]
2023-05-24 13:27:07.245 TRACE 105924 --- [    Test worker] o.h.type.descriptor.sql.BasicBinder      : binding parameter [2] as [TIMESTAMP] - [null]
2023-05-24 13:27:07.245 TRACE 105924 --- [    Test worker] o.h.type.descriptor.sql.BasicBinder      : binding parameter [3] as [BIGINT] - [null]
2023-05-24 13:27:07.245 TRACE 105924 --- [    Test worker] o.h.type.descriptor.sql.BasicBinder      : binding parameter [4] as [INTEGER] - [14]
2023-05-24 13:27:07.245 TRACE 105924 --- [    Test worker] o.h.type.descriptor.sql.BasicBinder      : binding parameter [5] as [BIGINT] - [1]
2023-05-24 13:27:07.246 TRACE 105924 --- [    Test worker] o.h.type.descriptor.sql.BasicBinder      : binding parameter [6] as [VARCHAR] - [AVAILABLE]
2023-05-24 13:27:07.255 DEBUG 105924 --- [    Test worker] org.hibernate.SQL                        : 
    insert 
    into
        parking_info
        (created_time, last_modified_time, car_id, parking_id, parking_lot_id, parking_status) 
    values
        (?, ?, ?, ?, ?, ?)
2023-05-24 13:27:07.256 TRACE 105924 --- [    Test worker] o.h.type.descriptor.sql.BasicBinder      : binding parameter [1] as [TIMESTAMP] - [2023-05-24T13:27:07.255881800]
2023-05-24 13:27:07.256 TRACE 105924 --- [    Test worker] o.h.type.descriptor.sql.BasicBinder      : binding parameter [2] as [TIMESTAMP] - [null]
2023-05-24 13:27:07.256 TRACE 105924 --- [    Test worker] o.h.type.descriptor.sql.BasicBinder      : binding parameter [3] as [BIGINT] - [null]
2023-05-24 13:27:07.256 TRACE 105924 --- [    Test worker] o.h.type.descriptor.sql.BasicBinder      : binding parameter [4] as [INTEGER] - [15]
2023-05-24 13:27:07.256 TRACE 105924 --- [    Test worker] o.h.type.descriptor.sql.BasicBinder      : binding parameter [5] as [BIGINT] - [1]
2023-05-24 13:27:07.256 TRACE 105924 --- [    Test worker] o.h.type.descriptor.sql.BasicBinder      : binding parameter [6] as [VARCHAR] - [AVAILABLE]
2023-05-24 13:27:07.264 DEBUG 105924 --- [    Test worker] org.hibernate.SQL                        : 
    insert 
    into
        parking_info
        (created_time, last_modified_time, car_id, parking_id, parking_lot_id, parking_status) 
    values
        (?, ?, ?, ?, ?, ?)
2023-05-24 13:27:07.265 TRACE 105924 --- [    Test worker] o.h.type.descriptor.sql.BasicBinder      : binding parameter [1] as [TIMESTAMP] - [2023-05-24T13:27:07.264232300]
2023-05-24 13:27:07.265 TRACE 105924 --- [    Test worker] o.h.type.descriptor.sql.BasicBinder      : binding parameter [2] as [TIMESTAMP] - [null]
2023-05-24 13:27:07.265 TRACE 105924 --- [    Test worker] o.h.type.descriptor.sql.BasicBinder      : binding parameter [3] as [BIGINT] - [null]
2023-05-24 13:27:07.265 TRACE 105924 --- [    Test worker] o.h.type.descriptor.sql.BasicBinder      : binding parameter [4] as [INTEGER] - [16]
2023-05-24 13:27:07.265 TRACE 105924 --- [    Test worker] o.h.type.descriptor.sql.BasicBinder      : binding parameter [5] as [BIGINT] - [1]
2023-05-24 13:27:07.265 TRACE 105924 --- [    Test worker] o.h.type.descriptor.sql.BasicBinder      : binding parameter [6] as [VARCHAR] - [AVAILABLE]
2023-05-24 13:27:07.269 DEBUG 105924 --- [    Test worker] org.hibernate.SQL                        : 
    insert 
    into
        parking_info
        (created_time, last_modified_time, car_id, parking_id, parking_lot_id, parking_status) 
    values
        (?, ?, ?, ?, ?, ?)
2023-05-24 13:27:07.269 TRACE 105924 --- [    Test worker] o.h.type.descriptor.sql.BasicBinder      : binding parameter [1] as [TIMESTAMP] - [2023-05-24T13:27:07.268327400]
2023-05-24 13:27:07.269 TRACE 105924 --- [    Test worker] o.h.type.descriptor.sql.BasicBinder      : binding parameter [2] as [TIMESTAMP] - [null]
2023-05-24 13:27:07.269 TRACE 105924 --- [    Test worker] o.h.type.descriptor.sql.BasicBinder      : binding parameter [3] as [BIGINT] - [null]
2023-05-24 13:27:07.269 TRACE 105924 --- [    Test worker] o.h.type.descriptor.sql.BasicBinder      : binding parameter [4] as [INTEGER] - [17]
2023-05-24 13:27:07.269 TRACE 105924 --- [    Test worker] o.h.type.descriptor.sql.BasicBinder      : binding parameter [5] as [BIGINT] - [1]
2023-05-24 13:27:07.269 TRACE 105924 --- [    Test worker] o.h.type.descriptor.sql.BasicBinder      : binding parameter [6] as [VARCHAR] - [AVAILABLE]
2023-05-24 13:27:07.272 DEBUG 105924 --- [    Test worker] org.hibernate.SQL                        : 
    insert 
    into
        parking_info
        (created_time, last_modified_time, car_id, parking_id, parking_lot_id, parking_status) 
    values
        (?, ?, ?, ?, ?, ?)
2023-05-24 13:27:07.273 TRACE 105924 --- [    Test worker] o.h.type.descriptor.sql.BasicBinder      : binding parameter [1] as [TIMESTAMP] - [2023-05-24T13:27:07.272542800]
2023-05-24 13:27:07.273 TRACE 105924 --- [    Test worker] o.h.type.descriptor.sql.BasicBinder      : binding parameter [2] as [TIMESTAMP] - [null]
2023-05-24 13:27:07.273 TRACE 105924 --- [    Test worker] o.h.type.descriptor.sql.BasicBinder      : binding parameter [3] as [BIGINT] - [null]
2023-05-24 13:27:07.273 TRACE 105924 --- [    Test worker] o.h.type.descriptor.sql.BasicBinder      : binding parameter [4] as [INTEGER] - [18]
2023-05-24 13:27:07.273 TRACE 105924 --- [    Test worker] o.h.type.descriptor.sql.BasicBinder      : binding parameter [5] as [BIGINT] - [1]
2023-05-24 13:27:07.274 TRACE 105924 --- [    Test worker] o.h.type.descriptor.sql.BasicBinder      : binding parameter [6] as [VARCHAR] - [AVAILABLE]
2023-05-24 13:27:07.278 DEBUG 105924 --- [    Test worker] org.hibernate.SQL                        : 
    insert 
    into
        parking_info
        (created_time, last_modified_time, car_id, parking_id, parking_lot_id, parking_status) 
    values
        (?, ?, ?, ?, ?, ?)
2023-05-24 13:27:07.279 TRACE 105924 --- [    Test worker] o.h.type.descriptor.sql.BasicBinder      : binding parameter [1] as [TIMESTAMP] - [2023-05-24T13:27:07.278552800]
2023-05-24 13:27:07.279 TRACE 105924 --- [    Test worker] o.h.type.descriptor.sql.BasicBinder      : binding parameter [2] as [TIMESTAMP] - [null]
2023-05-24 13:27:07.279 TRACE 105924 --- [    Test worker] o.h.type.descriptor.sql.BasicBinder      : binding parameter [3] as [BIGINT] - [null]
2023-05-24 13:27:07.279 TRACE 105924 --- [    Test worker] o.h.type.descriptor.sql.BasicBinder      : binding parameter [4] as [INTEGER] - [19]
2023-05-24 13:27:07.279 TRACE 105924 --- [    Test worker] o.h.type.descriptor.sql.BasicBinder      : binding parameter [5] as [BIGINT] - [1]
2023-05-24 13:27:07.279 TRACE 105924 --- [    Test worker] o.h.type.descriptor.sql.BasicBinder      : binding parameter [6] as [VARCHAR] - [AVAILABLE]
2023-05-24 13:27:07.282 DEBUG 105924 --- [    Test worker] org.hibernate.SQL                        : 
    insert 
    into
        parking_info
        (created_time, last_modified_time, car_id, parking_id, parking_lot_id, parking_status) 
    values
        (?, ?, ?, ?, ?, ?)
2023-05-24 13:27:07.282 TRACE 105924 --- [    Test worker] o.h.type.descriptor.sql.BasicBinder      : binding parameter [1] as [TIMESTAMP] - [2023-05-24T13:27:07.281559600]
2023-05-24 13:27:07.282 TRACE 105924 --- [    Test worker] o.h.type.descriptor.sql.BasicBinder      : binding parameter [2] as [TIMESTAMP] - [null]
2023-05-24 13:27:07.282 TRACE 105924 --- [    Test worker] o.h.type.descriptor.sql.BasicBinder      : binding parameter [3] as [BIGINT] - [null]
2023-05-24 13:27:07.282 TRACE 105924 --- [    Test worker] o.h.type.descriptor.sql.BasicBinder      : binding parameter [4] as [INTEGER] - [20]
2023-05-24 13:27:07.282 TRACE 105924 --- [    Test worker] o.h.type.descriptor.sql.BasicBinder      : binding parameter [5] as [BIGINT] - [1]
2023-05-24 13:27:07.282 TRACE 105924 --- [    Test worker] o.h.type.descriptor.sql.BasicBinder      : binding parameter [6] as [VARCHAR] - [AVAILABLE]
2023-05-24 13:27:07.288 DEBUG 105924 --- [    Test worker] org.hibernate.SQL                        : 
    insert 
    into
        parking_info
        (created_time, last_modified_time, car_id, parking_id, parking_lot_id, parking_status) 
    values
        (?, ?, ?, ?, ?, ?)
2023-05-24 13:27:07.288 TRACE 105924 --- [    Test worker] o.h.type.descriptor.sql.BasicBinder      : binding parameter [1] as [TIMESTAMP] - [2023-05-24T13:27:07.288230700]
2023-05-24 13:27:07.289 TRACE 105924 --- [    Test worker] o.h.type.descriptor.sql.BasicBinder      : binding parameter [2] as [TIMESTAMP] - [null]
2023-05-24 13:27:07.289 TRACE 105924 --- [    Test worker] o.h.type.descriptor.sql.BasicBinder      : binding parameter [3] as [BIGINT] - [null]
2023-05-24 13:27:07.289 TRACE 105924 --- [    Test worker] o.h.type.descriptor.sql.BasicBinder      : binding parameter [4] as [INTEGER] - [21]
2023-05-24 13:27:07.289 TRACE 105924 --- [    Test worker] o.h.type.descriptor.sql.BasicBinder      : binding parameter [5] as [BIGINT] - [1]
2023-05-24 13:27:07.289 TRACE 105924 --- [    Test worker] o.h.type.descriptor.sql.BasicBinder      : binding parameter [6] as [VARCHAR] - [AVAILABLE]
2023-05-24 13:27:07.292 DEBUG 105924 --- [    Test worker] org.hibernate.SQL                        : 
    insert 
    into
        parking_info
        (created_time, last_modified_time, car_id, parking_id, parking_lot_id, parking_status) 
    values
        (?, ?, ?, ?, ?, ?)
2023-05-24 13:27:07.292 TRACE 105924 --- [    Test worker] o.h.type.descriptor.sql.BasicBinder      : binding parameter [1] as [TIMESTAMP] - [2023-05-24T13:27:07.291570600]
2023-05-24 13:27:07.292 TRACE 105924 --- [    Test worker] o.h.type.descriptor.sql.BasicBinder      : binding parameter [2] as [TIMESTAMP] - [null]
2023-05-24 13:27:07.292 TRACE 105924 --- [    Test worker] o.h.type.descriptor.sql.BasicBinder      : binding parameter [3] as [BIGINT] - [null]
2023-05-24 13:27:07.292 TRACE 105924 --- [    Test worker] o.h.type.descriptor.sql.BasicBinder      : binding parameter [4] as [INTEGER] - [22]
2023-05-24 13:27:07.293 TRACE 105924 --- [    Test worker] o.h.type.descriptor.sql.BasicBinder      : binding parameter [5] as [BIGINT] - [1]
2023-05-24 13:27:07.293 TRACE 105924 --- [    Test worker] o.h.type.descriptor.sql.BasicBinder      : binding parameter [6] as [VARCHAR] - [AVAILABLE]
2023-05-24 13:27:07.296 DEBUG 105924 --- [    Test worker] org.hibernate.SQL                        : 
    insert 
    into
        parking_info
        (created_time, last_modified_time, car_id, parking_id, parking_lot_id, parking_status) 
    values
        (?, ?, ?, ?, ?, ?)
2023-05-24 13:27:07.296 TRACE 105924 --- [    Test worker] o.h.type.descriptor.sql.BasicBinder      : binding parameter [1] as [TIMESTAMP] - [2023-05-24T13:27:07.296511200]
2023-05-24 13:27:07.296 TRACE 105924 --- [    Test worker] o.h.type.descriptor.sql.BasicBinder      : binding parameter [2] as [TIMESTAMP] - [null]
2023-05-24 13:27:07.296 TRACE 105924 --- [    Test worker] o.h.type.descriptor.sql.BasicBinder      : binding parameter [3] as [BIGINT] - [null]
2023-05-24 13:27:07.296 TRACE 105924 --- [    Test worker] o.h.type.descriptor.sql.BasicBinder      : binding parameter [4] as [INTEGER] - [23]
2023-05-24 13:27:07.296 TRACE 105924 --- [    Test worker] o.h.type.descriptor.sql.BasicBinder      : binding parameter [5] as [BIGINT] - [1]
2023-05-24 13:27:07.297 TRACE 105924 --- [    Test worker] o.h.type.descriptor.sql.BasicBinder      : binding parameter [6] as [VARCHAR] - [AVAILABLE]
2023-05-24 13:27:07.299 DEBUG 105924 --- [    Test worker] org.hibernate.SQL                        : 
    insert 
    into
        parking_info
        (created_time, last_modified_time, car_id, parking_id, parking_lot_id, parking_status) 
    values
        (?, ?, ?, ?, ?, ?)
2023-05-24 13:27:07.299 TRACE 105924 --- [    Test worker] o.h.type.descriptor.sql.BasicBinder      : binding parameter [1] as [TIMESTAMP] - [2023-05-24T13:27:07.299502100]
2023-05-24 13:27:07.299 TRACE 105924 --- [    Test worker] o.h.type.descriptor.sql.BasicBinder      : binding parameter [2] as [TIMESTAMP] - [null]
2023-05-24 13:27:07.299 TRACE 105924 --- [    Test worker] o.h.type.descriptor.sql.BasicBinder      : binding parameter [3] as [BIGINT] - [null]
2023-05-24 13:27:07.299 TRACE 105924 --- [    Test worker] o.h.type.descriptor.sql.BasicBinder      : binding parameter [4] as [INTEGER] - [24]
2023-05-24 13:27:07.299 TRACE 105924 --- [    Test worker] o.h.type.descriptor.sql.BasicBinder      : binding parameter [5] as [BIGINT] - [1]
2023-05-24 13:27:07.299 TRACE 105924 --- [    Test worker] o.h.type.descriptor.sql.BasicBinder      : binding parameter [6] as [VARCHAR] - [AVAILABLE]
2023-05-24 13:27:07.302 DEBUG 105924 --- [    Test worker] org.hibernate.SQL                        : 
    insert 
    into
        parking_info
        (created_time, last_modified_time, car_id, parking_id, parking_lot_id, parking_status) 
    values
        (?, ?, ?, ?, ?, ?)
2023-05-24 13:27:07.303 TRACE 105924 --- [    Test worker] o.h.type.descriptor.sql.BasicBinder      : binding parameter [1] as [TIMESTAMP] - [2023-05-24T13:27:07.302029300]
2023-05-24 13:27:07.303 TRACE 105924 --- [    Test worker] o.h.type.descriptor.sql.BasicBinder      : binding parameter [2] as [TIMESTAMP] - [null]
2023-05-24 13:27:07.303 TRACE 105924 --- [    Test worker] o.h.type.descriptor.sql.BasicBinder      : binding parameter [3] as [BIGINT] - [null]
2023-05-24 13:27:07.303 TRACE 105924 --- [    Test worker] o.h.type.descriptor.sql.BasicBinder      : binding parameter [4] as [INTEGER] - [25]
2023-05-24 13:27:07.303 TRACE 105924 --- [    Test worker] o.h.type.descriptor.sql.BasicBinder      : binding parameter [5] as [BIGINT] - [1]
2023-05-24 13:27:07.303 TRACE 105924 --- [    Test worker] o.h.type.descriptor.sql.BasicBinder      : binding parameter [6] as [VARCHAR] - [AVAILABLE]
2023-05-24 13:27:07.305 DEBUG 105924 --- [    Test worker] org.hibernate.SQL                        : 
    insert 
    into
        parking_info
        (created_time, last_modified_time, car_id, parking_id, parking_lot_id, parking_status) 
    values
        (?, ?, ?, ?, ?, ?)
2023-05-24 13:27:07.305 TRACE 105924 --- [    Test worker] o.h.type.descriptor.sql.BasicBinder      : binding parameter [1] as [TIMESTAMP] - [2023-05-24T13:27:07.305356500]
2023-05-24 13:27:07.305 TRACE 105924 --- [    Test worker] o.h.type.descriptor.sql.BasicBinder      : binding parameter [2] as [TIMESTAMP] - [null]
2023-05-24 13:27:07.305 TRACE 105924 --- [    Test worker] o.h.type.descriptor.sql.BasicBinder      : binding parameter [3] as [BIGINT] - [null]
2023-05-24 13:27:07.306 TRACE 105924 --- [    Test worker] o.h.type.descriptor.sql.BasicBinder      : binding parameter [4] as [INTEGER] - [26]
2023-05-24 13:27:07.306 TRACE 105924 --- [    Test worker] o.h.type.descriptor.sql.BasicBinder      : binding parameter [5] as [BIGINT] - [1]
2023-05-24 13:27:07.306 TRACE 105924 --- [    Test worker] o.h.type.descriptor.sql.BasicBinder      : binding parameter [6] as [VARCHAR] - [AVAILABLE]
2023-05-24 13:27:07.308 DEBUG 105924 --- [    Test worker] org.hibernate.SQL                        : 
    insert 
    into
        parking_info
        (created_time, last_modified_time, car_id, parking_id, parking_lot_id, parking_status) 
    values
        (?, ?, ?, ?, ?, ?)
2023-05-24 13:27:07.308 TRACE 105924 --- [    Test worker] o.h.type.descriptor.sql.BasicBinder      : binding parameter [1] as [TIMESTAMP] - [2023-05-24T13:27:07.308373]
2023-05-24 13:27:07.308 TRACE 105924 --- [    Test worker] o.h.type.descriptor.sql.BasicBinder      : binding parameter [2] as [TIMESTAMP] - [null]
2023-05-24 13:27:07.308 TRACE 105924 --- [    Test worker] o.h.type.descriptor.sql.BasicBinder      : binding parameter [3] as [BIGINT] - [null]
2023-05-24 13:27:07.308 TRACE 105924 --- [    Test worker] o.h.type.descriptor.sql.BasicBinder      : binding parameter [4] as [INTEGER] - [27]
2023-05-24 13:27:07.309 TRACE 105924 --- [    Test worker] o.h.type.descriptor.sql.BasicBinder      : binding parameter [5] as [BIGINT] - [1]
2023-05-24 13:27:07.309 TRACE 105924 --- [    Test worker] o.h.type.descriptor.sql.BasicBinder      : binding parameter [6] as [VARCHAR] - [AVAILABLE]
2023-05-24 13:27:07.311 DEBUG 105924 --- [    Test worker] org.hibernate.SQL                        : 
    insert 
    into
        parking_info
        (created_time, last_modified_time, car_id, parking_id, parking_lot_id, parking_status) 
    values
        (?, ?, ?, ?, ?, ?)
2023-05-24 13:27:07.311 TRACE 105924 --- [    Test worker] o.h.type.descriptor.sql.BasicBinder      : binding parameter [1] as [TIMESTAMP] - [2023-05-24T13:27:07.311369700]
2023-05-24 13:27:07.311 TRACE 105924 --- [    Test worker] o.h.type.descriptor.sql.BasicBinder      : binding parameter [2] as [TIMESTAMP] - [null]
2023-05-24 13:27:07.312 TRACE 105924 --- [    Test worker] o.h.type.descriptor.sql.BasicBinder      : binding parameter [3] as [BIGINT] - [null]
2023-05-24 13:27:07.312 TRACE 105924 --- [    Test worker] o.h.type.descriptor.sql.BasicBinder      : binding parameter [4] as [INTEGER] - [28]
2023-05-24 13:27:07.312 TRACE 105924 --- [    Test worker] o.h.type.descriptor.sql.BasicBinder      : binding parameter [5] as [BIGINT] - [1]
2023-05-24 13:27:07.312 TRACE 105924 --- [    Test worker] o.h.type.descriptor.sql.BasicBinder      : binding parameter [6] as [VARCHAR] - [AVAILABLE]
2023-05-24 13:27:07.314 DEBUG 105924 --- [    Test worker] org.hibernate.SQL                        : 
    insert 
    into
        parking_info
        (created_time, last_modified_time, car_id, parking_id, parking_lot_id, parking_status) 
    values
        (?, ?, ?, ?, ?, ?)
2023-05-24 13:27:07.314 TRACE 105924 --- [    Test worker] o.h.type.descriptor.sql.BasicBinder      : binding parameter [1] as [TIMESTAMP] - [2023-05-24T13:27:07.313696200]
2023-05-24 13:27:07.314 TRACE 105924 --- [    Test worker] o.h.type.descriptor.sql.BasicBinder      : binding parameter [2] as [TIMESTAMP] - [null]
[...]
2023-05-24 13:27:07.411 TRACE 105924 --- [    Test worker] o.h.type.descriptor.sql.BasicBinder      : binding parameter [6] as [VARCHAR] - [APPROVED]
2023-05-24 13:27:07.411 TRACE 105924 --- [    Test worker] o.h.type.descriptor.sql.BasicBinder      : binding parameter [7] as [VARCHAR] - [Genesis]
2023-05-24 13:27:07.423 DEBUG 105924 --- [    Test worker] org.hibernate.SQL                        : 
    select
        member0_.member_id as member_i1_2_0_,
        member0_.created_time as created_2_2_0_,
        member0_.last_modified_time as last_mod3_2_0_,
        member0_.car_id as car_id12_2_0_,
        member0_.member_status as member_s4_2_0_,
        member0_.parking_info_id as parking13_2_0_,
        member0_.password as password5_2_0_,
        member0_.role_type as role_typ6_2_0_,
        member0_.student_id as student_7_2_0_,
        member0_.user_id as user_id8_2_0_,
        member0_.email as email9_2_0_,
        member0_.phone_number as phone_n10_2_0_,
        member0_.user_name as user_na11_2_0_ 
    from
        member member0_ 
    where
        member0_.member_id=?
2023-05-24 13:27:07.423 TRACE 105924 --- [    Test worker] o.h.type.descriptor.sql.BasicBinder      : binding parameter [1] as [BIGINT] - [2]
2023-05-24 13:27:07.427 TRACE 105924 --- [    Test worker] o.h.type.descriptor.sql.BasicExtractor   : extracted value ([created_2_2_0_] : [TIMESTAMP]) - [2023-05-24T13:27:07.388789]
2023-05-24 13:27:07.427 TRACE 105924 --- [    Test worker] o.h.type.descriptor.sql.BasicExtractor   : extracted value ([last_mod3_2_0_] : [TIMESTAMP]) - [null]
2023-05-24 13:27:07.428 TRACE 105924 --- [    Test worker] o.h.type.descriptor.sql.BasicExtractor   : extracted value ([car_id12_2_0_] : [BIGINT]) - [null]
2023-05-24 13:27:07.428 TRACE 105924 --- [    Test worker] o.h.type.descriptor.sql.BasicExtractor   : extracted value ([member_s4_2_0_] : [VARCHAR]) - [DEFAULT]
2023-05-24 13:27:07.428 TRACE 105924 --- [    Test worker] o.h.type.descriptor.sql.BasicExtractor   : extracted value ([parking13_2_0_] : [BIGINT]) - [null]
2023-05-24 13:27:07.428 TRACE 105924 --- [    Test worker] o.h.type.descriptor.sql.BasicExtractor   : extracted value ([password5_2_0_] : [VARCHAR]) - [4567]
2023-05-24 13:27:07.428 TRACE 105924 --- [    Test worker] o.h.type.descriptor.sql.BasicExtractor   : extracted value ([role_typ6_2_0_] : [VARCHAR]) - [USER]
2023-05-24 13:27:07.428 TRACE 105924 --- [    Test worker] o.h.type.descriptor.sql.BasicExtractor   : extracted value ([student_7_2_0_] : [INTEGER]) - [0]
2023-05-24 13:27:07.428 TRACE 105924 --- [    Test worker] o.h.type.descriptor.sql.BasicExtractor   : extracted value ([user_id8_2_0_] : [VARCHAR]) - [testUser]
2023-05-24 13:27:07.428 TRACE 105924 --- [    Test worker] o.h.type.descriptor.sql.BasicExtractor   : extracted value ([email9_2_0_] : [VARCHAR]) - [test@a.com]
2023-05-24 13:27:07.428 TRACE 105924 --- [    Test worker] o.h.type.descriptor.sql.BasicExtractor   : extracted value ([phone_n10_2_0_] : [INTEGER]) - [0]
2023-05-24 13:27:07.428 TRACE 105924 --- [    Test worker] o.h.type.descriptor.sql.BasicExtractor   : extracted value ([user_na11_2_0_] : [VARCHAR]) - [테스트유저]
2023-05-24 13:27:07.437 TRACE 105924 --- [    Test worker] org.hibernate.type.CollectionType        : Created collection wrapper: [com.everyparking.server.data.entity.Member.messageList#2]
2023-05-24 13:27:07.437 TRACE 105924 --- [    Test worker] org.hibernate.type.CollectionType        : Created collection wrapper: [com.everyparking.server.data.entity.Member.reportList#2]
2023-05-24 13:27:07.439 DEBUG 105924 --- [    Test worker] org.hibernate.SQL                        : 
    select
        car0_.car_id as car_id1_0_0_,
        car0_.created_time as created_2_0_0_,
        car0_.last_modified_time as last_mod3_0_0_,
        car0_.is_enter as is_enter4_0_0_,
        car0_.parking_lot_id as parking_5_0_0_,
        car0_.car_number as car_numb6_0_0_,
        car0_.car_status as car_stat7_0_0_,
        car0_.model_name as model_na8_0_0_,
        member1_.member_id as member_i1_2_1_,
        member1_.created_time as created_2_2_1_,
        member1_.last_modified_time as last_mod3_2_1_,
        member1_.car_id as car_id12_2_1_,
        member1_.member_status as member_s4_2_1_,
        member1_.parking_info_id as parking13_2_1_,
        member1_.password as password5_2_1_,
        member1_.role_type as role_typ6_2_1_,
        member1_.student_id as student_7_2_1_,
        member1_.user_id as user_id8_2_1_,
        member1_.email as email9_2_1_,
        member1_.phone_number as phone_n10_2_1_,
        member1_.user_name as user_na11_2_1_,
        parkinginf2_.parking_info_id as parking_1_4_2_,
        parkinginf2_.created_time as created_2_4_2_,
        parkinginf2_.last_modified_time as last_mod3_4_2_,
        parkinginf2_.car_id as car_id6_4_2_,
        parkinginf2_.parking_id as parking_4_4_2_,
        parkinginf2_.parking_lot_id as parking_7_4_2_,
        parkinginf2_.parking_status as parking_5_4_2_ 
    from
        car car0_ 
    left outer join
        member member1_ 
            on car0_.car_id=member1_.car_id 
    left outer join
        parking_info parkinginf2_ 
            on member1_.parking_info_id=parkinginf2_.parking_info_id 
    where
        car0_.car_id=?
2023-05-24 13:27:07.439 TRACE 105924 --- [    Test worker] o.h.type.descriptor.sql.BasicBinder      : binding parameter [1] as [BIGINT] - [4]
2023-05-24 13:27:07.442 TRACE 105924 --- [    Test worker] o.h.type.descriptor.sql.BasicExtractor   : extracted value ([member_i1_2_1_] : [BIGINT]) - [null]
2023-05-24 13:27:07.442 TRACE 105924 --- [    Test worker] o.h.type.descriptor.sql.BasicExtractor   : extracted value ([parking_1_4_2_] : [BIGINT]) - [null]
2023-05-24 13:27:07.443 TRACE 105924 --- [    Test worker] o.h.type.descriptor.sql.BasicExtractor   : extracted value ([created_2_0_0_] : [TIMESTAMP]) - [2023-05-24T13:27:07.410481]
2023-05-24 13:27:07.443 TRACE 105924 --- [    Test worker] o.h.type.descriptor.sql.BasicExtractor   : extracted value ([last_mod3_0_0_] : [TIMESTAMP]) - [null]
2023-05-24 13:27:07.443 TRACE 105924 --- [    Test worker] o.h.type.descriptor.sql.BasicExtractor   : extracted value ([is_enter4_0_0_] : [BOOLEAN]) - [false]
2023-05-24 13:27:07.443 TRACE 105924 --- [    Test worker] o.h.type.descriptor.sql.BasicExtractor   : extracted value ([parking_5_0_0_] : [INTEGER]) - [-1]
2023-05-24 13:27:07.443 TRACE 105924 --- [    Test worker] o.h.type.descriptor.sql.BasicExtractor   : extracted value ([car_numb6_0_0_] : [VARCHAR]) - [12가1234]
2023-05-24 13:27:07.444 TRACE 105924 --- [    Test worker] o.h.type.descriptor.sql.BasicExtractor   : extracted value ([car_stat7_0_0_] : [VARCHAR]) - [APPROVED]
2023-05-24 13:27:07.444 TRACE 105924 --- [    Test worker] o.h.type.descriptor.sql.BasicExtractor   : extracted value ([model_na8_0_0_] : [VARCHAR]) - [Genesis]
2023-05-24 13:27:07.445 TRACE 105924 --- [    Test worker] org.hibernate.type.CollectionType        : Created collection wrapper: [com.everyparking.server.data.entity.Car.parkingInfo#4]
2023-05-24 13:27:07.455 DEBUG 105924 --- [    Test worker] org.hibernate.SQL                        : 
    update
        member 
    set
        created_time=?,
        last_modified_time=?,
        car_id=?,
        member_status=?,
        parking_info_id=?,
        password=?,
        role_type=?,
        student_id=?,
        user_id=?,
        email=?,
        phone_number=?,
        user_name=? 
    where
        member_id=?
2023-05-24 13:27:07.455 TRACE 105924 --- [    Test worker] o.h.type.descriptor.sql.BasicBinder      : binding parameter [1] as [TIMESTAMP] - [2023-05-24T13:27:07.388789500]
2023-05-24 13:27:07.455 TRACE 105924 --- [    Test worker] o.h.type.descriptor.sql.BasicBinder      : binding parameter [2] as [TIMESTAMP] - [null]
2023-05-24 13:27:07.455 TRACE 105924 --- [    Test worker] o.h.type.descriptor.sql.BasicBinder      : binding parameter [3] as [BIGINT] - [4]
2023-05-24 13:27:07.455 TRACE 105924 --- [    Test worker] o.h.type.descriptor.sql.BasicBinder      : binding parameter [4] as [VARCHAR] - [DEFAULT]
2023-05-24 13:27:07.455 TRACE 105924 --- [    Test worker] o.h.type.descriptor.sql.BasicBinder      : binding parameter [5] as [BIGINT] - [null]
2023-05-24 13:27:07.455 TRACE 105924 --- [    Test worker] o.h.type.descriptor.sql.BasicBinder      : binding parameter [6] as [VARCHAR] - [4567]
2023-05-24 13:27:07.455 TRACE 105924 --- [    Test worker] o.h.type.descriptor.sql.BasicBinder      : binding parameter [7] as [VARCHAR] - [USER]
2023-05-24 13:27:07.455 TRACE 105924 --- [    Test worker] o.h.type.descriptor.sql.BasicBinder      : binding parameter [8] as [INTEGER] - [0]
2023-05-24 13:27:07.455 TRACE 105924 --- [    Test worker] o.h.type.descriptor.sql.BasicBinder      : binding parameter [9] as [VARCHAR] - [testUser]
2023-05-24 13:27:07.455 TRACE 105924 --- [    Test worker] o.h.type.descriptor.sql.BasicBinder      : binding parameter [10] as [VARCHAR] - [test@a.com]
2023-05-24 13:27:07.455 TRACE 105924 --- [    Test worker] o.h.type.descriptor.sql.BasicBinder      : binding parameter [11] as [INTEGER] - [0]
2023-05-24 13:27:07.455 TRACE 105924 --- [    Test worker] o.h.type.descriptor.sql.BasicBinder      : binding parameter [12] as [VARCHAR] - [테스트유저]
2023-05-24 13:27:07.455 TRACE 105924 --- [    Test worker] o.h.type.descriptor.sql.BasicBinder      : binding parameter [13] as [BIGINT] - [2]
2023-05-24 13:27:07.458 DEBUG 105924 --- [    Test worker] org.hibernate.SQL                        : 
    update
        message 
    set
        message_id=null 
    where
        message_id=?
2023-05-24 13:27:07.458 TRACE 105924 --- [    Test worker] o.h.type.descriptor.sql.BasicBinder      : binding parameter [1] as [BIGINT] - [2]
2023-05-24 13:27:07.465 DEBUG 105924 --- [    Test worker] org.hibernate.SQL                        : 
    update
        report 
    set
        report_id=null 
    where
        report_id=?
2023-05-24 13:27:07.465 TRACE 105924 --- [    Test worker] o.h.type.descriptor.sql.BasicBinder      : binding parameter [1] as [BIGINT] - [2]
2023-05-24 13:27:07.478 DEBUG 105924 --- [    Test worker] org.hibernate.SQL                        : 
    insert 
    into
        member
        (created_time, last_modified_time, car_id, member_status, parking_info_id, password, role_type, student_id, user_id, email, phone_number, user_name) 
    values
        (?, ?, ?, ?, ?, ?, ?, ?, ?, ?, ?, ?)
2023-05-24 13:27:07.478 TRACE 105924 --- [    Test worker] o.h.type.descriptor.sql.BasicBinder      : binding parameter [1] as [TIMESTAMP] - [2023-05-24T13:27:07.477788100]
2023-05-24 13:27:07.478 TRACE 105924 --- [    Test worker] o.h.type.descriptor.sql.BasicBinder      : binding parameter [2] as [TIMESTAMP] - [null]
2023-05-24 13:27:07.478 TRACE 105924 --- [    Test worker] o.h.type.descriptor.sql.BasicBinder      : binding parameter [3] as [BIGINT] - [null]
2023-05-24 13:27:07.478 TRACE 105924 --- [    Test worker] o.h.type.descriptor.sql.BasicBinder      : binding parameter [4] as [VARCHAR] - [DEFAULT]
2023-05-24 13:27:07.478 TRACE 105924 --- [    Test worker] o.h.type.descriptor.sql.BasicBinder      : binding parameter [5] as [BIGINT] - [null]
2023-05-24 13:27:07.479 TRACE 105924 --- [    Test worker] o.h.type.descriptor.sql.BasicBinder      : binding parameter [6] as [VARCHAR] - [1234]
2023-05-24 13:27:07.479 TRACE 105924 --- [    Test worker] o.h.type.descriptor.sql.BasicBinder      : binding parameter [7] as [VARCHAR] - [USER]
2023-05-24 13:27:07.479 TRACE 105924 --- [    Test worker] o.h.type.descriptor.sql.BasicBinder      : binding parameter [8] as [INTEGER] - [0]
2023-05-24 13:27:07.479 TRACE 105924 --- [    Test worker] o.h.type.descriptor.sql.BasicBinder      : binding parameter [9] as [VARCHAR] - [1]
2023-05-24 13:27:07.479 TRACE 105924 --- [    Test worker] o.h.type.descriptor.sql.BasicBinder      : binding parameter [10] as [VARCHAR] - [1@naver.com]
2023-05-24 13:27:07.479 TRACE 105924 --- [    Test worker] o.h.type.descriptor.sql.BasicBinder      : binding parameter [11] as [INTEGER] - [12341234]
2023-05-24 13:27:07.479 TRACE 105924 --- [    Test worker] o.h.type.descriptor.sql.BasicBinder      : binding parameter [12] as [VARCHAR] - [테스트 사용자]
2023-05-24 13:27:07.481 DEBUG 105924 --- [    Test worker] org.hibernate.SQL                        : 
    select
        member0_.member_id as member_i1_2_0_,
        member0_.created_time as created_2_2_0_,
        member0_.last_modified_time as last_mod3_2_0_,
        member0_.car_id as car_id12_2_0_,
        member0_.member_status as member_s4_2_0_,
        member0_.parking_info_id as parking13_2_0_,
        member0_.password as password5_2_0_,
        member0_.role_type as role_typ6_2_0_,
        member0_.student_id as student_7_2_0_,
        member0_.user_id as user_id8_2_0_,
        member0_.email as email9_2_0_,
        member0_.phone_number as phone_n10_2_0_,
        member0_.user_name as user_na11_2_0_ 
    from
        member member0_ 
    where
        member0_.member_id=?
2023-05-24 13:27:07.481 TRACE 105924 --- [    Test worker] o.h.type.descriptor.sql.BasicBinder      : binding parameter [1] as [BIGINT] - [3]
2023-05-24 13:27:07.482 TRACE 105924 --- [    Test worker] o.h.type.descriptor.sql.BasicExtractor   : extracted value ([created_2_2_0_] : [TIMESTAMP]) - [2023-05-24T13:27:07.477788]
2023-05-24 13:27:07.482 TRACE 105924 --- [    Test worker] o.h.type.descriptor.sql.BasicExtractor   : extracted value ([last_mod3_2_0_] : [TIMESTAMP]) - [null]
2023-05-24 13:27:07.482 TRACE 105924 --- [    Test worker] o.h.type.descriptor.sql.BasicExtractor   : extracted value ([car_id12_2_0_] : [BIGINT]) - [null]
2023-05-24 13:27:07.482 TRACE 105924 --- [    Test worker] o.h.type.descriptor.sql.BasicExtractor   : extracted value ([member_s4_2_0_] : [VARCHAR]) - [DEFAULT]
2023-05-24 13:27:07.482 TRACE 105924 --- [    Test worker] o.h.type.descriptor.sql.BasicExtractor   : extracted value ([parking13_2_0_] : [BIGINT]) - [null]
2023-05-24 13:27:07.482 TRACE 105924 --- [    Test worker] o.h.type.descriptor.sql.BasicExtractor   : extracted value ([password5_2_0_] : [VARCHAR]) - [1234]
2023-05-24 13:27:07.482 TRACE 105924 --- [    Test worker] o.h.type.descriptor.sql.BasicExtractor   : extracted value ([role_typ6_2_0_] : [VARCHAR]) - [USER]
2023-05-24 13:27:07.482 TRACE 105924 --- [    Test worker] o.h.type.descriptor.sql.BasicExtractor   : extracted value ([student_7_2_0_] : [INTEGER]) - [0]
2023-05-24 13:27:07.482 TRACE 105924 --- [    Test worker] o.h.type.descriptor.sql.BasicExtractor   : extracted value ([user_id8_2_0_] : [VARCHAR]) - [1]
2023-05-24 13:27:07.482 TRACE 105924 --- [    Test worker] o.h.type.descriptor.sql.BasicExtractor   : extracted value ([email9_2_0_] : [VARCHAR]) - [1@naver.com]
2023-05-24 13:27:07.482 TRACE 105924 --- [    Test worker] o.h.type.descriptor.sql.BasicExtractor   : extracted value ([phone_n10_2_0_] : [INTEGER]) - [12341234]
2023-05-24 13:27:07.482 TRACE 105924 --- [    Test worker] o.h.type.descriptor.sql.BasicExtractor   : extracted value ([user_na11_2_0_] : [VARCHAR]) - [테스트 사용자]
2023-05-24 13:27:07.483 TRACE 105924 --- [    Test worker] org.hibernate.type.CollectionType        : Created collection wrapper: [com.everyparking.server.data.entity.Member.messageList#3]
2023-05-24 13:27:07.483 TRACE 105924 --- [    Test worker] org.hibernate.type.CollectionType        : Created collection wrapper: [com.everyparking.server.data.entity.Member.reportList#3]
2023-05-24 13:27:07.483 DEBUG 105924 --- [    Test worker] org.hibernate.SQL                        : 
    update
        member 
    set
        created_time=?,
        last_modified_time=?,
        car_id=?,
        member_status=?,
        parking_info_id=?,
        password=?,
        role_type=?,
        student_id=?,
        user_id=?,
        email=?,
        phone_number=?,
        user_name=? 
    where
        member_id=?
2023-05-24 13:27:07.483 TRACE 105924 --- [    Test worker] o.h.type.descriptor.sql.BasicBinder      : binding parameter [1] as [TIMESTAMP] - [2023-05-24T13:27:07.477788100]
2023-05-24 13:27:07.483 TRACE 105924 --- [    Test worker] o.h.type.descriptor.sql.BasicBinder      : binding parameter [2] as [TIMESTAMP] - [null]
2023-05-24 13:27:07.483 TRACE 105924 --- [    Test worker] o.h.type.descriptor.sql.BasicBinder      : binding parameter [3] as [BIGINT] - [null]
2023-05-24 13:27:07.483 TRACE 105924 --- [    Test worker] o.h.type.descriptor.sql.BasicBinder      : binding parameter [4] as [VARCHAR] - [DEFAULT]
2023-05-24 13:27:07.483 TRACE 105924 --- [    Test worker] o.h.type.descriptor.sql.BasicBinder      : binding parameter [5] as [BIGINT] - [null]
2023-05-24 13:27:07.483 TRACE 105924 --- [    Test worker] o.h.type.descriptor.sql.BasicBinder      : binding parameter [6] as [VARCHAR] - [1234]
2023-05-24 13:27:07.483 TRACE 105924 --- [    Test worker] o.h.type.descriptor.sql.BasicBinder      : binding parameter [7] as [VARCHAR] - [USER]
2023-05-24 13:27:07.483 TRACE 105924 --- [    Test worker] o.h.type.descriptor.sql.BasicBinder      : binding parameter [8] as [INTEGER] - [0]
2023-05-24 13:27:07.483 TRACE 105924 --- [    Test worker] o.h.type.descriptor.sql.BasicBinder      : binding parameter [9] as [VARCHAR] - [1]
2023-05-24 13:27:07.483 TRACE 105924 --- [    Test worker] o.h.type.descriptor.sql.BasicBinder      : binding parameter [10] as [VARCHAR] - [1@naver.com]
2023-05-24 13:27:07.484 TRACE 105924 --- [    Test worker] o.h.type.descriptor.sql.BasicBinder      : binding parameter [11] as [INTEGER] - [12341234]
2023-05-24 13:27:07.484 TRACE 105924 --- [    Test worker] o.h.type.descriptor.sql.BasicBinder      : binding parameter [12] as [VARCHAR] - [테스트 사용자]
2023-05-24 13:27:07.484 TRACE 105924 --- [    Test worker] o.h.type.descriptor.sql.BasicBinder      : binding parameter [13] as [BIGINT] - [3]
2023-05-24 13:27:07.484 DEBUG 105924 --- [    Test worker] org.hibernate.SQL                        : 
    update
        message 
    set
        message_id=null 
    where
        message_id=?
2023-05-24 13:27:07.484 TRACE 105924 --- [    Test worker] o.h.type.descriptor.sql.BasicBinder      : binding parameter [1] as [BIGINT] - [3]
2023-05-24 13:27:07.485 DEBUG 105924 --- [    Test worker] org.hibernate.SQL                        : 
    update
        report 
    set
        report_id=null 
    where
        report_id=?
2023-05-24 13:27:07.485 TRACE 105924 --- [    Test worker] o.h.type.descriptor.sql.BasicBinder      : binding parameter [1] as [BIGINT] - [3]
2023-05-24 13:27:08.225  WARN 105924 --- [    Test worker] JpaBaseConfiguration$JpaWebConfiguration : spring.jpa.open-in-view is enabled by default. Therefore, database queries may be performed during view rendering. Explicitly configure spring.jpa.open-in-view to disable this warning
2023-05-24 13:27:09.076  INFO 105924 --- [    Test worker] o.s.b.a.w.s.WelcomePageHandlerMapping    : Adding welcome page: class path resource [static/index.html]
2023-05-24 13:27:09.271  WARN 105924 --- [    Test worker] ion$DefaultTemplateResolverConfiguration : Cannot find template location: classpath:/templates/ (please add some templates, check your Thymeleaf configuration, or set spring.thymeleaf.check-template-location=false)
2023-05-24 13:27:09.571  INFO 105924 --- [    Test worker] o.s.m.s.b.SimpleBrokerMessageHandler     : Starting...
2023-05-24 13:27:09.574  INFO 105924 --- [    Test worker] o.s.m.s.b.SimpleBrokerMessageHandler     : BrokerAvailabilityEvent[available=true, SimpleBrokerMessageHandler [org.springframework.messaging.simp.broker.DefaultSubscriptionRegistry@18f1a81a]]
2023-05-24 13:27:09.577  INFO 105924 --- [    Test worker] o.s.m.s.b.SimpleBrokerMessageHandler     : Started.
2023-05-24 13:27:09.602  INFO 105924 --- [    Test worker] c.e.server.ServerApplicationTests        : Started ServerApplicationTests in 8.104 seconds (JVM running for 9.756)
]]></system-out>
  <system-err><![CDATA[]]></system-err>
</testsuite>
