<?xml version="1.0" encoding="UTF-8"?>
<testsuite name="com.everyparking.server.ServerApplicationTests" tests="1" skipped="0" failures="0" errors="0" timestamp="2023-05-23T17:18:39" hostname="WANS-A1234" time="0.133">
  <properties/>
  <testcase name="contextLoads()" classname="com.everyparking.server.ServerApplicationTests" time="0.133"/>
  <system-out><![CDATA[02:18:30.675 [Test worker] DEBUG org.springframework.test.context.BootstrapUtils - Instantiating CacheAwareContextLoaderDelegate from class [org.springframework.test.context.cache.DefaultCacheAwareContextLoaderDelegate]
02:18:30.685 [Test worker] DEBUG org.springframework.test.context.BootstrapUtils - Instantiating BootstrapContext using constructor [public org.springframework.test.context.support.DefaultBootstrapContext(java.lang.Class,org.springframework.test.context.CacheAwareContextLoaderDelegate)]
02:18:30.720 [Test worker] DEBUG org.springframework.test.context.BootstrapUtils - Instantiating TestContextBootstrapper for test class [com.everyparking.server.ServerApplicationTests] from class [org.springframework.boot.test.context.SpringBootTestContextBootstrapper]
02:18:30.733 [Test worker] INFO org.springframework.boot.test.context.SpringBootTestContextBootstrapper - Neither @ContextConfiguration nor @ContextHierarchy found for test class [com.everyparking.server.ServerApplicationTests], using SpringBootContextLoader
02:18:30.736 [Test worker] DEBUG org.springframework.test.context.support.AbstractContextLoader - Did not detect default resource location for test class [com.everyparking.server.ServerApplicationTests]: class path resource [com/everyparking/server/ServerApplicationTests-context.xml] does not exist
02:18:30.737 [Test worker] DEBUG org.springframework.test.context.support.AbstractContextLoader - Did not detect default resource location for test class [com.everyparking.server.ServerApplicationTests]: class path resource [com/everyparking/server/ServerApplicationTestsContext.groovy] does not exist
02:18:30.737 [Test worker] INFO org.springframework.test.context.support.AbstractContextLoader - Could not detect default resource locations for test class [com.everyparking.server.ServerApplicationTests]: no resource found for suffixes {-context.xml, Context.groovy}.
02:18:30.738 [Test worker] INFO org.springframework.test.context.support.AnnotationConfigContextLoaderUtils - Could not detect default configuration classes for test class [com.everyparking.server.ServerApplicationTests]: ServerApplicationTests does not declare any static, non-private, non-final, nested classes annotated with @Configuration.
02:18:30.786 [Test worker] DEBUG org.springframework.test.context.support.ActiveProfilesUtils - Could not find an 'annotation declaring class' for annotation type [org.springframework.test.context.ActiveProfiles] and class [com.everyparking.server.ServerApplicationTests]
02:18:30.863 [Test worker] DEBUG org.springframework.context.annotation.ClassPathScanningCandidateComponentProvider - Identified candidate component class: file [C:\workspace\capstone\EveryParking_Server\build\classes\java\main\com\everyparking\server\ServerApplication.class]
02:18:30.864 [Test worker] INFO org.springframework.boot.test.context.SpringBootTestContextBootstrapper - Found @SpringBootConfiguration com.everyparking.server.ServerApplication for test class com.everyparking.server.ServerApplicationTests
02:18:30.993 [Test worker] DEBUG org.springframework.boot.test.context.SpringBootTestContextBootstrapper - @TestExecutionListeners is not present for class [com.everyparking.server.ServerApplicationTests]: using defaults.
02:18:30.994 [Test worker] INFO org.springframework.boot.test.context.SpringBootTestContextBootstrapper - Loaded default TestExecutionListener class names from location [META-INF/spring.factories]: [org.springframework.boot.test.autoconfigure.restdocs.RestDocsTestExecutionListener, org.springframework.boot.test.autoconfigure.web.client.MockRestServiceServerResetTestExecutionListener, org.springframework.boot.test.autoconfigure.web.servlet.MockMvcPrintOnlyOnFailureTestExecutionListener, org.springframework.boot.test.autoconfigure.web.servlet.WebDriverTestExecutionListener, org.springframework.boot.test.autoconfigure.webservices.client.MockWebServiceServerTestExecutionListener, org.springframework.boot.test.mock.mockito.MockitoTestExecutionListener, org.springframework.boot.test.mock.mockito.ResetMocksTestExecutionListener, org.springframework.test.context.web.ServletTestExecutionListener, org.springframework.test.context.support.DirtiesContextBeforeModesTestExecutionListener, org.springframework.test.context.event.ApplicationEventsTestExecutionListener, org.springframework.test.context.support.DependencyInjectionTestExecutionListener, org.springframework.test.context.support.DirtiesContextTestExecutionListener, org.springframework.test.context.transaction.TransactionalTestExecutionListener, org.springframework.test.context.jdbc.SqlScriptsTestExecutionListener, org.springframework.test.context.event.EventPublishingTestExecutionListener]
02:18:31.011 [Test worker] INFO org.springframework.boot.test.context.SpringBootTestContextBootstrapper - Using TestExecutionListeners: [org.springframework.test.context.web.ServletTestExecutionListener@3228d990, org.springframework.test.context.support.DirtiesContextBeforeModesTestExecutionListener@54e7391d, org.springframework.test.context.event.ApplicationEventsTestExecutionListener@50b8ae8d, org.springframework.boot.test.mock.mockito.MockitoTestExecutionListener@255990cc, org.springframework.boot.test.autoconfigure.SpringBootDependencyInjectionTestExecutionListener@51c929ae, org.springframework.test.context.support.DirtiesContextTestExecutionListener@3c8bdd5b, org.springframework.test.context.transaction.TransactionalTestExecutionListener@29d2d081, org.springframework.test.context.jdbc.SqlScriptsTestExecutionListener@40e4ea87, org.springframework.test.context.event.EventPublishingTestExecutionListener@58783f6c, org.springframework.boot.test.autoconfigure.restdocs.RestDocsTestExecutionListener@3a7b503d, org.springframework.boot.test.autoconfigure.web.client.MockRestServiceServerResetTestExecutionListener@512d92b, org.springframework.boot.test.autoconfigure.web.servlet.MockMvcPrintOnlyOnFailureTestExecutionListener@62c5bbdc, org.springframework.boot.test.autoconfigure.web.servlet.WebDriverTestExecutionListener@7bdf6bb7, org.springframework.boot.test.autoconfigure.webservices.client.MockWebServiceServerTestExecutionListener@1bc53649, org.springframework.boot.test.mock.mockito.ResetMocksTestExecutionListener@88d6f9b]
02:18:31.014 [Test worker] DEBUG org.springframework.test.context.support.AbstractDirtiesContextTestExecutionListener - Before test class: context [DefaultTestContext@3fabf088 testClass = ServerApplicationTests, testInstance = [null], testMethod = [null], testException = [null], mergedContextConfiguration = [WebMergedContextConfiguration@1e392345 testClass = ServerApplicationTests, locations = '{}', classes = '{class com.everyparking.server.ServerApplication}', contextInitializerClasses = '[]', activeProfiles = '{}', propertySourceLocations = '{}', propertySourceProperties = '{org.springframework.boot.test.context.SpringBootTestContextBootstrapper=true}', contextCustomizers = set[org.springframework.boot.test.autoconfigure.actuate.metrics.MetricsExportContextCustomizerFactory$DisableMetricExportContextCustomizer@674658f7, org.springframework.boot.test.autoconfigure.properties.PropertyMappingContextCustomizer@0, org.springframework.boot.test.autoconfigure.web.servlet.WebDriverContextCustomizerFactory$Customizer@3e5499cc, org.springframework.boot.test.context.filter.ExcludeFilterContextCustomizer@15cafec7, org.springframework.boot.test.json.DuplicateJsonObjectContextCustomizerFactory$DuplicateJsonObjectContextCustomizer@792bbc74, org.springframework.boot.test.mock.mockito.MockitoContextCustomizer@0, org.springframework.boot.test.web.client.TestRestTemplateContextCustomizer@531c311e, org.springframework.boot.test.context.SpringBootTestArgs@1, org.springframework.boot.test.context.SpringBootTestWebEnvironment@3b5fad2d], resourceBasePath = 'src/main/webapp', contextLoader = 'org.springframework.boot.test.context.SpringBootContextLoader', parent = [null]], attributes = map['org.springframework.test.context.web.ServletTestExecutionListener.activateListener' -> true]], class annotated with @DirtiesContext [false] with mode [null].

  .   ____          _            __ _ _
 /\\ / ___'_ __ _ _(_)_ __  __ _ \ \ \ \
( ( )\___ | '_ | '_| | '_ \/ _` | \ \ \ \
 \\/  ___)| |_)| | | | | || (_| |  ) ) ) )
  '  |____| .__|_| |_|_| |_\__, | / / / /
 =========|_|==============|___/=/_/_/_/
 :: Spring Boot ::                (v2.7.9)

2023-05-24 02:18:31.493  INFO 64276 --- [    Test worker] c.e.server.ServerApplicationTests        : Starting ServerApplicationTests using Java 11.0.18 on WANS-A1234 with PID 64276 (started by swan in C:\workspace\capstone\EveryParking_Server)
2023-05-24 02:18:31.494  INFO 64276 --- [    Test worker] c.e.server.ServerApplicationTests        : No active profile set, falling back to 1 default profile: "default"
2023-05-24 02:18:32.425  INFO 64276 --- [    Test worker] .s.d.r.c.RepositoryConfigurationDelegate : Bootstrapping Spring Data JPA repositories in DEFAULT mode.
2023-05-24 02:18:32.517  INFO 64276 --- [    Test worker] .s.d.r.c.RepositoryConfigurationDelegate : Finished Spring Data repository scanning in 84 ms. Found 8 JPA repository interfaces.
2023-05-24 02:18:33.288  INFO 64276 --- [    Test worker] o.hibernate.jpa.internal.util.LogHelper  : HHH000204: Processing PersistenceUnitInfo [name: default]
2023-05-24 02:18:33.358  INFO 64276 --- [    Test worker] org.hibernate.Version                    : HHH000412: Hibernate ORM core version 5.6.15.Final
2023-05-24 02:18:33.567  INFO 64276 --- [    Test worker] o.hibernate.annotations.common.Version   : HCANN000001: Hibernate Commons Annotations {5.1.2.Final}
2023-05-24 02:18:33.616 DEBUG 64276 --- [    Test worker] org.hibernate.type.BasicTypeRegistry     : Adding type registration boolean -> org.hibernate.type.BooleanType@5e68be2
2023-05-24 02:18:33.616 DEBUG 64276 --- [    Test worker] org.hibernate.type.BasicTypeRegistry     : Adding type registration boolean -> org.hibernate.type.BooleanType@5e68be2
2023-05-24 02:18:33.616 DEBUG 64276 --- [    Test worker] org.hibernate.type.BasicTypeRegistry     : Adding type registration java.lang.Boolean -> org.hibernate.type.BooleanType@5e68be2
2023-05-24 02:18:33.618 DEBUG 64276 --- [    Test worker] org.hibernate.type.BasicTypeRegistry     : Adding type registration numeric_boolean -> org.hibernate.type.NumericBooleanType@aca3c85
2023-05-24 02:18:33.620 DEBUG 64276 --- [    Test worker] org.hibernate.type.BasicTypeRegistry     : Adding type registration true_false -> org.hibernate.type.TrueFalseType@7f51f588
2023-05-24 02:18:33.621 DEBUG 64276 --- [    Test worker] org.hibernate.type.BasicTypeRegistry     : Adding type registration yes_no -> org.hibernate.type.YesNoType@19ae36f4
2023-05-24 02:18:33.623 DEBUG 64276 --- [    Test worker] org.hibernate.type.BasicTypeRegistry     : Adding type registration byte -> org.hibernate.type.ByteType@9281d19
2023-05-24 02:18:33.623 DEBUG 64276 --- [    Test worker] org.hibernate.type.BasicTypeRegistry     : Adding type registration byte -> org.hibernate.type.ByteType@9281d19
2023-05-24 02:18:33.623 DEBUG 64276 --- [    Test worker] org.hibernate.type.BasicTypeRegistry     : Adding type registration java.lang.Byte -> org.hibernate.type.ByteType@9281d19
2023-05-24 02:18:33.625 DEBUG 64276 --- [    Test worker] org.hibernate.type.BasicTypeRegistry     : Adding type registration character -> org.hibernate.type.CharacterType@216f01
2023-05-24 02:18:33.626 DEBUG 64276 --- [    Test worker] org.hibernate.type.BasicTypeRegistry     : Adding type registration char -> org.hibernate.type.CharacterType@216f01
2023-05-24 02:18:33.626 DEBUG 64276 --- [    Test worker] org.hibernate.type.BasicTypeRegistry     : Adding type registration java.lang.Character -> org.hibernate.type.CharacterType@216f01
2023-05-24 02:18:33.628 DEBUG 64276 --- [    Test worker] org.hibernate.type.BasicTypeRegistry     : Adding type registration short -> org.hibernate.type.ShortType@541d4d9f
2023-05-24 02:18:33.628 DEBUG 64276 --- [    Test worker] org.hibernate.type.BasicTypeRegistry     : Adding type registration short -> org.hibernate.type.ShortType@541d4d9f
2023-05-24 02:18:33.628 DEBUG 64276 --- [    Test worker] org.hibernate.type.BasicTypeRegistry     : Adding type registration java.lang.Short -> org.hibernate.type.ShortType@541d4d9f
2023-05-24 02:18:33.630 DEBUG 64276 --- [    Test worker] org.hibernate.type.BasicTypeRegistry     : Adding type registration integer -> org.hibernate.type.IntegerType@4217bce6
2023-05-24 02:18:33.630 DEBUG 64276 --- [    Test worker] org.hibernate.type.BasicTypeRegistry     : Adding type registration int -> org.hibernate.type.IntegerType@4217bce6
2023-05-24 02:18:33.630 DEBUG 64276 --- [    Test worker] org.hibernate.type.BasicTypeRegistry     : Adding type registration java.lang.Integer -> org.hibernate.type.IntegerType@4217bce6
2023-05-24 02:18:33.631 DEBUG 64276 --- [    Test worker] org.hibernate.type.BasicTypeRegistry     : Adding type registration long -> org.hibernate.type.LongType@2e45a357
2023-05-24 02:18:33.631 DEBUG 64276 --- [    Test worker] org.hibernate.type.BasicTypeRegistry     : Adding type registration long -> org.hibernate.type.LongType@2e45a357
2023-05-24 02:18:33.631 DEBUG 64276 --- [    Test worker] org.hibernate.type.BasicTypeRegistry     : Adding type registration java.lang.Long -> org.hibernate.type.LongType@2e45a357
2023-05-24 02:18:33.633 DEBUG 64276 --- [    Test worker] org.hibernate.type.BasicTypeRegistry     : Adding type registration float -> org.hibernate.type.FloatType@730bea0
2023-05-24 02:18:33.633 DEBUG 64276 --- [    Test worker] org.hibernate.type.BasicTypeRegistry     : Adding type registration float -> org.hibernate.type.FloatType@730bea0
2023-05-24 02:18:33.633 DEBUG 64276 --- [    Test worker] org.hibernate.type.BasicTypeRegistry     : Adding type registration java.lang.Float -> org.hibernate.type.FloatType@730bea0
2023-05-24 02:18:33.634 DEBUG 64276 --- [    Test worker] org.hibernate.type.BasicTypeRegistry     : Adding type registration double -> org.hibernate.type.DoubleType@5873f3f0
2023-05-24 02:18:33.634 DEBUG 64276 --- [    Test worker] org.hibernate.type.BasicTypeRegistry     : Adding type registration double -> org.hibernate.type.DoubleType@5873f3f0
2023-05-24 02:18:33.634 DEBUG 64276 --- [    Test worker] org.hibernate.type.BasicTypeRegistry     : Adding type registration java.lang.Double -> org.hibernate.type.DoubleType@5873f3f0
2023-05-24 02:18:33.635 DEBUG 64276 --- [    Test worker] org.hibernate.type.BasicTypeRegistry     : Adding type registration big_decimal -> org.hibernate.type.BigDecimalType@713999c2
2023-05-24 02:18:33.635 DEBUG 64276 --- [    Test worker] org.hibernate.type.BasicTypeRegistry     : Adding type registration java.math.BigDecimal -> org.hibernate.type.BigDecimalType@713999c2
2023-05-24 02:18:33.636 DEBUG 64276 --- [    Test worker] org.hibernate.type.BasicTypeRegistry     : Adding type registration big_integer -> org.hibernate.type.BigIntegerType@1d2d8846
2023-05-24 02:18:33.636 DEBUG 64276 --- [    Test worker] org.hibernate.type.BasicTypeRegistry     : Adding type registration java.math.BigInteger -> org.hibernate.type.BigIntegerType@1d2d8846
2023-05-24 02:18:33.639 DEBUG 64276 --- [    Test worker] org.hibernate.type.BasicTypeRegistry     : Adding type registration string -> org.hibernate.type.StringType@5940b14e
2023-05-24 02:18:33.639 DEBUG 64276 --- [    Test worker] org.hibernate.type.BasicTypeRegistry     : Adding type registration java.lang.String -> org.hibernate.type.StringType@5940b14e
2023-05-24 02:18:33.640 DEBUG 64276 --- [    Test worker] org.hibernate.type.BasicTypeRegistry     : Adding type registration nstring -> org.hibernate.type.StringNVarcharType@3a45afd4
2023-05-24 02:18:33.640 DEBUG 64276 --- [    Test worker] org.hibernate.type.BasicTypeRegistry     : Adding type registration ncharacter -> org.hibernate.type.CharacterNCharType@1883871b
2023-05-24 02:18:33.641 DEBUG 64276 --- [    Test worker] org.hibernate.type.BasicTypeRegistry     : Adding type registration url -> org.hibernate.type.UrlType@5d1a859c
2023-05-24 02:18:33.641 DEBUG 64276 --- [    Test worker] org.hibernate.type.BasicTypeRegistry     : Adding type registration java.net.URL -> org.hibernate.type.UrlType@5d1a859c
2023-05-24 02:18:33.642 DEBUG 64276 --- [    Test worker] org.hibernate.type.BasicTypeRegistry     : Adding type registration Duration -> org.hibernate.type.DurationType@1689527c
2023-05-24 02:18:33.642 DEBUG 64276 --- [    Test worker] org.hibernate.type.BasicTypeRegistry     : Adding type registration java.time.Duration -> org.hibernate.type.DurationType@1689527c
2023-05-24 02:18:33.643 DEBUG 64276 --- [    Test worker] org.hibernate.type.BasicTypeRegistry     : Adding type registration Instant -> org.hibernate.type.InstantType@e01a26b
2023-05-24 02:18:33.643 DEBUG 64276 --- [    Test worker] org.hibernate.type.BasicTypeRegistry     : Adding type registration java.time.Instant -> org.hibernate.type.InstantType@e01a26b
2023-05-24 02:18:33.645 DEBUG 64276 --- [    Test worker] org.hibernate.type.BasicTypeRegistry     : Adding type registration LocalDateTime -> org.hibernate.type.LocalDateTimeType@2049e582
2023-05-24 02:18:33.645 DEBUG 64276 --- [    Test worker] org.hibernate.type.BasicTypeRegistry     : Adding type registration java.time.LocalDateTime -> org.hibernate.type.LocalDateTimeType@2049e582
2023-05-24 02:18:33.647 DEBUG 64276 --- [    Test worker] org.hibernate.type.BasicTypeRegistry     : Adding type registration LocalDate -> org.hibernate.type.LocalDateType@3214bad
2023-05-24 02:18:33.647 DEBUG 64276 --- [    Test worker] org.hibernate.type.BasicTypeRegistry     : Adding type registration java.time.LocalDate -> org.hibernate.type.LocalDateType@3214bad
2023-05-24 02:18:33.648 DEBUG 64276 --- [    Test worker] org.hibernate.type.BasicTypeRegistry     : Adding type registration LocalTime -> org.hibernate.type.LocalTimeType@4c5406b
2023-05-24 02:18:33.648 DEBUG 64276 --- [    Test worker] org.hibernate.type.BasicTypeRegistry     : Adding type registration java.time.LocalTime -> org.hibernate.type.LocalTimeType@4c5406b
2023-05-24 02:18:33.649 DEBUG 64276 --- [    Test worker] org.hibernate.type.BasicTypeRegistry     : Adding type registration OffsetDateTime -> org.hibernate.type.OffsetDateTimeType@5170bc02
2023-05-24 02:18:33.650 DEBUG 64276 --- [    Test worker] org.hibernate.type.BasicTypeRegistry     : Adding type registration java.time.OffsetDateTime -> org.hibernate.type.OffsetDateTimeType@5170bc02
2023-05-24 02:18:33.651 DEBUG 64276 --- [    Test worker] org.hibernate.type.BasicTypeRegistry     : Adding type registration OffsetTime -> org.hibernate.type.OffsetTimeType@14d1737a
2023-05-24 02:18:33.651 DEBUG 64276 --- [    Test worker] org.hibernate.type.BasicTypeRegistry     : Adding type registration java.time.OffsetTime -> org.hibernate.type.OffsetTimeType@14d1737a
2023-05-24 02:18:33.652 DEBUG 64276 --- [    Test worker] org.hibernate.type.BasicTypeRegistry     : Adding type registration ZonedDateTime -> org.hibernate.type.ZonedDateTimeType@2755617b
2023-05-24 02:18:33.653 DEBUG 64276 --- [    Test worker] org.hibernate.type.BasicTypeRegistry     : Adding type registration java.time.ZonedDateTime -> org.hibernate.type.ZonedDateTimeType@2755617b
2023-05-24 02:18:33.654 DEBUG 64276 --- [    Test worker] org.hibernate.type.BasicTypeRegistry     : Adding type registration date -> org.hibernate.type.DateType@4e5c8ef3
2023-05-24 02:18:33.654 DEBUG 64276 --- [    Test worker] org.hibernate.type.BasicTypeRegistry     : Adding type registration java.sql.Date -> org.hibernate.type.DateType@4e5c8ef3
2023-05-24 02:18:33.656 DEBUG 64276 --- [    Test worker] org.hibernate.type.BasicTypeRegistry     : Adding type registration time -> org.hibernate.type.TimeType@7e18ced7
2023-05-24 02:18:33.656 DEBUG 64276 --- [    Test worker] org.hibernate.type.BasicTypeRegistry     : Adding type registration java.sql.Time -> org.hibernate.type.TimeType@7e18ced7
2023-05-24 02:18:33.657 DEBUG 64276 --- [    Test worker] org.hibernate.type.BasicTypeRegistry     : Adding type registration timestamp -> org.hibernate.type.TimestampType@5cd8d029
2023-05-24 02:18:33.657 DEBUG 64276 --- [    Test worker] org.hibernate.type.BasicTypeRegistry     : Adding type registration java.sql.Timestamp -> org.hibernate.type.TimestampType@5cd8d029
2023-05-24 02:18:33.658 DEBUG 64276 --- [    Test worker] org.hibernate.type.BasicTypeRegistry     : Adding type registration java.util.Date -> org.hibernate.type.TimestampType@5cd8d029
2023-05-24 02:18:33.659 DEBUG 64276 --- [    Test worker] org.hibernate.type.BasicTypeRegistry     : Adding type registration dbtimestamp -> org.hibernate.type.DbTimestampType@d108406
2023-05-24 02:18:33.661 DEBUG 64276 --- [    Test worker] org.hibernate.type.BasicTypeRegistry     : Adding type registration calendar -> org.hibernate.type.CalendarType@582dcd35
2023-05-24 02:18:33.661 DEBUG 64276 --- [    Test worker] org.hibernate.type.BasicTypeRegistry     : Adding type registration java.util.Calendar -> org.hibernate.type.CalendarType@582dcd35
2023-05-24 02:18:33.661 DEBUG 64276 --- [    Test worker] org.hibernate.type.BasicTypeRegistry     : Adding type registration java.util.GregorianCalendar -> org.hibernate.type.CalendarType@582dcd35
2023-05-24 02:18:33.663 DEBUG 64276 --- [    Test worker] org.hibernate.type.BasicTypeRegistry     : Adding type registration calendar_date -> org.hibernate.type.CalendarDateType@1515f782
2023-05-24 02:18:33.664 DEBUG 64276 --- [    Test worker] org.hibernate.type.BasicTypeRegistry     : Adding type registration calendar_time -> org.hibernate.type.CalendarTimeType@163e8949
2023-05-24 02:18:33.666 DEBUG 64276 --- [    Test worker] org.hibernate.type.BasicTypeRegistry     : Adding type registration locale -> org.hibernate.type.LocaleType@610fbe1c
2023-05-24 02:18:33.666 DEBUG 64276 --- [    Test worker] org.hibernate.type.BasicTypeRegistry     : Adding type registration java.util.Locale -> org.hibernate.type.LocaleType@610fbe1c
2023-05-24 02:18:33.670 DEBUG 64276 --- [    Test worker] org.hibernate.type.BasicTypeRegistry     : Adding type registration currency -> org.hibernate.type.CurrencyType@7871d261
2023-05-24 02:18:33.670 DEBUG 64276 --- [    Test worker] org.hibernate.type.BasicTypeRegistry     : Adding type registration java.util.Currency -> org.hibernate.type.CurrencyType@7871d261
2023-05-24 02:18:33.672 DEBUG 64276 --- [    Test worker] org.hibernate.type.BasicTypeRegistry     : Adding type registration timezone -> org.hibernate.type.TimeZoneType@22da200e
2023-05-24 02:18:33.672 DEBUG 64276 --- [    Test worker] org.hibernate.type.BasicTypeRegistry     : Adding type registration java.util.TimeZone -> org.hibernate.type.TimeZoneType@22da200e
2023-05-24 02:18:33.674 DEBUG 64276 --- [    Test worker] org.hibernate.type.BasicTypeRegistry     : Adding type registration class -> org.hibernate.type.ClassType@7404ddca
2023-05-24 02:18:33.674 DEBUG 64276 --- [    Test worker] org.hibernate.type.BasicTypeRegistry     : Adding type registration java.lang.Class -> org.hibernate.type.ClassType@7404ddca
2023-05-24 02:18:33.677 DEBUG 64276 --- [    Test worker] org.hibernate.type.BasicTypeRegistry     : Adding type registration uuid-binary -> org.hibernate.type.UUIDBinaryType@42730828
2023-05-24 02:18:33.677 DEBUG 64276 --- [    Test worker] org.hibernate.type.BasicTypeRegistry     : Adding type registration java.util.UUID -> org.hibernate.type.UUIDBinaryType@42730828
2023-05-24 02:18:33.680 DEBUG 64276 --- [    Test worker] org.hibernate.type.BasicTypeRegistry     : Adding type registration uuid-char -> org.hibernate.type.UUIDCharType@609b041c
2023-05-24 02:18:33.681 DEBUG 64276 --- [    Test worker] org.hibernate.type.BasicTypeRegistry     : Adding type registration binary -> org.hibernate.type.BinaryType@6ee37ca7
2023-05-24 02:18:33.681 DEBUG 64276 --- [    Test worker] org.hibernate.type.BasicTypeRegistry     : Adding type registration byte[] -> org.hibernate.type.BinaryType@6ee37ca7
2023-05-24 02:18:33.681 DEBUG 64276 --- [    Test worker] org.hibernate.type.BasicTypeRegistry     : Adding type registration [B -> org.hibernate.type.BinaryType@6ee37ca7
2023-05-24 02:18:33.682 DEBUG 64276 --- [    Test worker] org.hibernate.type.BasicTypeRegistry     : Adding type registration wrapper-binary -> org.hibernate.type.WrapperBinaryType@7fc7152e
2023-05-24 02:18:33.682 DEBUG 64276 --- [    Test worker] org.hibernate.type.BasicTypeRegistry     : Adding type registration Byte[] -> org.hibernate.type.WrapperBinaryType@7fc7152e
2023-05-24 02:18:33.682 DEBUG 64276 --- [    Test worker] org.hibernate.type.BasicTypeRegistry     : Adding type registration [Ljava.lang.Byte; -> org.hibernate.type.WrapperBinaryType@7fc7152e
2023-05-24 02:18:33.683 DEBUG 64276 --- [    Test worker] org.hibernate.type.BasicTypeRegistry     : Adding type registration row_version -> org.hibernate.type.RowVersionType@12cd129c
2023-05-24 02:18:33.684 DEBUG 64276 --- [    Test worker] org.hibernate.type.BasicTypeRegistry     : Adding type registration image -> org.hibernate.type.ImageType@698d6d30
2023-05-24 02:18:33.684 DEBUG 64276 --- [    Test worker] org.hibernate.type.BasicTypeRegistry     : Adding type registration characters -> org.hibernate.type.CharArrayType@28cb86b2
2023-05-24 02:18:33.684 DEBUG 64276 --- [    Test worker] org.hibernate.type.BasicTypeRegistry     : Adding type registration char[] -> org.hibernate.type.CharArrayType@28cb86b2
2023-05-24 02:18:33.685 DEBUG 64276 --- [    Test worker] org.hibernate.type.BasicTypeRegistry     : Adding type registration [C -> org.hibernate.type.CharArrayType@28cb86b2
2023-05-24 02:18:33.685 DEBUG 64276 --- [    Test worker] org.hibernate.type.BasicTypeRegistry     : Adding type registration wrapper-characters -> org.hibernate.type.CharacterArrayType@4b476233
2023-05-24 02:18:33.685 DEBUG 64276 --- [    Test worker] org.hibernate.type.BasicTypeRegistry     : Adding type registration [Ljava.lang.Character; -> org.hibernate.type.CharacterArrayType@4b476233
2023-05-24 02:18:33.685 DEBUG 64276 --- [    Test worker] org.hibernate.type.BasicTypeRegistry     : Adding type registration Character[] -> org.hibernate.type.CharacterArrayType@4b476233
2023-05-24 02:18:33.686 DEBUG 64276 --- [    Test worker] org.hibernate.type.BasicTypeRegistry     : Adding type registration text -> org.hibernate.type.TextType@29dcdd1c
2023-05-24 02:18:33.687 DEBUG 64276 --- [    Test worker] org.hibernate.type.BasicTypeRegistry     : Adding type registration ntext -> org.hibernate.type.NTextType@17134190
2023-05-24 02:18:33.688 DEBUG 64276 --- [    Test worker] org.hibernate.type.BasicTypeRegistry     : Adding type registration blob -> org.hibernate.type.BlobType@1d1bf7bf
2023-05-24 02:18:33.689 DEBUG 64276 --- [    Test worker] org.hibernate.type.BasicTypeRegistry     : Adding type registration java.sql.Blob -> org.hibernate.type.BlobType@1d1bf7bf
2023-05-24 02:18:33.689 DEBUG 64276 --- [    Test worker] org.hibernate.type.BasicTypeRegistry     : Adding type registration materialized_blob -> org.hibernate.type.MaterializedBlobType@19705650
2023-05-24 02:18:33.691 DEBUG 64276 --- [    Test worker] org.hibernate.type.BasicTypeRegistry     : Adding type registration clob -> org.hibernate.type.ClobType@a323a5b
2023-05-24 02:18:33.691 DEBUG 64276 --- [    Test worker] org.hibernate.type.BasicTypeRegistry     : Adding type registration java.sql.Clob -> org.hibernate.type.ClobType@a323a5b
2023-05-24 02:18:33.693 DEBUG 64276 --- [    Test worker] org.hibernate.type.BasicTypeRegistry     : Adding type registration nclob -> org.hibernate.type.NClobType@650a1aff
2023-05-24 02:18:33.694 DEBUG 64276 --- [    Test worker] org.hibernate.type.BasicTypeRegistry     : Adding type registration java.sql.NClob -> org.hibernate.type.NClobType@650a1aff
2023-05-24 02:18:33.695 DEBUG 64276 --- [    Test worker] org.hibernate.type.BasicTypeRegistry     : Adding type registration materialized_clob -> org.hibernate.type.MaterializedClobType@2c579202
2023-05-24 02:18:33.695 DEBUG 64276 --- [    Test worker] org.hibernate.type.BasicTypeRegistry     : Adding type registration materialized_nclob -> org.hibernate.type.MaterializedNClobType@653a5967
2023-05-24 02:18:33.697 DEBUG 64276 --- [    Test worker] org.hibernate.type.BasicTypeRegistry     : Adding type registration serializable -> org.hibernate.type.SerializableType@5bb2fb2b
2023-05-24 02:18:33.703 DEBUG 64276 --- [    Test worker] org.hibernate.type.BasicTypeRegistry     : Adding type registration object -> org.hibernate.type.ObjectType@70c491b8
2023-05-24 02:18:33.703 DEBUG 64276 --- [    Test worker] org.hibernate.type.BasicTypeRegistry     : Adding type registration java.lang.Object -> org.hibernate.type.ObjectType@70c491b8
2023-05-24 02:18:33.704 DEBUG 64276 --- [    Test worker] org.hibernate.type.BasicTypeRegistry     : Adding type registration imm_date -> org.hibernate.type.AdaptedImmutableType@28367da7
2023-05-24 02:18:33.704 DEBUG 64276 --- [    Test worker] org.hibernate.type.BasicTypeRegistry     : Adding type registration imm_time -> org.hibernate.type.AdaptedImmutableType@1a0f349
2023-05-24 02:18:33.704 DEBUG 64276 --- [    Test worker] org.hibernate.type.BasicTypeRegistry     : Adding type registration imm_timestamp -> org.hibernate.type.AdaptedImmutableType@3c60c681
2023-05-24 02:18:33.705 DEBUG 64276 --- [    Test worker] org.hibernate.type.BasicTypeRegistry     : Adding type registration imm_dbtimestamp -> org.hibernate.type.AdaptedImmutableType@1b3a9ef4
2023-05-24 02:18:33.705 DEBUG 64276 --- [    Test worker] org.hibernate.type.BasicTypeRegistry     : Adding type registration imm_calendar -> org.hibernate.type.AdaptedImmutableType@7a1371
2023-05-24 02:18:33.705 DEBUG 64276 --- [    Test worker] org.hibernate.type.BasicTypeRegistry     : Adding type registration imm_calendar_date -> org.hibernate.type.AdaptedImmutableType@6c6928c
2023-05-24 02:18:33.705 DEBUG 64276 --- [    Test worker] org.hibernate.type.BasicTypeRegistry     : Adding type registration imm_binary -> org.hibernate.type.AdaptedImmutableType@3c28181b
2023-05-24 02:18:33.705 DEBUG 64276 --- [    Test worker] org.hibernate.type.BasicTypeRegistry     : Adding type registration imm_serializable -> org.hibernate.type.AdaptedImmutableType@73aaec54
2023-05-24 02:18:33.752  INFO 64276 --- [    Test worker] com.zaxxer.hikari.HikariDataSource       : HikariPool-1 - Starting...
2023-05-24 02:18:33.821  INFO 64276 --- [    Test worker] com.zaxxer.hikari.HikariDataSource       : HikariPool-1 - Start completed.
2023-05-24 02:18:33.861  INFO 64276 --- [    Test worker] org.hibernate.dialect.Dialect            : HHH000400: Using dialect: org.hibernate.dialect.MariaDB106Dialect
2023-05-24 02:18:33.910 DEBUG 64276 --- [    Test worker] o.h.type.spi.TypeConfiguration$Scope     : Scoping TypeConfiguration [org.hibernate.type.spi.TypeConfiguration@18989e0] to MetadataBuildingContext [org.hibernate.boot.internal.MetadataBuildingContextRootImpl@2a120c88]
2023-05-24 02:18:34.407 DEBUG 64276 --- [    Test worker] org.hibernate.type.EnumType              : Using NAMED-based conversion for Enum com.everyparking.server.data.entity.MemberStatus
2023-05-24 02:18:34.408 DEBUG 64276 --- [    Test worker] org.hibernate.type.EnumType              : Using NAMED-based conversion for Enum com.everyparking.server.data.entity.RoleType
2023-05-24 02:18:34.409 DEBUG 64276 --- [    Test worker] org.hibernate.type.EnumType              : Using NAMED-based conversion for Enum com.everyparking.server.data.entity.CarStatus
2023-05-24 02:18:34.409 DEBUG 64276 --- [    Test worker] org.hibernate.type.EnumType              : Using NAMED-based conversion for Enum com.everyparking.server.data.entity.ParkingStatus
2023-05-24 02:18:34.410 DEBUG 64276 --- [    Test worker] o.h.type.spi.TypeConfiguration$Scope     : Scoping TypeConfiguration [org.hibernate.type.spi.TypeConfiguration@18989e0] to SessionFactoryImpl [org.hibernate.internal.SessionFactoryImpl@57a982f9]
2023-05-24 02:18:34.912 DEBUG 64276 --- [    Test worker] org.hibernate.SQL                        : 
    
    alter table member 
       drop 
       foreign key if exists FKsev4q8fdxwy6niycwskmklvwx
2023-05-24 02:18:34.924 DEBUG 64276 --- [    Test worker] org.hibernate.SQL                        : 
    
    alter table member 
       drop 
       foreign key if exists FKooq37npsgnsvp2aab38uf6klb
2023-05-24 02:18:34.943 DEBUG 64276 --- [    Test worker] org.hibernate.SQL                        : 
    
    alter table message 
       drop 
       foreign key if exists FK4msccpwmxulmw875edu7p352d
2023-05-24 02:18:34.949 DEBUG 64276 --- [    Test worker] org.hibernate.SQL                        : 
    
    alter table message 
       drop 
       foreign key if exists FKjusoilghlrkxd2gam6ly30fdd
2023-05-24 02:18:34.962 DEBUG 64276 --- [    Test worker] org.hibernate.SQL                        : 
    
    alter table message 
       drop 
       foreign key if exists FKeid59e86pmn4dcpuborxrk3id
2023-05-24 02:18:34.977 DEBUG 64276 --- [    Test worker] org.hibernate.SQL                        : 
    
    alter table parking_info 
       drop 
       foreign key if exists FKjhj2r0t48s78k97qf72xpawm0
2023-05-24 02:18:34.982 DEBUG 64276 --- [    Test worker] org.hibernate.SQL                        : 
    
    alter table parking_info 
       drop 
       foreign key if exists FKjlmlpqme43cbfesbaj3f30225
2023-05-24 02:18:34.997 DEBUG 64276 --- [    Test worker] org.hibernate.SQL                        : 
    
    alter table report 
       drop 
       foreign key if exists FKmxlq6fpk3hfesa0qut2vh09ef
2023-05-24 02:18:35.002 DEBUG 64276 --- [    Test worker] org.hibernate.SQL                        : 
    
    alter table report 
       drop 
       foreign key if exists FKffmfaraf2frrc09ju7dwg7ca3
2023-05-24 02:18:35.015 DEBUG 64276 --- [    Test worker] org.hibernate.SQL                        : 
    
    alter table upload_file 
       drop 
       foreign key if exists FK8u9i9pa3m7slsihn06d7dgubp
2023-05-24 02:18:35.030 DEBUG 64276 --- [    Test worker] org.hibernate.SQL                        : 
    
    alter table upload_file 
       drop 
       foreign key if exists FKj8idbmcr961eyi06jiubgxokg
2023-05-24 02:18:35.044 DEBUG 64276 --- [    Test worker] org.hibernate.SQL                        : 
    
    drop table if exists car
2023-05-24 02:18:35.049 DEBUG 64276 --- [    Test worker] org.hibernate.SQL                        : 
    
    drop table if exists entry_log
2023-05-24 02:18:35.060 DEBUG 64276 --- [    Test worker] org.hibernate.SQL                        : 
    
    drop table if exists member
2023-05-24 02:18:35.071 DEBUG 64276 --- [    Test worker] org.hibernate.SQL                        : 
    
    drop table if exists message
2023-05-24 02:18:35.081 DEBUG 64276 --- [    Test worker] org.hibernate.SQL                        : 
    
    drop table if exists parking_info
2023-05-24 02:18:35.090 DEBUG 64276 --- [    Test worker] org.hibernate.SQL                        : 
    
    drop table if exists parking_lot
2023-05-24 02:18:35.096 DEBUG 64276 --- [    Test worker] org.hibernate.SQL                        : 
    
    drop table if exists report
2023-05-24 02:18:35.112 DEBUG 64276 --- [    Test worker] org.hibernate.SQL                        : 
    
    drop table if exists upload_file
2023-05-24 02:18:35.127 DEBUG 64276 --- [    Test worker] org.hibernate.SQL                        : 
    
    create table car (
       car_id bigint not null auto_increment,
        created_time datetime(6),
        last_modified_time datetime(6),
        is_enter bit not null,
        parking_lot_id integer not null,
        car_number varchar(255),
        car_status varchar(255),
        model_name varchar(255),
        primary key (car_id)
    ) engine=InnoDB
2023-05-24 02:18:35.131 DEBUG 64276 --- [    Test worker] org.hibernate.SQL                        : 
    
    create table entry_log (
       id bigint not null auto_increment,
        car_number varchar(255) not null,
        entry_time datetime(6) not null,
        exit_time datetime(6),
        primary key (id)
    ) engine=InnoDB
2023-05-24 02:18:35.137 DEBUG 64276 --- [    Test worker] org.hibernate.SQL                        : 
    
    create table member (
       member_id bigint not null auto_increment,
        created_time datetime(6),
        last_modified_time datetime(6),
        member_status varchar(255),
        password varchar(255),
        role_type varchar(255),
        student_id integer not null,
        user_id varchar(255),
        email varchar(255),
        phone_number integer not null,
        user_name varchar(255),
        car_id bigint,
        parking_info_id bigint,
        primary key (member_id)
    ) engine=InnoDB
2023-05-24 02:18:35.142 DEBUG 64276 --- [    Test worker] org.hibernate.SQL                        : 
    
    create table message (
       message_id bigint not null auto_increment,
        created_time datetime(6),
        last_modified_time datetime(6),
        details varchar(255),
        member_id bigint,
        sender_member_id bigint,
        primary key (message_id)
    ) engine=InnoDB
2023-05-24 02:18:35.147 DEBUG 64276 --- [    Test worker] org.hibernate.SQL                        : 
    
    create table parking_info (
       parking_info_id bigint not null auto_increment,
        created_time datetime(6),
        last_modified_time datetime(6),
        parking_id integer not null,
        parking_status varchar(255),
        car_id bigint,
        parking_lot_id bigint,
        primary key (parking_info_id)
    ) engine=InnoDB
2023-05-24 02:18:35.152 DEBUG 64276 --- [    Test worker] org.hibernate.SQL                        : 
    
    create table parking_lot (
       parking_lot_id bigint not null auto_increment,
        created_time datetime(6),
        last_modified_time datetime(6),
        available integer not null,
        name varchar(255),
        total integer not null,
        used integer not null,
        primary key (parking_lot_id)
    ) engine=InnoDB
2023-05-24 02:18:35.156 DEBUG 64276 --- [    Test worker] org.hibernate.SQL                        : 
    
    create table report (
       report_id bigint not null auto_increment,
        created_time datetime(6),
        last_modified_time datetime(6),
        contents varchar(255),
        title varchar(255),
        member_member_id bigint,
        primary key (report_id)
    ) engine=InnoDB
2023-05-24 02:18:35.161 DEBUG 64276 --- [    Test worker] org.hibernate.SQL                        : 
    
    create table upload_file (
       image_id bigint not null auto_increment,
        created_time datetime(6),
        last_modified_time datetime(6),
        store_file_name varchar(255),
        upload_file_name varchar(255),
        report_report_id bigint,
        primary key (image_id)
    ) engine=InnoDB
2023-05-24 02:18:35.166 DEBUG 64276 --- [    Test worker] org.hibernate.SQL                        : 
    
    alter table member 
       add constraint FKsev4q8fdxwy6niycwskmklvwx 
       foreign key (car_id) 
       references car (car_id)
2023-05-24 02:18:35.231 DEBUG 64276 --- [    Test worker] org.hibernate.SQL                        : 
    
    alter table member 
       add constraint FKooq37npsgnsvp2aab38uf6klb 
       foreign key (parking_info_id) 
       references parking_info (parking_info_id)
2023-05-24 02:18:35.257 DEBUG 64276 --- [    Test worker] org.hibernate.SQL                        : 
    
    alter table message 
       add constraint FK4msccpwmxulmw875edu7p352d 
       foreign key (member_id) 
       references member (member_id)
2023-05-24 02:18:35.276 DEBUG 64276 --- [    Test worker] org.hibernate.SQL                        : 
    
    alter table message 
       add constraint FKjusoilghlrkxd2gam6ly30fdd 
       foreign key (sender_member_id) 
       references member (member_id)
2023-05-24 02:18:35.299 DEBUG 64276 --- [    Test worker] org.hibernate.SQL                        : 
    
    alter table message 
       add constraint FKeid59e86pmn4dcpuborxrk3id 
       foreign key (message_id) 
       references member (member_id)
2023-05-24 02:18:35.327 DEBUG 64276 --- [    Test worker] org.hibernate.SQL                        : 
    
    alter table parking_info 
       add constraint FKjhj2r0t48s78k97qf72xpawm0 
       foreign key (car_id) 
       references car (car_id)
2023-05-24 02:18:35.380 DEBUG 64276 --- [    Test worker] org.hibernate.SQL                        : 
    
    alter table parking_info 
       add constraint FKjlmlpqme43cbfesbaj3f30225 
       foreign key (parking_lot_id) 
       references parking_lot (parking_lot_id)
2023-05-24 02:18:35.400 DEBUG 64276 --- [    Test worker] org.hibernate.SQL                        : 
    
    alter table report 
       add constraint FKmxlq6fpk3hfesa0qut2vh09ef 
       foreign key (member_member_id) 
       references member (member_id)
2023-05-24 02:18:35.423 DEBUG 64276 --- [    Test worker] org.hibernate.SQL                        : 
    
    alter table report 
       add constraint FKffmfaraf2frrc09ju7dwg7ca3 
       foreign key (report_id) 
       references member (member_id)
2023-05-24 02:18:35.444 DEBUG 64276 --- [    Test worker] org.hibernate.SQL                        : 
    
    alter table upload_file 
       add constraint FK8u9i9pa3m7slsihn06d7dgubp 
       foreign key (report_report_id) 
       references report (report_id)
2023-05-24 02:18:35.466 DEBUG 64276 --- [    Test worker] org.hibernate.SQL                        : 
    
    alter table upload_file 
       add constraint FKj8idbmcr961eyi06jiubgxokg 
       foreign key (image_id) 
       references report (report_id)
2023-05-24 02:18:35.490  INFO 64276 --- [    Test worker] o.h.e.t.j.p.i.JtaPlatformInitiator       : HHH000490: Using JtaPlatform implementation: [org.hibernate.engine.transaction.jta.platform.internal.NoJtaPlatform]
2023-05-24 02:18:35.502 TRACE 64276 --- [    Test worker] o.h.type.spi.TypeConfiguration$Scope     : Handling #sessionFactoryCreated from [org.hibernate.internal.SessionFactoryImpl@57a982f9] for TypeConfiguration
2023-05-24 02:18:35.504  INFO 64276 --- [    Test worker] j.LocalContainerEntityManagerFactoryBean : Initialized JPA EntityManagerFactory for persistence unit 'default'
2023-05-24 02:18:36.531 DEBUG 64276 --- [    Test worker] org.hibernate.SQL                        : 
    insert 
    into
        member
        (created_time, last_modified_time, car_id, member_status, parking_info_id, password, role_type, student_id, user_id, email, phone_number, user_name) 
    values
        (?, ?, ?, ?, ?, ?, ?, ?, ?, ?, ?, ?)
2023-05-24 02:18:36.539 TRACE 64276 --- [    Test worker] o.h.type.descriptor.sql.BasicBinder      : binding parameter [1] as [TIMESTAMP] - [2023-05-24T02:18:36.477342700]
2023-05-24 02:18:36.541 TRACE 64276 --- [    Test worker] o.h.type.descriptor.sql.BasicBinder      : binding parameter [2] as [TIMESTAMP] - [null]
2023-05-24 02:18:36.542 TRACE 64276 --- [    Test worker] o.h.type.descriptor.sql.BasicBinder      : binding parameter [3] as [BIGINT] - [null]
2023-05-24 02:18:36.543 TRACE 64276 --- [    Test worker] o.h.type.descriptor.sql.BasicBinder      : binding parameter [4] as [VARCHAR] - [DEFAULT]
2023-05-24 02:18:36.543 TRACE 64276 --- [    Test worker] o.h.type.descriptor.sql.BasicBinder      : binding parameter [5] as [BIGINT] - [null]
2023-05-24 02:18:36.544 TRACE 64276 --- [    Test worker] o.h.type.descriptor.sql.BasicBinder      : binding parameter [6] as [VARCHAR] - [1234]
2023-05-24 02:18:36.544 TRACE 64276 --- [    Test worker] o.h.type.descriptor.sql.BasicBinder      : binding parameter [7] as [VARCHAR] - [ADMIN]
2023-05-24 02:18:36.546 TRACE 64276 --- [    Test worker] o.h.type.descriptor.sql.BasicBinder      : binding parameter [8] as [INTEGER] - [0]
2023-05-24 02:18:36.547 TRACE 64276 --- [    Test worker] o.h.type.descriptor.sql.BasicBinder      : binding parameter [9] as [VARCHAR] - [admin]
2023-05-24 02:18:36.547 TRACE 64276 --- [    Test worker] o.h.type.descriptor.sql.BasicBinder      : binding parameter [10] as [VARCHAR] - [admin@a.com]
2023-05-24 02:18:36.547 TRACE 64276 --- [    Test worker] o.h.type.descriptor.sql.BasicBinder      : binding parameter [11] as [INTEGER] - [12341234]
2023-05-24 02:18:36.547 TRACE 64276 --- [    Test worker] o.h.type.descriptor.sql.BasicBinder      : binding parameter [12] as [VARCHAR] - [관리자]
2023-05-24 02:18:36.581 DEBUG 64276 --- [    Test worker] org.hibernate.SQL                        : 
    insert 
    into
        parking_lot
        (created_time, last_modified_time, available, name, total, used) 
    values
        (?, ?, ?, ?, ?, ?)
2023-05-24 02:18:36.581 TRACE 64276 --- [    Test worker] o.h.type.descriptor.sql.BasicBinder      : binding parameter [1] as [TIMESTAMP] - [2023-05-24T02:18:36.578353500]
2023-05-24 02:18:36.581 TRACE 64276 --- [    Test worker] o.h.type.descriptor.sql.BasicBinder      : binding parameter [2] as [TIMESTAMP] - [null]
2023-05-24 02:18:36.581 TRACE 64276 --- [    Test worker] o.h.type.descriptor.sql.BasicBinder      : binding parameter [3] as [INTEGER] - [20]
2023-05-24 02:18:36.581 TRACE 64276 --- [    Test worker] o.h.type.descriptor.sql.BasicBinder      : binding parameter [4] as [VARCHAR] - [테스트]
2023-05-24 02:18:36.582 TRACE 64276 --- [    Test worker] o.h.type.descriptor.sql.BasicBinder      : binding parameter [5] as [INTEGER] - [20]
2023-05-24 02:18:36.582 TRACE 64276 --- [    Test worker] o.h.type.descriptor.sql.BasicBinder      : binding parameter [6] as [INTEGER] - [0]
2023-05-24 02:18:36.597 DEBUG 64276 --- [    Test worker] org.hibernate.SQL                        : 
    insert 
    into
        parking_info
        (created_time, last_modified_time, car_id, parking_id, parking_lot_id, parking_status) 
    values
        (?, ?, ?, ?, ?, ?)
2023-05-24 02:18:36.597 TRACE 64276 --- [    Test worker] o.h.type.descriptor.sql.BasicBinder      : binding parameter [1] as [TIMESTAMP] - [2023-05-24T02:18:36.590520200]
2023-05-24 02:18:36.597 TRACE 64276 --- [    Test worker] o.h.type.descriptor.sql.BasicBinder      : binding parameter [2] as [TIMESTAMP] - [null]
2023-05-24 02:18:36.597 TRACE 64276 --- [    Test worker] o.h.type.descriptor.sql.BasicBinder      : binding parameter [3] as [BIGINT] - [null]
2023-05-24 02:18:36.597 TRACE 64276 --- [    Test worker] o.h.type.descriptor.sql.BasicBinder      : binding parameter [4] as [INTEGER] - [1]
2023-05-24 02:18:36.598 TRACE 64276 --- [    Test worker] o.h.type.descriptor.sql.BasicBinder      : binding parameter [5] as [BIGINT] - [1]
2023-05-24 02:18:36.598 TRACE 64276 --- [    Test worker] o.h.type.descriptor.sql.BasicBinder      : binding parameter [6] as [VARCHAR] - [AVAILABLE]
2023-05-24 02:18:36.607 DEBUG 64276 --- [    Test worker] org.hibernate.SQL                        : 
    insert 
    into
        parking_info
        (created_time, last_modified_time, car_id, parking_id, parking_lot_id, parking_status) 
    values
        (?, ?, ?, ?, ?, ?)
2023-05-24 02:18:36.607 TRACE 64276 --- [    Test worker] o.h.type.descriptor.sql.BasicBinder      : binding parameter [1] as [TIMESTAMP] - [2023-05-24T02:18:36.606788100]
2023-05-24 02:18:36.607 TRACE 64276 --- [    Test worker] o.h.type.descriptor.sql.BasicBinder      : binding parameter [2] as [TIMESTAMP] - [null]
2023-05-24 02:18:36.607 TRACE 64276 --- [    Test worker] o.h.type.descriptor.sql.BasicBinder      : binding parameter [3] as [BIGINT] - [null]
2023-05-24 02:18:36.607 TRACE 64276 --- [    Test worker] o.h.type.descriptor.sql.BasicBinder      : binding parameter [4] as [INTEGER] - [2]
2023-05-24 02:18:36.607 TRACE 64276 --- [    Test worker] o.h.type.descriptor.sql.BasicBinder      : binding parameter [5] as [BIGINT] - [1]
2023-05-24 02:18:36.607 TRACE 64276 --- [    Test worker] o.h.type.descriptor.sql.BasicBinder      : binding parameter [6] as [VARCHAR] - [AVAILABLE]
2023-05-24 02:18:36.611 DEBUG 64276 --- [    Test worker] org.hibernate.SQL                        : 
    insert 
    into
        parking_info
        (created_time, last_modified_time, car_id, parking_id, parking_lot_id, parking_status) 
    values
        (?, ?, ?, ?, ?, ?)
2023-05-24 02:18:36.611 TRACE 64276 --- [    Test worker] o.h.type.descriptor.sql.BasicBinder      : binding parameter [1] as [TIMESTAMP] - [2023-05-24T02:18:36.610990100]
2023-05-24 02:18:36.611 TRACE 64276 --- [    Test worker] o.h.type.descriptor.sql.BasicBinder      : binding parameter [2] as [TIMESTAMP] - [null]
2023-05-24 02:18:36.611 TRACE 64276 --- [    Test worker] o.h.type.descriptor.sql.BasicBinder      : binding parameter [3] as [BIGINT] - [null]
2023-05-24 02:18:36.611 TRACE 64276 --- [    Test worker] o.h.type.descriptor.sql.BasicBinder      : binding parameter [4] as [INTEGER] - [3]
2023-05-24 02:18:36.611 TRACE 64276 --- [    Test worker] o.h.type.descriptor.sql.BasicBinder      : binding parameter [5] as [BIGINT] - [1]
2023-05-24 02:18:36.611 TRACE 64276 --- [    Test worker] o.h.type.descriptor.sql.BasicBinder      : binding parameter [6] as [VARCHAR] - [AVAILABLE]
2023-05-24 02:18:36.613 DEBUG 64276 --- [    Test worker] org.hibernate.SQL                        : 
    insert 
    into
        parking_info
        (created_time, last_modified_time, car_id, parking_id, parking_lot_id, parking_status) 
    values
        (?, ?, ?, ?, ?, ?)
2023-05-24 02:18:36.613 TRACE 64276 --- [    Test worker] o.h.type.descriptor.sql.BasicBinder      : binding parameter [1] as [TIMESTAMP] - [2023-05-24T02:18:36.613951200]
2023-05-24 02:18:36.614 TRACE 64276 --- [    Test worker] o.h.type.descriptor.sql.BasicBinder      : binding parameter [2] as [TIMESTAMP] - [null]
2023-05-24 02:18:36.614 TRACE 64276 --- [    Test worker] o.h.type.descriptor.sql.BasicBinder      : binding parameter [3] as [BIGINT] - [null]
2023-05-24 02:18:36.614 TRACE 64276 --- [    Test worker] o.h.type.descriptor.sql.BasicBinder      : binding parameter [4] as [INTEGER] - [4]
2023-05-24 02:18:36.614 TRACE 64276 --- [    Test worker] o.h.type.descriptor.sql.BasicBinder      : binding parameter [5] as [BIGINT] - [1]
2023-05-24 02:18:36.614 TRACE 64276 --- [    Test worker] o.h.type.descriptor.sql.BasicBinder      : binding parameter [6] as [VARCHAR] - [AVAILABLE]
2023-05-24 02:18:36.617 DEBUG 64276 --- [    Test worker] org.hibernate.SQL                        : 
    insert 
    into
        parking_info
        (created_time, last_modified_time, car_id, parking_id, parking_lot_id, parking_status) 
    values
        (?, ?, ?, ?, ?, ?)
2023-05-24 02:18:36.617 TRACE 64276 --- [    Test worker] o.h.type.descriptor.sql.BasicBinder      : binding parameter [1] as [TIMESTAMP] - [2023-05-24T02:18:36.617010600]
2023-05-24 02:18:36.617 TRACE 64276 --- [    Test worker] o.h.type.descriptor.sql.BasicBinder      : binding parameter [2] as [TIMESTAMP] - [null]
2023-05-24 02:18:36.617 TRACE 64276 --- [    Test worker] o.h.type.descriptor.sql.BasicBinder      : binding parameter [3] as [BIGINT] - [null]
2023-05-24 02:18:36.617 TRACE 64276 --- [    Test worker] o.h.type.descriptor.sql.BasicBinder      : binding parameter [4] as [INTEGER] - [5]
2023-05-24 02:18:36.617 TRACE 64276 --- [    Test worker] o.h.type.descriptor.sql.BasicBinder      : binding parameter [5] as [BIGINT] - [1]
2023-05-24 02:18:36.617 TRACE 64276 --- [    Test worker] o.h.type.descriptor.sql.BasicBinder      : binding parameter [6] as [VARCHAR] - [AVAILABLE]
2023-05-24 02:18:36.619 DEBUG 64276 --- [    Test worker] org.hibernate.SQL                        : 
    insert 
    into
        parking_info
        (created_time, last_modified_time, car_id, parking_id, parking_lot_id, parking_status) 
    values
        (?, ?, ?, ?, ?, ?)
2023-05-24 02:18:36.619 TRACE 64276 --- [    Test worker] o.h.type.descriptor.sql.BasicBinder      : binding parameter [1] as [TIMESTAMP] - [2023-05-24T02:18:36.619412400]
2023-05-24 02:18:36.620 TRACE 64276 --- [    Test worker] o.h.type.descriptor.sql.BasicBinder      : binding parameter [2] as [TIMESTAMP] - [null]
2023-05-24 02:18:36.620 TRACE 64276 --- [    Test worker] o.h.type.descriptor.sql.BasicBinder      : binding parameter [3] as [BIGINT] - [null]
2023-05-24 02:18:36.620 TRACE 64276 --- [    Test worker] o.h.type.descriptor.sql.BasicBinder      : binding parameter [4] as [INTEGER] - [6]
2023-05-24 02:18:36.620 TRACE 64276 --- [    Test worker] o.h.type.descriptor.sql.BasicBinder      : binding parameter [5] as [BIGINT] - [1]
2023-05-24 02:18:36.620 TRACE 64276 --- [    Test worker] o.h.type.descriptor.sql.BasicBinder      : binding parameter [6] as [VARCHAR] - [AVAILABLE]
2023-05-24 02:18:36.622 DEBUG 64276 --- [    Test worker] org.hibernate.SQL                        : 
    insert 
    into
        parking_info
        (created_time, last_modified_time, car_id, parking_id, parking_lot_id, parking_status) 
    values
        (?, ?, ?, ?, ?, ?)
2023-05-24 02:18:36.622 TRACE 64276 --- [    Test worker] o.h.type.descriptor.sql.BasicBinder      : binding parameter [1] as [TIMESTAMP] - [2023-05-24T02:18:36.622736400]
2023-05-24 02:18:36.622 TRACE 64276 --- [    Test worker] o.h.type.descriptor.sql.BasicBinder      : binding parameter [2] as [TIMESTAMP] - [null]
2023-05-24 02:18:36.622 TRACE 64276 --- [    Test worker] o.h.type.descriptor.sql.BasicBinder      : binding parameter [3] as [BIGINT] - [null]
2023-05-24 02:18:36.622 TRACE 64276 --- [    Test worker] o.h.type.descriptor.sql.BasicBinder      : binding parameter [4] as [INTEGER] - [7]
2023-05-24 02:18:36.622 TRACE 64276 --- [    Test worker] o.h.type.descriptor.sql.BasicBinder      : binding parameter [5] as [BIGINT] - [1]
2023-05-24 02:18:36.622 TRACE 64276 --- [    Test worker] o.h.type.descriptor.sql.BasicBinder      : binding parameter [6] as [VARCHAR] - [AVAILABLE]
2023-05-24 02:18:36.625 DEBUG 64276 --- [    Test worker] org.hibernate.SQL                        : 
    insert 
    into
        parking_info
        (created_time, last_modified_time, car_id, parking_id, parking_lot_id, parking_status) 
    values
        (?, ?, ?, ?, ?, ?)
2023-05-24 02:18:36.625 TRACE 64276 --- [    Test worker] o.h.type.descriptor.sql.BasicBinder      : binding parameter [1] as [TIMESTAMP] - [2023-05-24T02:18:36.625974300]
2023-05-24 02:18:36.625 TRACE 64276 --- [    Test worker] o.h.type.descriptor.sql.BasicBinder      : binding parameter [2] as [TIMESTAMP] - [null]
2023-05-24 02:18:36.626 TRACE 64276 --- [    Test worker] o.h.type.descriptor.sql.BasicBinder      : binding parameter [3] as [BIGINT] - [null]
2023-05-24 02:18:36.626 TRACE 64276 --- [    Test worker] o.h.type.descriptor.sql.BasicBinder      : binding parameter [4] as [INTEGER] - [8]
2023-05-24 02:18:36.626 TRACE 64276 --- [    Test worker] o.h.type.descriptor.sql.BasicBinder      : binding parameter [5] as [BIGINT] - [1]
2023-05-24 02:18:36.626 TRACE 64276 --- [    Test worker] o.h.type.descriptor.sql.BasicBinder      : binding parameter [6] as [VARCHAR] - [AVAILABLE]
2023-05-24 02:18:36.630 DEBUG 64276 --- [    Test worker] org.hibernate.SQL                        : 
    insert 
    into
        parking_info
        (created_time, last_modified_time, car_id, parking_id, parking_lot_id, parking_status) 
    values
        (?, ?, ?, ?, ?, ?)
2023-05-24 02:18:36.630 TRACE 64276 --- [    Test worker] o.h.type.descriptor.sql.BasicBinder      : binding parameter [1] as [TIMESTAMP] - [2023-05-24T02:18:36.628983400]
2023-05-24 02:18:36.630 TRACE 64276 --- [    Test worker] o.h.type.descriptor.sql.BasicBinder      : binding parameter [2] as [TIMESTAMP] - [null]
2023-05-24 02:18:36.630 TRACE 64276 --- [    Test worker] o.h.type.descriptor.sql.BasicBinder      : binding parameter [3] as [BIGINT] - [null]
2023-05-24 02:18:36.630 TRACE 64276 --- [    Test worker] o.h.type.descriptor.sql.BasicBinder      : binding parameter [4] as [INTEGER] - [9]
2023-05-24 02:18:36.630 TRACE 64276 --- [    Test worker] o.h.type.descriptor.sql.BasicBinder      : binding parameter [5] as [BIGINT] - [1]
2023-05-24 02:18:36.630 TRACE 64276 --- [    Test worker] o.h.type.descriptor.sql.BasicBinder      : binding parameter [6] as [VARCHAR] - [AVAILABLE]
2023-05-24 02:18:36.633 DEBUG 64276 --- [    Test worker] org.hibernate.SQL                        : 
    insert 
    into
        parking_info
        (created_time, last_modified_time, car_id, parking_id, parking_lot_id, parking_status) 
    values
        (?, ?, ?, ?, ?, ?)
2023-05-24 02:18:36.633 TRACE 64276 --- [    Test worker] o.h.type.descriptor.sql.BasicBinder      : binding parameter [1] as [TIMESTAMP] - [2023-05-24T02:18:36.632541600]
2023-05-24 02:18:36.633 TRACE 64276 --- [    Test worker] o.h.type.descriptor.sql.BasicBinder      : binding parameter [2] as [TIMESTAMP] - [null]
2023-05-24 02:18:36.633 TRACE 64276 --- [    Test worker] o.h.type.descriptor.sql.BasicBinder      : binding parameter [3] as [BIGINT] - [null]
2023-05-24 02:18:36.633 TRACE 64276 --- [    Test worker] o.h.type.descriptor.sql.BasicBinder      : binding parameter [4] as [INTEGER] - [10]
2023-05-24 02:18:36.633 TRACE 64276 --- [    Test worker] o.h.type.descriptor.sql.BasicBinder      : binding parameter [5] as [BIGINT] - [1]
2023-05-24 02:18:36.633 TRACE 64276 --- [    Test worker] o.h.type.descriptor.sql.BasicBinder      : binding parameter [6] as [VARCHAR] - [AVAILABLE]
2023-05-24 02:18:36.635 DEBUG 64276 --- [    Test worker] org.hibernate.SQL                        : 
    insert 
    into
        parking_info
        (created_time, last_modified_time, car_id, parking_id, parking_lot_id, parking_status) 
    values
        (?, ?, ?, ?, ?, ?)
2023-05-24 02:18:36.636 TRACE 64276 --- [    Test worker] o.h.type.descriptor.sql.BasicBinder      : binding parameter [1] as [TIMESTAMP] - [2023-05-24T02:18:36.635951400]
2023-05-24 02:18:36.636 TRACE 64276 --- [    Test worker] o.h.type.descriptor.sql.BasicBinder      : binding parameter [2] as [TIMESTAMP] - [null]
2023-05-24 02:18:36.636 TRACE 64276 --- [    Test worker] o.h.type.descriptor.sql.BasicBinder      : binding parameter [3] as [BIGINT] - [null]
2023-05-24 02:18:36.636 TRACE 64276 --- [    Test worker] o.h.type.descriptor.sql.BasicBinder      : binding parameter [4] as [INTEGER] - [11]
2023-05-24 02:18:36.636 TRACE 64276 --- [    Test worker] o.h.type.descriptor.sql.BasicBinder      : binding parameter [5] as [BIGINT] - [1]
2023-05-24 02:18:36.636 TRACE 64276 --- [    Test worker] o.h.type.descriptor.sql.BasicBinder      : binding parameter [6] as [VARCHAR] - [AVAILABLE]
2023-05-24 02:18:36.640 DEBUG 64276 --- [    Test worker] org.hibernate.SQL                        : 
    insert 
    into
        parking_info
        (created_time, last_modified_time, car_id, parking_id, parking_lot_id, parking_status) 
    values
        (?, ?, ?, ?, ?, ?)
2023-05-24 02:18:36.640 TRACE 64276 --- [    Test worker] o.h.type.descriptor.sql.BasicBinder      : binding parameter [1] as [TIMESTAMP] - [2023-05-24T02:18:36.640001]
2023-05-24 02:18:36.640 TRACE 64276 --- [    Test worker] o.h.type.descriptor.sql.BasicBinder      : binding parameter [2] as [TIMESTAMP] - [null]
2023-05-24 02:18:36.640 TRACE 64276 --- [    Test worker] o.h.type.descriptor.sql.BasicBinder      : binding parameter [3] as [BIGINT] - [null]
2023-05-24 02:18:36.640 TRACE 64276 --- [    Test worker] o.h.type.descriptor.sql.BasicBinder      : binding parameter [4] as [INTEGER] - [12]
2023-05-24 02:18:36.640 TRACE 64276 --- [    Test worker] o.h.type.descriptor.sql.BasicBinder      : binding parameter [5] as [BIGINT] - [1]
2023-05-24 02:18:36.640 TRACE 64276 --- [    Test worker] o.h.type.descriptor.sql.BasicBinder      : binding parameter [6] as [VARCHAR] - [AVAILABLE]
2023-05-24 02:18:36.641 DEBUG 64276 --- [    Test worker] org.hibernate.SQL                        : 
    insert 
    into
        parking_info
        (created_time, last_modified_time, car_id, parking_id, parking_lot_id, parking_status) 
    values
        (?, ?, ?, ?, ?, ?)
2023-05-24 02:18:36.642 TRACE 64276 --- [    Test worker] o.h.type.descriptor.sql.BasicBinder      : binding parameter [1] as [TIMESTAMP] - [2023-05-24T02:18:36.641983900]
2023-05-24 02:18:36.642 TRACE 64276 --- [    Test worker] o.h.type.descriptor.sql.BasicBinder      : binding parameter [2] as [TIMESTAMP] - [null]
2023-05-24 02:18:36.642 TRACE 64276 --- [    Test worker] o.h.type.descriptor.sql.BasicBinder      : binding parameter [3] as [BIGINT] - [null]
2023-05-24 02:18:36.642 TRACE 64276 --- [    Test worker] o.h.type.descriptor.sql.BasicBinder      : binding parameter [4] as [INTEGER] - [13]
2023-05-24 02:18:36.642 TRACE 64276 --- [    Test worker] o.h.type.descriptor.sql.BasicBinder      : binding parameter [5] as [BIGINT] - [1]
2023-05-24 02:18:36.642 TRACE 64276 --- [    Test worker] o.h.type.descriptor.sql.BasicBinder      : binding parameter [6] as [VARCHAR] - [AVAILABLE]
2023-05-24 02:18:36.644 DEBUG 64276 --- [    Test worker] org.hibernate.SQL                        : 
    insert 
    into
        parking_info
        (created_time, last_modified_time, car_id, parking_id, parking_lot_id, parking_status) 
    values
        (?, ?, ?, ?, ?, ?)
2023-05-24 02:18:36.645 TRACE 64276 --- [    Test worker] o.h.type.descriptor.sql.BasicBinder      : binding parameter [1] as [TIMESTAMP] - [2023-05-24T02:18:36.644986100]
2023-05-24 02:18:36.645 TRACE 64276 --- [    Test worker] o.h.type.descriptor.sql.BasicBinder      : binding parameter [2] as [TIMESTAMP] - [null]
2023-05-24 02:18:36.645 TRACE 64276 --- [    Test worker] o.h.type.descriptor.sql.BasicBinder      : binding parameter [3] as [BIGINT] - [null]
2023-05-24 02:18:36.645 TRACE 64276 --- [    Test worker] o.h.type.descriptor.sql.BasicBinder      : binding parameter [4] as [INTEGER] - [14]
2023-05-24 02:18:36.645 TRACE 64276 --- [    Test worker] o.h.type.descriptor.sql.BasicBinder      : binding parameter [5] as [BIGINT] - [1]
2023-05-24 02:18:36.645 TRACE 64276 --- [    Test worker] o.h.type.descriptor.sql.BasicBinder      : binding parameter [6] as [VARCHAR] - [AVAILABLE]
2023-05-24 02:18:36.647 DEBUG 64276 --- [    Test worker] org.hibernate.SQL                        : 
    insert 
    into
        parking_info
        (created_time, last_modified_time, car_id, parking_id, parking_lot_id, parking_status) 
    values
        (?, ?, ?, ?, ?, ?)
2023-05-24 02:18:36.647 TRACE 64276 --- [    Test worker] o.h.type.descriptor.sql.BasicBinder      : binding parameter [1] as [TIMESTAMP] - [2023-05-24T02:18:36.647995800]
2023-05-24 02:18:36.647 TRACE 64276 --- [    Test worker] o.h.type.descriptor.sql.BasicBinder      : binding parameter [2] as [TIMESTAMP] - [null]
2023-05-24 02:18:36.647 TRACE 64276 --- [    Test worker] o.h.type.descriptor.sql.BasicBinder      : binding parameter [3] as [BIGINT] - [null]
2023-05-24 02:18:36.648 TRACE 64276 --- [    Test worker] o.h.type.descriptor.sql.BasicBinder      : binding parameter [4] as [INTEGER] - [15]
2023-05-24 02:18:36.648 TRACE 64276 --- [    Test worker] o.h.type.descriptor.sql.BasicBinder      : binding parameter [5] as [BIGINT] - [1]
2023-05-24 02:18:36.648 TRACE 64276 --- [    Test worker] o.h.type.descriptor.sql.BasicBinder      : binding parameter [6] as [VARCHAR] - [AVAILABLE]
2023-05-24 02:18:36.651 DEBUG 64276 --- [    Test worker] org.hibernate.SQL                        : 
    insert 
    into
        parking_info
        (created_time, last_modified_time, car_id, parking_id, parking_lot_id, parking_status) 
    values
        (?, ?, ?, ?, ?, ?)
2023-05-24 02:18:36.651 TRACE 64276 --- [    Test worker] o.h.type.descriptor.sql.BasicBinder      : binding parameter [1] as [TIMESTAMP] - [2023-05-24T02:18:36.650348700]
2023-05-24 02:18:36.651 TRACE 64276 --- [    Test worker] o.h.type.descriptor.sql.BasicBinder      : binding parameter [2] as [TIMESTAMP] - [null]
2023-05-24 02:18:36.651 TRACE 64276 --- [    Test worker] o.h.type.descriptor.sql.BasicBinder      : binding parameter [3] as [BIGINT] - [null]
2023-05-24 02:18:36.651 TRACE 64276 --- [    Test worker] o.h.type.descriptor.sql.BasicBinder      : binding parameter [4] as [INTEGER] - [16]
2023-05-24 02:18:36.651 TRACE 64276 --- [    Test worker] o.h.type.descriptor.sql.BasicBinder      : binding parameter [5] as [BIGINT] - [1]
2023-05-24 02:18:36.651 TRACE 64276 --- [    Test worker] o.h.type.descriptor.sql.BasicBinder      : binding parameter [6] as [VARCHAR] - [AVAILABLE]
2023-05-24 02:18:36.655 DEBUG 64276 --- [    Test worker] org.hibernate.SQL                        : 
    insert 
    into
        parking_info
        (created_time, last_modified_time, car_id, parking_id, parking_lot_id, parking_status) 
    values
        (?, ?, ?, ?, ?, ?)
2023-05-24 02:18:36.655 TRACE 64276 --- [    Test worker] o.h.type.descriptor.sql.BasicBinder      : binding parameter [1] as [TIMESTAMP] - [2023-05-24T02:18:36.655787600]
2023-05-24 02:18:36.656 TRACE 64276 --- [    Test worker] o.h.type.descriptor.sql.BasicBinder      : binding parameter [2] as [TIMESTAMP] - [null]
2023-05-24 02:18:36.656 TRACE 64276 --- [    Test worker] o.h.type.descriptor.sql.BasicBinder      : binding parameter [3] as [BIGINT] - [null]
2023-05-24 02:18:36.656 TRACE 64276 --- [    Test worker] o.h.type.descriptor.sql.BasicBinder      : binding parameter [4] as [INTEGER] - [17]
2023-05-24 02:18:36.656 TRACE 64276 --- [    Test worker] o.h.type.descriptor.sql.BasicBinder      : binding parameter [5] as [BIGINT] - [1]
2023-05-24 02:18:36.656 TRACE 64276 --- [    Test worker] o.h.type.descriptor.sql.BasicBinder      : binding parameter [6] as [VARCHAR] - [AVAILABLE]
2023-05-24 02:18:36.659 DEBUG 64276 --- [    Test worker] org.hibernate.SQL                        : 
    insert 
    into
        parking_info
        (created_time, last_modified_time, car_id, parking_id, parking_lot_id, parking_status) 
    values
        (?, ?, ?, ?, ?, ?)
2023-05-24 02:18:36.659 TRACE 64276 --- [    Test worker] o.h.type.descriptor.sql.BasicBinder      : binding parameter [1] as [TIMESTAMP] - [2023-05-24T02:18:36.659097400]
2023-05-24 02:18:36.659 TRACE 64276 --- [    Test worker] o.h.type.descriptor.sql.BasicBinder      : binding parameter [2] as [TIMESTAMP] - [null]
2023-05-24 02:18:36.659 TRACE 64276 --- [    Test worker] o.h.type.descriptor.sql.BasicBinder      : binding parameter [3] as [BIGINT] - [null]
2023-05-24 02:18:36.659 TRACE 64276 --- [    Test worker] o.h.type.descriptor.sql.BasicBinder      : binding parameter [4] as [INTEGER] - [18]
2023-05-24 02:18:36.659 TRACE 64276 --- [    Test worker] o.h.type.descriptor.sql.BasicBinder      : binding parameter [5] as [BIGINT] - [1]
2023-05-24 02:18:36.659 TRACE 64276 --- [    Test worker] o.h.type.descriptor.sql.BasicBinder      : binding parameter [6] as [VARCHAR] - [AVAILABLE]
2023-05-24 02:18:36.662 DEBUG 64276 --- [    Test worker] org.hibernate.SQL                        : 
    insert 
    into
        parking_info
        (created_time, last_modified_time, car_id, parking_id, parking_lot_id, parking_status) 
    values
        (?, ?, ?, ?, ?, ?)
2023-05-24 02:18:36.662 TRACE 64276 --- [    Test worker] o.h.type.descriptor.sql.BasicBinder      : binding parameter [1] as [TIMESTAMP] - [2023-05-24T02:18:36.662143300]
2023-05-24 02:18:36.662 TRACE 64276 --- [    Test worker] o.h.type.descriptor.sql.BasicBinder      : binding parameter [2] as [TIMESTAMP] - [null]
2023-05-24 02:18:36.662 TRACE 64276 --- [    Test worker] o.h.type.descriptor.sql.BasicBinder      : binding parameter [3] as [BIGINT] - [null]
2023-05-24 02:18:36.662 TRACE 64276 --- [    Test worker] o.h.type.descriptor.sql.BasicBinder      : binding parameter [4] as [INTEGER] - [19]
2023-05-24 02:18:36.662 TRACE 64276 --- [    Test worker] o.h.type.descriptor.sql.BasicBinder      : binding parameter [5] as [BIGINT] - [1]
2023-05-24 02:18:36.662 TRACE 64276 --- [    Test worker] o.h.type.descriptor.sql.BasicBinder      : binding parameter [6] as [VARCHAR] - [AVAILABLE]
2023-05-24 02:18:36.665 DEBUG 64276 --- [    Test worker] org.hibernate.SQL                        : 
    insert 
    into
        parking_info
        (created_time, last_modified_time, car_id, parking_id, parking_lot_id, parking_status) 
    values
        (?, ?, ?, ?, ?, ?)
2023-05-24 02:18:36.665 TRACE 64276 --- [    Test worker] o.h.type.descriptor.sql.BasicBinder      : binding parameter [1] as [TIMESTAMP] - [2023-05-24T02:18:36.664200300]
2023-05-24 02:18:36.665 TRACE 64276 --- [    Test worker] o.h.type.descriptor.sql.BasicBinder      : binding parameter [2] as [TIMESTAMP] - [null]
2023-05-24 02:18:36.665 TRACE 64276 --- [    Test worker] o.h.type.descriptor.sql.BasicBinder      : binding parameter [3] as [BIGINT] - [null]
2023-05-24 02:18:36.665 TRACE 64276 --- [    Test worker] o.h.type.descriptor.sql.BasicBinder      : binding parameter [4] as [INTEGER] - [20]
2023-05-24 02:18:36.665 TRACE 64276 --- [    Test worker] o.h.type.descriptor.sql.BasicBinder      : binding parameter [5] as [BIGINT] - [1]
2023-05-24 02:18:36.665 TRACE 64276 --- [    Test worker] o.h.type.descriptor.sql.BasicBinder      : binding parameter [6] as [VARCHAR] - [AVAILABLE]
2023-05-24 02:18:36.668 DEBUG 64276 --- [    Test worker] org.hibernate.SQL                        : 
    insert 
    into
        parking_info
        (created_time, last_modified_time, car_id, parking_id, parking_lot_id, parking_status) 
    values
        (?, ?, ?, ?, ?, ?)
2023-05-24 02:18:36.669 TRACE 64276 --- [    Test worker] o.h.type.descriptor.sql.BasicBinder      : binding parameter [1] as [TIMESTAMP] - [2023-05-24T02:18:36.668763400]
2023-05-24 02:18:36.669 TRACE 64276 --- [    Test worker] o.h.type.descriptor.sql.BasicBinder      : binding parameter [2] as [TIMESTAMP] - [null]
2023-05-24 02:18:36.669 TRACE 64276 --- [    Test worker] o.h.type.descriptor.sql.BasicBinder      : binding parameter [3] as [BIGINT] - [null]
2023-05-24 02:18:36.669 TRACE 64276 --- [    Test worker] o.h.type.descriptor.sql.BasicBinder      : binding parameter [4] as [INTEGER] - [21]
2023-05-24 02:18:36.669 TRACE 64276 --- [    Test worker] o.h.type.descriptor.sql.BasicBinder      : binding parameter [5] as [BIGINT] - [1]
2023-05-24 02:18:36.669 TRACE 64276 --- [    Test worker] o.h.type.descriptor.sql.BasicBinder      : binding parameter [6] as [VARCHAR] - [AVAILABLE]
2023-05-24 02:18:36.672 DEBUG 64276 --- [    Test worker] org.hibernate.SQL                        : 
    insert 
    into
        parking_info
        (created_time, last_modified_time, car_id, parking_id, parking_lot_id, parking_status) 
    values
        (?, ?, ?, ?, ?, ?)
2023-05-24 02:18:36.673 TRACE 64276 --- [    Test worker] o.h.type.descriptor.sql.BasicBinder      : binding parameter [1] as [TIMESTAMP] - [2023-05-24T02:18:36.672776300]
2023-05-24 02:18:36.674 TRACE 64276 --- [    Test worker] o.h.type.descriptor.sql.BasicBinder      : binding parameter [2] as [TIMESTAMP] - [null]
2023-05-24 02:18:36.674 TRACE 64276 --- [    Test worker] o.h.type.descriptor.sql.BasicBinder      : binding parameter [3] as [BIGINT] - [null]
2023-05-24 02:18:36.674 TRACE 64276 --- [    Test worker] o.h.type.descriptor.sql.BasicBinder      : binding parameter [4] as [INTEGER] - [22]
2023-05-24 02:18:36.674 TRACE 64276 --- [    Test worker] o.h.type.descriptor.sql.BasicBinder      : binding parameter [5] as [BIGINT] - [1]
2023-05-24 02:18:36.674 TRACE 64276 --- [    Test worker] o.h.type.descriptor.sql.BasicBinder      : binding parameter [6] as [VARCHAR] - [AVAILABLE]
2023-05-24 02:18:36.679 DEBUG 64276 --- [    Test worker] org.hibernate.SQL                        : 
    insert 
    into
        parking_info
        (created_time, last_modified_time, car_id, parking_id, parking_lot_id, parking_status) 
    values
        (?, ?, ?, ?, ?, ?)
2023-05-24 02:18:36.679 TRACE 64276 --- [    Test worker] o.h.type.descriptor.sql.BasicBinder      : binding parameter [1] as [TIMESTAMP] - [2023-05-24T02:18:36.677983800]
2023-05-24 02:18:36.679 TRACE 64276 --- [    Test worker] o.h.type.descriptor.sql.BasicBinder      : binding parameter [2] as [TIMESTAMP] - [null]
2023-05-24 02:18:36.679 TRACE 64276 --- [    Test worker] o.h.type.descriptor.sql.BasicBinder      : binding parameter [3] as [BIGINT] - [null]
2023-05-24 02:18:36.679 TRACE 64276 --- [    Test worker] o.h.type.descriptor.sql.BasicBinder      : binding parameter [4] as [INTEGER] - [23]
2023-05-24 02:18:36.679 TRACE 64276 --- [    Test worker] o.h.type.descriptor.sql.BasicBinder      : binding parameter [5] as [BIGINT] - [1]
2023-05-24 02:18:36.679 TRACE 64276 --- [    Test worker] o.h.type.descriptor.sql.BasicBinder      : binding parameter [6] as [VARCHAR] - [AVAILABLE]
2023-05-24 02:18:36.682 DEBUG 64276 --- [    Test worker] org.hibernate.SQL                        : 
    insert 
    into
        parking_info
        (created_time, last_modified_time, car_id, parking_id, parking_lot_id, parking_status) 
    values
        (?, ?, ?, ?, ?, ?)
2023-05-24 02:18:36.682 TRACE 64276 --- [    Test worker] o.h.type.descriptor.sql.BasicBinder      : binding parameter [1] as [TIMESTAMP] - [2023-05-24T02:18:36.681483400]
2023-05-24 02:18:36.682 TRACE 64276 --- [    Test worker] o.h.type.descriptor.sql.BasicBinder      : binding parameter [2] as [TIMESTAMP] - [null]
2023-05-24 02:18:36.682 TRACE 64276 --- [    Test worker] o.h.type.descriptor.sql.BasicBinder      : binding parameter [3] as [BIGINT] - [null]
2023-05-24 02:18:36.682 TRACE 64276 --- [    Test worker] o.h.type.descriptor.sql.BasicBinder      : binding parameter [4] as [INTEGER] - [24]
2023-05-24 02:18:36.682 TRACE 64276 --- [    Test worker] o.h.type.descriptor.sql.BasicBinder      : binding parameter [5] as [BIGINT] - [1]
2023-05-24 02:18:36.682 TRACE 64276 --- [    Test worker] o.h.type.descriptor.sql.BasicBinder      : binding parameter [6] as [VARCHAR] - [AVAILABLE]
2023-05-24 02:18:36.685 DEBUG 64276 --- [    Test worker] org.hibernate.SQL                        : 
    insert 
    into
        parking_info
        (created_time, last_modified_time, car_id, parking_id, parking_lot_id, parking_status) 
    values
        (?, ?, ?, ?, ?, ?)
2023-05-24 02:18:36.685 TRACE 64276 --- [    Test worker] o.h.type.descriptor.sql.BasicBinder      : binding parameter [1] as [TIMESTAMP] - [2023-05-24T02:18:36.684775300]
2023-05-24 02:18:36.685 TRACE 64276 --- [    Test worker] o.h.type.descriptor.sql.BasicBinder      : binding parameter [2] as [TIMESTAMP] - [null]
2023-05-24 02:18:36.685 TRACE 64276 --- [    Test worker] o.h.type.descriptor.sql.BasicBinder      : binding parameter [3] as [BIGINT] - [null]
2023-05-24 02:18:36.685 TRACE 64276 --- [    Test worker] o.h.type.descriptor.sql.BasicBinder      : binding parameter [4] as [INTEGER] - [25]
2023-05-24 02:18:36.685 TRACE 64276 --- [    Test worker] o.h.type.descriptor.sql.BasicBinder      : binding parameter [5] as [BIGINT] - [1]
2023-05-24 02:18:36.685 TRACE 64276 --- [    Test worker] o.h.type.descriptor.sql.BasicBinder      : binding parameter [6] as [VARCHAR] - [AVAILABLE]
2023-05-24 02:18:36.687 DEBUG 64276 --- [    Test worker] org.hibernate.SQL                        : 
    insert 
    into
        parking_info
        (created_time, last_modified_time, car_id, parking_id, parking_lot_id, parking_status) 
    values
        (?, ?, ?, ?, ?, ?)
2023-05-24 02:18:36.688 TRACE 64276 --- [    Test worker] o.h.type.descriptor.sql.BasicBinder      : binding parameter [1] as [TIMESTAMP] - [2023-05-24T02:18:36.687744400]
2023-05-24 02:18:36.688 TRACE 64276 --- [    Test worker] o.h.type.descriptor.sql.BasicBinder      : binding parameter [2] as [TIMESTAMP] - [null]
2023-05-24 02:18:36.688 TRACE 64276 --- [    Test worker] o.h.type.descriptor.sql.BasicBinder      : binding parameter [3] as [BIGINT] - [null]
2023-05-24 02:18:36.688 TRACE 64276 --- [    Test worker] o.h.type.descriptor.sql.BasicBinder      : binding parameter [4] as [INTEGER] - [26]
2023-05-24 02:18:36.688 TRACE 64276 --- [    Test worker] o.h.type.descriptor.sql.BasicBinder      : binding parameter [5] as [BIGINT] - [1]
2023-05-24 02:18:36.688 TRACE 64276 --- [    Test worker] o.h.type.descriptor.sql.BasicBinder      : binding parameter [6] as [VARCHAR] - [AVAILABLE]
2023-05-24 02:18:36.692 DEBUG 64276 --- [    Test worker] org.hibernate.SQL                        : 
    insert 
    into
        parking_info
        (created_time, last_modified_time, car_id, parking_id, parking_lot_id, parking_status) 
    values
        (?, ?, ?, ?, ?, ?)
2023-05-24 02:18:36.693 TRACE 64276 --- [    Test worker] o.h.type.descriptor.sql.BasicBinder      : binding parameter [1] as [TIMESTAMP] - [2023-05-24T02:18:36.692191800]
2023-05-24 02:18:36.693 TRACE 64276 --- [    Test worker] o.h.type.descriptor.sql.BasicBinder      : binding parameter [2] as [TIMESTAMP] - [null]
2023-05-24 02:18:36.693 TRACE 64276 --- [    Test worker] o.h.type.descriptor.sql.BasicBinder      : binding parameter [3] as [BIGINT] - [null]
2023-05-24 02:18:36.693 TRACE 64276 --- [    Test worker] o.h.type.descriptor.sql.BasicBinder      : binding parameter [4] as [INTEGER] - [27]
2023-05-24 02:18:36.693 TRACE 64276 --- [    Test worker] o.h.type.descriptor.sql.BasicBinder      : binding parameter [5] as [BIGINT] - [1]
2023-05-24 02:18:36.693 TRACE 64276 --- [    Test worker] o.h.type.descriptor.sql.BasicBinder      : binding parameter [6] as [VARCHAR] - [AVAILABLE]
2023-05-24 02:18:36.696 DEBUG 64276 --- [    Test worker] org.hibernate.SQL                        : 
    insert 
    into
        parking_info
        (created_time, last_modified_time, car_id, parking_id, parking_lot_id, parking_status) 
    values
        (?, ?, ?, ?, ?, ?)
2023-05-24 02:18:36.696 TRACE 64276 --- [    Test worker] o.h.type.descriptor.sql.BasicBinder      : binding parameter [1] as [TIMESTAMP] - [2023-05-24T02:18:36.695917400]
2023-05-24 02:18:36.696 TRACE 64276 --- [    Test worker] o.h.type.descriptor.sql.BasicBinder      : binding parameter [2] as [TIMESTAMP] - [null]
2023-05-24 02:18:36.696 TRACE 64276 --- [    Test worker] o.h.type.descriptor.sql.BasicBinder      : binding parameter [3] as [BIGINT] - [null]
2023-05-24 02:18:36.696 TRACE 64276 --- [    Test worker] o.h.type.descriptor.sql.BasicBinder      : binding parameter [4] as [INTEGER] - [28]
2023-05-24 02:18:36.696 TRACE 64276 --- [    Test worker] o.h.type.descriptor.sql.BasicBinder      : binding parameter [5] as [BIGINT] - [1]
2023-05-24 02:18:36.696 TRACE 64276 --- [    Test worker] o.h.type.descriptor.sql.BasicBinder      : binding parameter [6] as [VARCHAR] - [AVAILABLE]
2023-05-24 02:18:36.701 DEBUG 64276 --- [    Test worker] org.hibernate.SQL                        : 
    insert 
    into
        parking_info
        (created_time, last_modified_time, car_id, parking_id, parking_lot_id, parking_status) 
    values
        (?, ?, ?, ?, ?, ?)
2023-05-24 02:18:36.701 TRACE 64276 --- [    Test worker] o.h.type.descriptor.sql.BasicBinder      : binding parameter [1] as [TIMESTAMP] - [2023-05-24T02:18:36.700710500]
2023-05-24 02:18:36.701 TRACE 64276 --- [    Test worker] o.h.type.descriptor.sql.BasicBinder      : binding parameter [2] as [TIMESTAMP] - [null]
2023-05-24 02:18:36.701 TRACE 64276 --- [    Test worker] o.h.type.descriptor.sql.BasicBinder      : binding parameter [3] as [BIGINT] - [null]
2023-05-24 02:18:36.701 TRACE 64276 --- [    Test worker] o.h.type.descriptor.sql.BasicBinder      : binding parameter [4] as [INTEGER] - [29]
2023-05-24 02:18:36.702 TRACE 64276 --- [    Test worker] o.h.type.descriptor.sql.BasicBinder      : binding parameter [5] as [BIGINT] - [1]
[...]
2023-05-24 02:18:36.823 TRACE 64276 --- [    Test worker] o.h.type.descriptor.sql.BasicBinder      : binding parameter [6] as [VARCHAR] - [APPROVED]
2023-05-24 02:18:36.823 TRACE 64276 --- [    Test worker] o.h.type.descriptor.sql.BasicBinder      : binding parameter [7] as [VARCHAR] - [Genesis]
2023-05-24 02:18:36.837 DEBUG 64276 --- [    Test worker] org.hibernate.SQL                        : 
    select
        member0_.member_id as member_i1_2_0_,
        member0_.created_time as created_2_2_0_,
        member0_.last_modified_time as last_mod3_2_0_,
        member0_.car_id as car_id12_2_0_,
        member0_.member_status as member_s4_2_0_,
        member0_.parking_info_id as parking13_2_0_,
        member0_.password as password5_2_0_,
        member0_.role_type as role_typ6_2_0_,
        member0_.student_id as student_7_2_0_,
        member0_.user_id as user_id8_2_0_,
        member0_.email as email9_2_0_,
        member0_.phone_number as phone_n10_2_0_,
        member0_.user_name as user_na11_2_0_ 
    from
        member member0_ 
    where
        member0_.member_id=?
2023-05-24 02:18:36.837 TRACE 64276 --- [    Test worker] o.h.type.descriptor.sql.BasicBinder      : binding parameter [1] as [BIGINT] - [2]
2023-05-24 02:18:36.841 TRACE 64276 --- [    Test worker] o.h.type.descriptor.sql.BasicExtractor   : extracted value ([created_2_2_0_] : [TIMESTAMP]) - [2023-05-24T02:18:36.767533]
2023-05-24 02:18:36.841 TRACE 64276 --- [    Test worker] o.h.type.descriptor.sql.BasicExtractor   : extracted value ([last_mod3_2_0_] : [TIMESTAMP]) - [null]
2023-05-24 02:18:36.841 TRACE 64276 --- [    Test worker] o.h.type.descriptor.sql.BasicExtractor   : extracted value ([car_id12_2_0_] : [BIGINT]) - [null]
2023-05-24 02:18:36.841 TRACE 64276 --- [    Test worker] o.h.type.descriptor.sql.BasicExtractor   : extracted value ([member_s4_2_0_] : [VARCHAR]) - [DEFAULT]
2023-05-24 02:18:36.841 TRACE 64276 --- [    Test worker] o.h.type.descriptor.sql.BasicExtractor   : extracted value ([parking13_2_0_] : [BIGINT]) - [null]
2023-05-24 02:18:36.841 TRACE 64276 --- [    Test worker] o.h.type.descriptor.sql.BasicExtractor   : extracted value ([password5_2_0_] : [VARCHAR]) - [4567]
2023-05-24 02:18:36.841 TRACE 64276 --- [    Test worker] o.h.type.descriptor.sql.BasicExtractor   : extracted value ([role_typ6_2_0_] : [VARCHAR]) - [USER]
2023-05-24 02:18:36.842 TRACE 64276 --- [    Test worker] o.h.type.descriptor.sql.BasicExtractor   : extracted value ([student_7_2_0_] : [INTEGER]) - [0]
2023-05-24 02:18:36.842 TRACE 64276 --- [    Test worker] o.h.type.descriptor.sql.BasicExtractor   : extracted value ([user_id8_2_0_] : [VARCHAR]) - [testUser]
2023-05-24 02:18:36.842 TRACE 64276 --- [    Test worker] o.h.type.descriptor.sql.BasicExtractor   : extracted value ([email9_2_0_] : [VARCHAR]) - [test@a.com]
2023-05-24 02:18:36.842 TRACE 64276 --- [    Test worker] o.h.type.descriptor.sql.BasicExtractor   : extracted value ([phone_n10_2_0_] : [INTEGER]) - [0]
2023-05-24 02:18:36.842 TRACE 64276 --- [    Test worker] o.h.type.descriptor.sql.BasicExtractor   : extracted value ([user_na11_2_0_] : [VARCHAR]) - [테스트유저]
2023-05-24 02:18:36.851 TRACE 64276 --- [    Test worker] org.hibernate.type.CollectionType        : Created collection wrapper: [com.everyparking.server.data.entity.Member.messageList#2]
2023-05-24 02:18:36.851 TRACE 64276 --- [    Test worker] org.hibernate.type.CollectionType        : Created collection wrapper: [com.everyparking.server.data.entity.Member.reportList#2]
2023-05-24 02:18:36.853 DEBUG 64276 --- [    Test worker] org.hibernate.SQL                        : 
    select
        car0_.car_id as car_id1_0_0_,
        car0_.created_time as created_2_0_0_,
        car0_.last_modified_time as last_mod3_0_0_,
        car0_.is_enter as is_enter4_0_0_,
        car0_.parking_lot_id as parking_5_0_0_,
        car0_.car_number as car_numb6_0_0_,
        car0_.car_status as car_stat7_0_0_,
        car0_.model_name as model_na8_0_0_,
        member1_.member_id as member_i1_2_1_,
        member1_.created_time as created_2_2_1_,
        member1_.last_modified_time as last_mod3_2_1_,
        member1_.car_id as car_id12_2_1_,
        member1_.member_status as member_s4_2_1_,
        member1_.parking_info_id as parking13_2_1_,
        member1_.password as password5_2_1_,
        member1_.role_type as role_typ6_2_1_,
        member1_.student_id as student_7_2_1_,
        member1_.user_id as user_id8_2_1_,
        member1_.email as email9_2_1_,
        member1_.phone_number as phone_n10_2_1_,
        member1_.user_name as user_na11_2_1_,
        parkinginf2_.parking_info_id as parking_1_4_2_,
        parkinginf2_.created_time as created_2_4_2_,
        parkinginf2_.last_modified_time as last_mod3_4_2_,
        parkinginf2_.car_id as car_id6_4_2_,
        parkinginf2_.parking_id as parking_4_4_2_,
        parkinginf2_.parking_lot_id as parking_7_4_2_,
        parkinginf2_.parking_status as parking_5_4_2_ 
    from
        car car0_ 
    left outer join
        member member1_ 
            on car0_.car_id=member1_.car_id 
    left outer join
        parking_info parkinginf2_ 
            on member1_.parking_info_id=parkinginf2_.parking_info_id 
    where
        car0_.car_id=?
2023-05-24 02:18:36.853 TRACE 64276 --- [    Test worker] o.h.type.descriptor.sql.BasicBinder      : binding parameter [1] as [BIGINT] - [4]
2023-05-24 02:18:36.856 TRACE 64276 --- [    Test worker] o.h.type.descriptor.sql.BasicExtractor   : extracted value ([member_i1_2_1_] : [BIGINT]) - [null]
2023-05-24 02:18:36.856 TRACE 64276 --- [    Test worker] o.h.type.descriptor.sql.BasicExtractor   : extracted value ([parking_1_4_2_] : [BIGINT]) - [null]
2023-05-24 02:18:36.857 TRACE 64276 --- [    Test worker] o.h.type.descriptor.sql.BasicExtractor   : extracted value ([created_2_0_0_] : [TIMESTAMP]) - [2023-05-24T02:18:36.822028]
2023-05-24 02:18:36.857 TRACE 64276 --- [    Test worker] o.h.type.descriptor.sql.BasicExtractor   : extracted value ([last_mod3_0_0_] : [TIMESTAMP]) - [null]
2023-05-24 02:18:36.858 TRACE 64276 --- [    Test worker] o.h.type.descriptor.sql.BasicExtractor   : extracted value ([is_enter4_0_0_] : [BOOLEAN]) - [false]
2023-05-24 02:18:36.858 TRACE 64276 --- [    Test worker] o.h.type.descriptor.sql.BasicExtractor   : extracted value ([parking_5_0_0_] : [INTEGER]) - [-1]
2023-05-24 02:18:36.858 TRACE 64276 --- [    Test worker] o.h.type.descriptor.sql.BasicExtractor   : extracted value ([car_numb6_0_0_] : [VARCHAR]) - [12가1234]
2023-05-24 02:18:36.858 TRACE 64276 --- [    Test worker] o.h.type.descriptor.sql.BasicExtractor   : extracted value ([car_stat7_0_0_] : [VARCHAR]) - [APPROVED]
2023-05-24 02:18:36.858 TRACE 64276 --- [    Test worker] o.h.type.descriptor.sql.BasicExtractor   : extracted value ([model_na8_0_0_] : [VARCHAR]) - [Genesis]
2023-05-24 02:18:36.859 TRACE 64276 --- [    Test worker] org.hibernate.type.CollectionType        : Created collection wrapper: [com.everyparking.server.data.entity.Car.parkingInfo#4]
2023-05-24 02:18:36.870 DEBUG 64276 --- [    Test worker] org.hibernate.SQL                        : 
    update
        member 
    set
        created_time=?,
        last_modified_time=?,
        car_id=?,
        member_status=?,
        parking_info_id=?,
        password=?,
        role_type=?,
        student_id=?,
        user_id=?,
        email=?,
        phone_number=?,
        user_name=? 
    where
        member_id=?
2023-05-24 02:18:36.870 TRACE 64276 --- [    Test worker] o.h.type.descriptor.sql.BasicBinder      : binding parameter [1] as [TIMESTAMP] - [2023-05-24T02:18:36.767533500]
2023-05-24 02:18:36.870 TRACE 64276 --- [    Test worker] o.h.type.descriptor.sql.BasicBinder      : binding parameter [2] as [TIMESTAMP] - [null]
2023-05-24 02:18:36.870 TRACE 64276 --- [    Test worker] o.h.type.descriptor.sql.BasicBinder      : binding parameter [3] as [BIGINT] - [4]
2023-05-24 02:18:36.870 TRACE 64276 --- [    Test worker] o.h.type.descriptor.sql.BasicBinder      : binding parameter [4] as [VARCHAR] - [DEFAULT]
2023-05-24 02:18:36.870 TRACE 64276 --- [    Test worker] o.h.type.descriptor.sql.BasicBinder      : binding parameter [5] as [BIGINT] - [null]
2023-05-24 02:18:36.870 TRACE 64276 --- [    Test worker] o.h.type.descriptor.sql.BasicBinder      : binding parameter [6] as [VARCHAR] - [4567]
2023-05-24 02:18:36.870 TRACE 64276 --- [    Test worker] o.h.type.descriptor.sql.BasicBinder      : binding parameter [7] as [VARCHAR] - [USER]
2023-05-24 02:18:36.870 TRACE 64276 --- [    Test worker] o.h.type.descriptor.sql.BasicBinder      : binding parameter [8] as [INTEGER] - [0]
2023-05-24 02:18:36.870 TRACE 64276 --- [    Test worker] o.h.type.descriptor.sql.BasicBinder      : binding parameter [9] as [VARCHAR] - [testUser]
2023-05-24 02:18:36.870 TRACE 64276 --- [    Test worker] o.h.type.descriptor.sql.BasicBinder      : binding parameter [10] as [VARCHAR] - [test@a.com]
2023-05-24 02:18:36.870 TRACE 64276 --- [    Test worker] o.h.type.descriptor.sql.BasicBinder      : binding parameter [11] as [INTEGER] - [0]
2023-05-24 02:18:36.870 TRACE 64276 --- [    Test worker] o.h.type.descriptor.sql.BasicBinder      : binding parameter [12] as [VARCHAR] - [테스트유저]
2023-05-24 02:18:36.870 TRACE 64276 --- [    Test worker] o.h.type.descriptor.sql.BasicBinder      : binding parameter [13] as [BIGINT] - [2]
2023-05-24 02:18:36.874 DEBUG 64276 --- [    Test worker] org.hibernate.SQL                        : 
    update
        message 
    set
        message_id=null 
    where
        message_id=?
2023-05-24 02:18:36.874 TRACE 64276 --- [    Test worker] o.h.type.descriptor.sql.BasicBinder      : binding parameter [1] as [BIGINT] - [2]
2023-05-24 02:18:36.884 DEBUG 64276 --- [    Test worker] org.hibernate.SQL                        : 
    update
        report 
    set
        report_id=null 
    where
        report_id=?
2023-05-24 02:18:36.884 TRACE 64276 --- [    Test worker] o.h.type.descriptor.sql.BasicBinder      : binding parameter [1] as [BIGINT] - [2]
2023-05-24 02:18:36.896 DEBUG 64276 --- [    Test worker] org.hibernate.SQL                        : 
    insert 
    into
        member
        (created_time, last_modified_time, car_id, member_status, parking_info_id, password, role_type, student_id, user_id, email, phone_number, user_name) 
    values
        (?, ?, ?, ?, ?, ?, ?, ?, ?, ?, ?, ?)
2023-05-24 02:18:36.896 TRACE 64276 --- [    Test worker] o.h.type.descriptor.sql.BasicBinder      : binding parameter [1] as [TIMESTAMP] - [2023-05-24T02:18:36.895397400]
2023-05-24 02:18:36.896 TRACE 64276 --- [    Test worker] o.h.type.descriptor.sql.BasicBinder      : binding parameter [2] as [TIMESTAMP] - [null]
2023-05-24 02:18:36.896 TRACE 64276 --- [    Test worker] o.h.type.descriptor.sql.BasicBinder      : binding parameter [3] as [BIGINT] - [null]
2023-05-24 02:18:36.896 TRACE 64276 --- [    Test worker] o.h.type.descriptor.sql.BasicBinder      : binding parameter [4] as [VARCHAR] - [DEFAULT]
2023-05-24 02:18:36.896 TRACE 64276 --- [    Test worker] o.h.type.descriptor.sql.BasicBinder      : binding parameter [5] as [BIGINT] - [null]
2023-05-24 02:18:36.896 TRACE 64276 --- [    Test worker] o.h.type.descriptor.sql.BasicBinder      : binding parameter [6] as [VARCHAR] - [1234]
2023-05-24 02:18:36.896 TRACE 64276 --- [    Test worker] o.h.type.descriptor.sql.BasicBinder      : binding parameter [7] as [VARCHAR] - [USER]
2023-05-24 02:18:36.896 TRACE 64276 --- [    Test worker] o.h.type.descriptor.sql.BasicBinder      : binding parameter [8] as [INTEGER] - [0]
2023-05-24 02:18:36.896 TRACE 64276 --- [    Test worker] o.h.type.descriptor.sql.BasicBinder      : binding parameter [9] as [VARCHAR] - [1]
2023-05-24 02:18:36.896 TRACE 64276 --- [    Test worker] o.h.type.descriptor.sql.BasicBinder      : binding parameter [10] as [VARCHAR] - [1@naver.com]
2023-05-24 02:18:36.896 TRACE 64276 --- [    Test worker] o.h.type.descriptor.sql.BasicBinder      : binding parameter [11] as [INTEGER] - [12341234]
2023-05-24 02:18:36.896 TRACE 64276 --- [    Test worker] o.h.type.descriptor.sql.BasicBinder      : binding parameter [12] as [VARCHAR] - [테스트 사용자]
2023-05-24 02:18:36.898 DEBUG 64276 --- [    Test worker] org.hibernate.SQL                        : 
    select
        member0_.member_id as member_i1_2_0_,
        member0_.created_time as created_2_2_0_,
        member0_.last_modified_time as last_mod3_2_0_,
        member0_.car_id as car_id12_2_0_,
        member0_.member_status as member_s4_2_0_,
        member0_.parking_info_id as parking13_2_0_,
        member0_.password as password5_2_0_,
        member0_.role_type as role_typ6_2_0_,
        member0_.student_id as student_7_2_0_,
        member0_.user_id as user_id8_2_0_,
        member0_.email as email9_2_0_,
        member0_.phone_number as phone_n10_2_0_,
        member0_.user_name as user_na11_2_0_ 
    from
        member member0_ 
    where
        member0_.member_id=?
2023-05-24 02:18:36.899 TRACE 64276 --- [    Test worker] o.h.type.descriptor.sql.BasicBinder      : binding parameter [1] as [BIGINT] - [3]
2023-05-24 02:18:36.900 TRACE 64276 --- [    Test worker] o.h.type.descriptor.sql.BasicExtractor   : extracted value ([created_2_2_0_] : [TIMESTAMP]) - [2023-05-24T02:18:36.895397]
2023-05-24 02:18:36.900 TRACE 64276 --- [    Test worker] o.h.type.descriptor.sql.BasicExtractor   : extracted value ([last_mod3_2_0_] : [TIMESTAMP]) - [null]
2023-05-24 02:18:36.900 TRACE 64276 --- [    Test worker] o.h.type.descriptor.sql.BasicExtractor   : extracted value ([car_id12_2_0_] : [BIGINT]) - [null]
2023-05-24 02:18:36.900 TRACE 64276 --- [    Test worker] o.h.type.descriptor.sql.BasicExtractor   : extracted value ([member_s4_2_0_] : [VARCHAR]) - [DEFAULT]
2023-05-24 02:18:36.900 TRACE 64276 --- [    Test worker] o.h.type.descriptor.sql.BasicExtractor   : extracted value ([parking13_2_0_] : [BIGINT]) - [null]
2023-05-24 02:18:36.900 TRACE 64276 --- [    Test worker] o.h.type.descriptor.sql.BasicExtractor   : extracted value ([password5_2_0_] : [VARCHAR]) - [1234]
2023-05-24 02:18:36.900 TRACE 64276 --- [    Test worker] o.h.type.descriptor.sql.BasicExtractor   : extracted value ([role_typ6_2_0_] : [VARCHAR]) - [USER]
2023-05-24 02:18:36.900 TRACE 64276 --- [    Test worker] o.h.type.descriptor.sql.BasicExtractor   : extracted value ([student_7_2_0_] : [INTEGER]) - [0]
2023-05-24 02:18:36.900 TRACE 64276 --- [    Test worker] o.h.type.descriptor.sql.BasicExtractor   : extracted value ([user_id8_2_0_] : [VARCHAR]) - [1]
2023-05-24 02:18:36.900 TRACE 64276 --- [    Test worker] o.h.type.descriptor.sql.BasicExtractor   : extracted value ([email9_2_0_] : [VARCHAR]) - [1@naver.com]
2023-05-24 02:18:36.900 TRACE 64276 --- [    Test worker] o.h.type.descriptor.sql.BasicExtractor   : extracted value ([phone_n10_2_0_] : [INTEGER]) - [12341234]
2023-05-24 02:18:36.900 TRACE 64276 --- [    Test worker] o.h.type.descriptor.sql.BasicExtractor   : extracted value ([user_na11_2_0_] : [VARCHAR]) - [테스트 사용자]
2023-05-24 02:18:36.900 TRACE 64276 --- [    Test worker] org.hibernate.type.CollectionType        : Created collection wrapper: [com.everyparking.server.data.entity.Member.messageList#3]
2023-05-24 02:18:36.900 TRACE 64276 --- [    Test worker] org.hibernate.type.CollectionType        : Created collection wrapper: [com.everyparking.server.data.entity.Member.reportList#3]
2023-05-24 02:18:36.901 DEBUG 64276 --- [    Test worker] org.hibernate.SQL                        : 
    update
        member 
    set
        created_time=?,
        last_modified_time=?,
        car_id=?,
        member_status=?,
        parking_info_id=?,
        password=?,
        role_type=?,
        student_id=?,
        user_id=?,
        email=?,
        phone_number=?,
        user_name=? 
    where
        member_id=?
2023-05-24 02:18:36.901 TRACE 64276 --- [    Test worker] o.h.type.descriptor.sql.BasicBinder      : binding parameter [1] as [TIMESTAMP] - [2023-05-24T02:18:36.895397400]
2023-05-24 02:18:36.901 TRACE 64276 --- [    Test worker] o.h.type.descriptor.sql.BasicBinder      : binding parameter [2] as [TIMESTAMP] - [null]
2023-05-24 02:18:36.901 TRACE 64276 --- [    Test worker] o.h.type.descriptor.sql.BasicBinder      : binding parameter [3] as [BIGINT] - [null]
2023-05-24 02:18:36.901 TRACE 64276 --- [    Test worker] o.h.type.descriptor.sql.BasicBinder      : binding parameter [4] as [VARCHAR] - [DEFAULT]
2023-05-24 02:18:36.901 TRACE 64276 --- [    Test worker] o.h.type.descriptor.sql.BasicBinder      : binding parameter [5] as [BIGINT] - [null]
2023-05-24 02:18:36.901 TRACE 64276 --- [    Test worker] o.h.type.descriptor.sql.BasicBinder      : binding parameter [6] as [VARCHAR] - [1234]
2023-05-24 02:18:36.901 TRACE 64276 --- [    Test worker] o.h.type.descriptor.sql.BasicBinder      : binding parameter [7] as [VARCHAR] - [USER]
2023-05-24 02:18:36.901 TRACE 64276 --- [    Test worker] o.h.type.descriptor.sql.BasicBinder      : binding parameter [8] as [INTEGER] - [0]
2023-05-24 02:18:36.901 TRACE 64276 --- [    Test worker] o.h.type.descriptor.sql.BasicBinder      : binding parameter [9] as [VARCHAR] - [1]
2023-05-24 02:18:36.901 TRACE 64276 --- [    Test worker] o.h.type.descriptor.sql.BasicBinder      : binding parameter [10] as [VARCHAR] - [1@naver.com]
2023-05-24 02:18:36.901 TRACE 64276 --- [    Test worker] o.h.type.descriptor.sql.BasicBinder      : binding parameter [11] as [INTEGER] - [12341234]
2023-05-24 02:18:36.901 TRACE 64276 --- [    Test worker] o.h.type.descriptor.sql.BasicBinder      : binding parameter [12] as [VARCHAR] - [테스트 사용자]
2023-05-24 02:18:36.901 TRACE 64276 --- [    Test worker] o.h.type.descriptor.sql.BasicBinder      : binding parameter [13] as [BIGINT] - [3]
2023-05-24 02:18:36.902 DEBUG 64276 --- [    Test worker] org.hibernate.SQL                        : 
    update
        message 
    set
        message_id=null 
    where
        message_id=?
2023-05-24 02:18:36.902 TRACE 64276 --- [    Test worker] o.h.type.descriptor.sql.BasicBinder      : binding parameter [1] as [BIGINT] - [3]
2023-05-24 02:18:36.903 DEBUG 64276 --- [    Test worker] org.hibernate.SQL                        : 
    update
        report 
    set
        report_id=null 
    where
        report_id=?
2023-05-24 02:18:36.903 TRACE 64276 --- [    Test worker] o.h.type.descriptor.sql.BasicBinder      : binding parameter [1] as [BIGINT] - [3]
2023-05-24 02:18:37.646  WARN 64276 --- [    Test worker] JpaBaseConfiguration$JpaWebConfiguration : spring.jpa.open-in-view is enabled by default. Therefore, database queries may be performed during view rendering. Explicitly configure spring.jpa.open-in-view to disable this warning
2023-05-24 02:18:38.495  INFO 64276 --- [    Test worker] o.s.b.a.w.s.WelcomePageHandlerMapping    : Adding welcome page: class path resource [static/index.html]
2023-05-24 02:18:38.796  WARN 64276 --- [    Test worker] ion$DefaultTemplateResolverConfiguration : Cannot find template location: classpath:/templates/ (please add some templates, check your Thymeleaf configuration, or set spring.thymeleaf.check-template-location=false)
2023-05-24 02:18:39.035  INFO 64276 --- [    Test worker] o.s.m.s.b.SimpleBrokerMessageHandler     : Starting...
2023-05-24 02:18:39.036  INFO 64276 --- [    Test worker] o.s.m.s.b.SimpleBrokerMessageHandler     : BrokerAvailabilityEvent[available=true, SimpleBrokerMessageHandler [org.springframework.messaging.simp.broker.DefaultSubscriptionRegistry@42c9f2cd]]
2023-05-24 02:18:39.036  INFO 64276 --- [    Test worker] o.s.m.s.b.SimpleBrokerMessageHandler     : Started.
2023-05-24 02:18:39.051  INFO 64276 --- [    Test worker] c.e.server.ServerApplicationTests        : Started ServerApplicationTests in 7.993 seconds (JVM running for 9.472)
]]></system-out>
  <system-err><![CDATA[]]></system-err>
</testsuite>
