<?xml version="1.0" encoding="UTF-8"?>
<testsuite name="com.everyparking.server.ServerApplicationTests" tests="1" skipped="0" failures="0" errors="0" timestamp="2023-05-22T16:04:42" hostname="WANS-A1234" time="0.1">
  <properties/>
  <testcase name="contextLoads()" classname="com.everyparking.server.ServerApplicationTests" time="0.1"/>
  <system-out><![CDATA[01:04:36.351 [Test worker] DEBUG org.springframework.test.context.BootstrapUtils - Instantiating CacheAwareContextLoaderDelegate from class [org.springframework.test.context.cache.DefaultCacheAwareContextLoaderDelegate]
01:04:36.359 [Test worker] DEBUG org.springframework.test.context.BootstrapUtils - Instantiating BootstrapContext using constructor [public org.springframework.test.context.support.DefaultBootstrapContext(java.lang.Class,org.springframework.test.context.CacheAwareContextLoaderDelegate)]
01:04:36.386 [Test worker] DEBUG org.springframework.test.context.BootstrapUtils - Instantiating TestContextBootstrapper for test class [com.everyparking.server.ServerApplicationTests] from class [org.springframework.boot.test.context.SpringBootTestContextBootstrapper]
01:04:36.399 [Test worker] INFO org.springframework.boot.test.context.SpringBootTestContextBootstrapper - Neither @ContextConfiguration nor @ContextHierarchy found for test class [com.everyparking.server.ServerApplicationTests], using SpringBootContextLoader
01:04:36.403 [Test worker] DEBUG org.springframework.test.context.support.AbstractContextLoader - Did not detect default resource location for test class [com.everyparking.server.ServerApplicationTests]: class path resource [com/everyparking/server/ServerApplicationTests-context.xml] does not exist
01:04:36.404 [Test worker] DEBUG org.springframework.test.context.support.AbstractContextLoader - Did not detect default resource location for test class [com.everyparking.server.ServerApplicationTests]: class path resource [com/everyparking/server/ServerApplicationTestsContext.groovy] does not exist
01:04:36.404 [Test worker] INFO org.springframework.test.context.support.AbstractContextLoader - Could not detect default resource locations for test class [com.everyparking.server.ServerApplicationTests]: no resource found for suffixes {-context.xml, Context.groovy}.
01:04:36.405 [Test worker] INFO org.springframework.test.context.support.AnnotationConfigContextLoaderUtils - Could not detect default configuration classes for test class [com.everyparking.server.ServerApplicationTests]: ServerApplicationTests does not declare any static, non-private, non-final, nested classes annotated with @Configuration.
01:04:36.454 [Test worker] DEBUG org.springframework.test.context.support.ActiveProfilesUtils - Could not find an 'annotation declaring class' for annotation type [org.springframework.test.context.ActiveProfiles] and class [com.everyparking.server.ServerApplicationTests]
01:04:36.532 [Test worker] DEBUG org.springframework.context.annotation.ClassPathScanningCandidateComponentProvider - Identified candidate component class: file [C:\workspace\capstone\EveryParking_Server\build\classes\java\main\com\everyparking\server\ServerApplication.class]
01:04:36.533 [Test worker] INFO org.springframework.boot.test.context.SpringBootTestContextBootstrapper - Found @SpringBootConfiguration com.everyparking.server.ServerApplication for test class com.everyparking.server.ServerApplicationTests
01:04:36.642 [Test worker] DEBUG org.springframework.boot.test.context.SpringBootTestContextBootstrapper - @TestExecutionListeners is not present for class [com.everyparking.server.ServerApplicationTests]: using defaults.
01:04:36.643 [Test worker] INFO org.springframework.boot.test.context.SpringBootTestContextBootstrapper - Loaded default TestExecutionListener class names from location [META-INF/spring.factories]: [org.springframework.boot.test.autoconfigure.restdocs.RestDocsTestExecutionListener, org.springframework.boot.test.autoconfigure.web.client.MockRestServiceServerResetTestExecutionListener, org.springframework.boot.test.autoconfigure.web.servlet.MockMvcPrintOnlyOnFailureTestExecutionListener, org.springframework.boot.test.autoconfigure.web.servlet.WebDriverTestExecutionListener, org.springframework.boot.test.autoconfigure.webservices.client.MockWebServiceServerTestExecutionListener, org.springframework.boot.test.mock.mockito.MockitoTestExecutionListener, org.springframework.boot.test.mock.mockito.ResetMocksTestExecutionListener, org.springframework.test.context.web.ServletTestExecutionListener, org.springframework.test.context.support.DirtiesContextBeforeModesTestExecutionListener, org.springframework.test.context.event.ApplicationEventsTestExecutionListener, org.springframework.test.context.support.DependencyInjectionTestExecutionListener, org.springframework.test.context.support.DirtiesContextTestExecutionListener, org.springframework.test.context.transaction.TransactionalTestExecutionListener, org.springframework.test.context.jdbc.SqlScriptsTestExecutionListener, org.springframework.test.context.event.EventPublishingTestExecutionListener]
01:04:36.657 [Test worker] INFO org.springframework.boot.test.context.SpringBootTestContextBootstrapper - Using TestExecutionListeners: [org.springframework.test.context.web.ServletTestExecutionListener@3228d990, org.springframework.test.context.support.DirtiesContextBeforeModesTestExecutionListener@54e7391d, org.springframework.test.context.event.ApplicationEventsTestExecutionListener@50b8ae8d, org.springframework.boot.test.mock.mockito.MockitoTestExecutionListener@255990cc, org.springframework.boot.test.autoconfigure.SpringBootDependencyInjectionTestExecutionListener@51c929ae, org.springframework.test.context.support.DirtiesContextTestExecutionListener@3c8bdd5b, org.springframework.test.context.transaction.TransactionalTestExecutionListener@29d2d081, org.springframework.test.context.jdbc.SqlScriptsTestExecutionListener@40e4ea87, org.springframework.test.context.event.EventPublishingTestExecutionListener@58783f6c, org.springframework.boot.test.autoconfigure.restdocs.RestDocsTestExecutionListener@3a7b503d, org.springframework.boot.test.autoconfigure.web.client.MockRestServiceServerResetTestExecutionListener@512d92b, org.springframework.boot.test.autoconfigure.web.servlet.MockMvcPrintOnlyOnFailureTestExecutionListener@62c5bbdc, org.springframework.boot.test.autoconfigure.web.servlet.WebDriverTestExecutionListener@7bdf6bb7, org.springframework.boot.test.autoconfigure.webservices.client.MockWebServiceServerTestExecutionListener@1bc53649, org.springframework.boot.test.mock.mockito.ResetMocksTestExecutionListener@88d6f9b]
01:04:36.660 [Test worker] DEBUG org.springframework.test.context.support.AbstractDirtiesContextTestExecutionListener - Before test class: context [DefaultTestContext@3fabf088 testClass = ServerApplicationTests, testInstance = [null], testMethod = [null], testException = [null], mergedContextConfiguration = [WebMergedContextConfiguration@1e392345 testClass = ServerApplicationTests, locations = '{}', classes = '{class com.everyparking.server.ServerApplication}', contextInitializerClasses = '[]', activeProfiles = '{}', propertySourceLocations = '{}', propertySourceProperties = '{org.springframework.boot.test.context.SpringBootTestContextBootstrapper=true}', contextCustomizers = set[org.springframework.boot.test.autoconfigure.actuate.metrics.MetricsExportContextCustomizerFactory$DisableMetricExportContextCustomizer@674658f7, org.springframework.boot.test.autoconfigure.properties.PropertyMappingContextCustomizer@0, org.springframework.boot.test.autoconfigure.web.servlet.WebDriverContextCustomizerFactory$Customizer@3e5499cc, org.springframework.boot.test.context.filter.ExcludeFilterContextCustomizer@15cafec7, org.springframework.boot.test.json.DuplicateJsonObjectContextCustomizerFactory$DuplicateJsonObjectContextCustomizer@792bbc74, org.springframework.boot.test.mock.mockito.MockitoContextCustomizer@0, org.springframework.boot.test.web.client.TestRestTemplateContextCustomizer@531c311e, org.springframework.boot.test.context.SpringBootTestArgs@1, org.springframework.boot.test.context.SpringBootTestWebEnvironment@3b5fad2d], resourceBasePath = 'src/main/webapp', contextLoader = 'org.springframework.boot.test.context.SpringBootContextLoader', parent = [null]], attributes = map['org.springframework.test.context.web.ServletTestExecutionListener.activateListener' -> true]], class annotated with @DirtiesContext [false] with mode [null].

  .   ____          _            __ _ _
 /\\ / ___'_ __ _ _(_)_ __  __ _ \ \ \ \
( ( )\___ | '_ | '_| | '_ \/ _` | \ \ \ \
 \\/  ___)| |_)| | | | | || (_| |  ) ) ) )
  '  |____| .__|_| |_|_| |_\__, | / / / /
 =========|_|==============|___/=/_/_/_/
 :: Spring Boot ::                (v2.7.9)

2023-05-23 01:04:36.991  INFO 29880 --- [    Test worker] c.e.server.ServerApplicationTests        : Starting ServerApplicationTests using Java 11.0.18 on WANS-A1234 with PID 29880 (started by swan in C:\workspace\capstone\EveryParking_Server)
2023-05-23 01:04:36.992  INFO 29880 --- [    Test worker] c.e.server.ServerApplicationTests        : No active profile set, falling back to 1 default profile: "default"
2023-05-23 01:04:37.711  INFO 29880 --- [    Test worker] .s.d.r.c.RepositoryConfigurationDelegate : Bootstrapping Spring Data JPA repositories in DEFAULT mode.
2023-05-23 01:04:37.789  INFO 29880 --- [    Test worker] .s.d.r.c.RepositoryConfigurationDelegate : Finished Spring Data repository scanning in 70 ms. Found 8 JPA repository interfaces.
2023-05-23 01:04:38.370  INFO 29880 --- [    Test worker] o.hibernate.jpa.internal.util.LogHelper  : HHH000204: Processing PersistenceUnitInfo [name: default]
2023-05-23 01:04:38.426  INFO 29880 --- [    Test worker] org.hibernate.Version                    : HHH000412: Hibernate ORM core version 5.6.15.Final
2023-05-23 01:04:38.596  INFO 29880 --- [    Test worker] o.hibernate.annotations.common.Version   : HCANN000001: Hibernate Commons Annotations {5.1.2.Final}
2023-05-23 01:04:38.631 DEBUG 29880 --- [    Test worker] org.hibernate.type.BasicTypeRegistry     : Adding type registration boolean -> org.hibernate.type.BooleanType@13ca16bf
2023-05-23 01:04:38.631 DEBUG 29880 --- [    Test worker] org.hibernate.type.BasicTypeRegistry     : Adding type registration boolean -> org.hibernate.type.BooleanType@13ca16bf
2023-05-23 01:04:38.632 DEBUG 29880 --- [    Test worker] org.hibernate.type.BasicTypeRegistry     : Adding type registration java.lang.Boolean -> org.hibernate.type.BooleanType@13ca16bf
2023-05-23 01:04:38.633 DEBUG 29880 --- [    Test worker] org.hibernate.type.BasicTypeRegistry     : Adding type registration numeric_boolean -> org.hibernate.type.NumericBooleanType@59d5a6fd
2023-05-23 01:04:38.634 DEBUG 29880 --- [    Test worker] org.hibernate.type.BasicTypeRegistry     : Adding type registration true_false -> org.hibernate.type.TrueFalseType@64dc86c6
2023-05-23 01:04:38.635 DEBUG 29880 --- [    Test worker] org.hibernate.type.BasicTypeRegistry     : Adding type registration yes_no -> org.hibernate.type.YesNoType@1e191150
2023-05-23 01:04:38.636 DEBUG 29880 --- [    Test worker] org.hibernate.type.BasicTypeRegistry     : Adding type registration byte -> org.hibernate.type.ByteType@45eab322
2023-05-23 01:04:38.636 DEBUG 29880 --- [    Test worker] org.hibernate.type.BasicTypeRegistry     : Adding type registration byte -> org.hibernate.type.ByteType@45eab322
2023-05-23 01:04:38.636 DEBUG 29880 --- [    Test worker] org.hibernate.type.BasicTypeRegistry     : Adding type registration java.lang.Byte -> org.hibernate.type.ByteType@45eab322
2023-05-23 01:04:38.638 DEBUG 29880 --- [    Test worker] org.hibernate.type.BasicTypeRegistry     : Adding type registration character -> org.hibernate.type.CharacterType@19ae36f4
2023-05-23 01:04:38.639 DEBUG 29880 --- [    Test worker] org.hibernate.type.BasicTypeRegistry     : Adding type registration char -> org.hibernate.type.CharacterType@19ae36f4
2023-05-23 01:04:38.639 DEBUG 29880 --- [    Test worker] org.hibernate.type.BasicTypeRegistry     : Adding type registration java.lang.Character -> org.hibernate.type.CharacterType@19ae36f4
2023-05-23 01:04:38.641 DEBUG 29880 --- [    Test worker] org.hibernate.type.BasicTypeRegistry     : Adding type registration short -> org.hibernate.type.ShortType@1002d192
2023-05-23 01:04:38.641 DEBUG 29880 --- [    Test worker] org.hibernate.type.BasicTypeRegistry     : Adding type registration short -> org.hibernate.type.ShortType@1002d192
2023-05-23 01:04:38.641 DEBUG 29880 --- [    Test worker] org.hibernate.type.BasicTypeRegistry     : Adding type registration java.lang.Short -> org.hibernate.type.ShortType@1002d192
2023-05-23 01:04:38.643 DEBUG 29880 --- [    Test worker] org.hibernate.type.BasicTypeRegistry     : Adding type registration integer -> org.hibernate.type.IntegerType@7de35070
2023-05-23 01:04:38.643 DEBUG 29880 --- [    Test worker] org.hibernate.type.BasicTypeRegistry     : Adding type registration int -> org.hibernate.type.IntegerType@7de35070
2023-05-23 01:04:38.643 DEBUG 29880 --- [    Test worker] org.hibernate.type.BasicTypeRegistry     : Adding type registration java.lang.Integer -> org.hibernate.type.IntegerType@7de35070
2023-05-23 01:04:38.644 DEBUG 29880 --- [    Test worker] org.hibernate.type.BasicTypeRegistry     : Adding type registration long -> org.hibernate.type.LongType@8b41ad
2023-05-23 01:04:38.644 DEBUG 29880 --- [    Test worker] org.hibernate.type.BasicTypeRegistry     : Adding type registration long -> org.hibernate.type.LongType@8b41ad
2023-05-23 01:04:38.644 DEBUG 29880 --- [    Test worker] org.hibernate.type.BasicTypeRegistry     : Adding type registration java.lang.Long -> org.hibernate.type.LongType@8b41ad
2023-05-23 01:04:38.645 DEBUG 29880 --- [    Test worker] org.hibernate.type.BasicTypeRegistry     : Adding type registration float -> org.hibernate.type.FloatType@4a9b3956
2023-05-23 01:04:38.645 DEBUG 29880 --- [    Test worker] org.hibernate.type.BasicTypeRegistry     : Adding type registration float -> org.hibernate.type.FloatType@4a9b3956
2023-05-23 01:04:38.645 DEBUG 29880 --- [    Test worker] org.hibernate.type.BasicTypeRegistry     : Adding type registration java.lang.Float -> org.hibernate.type.FloatType@4a9b3956
2023-05-23 01:04:38.646 DEBUG 29880 --- [    Test worker] org.hibernate.type.BasicTypeRegistry     : Adding type registration double -> org.hibernate.type.DoubleType@3c16528d
2023-05-23 01:04:38.646 DEBUG 29880 --- [    Test worker] org.hibernate.type.BasicTypeRegistry     : Adding type registration double -> org.hibernate.type.DoubleType@3c16528d
2023-05-23 01:04:38.647 DEBUG 29880 --- [    Test worker] org.hibernate.type.BasicTypeRegistry     : Adding type registration java.lang.Double -> org.hibernate.type.DoubleType@3c16528d
2023-05-23 01:04:38.648 DEBUG 29880 --- [    Test worker] org.hibernate.type.BasicTypeRegistry     : Adding type registration big_decimal -> org.hibernate.type.BigDecimalType@203b953c
2023-05-23 01:04:38.648 DEBUG 29880 --- [    Test worker] org.hibernate.type.BasicTypeRegistry     : Adding type registration java.math.BigDecimal -> org.hibernate.type.BigDecimalType@203b953c
2023-05-23 01:04:38.649 DEBUG 29880 --- [    Test worker] org.hibernate.type.BasicTypeRegistry     : Adding type registration big_integer -> org.hibernate.type.BigIntegerType@51fe7f15
2023-05-23 01:04:38.649 DEBUG 29880 --- [    Test worker] org.hibernate.type.BasicTypeRegistry     : Adding type registration java.math.BigInteger -> org.hibernate.type.BigIntegerType@51fe7f15
2023-05-23 01:04:38.650 DEBUG 29880 --- [    Test worker] org.hibernate.type.BasicTypeRegistry     : Adding type registration string -> org.hibernate.type.StringType@7bede4ea
2023-05-23 01:04:38.651 DEBUG 29880 --- [    Test worker] org.hibernate.type.BasicTypeRegistry     : Adding type registration java.lang.String -> org.hibernate.type.StringType@7bede4ea
2023-05-23 01:04:38.651 DEBUG 29880 --- [    Test worker] org.hibernate.type.BasicTypeRegistry     : Adding type registration nstring -> org.hibernate.type.StringNVarcharType@27bc1d44
2023-05-23 01:04:38.651 DEBUG 29880 --- [    Test worker] org.hibernate.type.BasicTypeRegistry     : Adding type registration ncharacter -> org.hibernate.type.CharacterNCharType@1d2d8846
2023-05-23 01:04:38.652 DEBUG 29880 --- [    Test worker] org.hibernate.type.BasicTypeRegistry     : Adding type registration url -> org.hibernate.type.UrlType@5940b14e
2023-05-23 01:04:38.652 DEBUG 29880 --- [    Test worker] org.hibernate.type.BasicTypeRegistry     : Adding type registration java.net.URL -> org.hibernate.type.UrlType@5940b14e
2023-05-23 01:04:38.652 DEBUG 29880 --- [    Test worker] org.hibernate.type.BasicTypeRegistry     : Adding type registration Duration -> org.hibernate.type.DurationType@f2fb225
2023-05-23 01:04:38.652 DEBUG 29880 --- [    Test worker] org.hibernate.type.BasicTypeRegistry     : Adding type registration java.time.Duration -> org.hibernate.type.DurationType@f2fb225
2023-05-23 01:04:38.653 DEBUG 29880 --- [    Test worker] org.hibernate.type.BasicTypeRegistry     : Adding type registration Instant -> org.hibernate.type.InstantType@539316bb
2023-05-23 01:04:38.653 DEBUG 29880 --- [    Test worker] org.hibernate.type.BasicTypeRegistry     : Adding type registration java.time.Instant -> org.hibernate.type.InstantType@539316bb
2023-05-23 01:04:38.654 DEBUG 29880 --- [    Test worker] org.hibernate.type.BasicTypeRegistry     : Adding type registration LocalDateTime -> org.hibernate.type.LocalDateTimeType@52bba91a
2023-05-23 01:04:38.654 DEBUG 29880 --- [    Test worker] org.hibernate.type.BasicTypeRegistry     : Adding type registration java.time.LocalDateTime -> org.hibernate.type.LocalDateTimeType@52bba91a
2023-05-23 01:04:38.656 DEBUG 29880 --- [    Test worker] org.hibernate.type.BasicTypeRegistry     : Adding type registration LocalDate -> org.hibernate.type.LocalDateType@1f7e52d1
2023-05-23 01:04:38.656 DEBUG 29880 --- [    Test worker] org.hibernate.type.BasicTypeRegistry     : Adding type registration java.time.LocalDate -> org.hibernate.type.LocalDateType@1f7e52d1
2023-05-23 01:04:38.657 DEBUG 29880 --- [    Test worker] org.hibernate.type.BasicTypeRegistry     : Adding type registration LocalTime -> org.hibernate.type.LocalTimeType@4aa22cc2
2023-05-23 01:04:38.657 DEBUG 29880 --- [    Test worker] org.hibernate.type.BasicTypeRegistry     : Adding type registration java.time.LocalTime -> org.hibernate.type.LocalTimeType@4aa22cc2
2023-05-23 01:04:38.658 DEBUG 29880 --- [    Test worker] org.hibernate.type.BasicTypeRegistry     : Adding type registration OffsetDateTime -> org.hibernate.type.OffsetDateTimeType@69bc9584
2023-05-23 01:04:38.658 DEBUG 29880 --- [    Test worker] org.hibernate.type.BasicTypeRegistry     : Adding type registration java.time.OffsetDateTime -> org.hibernate.type.OffsetDateTimeType@69bc9584
2023-05-23 01:04:38.659 DEBUG 29880 --- [    Test worker] org.hibernate.type.BasicTypeRegistry     : Adding type registration OffsetTime -> org.hibernate.type.OffsetTimeType@45984654
2023-05-23 01:04:38.659 DEBUG 29880 --- [    Test worker] org.hibernate.type.BasicTypeRegistry     : Adding type registration java.time.OffsetTime -> org.hibernate.type.OffsetTimeType@45984654
2023-05-23 01:04:38.660 DEBUG 29880 --- [    Test worker] org.hibernate.type.BasicTypeRegistry     : Adding type registration ZonedDateTime -> org.hibernate.type.ZonedDateTimeType@14d1737a
2023-05-23 01:04:38.662 DEBUG 29880 --- [    Test worker] org.hibernate.type.BasicTypeRegistry     : Adding type registration java.time.ZonedDateTime -> org.hibernate.type.ZonedDateTimeType@14d1737a
2023-05-23 01:04:38.662 DEBUG 29880 --- [    Test worker] org.hibernate.type.BasicTypeRegistry     : Adding type registration date -> org.hibernate.type.DateType@baa9ce4
2023-05-23 01:04:38.662 DEBUG 29880 --- [    Test worker] org.hibernate.type.BasicTypeRegistry     : Adding type registration java.sql.Date -> org.hibernate.type.DateType@baa9ce4
2023-05-23 01:04:38.662 DEBUG 29880 --- [    Test worker] org.hibernate.type.BasicTypeRegistry     : Adding type registration time -> org.hibernate.type.TimeType@45b7c97f
2023-05-23 01:04:38.662 DEBUG 29880 --- [    Test worker] org.hibernate.type.BasicTypeRegistry     : Adding type registration java.sql.Time -> org.hibernate.type.TimeType@45b7c97f
2023-05-23 01:04:38.664 DEBUG 29880 --- [    Test worker] org.hibernate.type.BasicTypeRegistry     : Adding type registration timestamp -> org.hibernate.type.TimestampType@60928a61
2023-05-23 01:04:38.664 DEBUG 29880 --- [    Test worker] org.hibernate.type.BasicTypeRegistry     : Adding type registration java.sql.Timestamp -> org.hibernate.type.TimestampType@60928a61
2023-05-23 01:04:38.664 DEBUG 29880 --- [    Test worker] org.hibernate.type.BasicTypeRegistry     : Adding type registration java.util.Date -> org.hibernate.type.TimestampType@60928a61
2023-05-23 01:04:38.666 DEBUG 29880 --- [    Test worker] org.hibernate.type.BasicTypeRegistry     : Adding type registration dbtimestamp -> org.hibernate.type.DbTimestampType@563317c1
2023-05-23 01:04:38.667 DEBUG 29880 --- [    Test worker] org.hibernate.type.BasicTypeRegistry     : Adding type registration calendar -> org.hibernate.type.CalendarType@50a7c72b
2023-05-23 01:04:38.667 DEBUG 29880 --- [    Test worker] org.hibernate.type.BasicTypeRegistry     : Adding type registration java.util.Calendar -> org.hibernate.type.CalendarType@50a7c72b
2023-05-23 01:04:38.667 DEBUG 29880 --- [    Test worker] org.hibernate.type.BasicTypeRegistry     : Adding type registration java.util.GregorianCalendar -> org.hibernate.type.CalendarType@50a7c72b
2023-05-23 01:04:38.667 DEBUG 29880 --- [    Test worker] org.hibernate.type.BasicTypeRegistry     : Adding type registration calendar_date -> org.hibernate.type.CalendarDateType@6e8f2094
2023-05-23 01:04:38.668 DEBUG 29880 --- [    Test worker] org.hibernate.type.BasicTypeRegistry     : Adding type registration calendar_time -> org.hibernate.type.CalendarTimeType@77663cd7
2023-05-23 01:04:38.669 DEBUG 29880 --- [    Test worker] org.hibernate.type.BasicTypeRegistry     : Adding type registration locale -> org.hibernate.type.LocaleType@55adcf9e
2023-05-23 01:04:38.669 DEBUG 29880 --- [    Test worker] org.hibernate.type.BasicTypeRegistry     : Adding type registration java.util.Locale -> org.hibernate.type.LocaleType@55adcf9e
2023-05-23 01:04:38.669 DEBUG 29880 --- [    Test worker] org.hibernate.type.BasicTypeRegistry     : Adding type registration currency -> org.hibernate.type.CurrencyType@4ef5dd23
2023-05-23 01:04:38.670 DEBUG 29880 --- [    Test worker] org.hibernate.type.BasicTypeRegistry     : Adding type registration java.util.Currency -> org.hibernate.type.CurrencyType@4ef5dd23
2023-05-23 01:04:38.671 DEBUG 29880 --- [    Test worker] org.hibernate.type.BasicTypeRegistry     : Adding type registration timezone -> org.hibernate.type.TimeZoneType@11399548
2023-05-23 01:04:38.671 DEBUG 29880 --- [    Test worker] org.hibernate.type.BasicTypeRegistry     : Adding type registration java.util.TimeZone -> org.hibernate.type.TimeZoneType@11399548
2023-05-23 01:04:38.671 DEBUG 29880 --- [    Test worker] org.hibernate.type.BasicTypeRegistry     : Adding type registration class -> org.hibernate.type.ClassType@59f45950
2023-05-23 01:04:38.672 DEBUG 29880 --- [    Test worker] org.hibernate.type.BasicTypeRegistry     : Adding type registration java.lang.Class -> org.hibernate.type.ClassType@59f45950
2023-05-23 01:04:38.673 DEBUG 29880 --- [    Test worker] org.hibernate.type.BasicTypeRegistry     : Adding type registration uuid-binary -> org.hibernate.type.UUIDBinaryType@184afb78
2023-05-23 01:04:38.673 DEBUG 29880 --- [    Test worker] org.hibernate.type.BasicTypeRegistry     : Adding type registration java.util.UUID -> org.hibernate.type.UUIDBinaryType@184afb78
2023-05-23 01:04:38.674 DEBUG 29880 --- [    Test worker] org.hibernate.type.BasicTypeRegistry     : Adding type registration uuid-char -> org.hibernate.type.UUIDCharType@40dd552c
2023-05-23 01:04:38.676 DEBUG 29880 --- [    Test worker] org.hibernate.type.BasicTypeRegistry     : Adding type registration binary -> org.hibernate.type.BinaryType@1c68d0db
2023-05-23 01:04:38.676 DEBUG 29880 --- [    Test worker] org.hibernate.type.BasicTypeRegistry     : Adding type registration byte[] -> org.hibernate.type.BinaryType@1c68d0db
2023-05-23 01:04:38.676 DEBUG 29880 --- [    Test worker] org.hibernate.type.BasicTypeRegistry     : Adding type registration [B -> org.hibernate.type.BinaryType@1c68d0db
2023-05-23 01:04:38.677 DEBUG 29880 --- [    Test worker] org.hibernate.type.BasicTypeRegistry     : Adding type registration wrapper-binary -> org.hibernate.type.WrapperBinaryType@609b041c
2023-05-23 01:04:38.677 DEBUG 29880 --- [    Test worker] org.hibernate.type.BasicTypeRegistry     : Adding type registration Byte[] -> org.hibernate.type.WrapperBinaryType@609b041c
2023-05-23 01:04:38.677 DEBUG 29880 --- [    Test worker] org.hibernate.type.BasicTypeRegistry     : Adding type registration [Ljava.lang.Byte; -> org.hibernate.type.WrapperBinaryType@609b041c
2023-05-23 01:04:38.678 DEBUG 29880 --- [    Test worker] org.hibernate.type.BasicTypeRegistry     : Adding type registration row_version -> org.hibernate.type.RowVersionType@2eebce87
2023-05-23 01:04:38.678 DEBUG 29880 --- [    Test worker] org.hibernate.type.BasicTypeRegistry     : Adding type registration image -> org.hibernate.type.ImageType@4899799b
2023-05-23 01:04:38.679 DEBUG 29880 --- [    Test worker] org.hibernate.type.BasicTypeRegistry     : Adding type registration characters -> org.hibernate.type.CharArrayType@1412682c
2023-05-23 01:04:38.679 DEBUG 29880 --- [    Test worker] org.hibernate.type.BasicTypeRegistry     : Adding type registration char[] -> org.hibernate.type.CharArrayType@1412682c
2023-05-23 01:04:38.679 DEBUG 29880 --- [    Test worker] org.hibernate.type.BasicTypeRegistry     : Adding type registration [C -> org.hibernate.type.CharArrayType@1412682c
2023-05-23 01:04:38.680 DEBUG 29880 --- [    Test worker] org.hibernate.type.BasicTypeRegistry     : Adding type registration wrapper-characters -> org.hibernate.type.CharacterArrayType@13aed42b
2023-05-23 01:04:38.680 DEBUG 29880 --- [    Test worker] org.hibernate.type.BasicTypeRegistry     : Adding type registration [Ljava.lang.Character; -> org.hibernate.type.CharacterArrayType@13aed42b
2023-05-23 01:04:38.680 DEBUG 29880 --- [    Test worker] org.hibernate.type.BasicTypeRegistry     : Adding type registration Character[] -> org.hibernate.type.CharacterArrayType@13aed42b
2023-05-23 01:04:38.680 DEBUG 29880 --- [    Test worker] org.hibernate.type.BasicTypeRegistry     : Adding type registration text -> org.hibernate.type.TextType@51ed2f68
2023-05-23 01:04:38.680 DEBUG 29880 --- [    Test worker] org.hibernate.type.BasicTypeRegistry     : Adding type registration ntext -> org.hibernate.type.NTextType@28cb86b2
2023-05-23 01:04:38.681 DEBUG 29880 --- [    Test worker] org.hibernate.type.BasicTypeRegistry     : Adding type registration blob -> org.hibernate.type.BlobType@597a7afa
2023-05-23 01:04:38.681 DEBUG 29880 --- [    Test worker] org.hibernate.type.BasicTypeRegistry     : Adding type registration java.sql.Blob -> org.hibernate.type.BlobType@597a7afa
2023-05-23 01:04:38.682 DEBUG 29880 --- [    Test worker] org.hibernate.type.BasicTypeRegistry     : Adding type registration materialized_blob -> org.hibernate.type.MaterializedBlobType@586843bc
2023-05-23 01:04:38.683 DEBUG 29880 --- [    Test worker] org.hibernate.type.BasicTypeRegistry     : Adding type registration clob -> org.hibernate.type.ClobType@7ead1d80
2023-05-23 01:04:38.683 DEBUG 29880 --- [    Test worker] org.hibernate.type.BasicTypeRegistry     : Adding type registration java.sql.Clob -> org.hibernate.type.ClobType@7ead1d80
2023-05-23 01:04:38.684 DEBUG 29880 --- [    Test worker] org.hibernate.type.BasicTypeRegistry     : Adding type registration nclob -> org.hibernate.type.NClobType@75ad30c1
2023-05-23 01:04:38.684 DEBUG 29880 --- [    Test worker] org.hibernate.type.BasicTypeRegistry     : Adding type registration java.sql.NClob -> org.hibernate.type.NClobType@75ad30c1
2023-05-23 01:04:38.685 DEBUG 29880 --- [    Test worker] org.hibernate.type.BasicTypeRegistry     : Adding type registration materialized_clob -> org.hibernate.type.MaterializedClobType@40c76f5a
2023-05-23 01:04:38.685 DEBUG 29880 --- [    Test worker] org.hibernate.type.BasicTypeRegistry     : Adding type registration materialized_nclob -> org.hibernate.type.MaterializedNClobType@7196a8f1
2023-05-23 01:04:38.686 DEBUG 29880 --- [    Test worker] org.hibernate.type.BasicTypeRegistry     : Adding type registration serializable -> org.hibernate.type.SerializableType@19bfbe28
2023-05-23 01:04:38.688 DEBUG 29880 --- [    Test worker] org.hibernate.type.BasicTypeRegistry     : Adding type registration object -> org.hibernate.type.ObjectType@44da7eb3
2023-05-23 01:04:38.688 DEBUG 29880 --- [    Test worker] org.hibernate.type.BasicTypeRegistry     : Adding type registration java.lang.Object -> org.hibernate.type.ObjectType@44da7eb3
2023-05-23 01:04:38.689 DEBUG 29880 --- [    Test worker] org.hibernate.type.BasicTypeRegistry     : Adding type registration imm_date -> org.hibernate.type.AdaptedImmutableType@3b96f8b0
2023-05-23 01:04:38.689 DEBUG 29880 --- [    Test worker] org.hibernate.type.BasicTypeRegistry     : Adding type registration imm_time -> org.hibernate.type.AdaptedImmutableType@2b170932
2023-05-23 01:04:38.689 DEBUG 29880 --- [    Test worker] org.hibernate.type.BasicTypeRegistry     : Adding type registration imm_timestamp -> org.hibernate.type.AdaptedImmutableType@1fc0d9b4
2023-05-23 01:04:38.689 DEBUG 29880 --- [    Test worker] org.hibernate.type.BasicTypeRegistry     : Adding type registration imm_dbtimestamp -> org.hibernate.type.AdaptedImmutableType@42107318
2023-05-23 01:04:38.689 DEBUG 29880 --- [    Test worker] org.hibernate.type.BasicTypeRegistry     : Adding type registration imm_calendar -> org.hibernate.type.AdaptedImmutableType@4e4f4092
2023-05-23 01:04:38.690 DEBUG 29880 --- [    Test worker] org.hibernate.type.BasicTypeRegistry     : Adding type registration imm_calendar_date -> org.hibernate.type.AdaptedImmutableType@5d829ef0
2023-05-23 01:04:38.690 DEBUG 29880 --- [    Test worker] org.hibernate.type.BasicTypeRegistry     : Adding type registration imm_binary -> org.hibernate.type.AdaptedImmutableType@4416e18d
2023-05-23 01:04:38.690 DEBUG 29880 --- [    Test worker] org.hibernate.type.BasicTypeRegistry     : Adding type registration imm_serializable -> org.hibernate.type.AdaptedImmutableType@5dfc2a4
2023-05-23 01:04:38.725  INFO 29880 --- [    Test worker] com.zaxxer.hikari.HikariDataSource       : HikariPool-1 - Starting...
2023-05-23 01:04:38.785  INFO 29880 --- [    Test worker] com.zaxxer.hikari.HikariDataSource       : HikariPool-1 - Start completed.
2023-05-23 01:04:38.807  INFO 29880 --- [    Test worker] org.hibernate.dialect.Dialect            : HHH000400: Using dialect: org.hibernate.dialect.MariaDB106Dialect
2023-05-23 01:04:38.830 DEBUG 29880 --- [    Test worker] o.h.type.spi.TypeConfiguration$Scope     : Scoping TypeConfiguration [org.hibernate.type.spi.TypeConfiguration@7eae55] to MetadataBuildingContext [org.hibernate.boot.internal.MetadataBuildingContextRootImpl@5d84e363]
2023-05-23 01:04:39.113 DEBUG 29880 --- [    Test worker] org.hibernate.type.EnumType              : Using NAMED-based conversion for Enum com.everyparking.server.data.entity.MemberStatus
2023-05-23 01:04:39.115 DEBUG 29880 --- [    Test worker] org.hibernate.type.EnumType              : Using NAMED-based conversion for Enum com.everyparking.server.data.entity.RoleType
2023-05-23 01:04:39.115 DEBUG 29880 --- [    Test worker] org.hibernate.type.EnumType              : Using NAMED-based conversion for Enum com.everyparking.server.data.entity.CarStatus
2023-05-23 01:04:39.115 DEBUG 29880 --- [    Test worker] org.hibernate.type.EnumType              : Using NAMED-based conversion for Enum com.everyparking.server.data.entity.ParkingStatus
2023-05-23 01:04:39.116 DEBUG 29880 --- [    Test worker] o.h.type.spi.TypeConfiguration$Scope     : Scoping TypeConfiguration [org.hibernate.type.spi.TypeConfiguration@7eae55] to SessionFactoryImpl [org.hibernate.internal.SessionFactoryImpl@2c0fefac]
2023-05-23 01:04:39.486 DEBUG 29880 --- [    Test worker] org.hibernate.SQL                        : 
    
    alter table member 
       drop 
       foreign key if exists FKsev4q8fdxwy6niycwskmklvwx
2023-05-23 01:04:39.497 DEBUG 29880 --- [    Test worker] org.hibernate.SQL                        : 
    
    alter table member 
       drop 
       foreign key if exists FKooq37npsgnsvp2aab38uf6klb
2023-05-23 01:04:39.507 DEBUG 29880 --- [    Test worker] org.hibernate.SQL                        : 
    
    alter table message 
       drop 
       foreign key if exists FK4msccpwmxulmw875edu7p352d
2023-05-23 01:04:39.515 DEBUG 29880 --- [    Test worker] org.hibernate.SQL                        : 
    
    alter table message 
       drop 
       foreign key if exists FKjusoilghlrkxd2gam6ly30fdd
2023-05-23 01:04:39.530 DEBUG 29880 --- [    Test worker] org.hibernate.SQL                        : 
    
    alter table message 
       drop 
       foreign key if exists FKeid59e86pmn4dcpuborxrk3id
2023-05-23 01:04:39.545 DEBUG 29880 --- [    Test worker] org.hibernate.SQL                        : 
    
    alter table parking_info 
       drop 
       foreign key if exists FKjhj2r0t48s78k97qf72xpawm0
2023-05-23 01:04:39.553 DEBUG 29880 --- [    Test worker] org.hibernate.SQL                        : 
    
    alter table parking_info 
       drop 
       foreign key if exists FKjlmlpqme43cbfesbaj3f30225
2023-05-23 01:04:39.569 DEBUG 29880 --- [    Test worker] org.hibernate.SQL                        : 
    
    alter table report 
       drop 
       foreign key if exists FKmxlq6fpk3hfesa0qut2vh09ef
2023-05-23 01:04:39.576 DEBUG 29880 --- [    Test worker] org.hibernate.SQL                        : 
    
    alter table report 
       drop 
       foreign key if exists FKffmfaraf2frrc09ju7dwg7ca3
2023-05-23 01:04:39.593 DEBUG 29880 --- [    Test worker] org.hibernate.SQL                        : 
    
    alter table upload_file 
       drop 
       foreign key if exists FK8u9i9pa3m7slsihn06d7dgubp
2023-05-23 01:04:39.608 DEBUG 29880 --- [    Test worker] org.hibernate.SQL                        : 
    
    alter table upload_file 
       drop 
       foreign key if exists FKj8idbmcr961eyi06jiubgxokg
2023-05-23 01:04:39.623 DEBUG 29880 --- [    Test worker] org.hibernate.SQL                        : 
    
    drop table if exists car
2023-05-23 01:04:39.629 DEBUG 29880 --- [    Test worker] org.hibernate.SQL                        : 
    
    drop table if exists entry_log
2023-05-23 01:04:39.696 DEBUG 29880 --- [    Test worker] org.hibernate.SQL                        : 
    
    drop table if exists member
2023-05-23 01:04:39.705 DEBUG 29880 --- [    Test worker] org.hibernate.SQL                        : 
    
    drop table if exists message
2023-05-23 01:04:39.712 DEBUG 29880 --- [    Test worker] org.hibernate.SQL                        : 
    
    drop table if exists parking_info
2023-05-23 01:04:39.722 DEBUG 29880 --- [    Test worker] org.hibernate.SQL                        : 
    
    drop table if exists parking_lot
2023-05-23 01:04:39.726 DEBUG 29880 --- [    Test worker] org.hibernate.SQL                        : 
    
    drop table if exists report
2023-05-23 01:04:39.733 DEBUG 29880 --- [    Test worker] org.hibernate.SQL                        : 
    
    drop table if exists upload_file
2023-05-23 01:04:39.746 DEBUG 29880 --- [    Test worker] org.hibernate.SQL                        : 
    
    create table car (
       car_id bigint not null auto_increment,
        created_time datetime(6),
        last_modified_time datetime(6),
        is_enter bit not null,
        parking_lot_id integer not null,
        car_number varchar(255),
        car_status varchar(255),
        model_name varchar(255),
        primary key (car_id)
    ) engine=InnoDB
2023-05-23 01:04:39.751 DEBUG 29880 --- [    Test worker] org.hibernate.SQL                        : 
    
    create table entry_log (
       id bigint not null auto_increment,
        car_number varchar(255) not null,
        entry_time datetime(6) not null,
        exit_time datetime(6),
        primary key (id)
    ) engine=InnoDB
2023-05-23 01:04:39.756 DEBUG 29880 --- [    Test worker] org.hibernate.SQL                        : 
    
    create table member (
       member_id bigint not null auto_increment,
        created_time datetime(6),
        last_modified_time datetime(6),
        member_status varchar(255),
        password varchar(255),
        role_type varchar(255),
        student_id integer not null,
        user_id varchar(255),
        email varchar(255),
        phone_number integer not null,
        user_name varchar(255),
        car_id bigint,
        parking_info_id bigint,
        primary key (member_id)
    ) engine=InnoDB
2023-05-23 01:04:39.761 DEBUG 29880 --- [    Test worker] org.hibernate.SQL                        : 
    
    create table message (
       message_id bigint not null auto_increment,
        created_time datetime(6),
        last_modified_time datetime(6),
        details varchar(255),
        member_id bigint,
        sender_member_id bigint,
        primary key (message_id)
    ) engine=InnoDB
2023-05-23 01:04:39.767 DEBUG 29880 --- [    Test worker] org.hibernate.SQL                        : 
    
    create table parking_info (
       parking_info_id bigint not null auto_increment,
        created_time datetime(6),
        last_modified_time datetime(6),
        parking_id integer not null,
        parking_status varchar(255),
        car_id bigint,
        parking_lot_id bigint,
        primary key (parking_info_id)
    ) engine=InnoDB
2023-05-23 01:04:39.770 DEBUG 29880 --- [    Test worker] org.hibernate.SQL                        : 
    
    create table parking_lot (
       parking_lot_id bigint not null auto_increment,
        created_time datetime(6),
        last_modified_time datetime(6),
        available integer not null,
        name varchar(255),
        total integer not null,
        used integer not null,
        primary key (parking_lot_id)
    ) engine=InnoDB
2023-05-23 01:04:39.774 DEBUG 29880 --- [    Test worker] org.hibernate.SQL                        : 
    
    create table report (
       report_id bigint not null auto_increment,
        created_time datetime(6),
        last_modified_time datetime(6),
        contents varchar(255),
        title varchar(255),
        member_member_id bigint,
        primary key (report_id)
    ) engine=InnoDB
2023-05-23 01:04:39.779 DEBUG 29880 --- [    Test worker] org.hibernate.SQL                        : 
    
    create table upload_file (
       image_id bigint not null auto_increment,
        created_time datetime(6),
        last_modified_time datetime(6),
        store_file_name varchar(255),
        upload_file_name varchar(255),
        report_report_id bigint,
        primary key (image_id)
    ) engine=InnoDB
2023-05-23 01:04:39.783 DEBUG 29880 --- [    Test worker] org.hibernate.SQL                        : 
    
    alter table member 
       add constraint FKsev4q8fdxwy6niycwskmklvwx 
       foreign key (car_id) 
       references car (car_id)
2023-05-23 01:04:39.802 DEBUG 29880 --- [    Test worker] org.hibernate.SQL                        : 
    
    alter table member 
       add constraint FKooq37npsgnsvp2aab38uf6klb 
       foreign key (parking_info_id) 
       references parking_info (parking_info_id)
2023-05-23 01:04:39.835 DEBUG 29880 --- [    Test worker] org.hibernate.SQL                        : 
    
    alter table message 
       add constraint FK4msccpwmxulmw875edu7p352d 
       foreign key (member_id) 
       references member (member_id)
2023-05-23 01:04:39.861 DEBUG 29880 --- [    Test worker] org.hibernate.SQL                        : 
    
    alter table message 
       add constraint FKjusoilghlrkxd2gam6ly30fdd 
       foreign key (sender_member_id) 
       references member (member_id)
2023-05-23 01:04:39.880 DEBUG 29880 --- [    Test worker] org.hibernate.SQL                        : 
    
    alter table message 
       add constraint FKeid59e86pmn4dcpuborxrk3id 
       foreign key (message_id) 
       references member (member_id)
2023-05-23 01:04:39.903 DEBUG 29880 --- [    Test worker] org.hibernate.SQL                        : 
    
    alter table parking_info 
       add constraint FKjhj2r0t48s78k97qf72xpawm0 
       foreign key (car_id) 
       references car (car_id)
2023-05-23 01:04:39.926 DEBUG 29880 --- [    Test worker] org.hibernate.SQL                        : 
    
    alter table parking_info 
       add constraint FKjlmlpqme43cbfesbaj3f30225 
       foreign key (parking_lot_id) 
       references parking_lot (parking_lot_id)
2023-05-23 01:04:39.950 DEBUG 29880 --- [    Test worker] org.hibernate.SQL                        : 
    
    alter table report 
       add constraint FKmxlq6fpk3hfesa0qut2vh09ef 
       foreign key (member_member_id) 
       references member (member_id)
2023-05-23 01:04:39.972 DEBUG 29880 --- [    Test worker] org.hibernate.SQL                        : 
    
    alter table report 
       add constraint FKffmfaraf2frrc09ju7dwg7ca3 
       foreign key (report_id) 
       references member (member_id)
2023-05-23 01:04:39.994 DEBUG 29880 --- [    Test worker] org.hibernate.SQL                        : 
    
    alter table upload_file 
       add constraint FK8u9i9pa3m7slsihn06d7dgubp 
       foreign key (report_report_id) 
       references report (report_id)
2023-05-23 01:04:40.013 DEBUG 29880 --- [    Test worker] org.hibernate.SQL                        : 
    
    alter table upload_file 
       add constraint FKj8idbmcr961eyi06jiubgxokg 
       foreign key (image_id) 
       references report (report_id)
2023-05-23 01:04:40.038  INFO 29880 --- [    Test worker] o.h.e.t.j.p.i.JtaPlatformInitiator       : HHH000490: Using JtaPlatform implementation: [org.hibernate.engine.transaction.jta.platform.internal.NoJtaPlatform]
2023-05-23 01:04:40.045 TRACE 29880 --- [    Test worker] o.h.type.spi.TypeConfiguration$Scope     : Handling #sessionFactoryCreated from [org.hibernate.internal.SessionFactoryImpl@2c0fefac] for TypeConfiguration
2023-05-23 01:04:40.046  INFO 29880 --- [    Test worker] j.LocalContainerEntityManagerFactoryBean : Initialized JPA EntityManagerFactory for persistence unit 'default'
2023-05-23 01:04:40.947 DEBUG 29880 --- [    Test worker] org.hibernate.SQL                        : 
    insert 
    into
        member
        (created_time, last_modified_time, car_id, member_status, parking_info_id, password, role_type, student_id, user_id, email, phone_number, user_name) 
    values
        (?, ?, ?, ?, ?, ?, ?, ?, ?, ?, ?, ?)
2023-05-23 01:04:40.958 TRACE 29880 --- [    Test worker] o.h.type.descriptor.sql.BasicBinder      : binding parameter [1] as [TIMESTAMP] - [2023-05-23T01:04:40.861581600]
2023-05-23 01:04:40.959 TRACE 29880 --- [    Test worker] o.h.type.descriptor.sql.BasicBinder      : binding parameter [2] as [TIMESTAMP] - [null]
2023-05-23 01:04:40.960 TRACE 29880 --- [    Test worker] o.h.type.descriptor.sql.BasicBinder      : binding parameter [3] as [BIGINT] - [null]
2023-05-23 01:04:40.960 TRACE 29880 --- [    Test worker] o.h.type.descriptor.sql.BasicBinder      : binding parameter [4] as [VARCHAR] - [DEFAULT]
2023-05-23 01:04:40.961 TRACE 29880 --- [    Test worker] o.h.type.descriptor.sql.BasicBinder      : binding parameter [5] as [BIGINT] - [null]
2023-05-23 01:04:40.961 TRACE 29880 --- [    Test worker] o.h.type.descriptor.sql.BasicBinder      : binding parameter [6] as [VARCHAR] - [1234]
2023-05-23 01:04:40.961 TRACE 29880 --- [    Test worker] o.h.type.descriptor.sql.BasicBinder      : binding parameter [7] as [VARCHAR] - [ADMIN]
2023-05-23 01:04:40.962 TRACE 29880 --- [    Test worker] o.h.type.descriptor.sql.BasicBinder      : binding parameter [8] as [INTEGER] - [0]
2023-05-23 01:04:40.964 TRACE 29880 --- [    Test worker] o.h.type.descriptor.sql.BasicBinder      : binding parameter [9] as [VARCHAR] - [admin]
2023-05-23 01:04:40.964 TRACE 29880 --- [    Test worker] o.h.type.descriptor.sql.BasicBinder      : binding parameter [10] as [VARCHAR] - [admin@a.com]
2023-05-23 01:04:40.964 TRACE 29880 --- [    Test worker] o.h.type.descriptor.sql.BasicBinder      : binding parameter [11] as [INTEGER] - [12341234]
2023-05-23 01:04:40.964 TRACE 29880 --- [    Test worker] o.h.type.descriptor.sql.BasicBinder      : binding parameter [12] as [VARCHAR] - [관리자]
2023-05-23 01:04:41.007 DEBUG 29880 --- [    Test worker] org.hibernate.SQL                        : 
    insert 
    into
        parking_lot
        (created_time, last_modified_time, available, name, total, used) 
    values
        (?, ?, ?, ?, ?, ?)
2023-05-23 01:04:41.008 TRACE 29880 --- [    Test worker] o.h.type.descriptor.sql.BasicBinder      : binding parameter [1] as [TIMESTAMP] - [2023-05-23T01:04:40.997441700]
2023-05-23 01:04:41.008 TRACE 29880 --- [    Test worker] o.h.type.descriptor.sql.BasicBinder      : binding parameter [2] as [TIMESTAMP] - [null]
2023-05-23 01:04:41.008 TRACE 29880 --- [    Test worker] o.h.type.descriptor.sql.BasicBinder      : binding parameter [3] as [INTEGER] - [20]
2023-05-23 01:04:41.008 TRACE 29880 --- [    Test worker] o.h.type.descriptor.sql.BasicBinder      : binding parameter [4] as [VARCHAR] - [테스트]
2023-05-23 01:04:41.009 TRACE 29880 --- [    Test worker] o.h.type.descriptor.sql.BasicBinder      : binding parameter [5] as [INTEGER] - [20]
2023-05-23 01:04:41.009 TRACE 29880 --- [    Test worker] o.h.type.descriptor.sql.BasicBinder      : binding parameter [6] as [INTEGER] - [0]
2023-05-23 01:04:41.049 DEBUG 29880 --- [    Test worker] org.hibernate.SQL                        : 
    insert 
    into
        parking_info
        (created_time, last_modified_time, car_id, parking_id, parking_lot_id, parking_status) 
    values
        (?, ?, ?, ?, ?, ?)
2023-05-23 01:04:41.049 TRACE 29880 --- [    Test worker] o.h.type.descriptor.sql.BasicBinder      : binding parameter [1] as [TIMESTAMP] - [2023-05-23T01:04:41.044248900]
2023-05-23 01:04:41.049 TRACE 29880 --- [    Test worker] o.h.type.descriptor.sql.BasicBinder      : binding parameter [2] as [TIMESTAMP] - [null]
2023-05-23 01:04:41.049 TRACE 29880 --- [    Test worker] o.h.type.descriptor.sql.BasicBinder      : binding parameter [3] as [BIGINT] - [null]
2023-05-23 01:04:41.049 TRACE 29880 --- [    Test worker] o.h.type.descriptor.sql.BasicBinder      : binding parameter [4] as [INTEGER] - [1]
2023-05-23 01:04:41.049 TRACE 29880 --- [    Test worker] o.h.type.descriptor.sql.BasicBinder      : binding parameter [5] as [BIGINT] - [1]
2023-05-23 01:04:41.051 TRACE 29880 --- [    Test worker] o.h.type.descriptor.sql.BasicBinder      : binding parameter [6] as [VARCHAR] - [AVAILABLE]
2023-05-23 01:04:41.065 DEBUG 29880 --- [    Test worker] org.hibernate.SQL                        : 
    insert 
    into
        parking_info
        (created_time, last_modified_time, car_id, parking_id, parking_lot_id, parking_status) 
    values
        (?, ?, ?, ?, ?, ?)
2023-05-23 01:04:41.066 TRACE 29880 --- [    Test worker] o.h.type.descriptor.sql.BasicBinder      : binding parameter [1] as [TIMESTAMP] - [2023-05-23T01:04:41.065071]
2023-05-23 01:04:41.066 TRACE 29880 --- [    Test worker] o.h.type.descriptor.sql.BasicBinder      : binding parameter [2] as [TIMESTAMP] - [null]
2023-05-23 01:04:41.066 TRACE 29880 --- [    Test worker] o.h.type.descriptor.sql.BasicBinder      : binding parameter [3] as [BIGINT] - [null]
2023-05-23 01:04:41.066 TRACE 29880 --- [    Test worker] o.h.type.descriptor.sql.BasicBinder      : binding parameter [4] as [INTEGER] - [2]
2023-05-23 01:04:41.066 TRACE 29880 --- [    Test worker] o.h.type.descriptor.sql.BasicBinder      : binding parameter [5] as [BIGINT] - [1]
2023-05-23 01:04:41.066 TRACE 29880 --- [    Test worker] o.h.type.descriptor.sql.BasicBinder      : binding parameter [6] as [VARCHAR] - [AVAILABLE]
2023-05-23 01:04:41.068 DEBUG 29880 --- [    Test worker] org.hibernate.SQL                        : 
    insert 
    into
        parking_info
        (created_time, last_modified_time, car_id, parking_id, parking_lot_id, parking_status) 
    values
        (?, ?, ?, ?, ?, ?)
2023-05-23 01:04:41.068 TRACE 29880 --- [    Test worker] o.h.type.descriptor.sql.BasicBinder      : binding parameter [1] as [TIMESTAMP] - [2023-05-23T01:04:41.068070700]
2023-05-23 01:04:41.068 TRACE 29880 --- [    Test worker] o.h.type.descriptor.sql.BasicBinder      : binding parameter [2] as [TIMESTAMP] - [null]
2023-05-23 01:04:41.068 TRACE 29880 --- [    Test worker] o.h.type.descriptor.sql.BasicBinder      : binding parameter [3] as [BIGINT] - [null]
2023-05-23 01:04:41.068 TRACE 29880 --- [    Test worker] o.h.type.descriptor.sql.BasicBinder      : binding parameter [4] as [INTEGER] - [3]
2023-05-23 01:04:41.068 TRACE 29880 --- [    Test worker] o.h.type.descriptor.sql.BasicBinder      : binding parameter [5] as [BIGINT] - [1]
2023-05-23 01:04:41.068 TRACE 29880 --- [    Test worker] o.h.type.descriptor.sql.BasicBinder      : binding parameter [6] as [VARCHAR] - [AVAILABLE]
2023-05-23 01:04:41.071 DEBUG 29880 --- [    Test worker] org.hibernate.SQL                        : 
    insert 
    into
        parking_info
        (created_time, last_modified_time, car_id, parking_id, parking_lot_id, parking_status) 
    values
        (?, ?, ?, ?, ?, ?)
2023-05-23 01:04:41.071 TRACE 29880 --- [    Test worker] o.h.type.descriptor.sql.BasicBinder      : binding parameter [1] as [TIMESTAMP] - [2023-05-23T01:04:41.070071100]
2023-05-23 01:04:41.071 TRACE 29880 --- [    Test worker] o.h.type.descriptor.sql.BasicBinder      : binding parameter [2] as [TIMESTAMP] - [null]
2023-05-23 01:04:41.071 TRACE 29880 --- [    Test worker] o.h.type.descriptor.sql.BasicBinder      : binding parameter [3] as [BIGINT] - [null]
2023-05-23 01:04:41.071 TRACE 29880 --- [    Test worker] o.h.type.descriptor.sql.BasicBinder      : binding parameter [4] as [INTEGER] - [4]
2023-05-23 01:04:41.071 TRACE 29880 --- [    Test worker] o.h.type.descriptor.sql.BasicBinder      : binding parameter [5] as [BIGINT] - [1]
2023-05-23 01:04:41.071 TRACE 29880 --- [    Test worker] o.h.type.descriptor.sql.BasicBinder      : binding parameter [6] as [VARCHAR] - [AVAILABLE]
2023-05-23 01:04:41.073 DEBUG 29880 --- [    Test worker] org.hibernate.SQL                        : 
    insert 
    into
        parking_info
        (created_time, last_modified_time, car_id, parking_id, parking_lot_id, parking_status) 
    values
        (?, ?, ?, ?, ?, ?)
2023-05-23 01:04:41.073 TRACE 29880 --- [    Test worker] o.h.type.descriptor.sql.BasicBinder      : binding parameter [1] as [TIMESTAMP] - [2023-05-23T01:04:41.073072700]
2023-05-23 01:04:41.073 TRACE 29880 --- [    Test worker] o.h.type.descriptor.sql.BasicBinder      : binding parameter [2] as [TIMESTAMP] - [null]
2023-05-23 01:04:41.073 TRACE 29880 --- [    Test worker] o.h.type.descriptor.sql.BasicBinder      : binding parameter [3] as [BIGINT] - [null]
2023-05-23 01:04:41.073 TRACE 29880 --- [    Test worker] o.h.type.descriptor.sql.BasicBinder      : binding parameter [4] as [INTEGER] - [5]
2023-05-23 01:04:41.073 TRACE 29880 --- [    Test worker] o.h.type.descriptor.sql.BasicBinder      : binding parameter [5] as [BIGINT] - [1]
2023-05-23 01:04:41.073 TRACE 29880 --- [    Test worker] o.h.type.descriptor.sql.BasicBinder      : binding parameter [6] as [VARCHAR] - [AVAILABLE]
2023-05-23 01:04:41.075 DEBUG 29880 --- [    Test worker] org.hibernate.SQL                        : 
    insert 
    into
        parking_info
        (created_time, last_modified_time, car_id, parking_id, parking_lot_id, parking_status) 
    values
        (?, ?, ?, ?, ?, ?)
2023-05-23 01:04:41.075 TRACE 29880 --- [    Test worker] o.h.type.descriptor.sql.BasicBinder      : binding parameter [1] as [TIMESTAMP] - [2023-05-23T01:04:41.075073900]
2023-05-23 01:04:41.075 TRACE 29880 --- [    Test worker] o.h.type.descriptor.sql.BasicBinder      : binding parameter [2] as [TIMESTAMP] - [null]
2023-05-23 01:04:41.075 TRACE 29880 --- [    Test worker] o.h.type.descriptor.sql.BasicBinder      : binding parameter [3] as [BIGINT] - [null]
2023-05-23 01:04:41.075 TRACE 29880 --- [    Test worker] o.h.type.descriptor.sql.BasicBinder      : binding parameter [4] as [INTEGER] - [6]
2023-05-23 01:04:41.076 TRACE 29880 --- [    Test worker] o.h.type.descriptor.sql.BasicBinder      : binding parameter [5] as [BIGINT] - [1]
2023-05-23 01:04:41.076 TRACE 29880 --- [    Test worker] o.h.type.descriptor.sql.BasicBinder      : binding parameter [6] as [VARCHAR] - [AVAILABLE]
2023-05-23 01:04:41.078 DEBUG 29880 --- [    Test worker] org.hibernate.SQL                        : 
    insert 
    into
        parking_info
        (created_time, last_modified_time, car_id, parking_id, parking_lot_id, parking_status) 
    values
        (?, ?, ?, ?, ?, ?)
2023-05-23 01:04:41.078 TRACE 29880 --- [    Test worker] o.h.type.descriptor.sql.BasicBinder      : binding parameter [1] as [TIMESTAMP] - [2023-05-23T01:04:41.077073300]
2023-05-23 01:04:41.078 TRACE 29880 --- [    Test worker] o.h.type.descriptor.sql.BasicBinder      : binding parameter [2] as [TIMESTAMP] - [null]
2023-05-23 01:04:41.078 TRACE 29880 --- [    Test worker] o.h.type.descriptor.sql.BasicBinder      : binding parameter [3] as [BIGINT] - [null]
2023-05-23 01:04:41.078 TRACE 29880 --- [    Test worker] o.h.type.descriptor.sql.BasicBinder      : binding parameter [4] as [INTEGER] - [7]
2023-05-23 01:04:41.078 TRACE 29880 --- [    Test worker] o.h.type.descriptor.sql.BasicBinder      : binding parameter [5] as [BIGINT] - [1]
2023-05-23 01:04:41.078 TRACE 29880 --- [    Test worker] o.h.type.descriptor.sql.BasicBinder      : binding parameter [6] as [VARCHAR] - [AVAILABLE]
2023-05-23 01:04:41.080 DEBUG 29880 --- [    Test worker] org.hibernate.SQL                        : 
    insert 
    into
        parking_info
        (created_time, last_modified_time, car_id, parking_id, parking_lot_id, parking_status) 
    values
        (?, ?, ?, ?, ?, ?)
2023-05-23 01:04:41.080 TRACE 29880 --- [    Test worker] o.h.type.descriptor.sql.BasicBinder      : binding parameter [1] as [TIMESTAMP] - [2023-05-23T01:04:41.079547]
2023-05-23 01:04:41.080 TRACE 29880 --- [    Test worker] o.h.type.descriptor.sql.BasicBinder      : binding parameter [2] as [TIMESTAMP] - [null]
2023-05-23 01:04:41.080 TRACE 29880 --- [    Test worker] o.h.type.descriptor.sql.BasicBinder      : binding parameter [3] as [BIGINT] - [null]
2023-05-23 01:04:41.080 TRACE 29880 --- [    Test worker] o.h.type.descriptor.sql.BasicBinder      : binding parameter [4] as [INTEGER] - [8]
2023-05-23 01:04:41.080 TRACE 29880 --- [    Test worker] o.h.type.descriptor.sql.BasicBinder      : binding parameter [5] as [BIGINT] - [1]
2023-05-23 01:04:41.080 TRACE 29880 --- [    Test worker] o.h.type.descriptor.sql.BasicBinder      : binding parameter [6] as [VARCHAR] - [AVAILABLE]
2023-05-23 01:04:41.082 DEBUG 29880 --- [    Test worker] org.hibernate.SQL                        : 
    insert 
    into
        parking_info
        (created_time, last_modified_time, car_id, parking_id, parking_lot_id, parking_status) 
    values
        (?, ?, ?, ?, ?, ?)
2023-05-23 01:04:41.082 TRACE 29880 --- [    Test worker] o.h.type.descriptor.sql.BasicBinder      : binding parameter [1] as [TIMESTAMP] - [2023-05-23T01:04:41.081558500]
2023-05-23 01:04:41.082 TRACE 29880 --- [    Test worker] o.h.type.descriptor.sql.BasicBinder      : binding parameter [2] as [TIMESTAMP] - [null]
2023-05-23 01:04:41.082 TRACE 29880 --- [    Test worker] o.h.type.descriptor.sql.BasicBinder      : binding parameter [3] as [BIGINT] - [null]
2023-05-23 01:04:41.082 TRACE 29880 --- [    Test worker] o.h.type.descriptor.sql.BasicBinder      : binding parameter [4] as [INTEGER] - [9]
2023-05-23 01:04:41.082 TRACE 29880 --- [    Test worker] o.h.type.descriptor.sql.BasicBinder      : binding parameter [5] as [BIGINT] - [1]
2023-05-23 01:04:41.082 TRACE 29880 --- [    Test worker] o.h.type.descriptor.sql.BasicBinder      : binding parameter [6] as [VARCHAR] - [AVAILABLE]
2023-05-23 01:04:41.084 DEBUG 29880 --- [    Test worker] org.hibernate.SQL                        : 
    insert 
    into
        parking_info
        (created_time, last_modified_time, car_id, parking_id, parking_lot_id, parking_status) 
    values
        (?, ?, ?, ?, ?, ?)
2023-05-23 01:04:41.084 TRACE 29880 --- [    Test worker] o.h.type.descriptor.sql.BasicBinder      : binding parameter [1] as [TIMESTAMP] - [2023-05-23T01:04:41.084557]
2023-05-23 01:04:41.084 TRACE 29880 --- [    Test worker] o.h.type.descriptor.sql.BasicBinder      : binding parameter [2] as [TIMESTAMP] - [null]
2023-05-23 01:04:41.084 TRACE 29880 --- [    Test worker] o.h.type.descriptor.sql.BasicBinder      : binding parameter [3] as [BIGINT] - [null]
2023-05-23 01:04:41.084 TRACE 29880 --- [    Test worker] o.h.type.descriptor.sql.BasicBinder      : binding parameter [4] as [INTEGER] - [10]
2023-05-23 01:04:41.084 TRACE 29880 --- [    Test worker] o.h.type.descriptor.sql.BasicBinder      : binding parameter [5] as [BIGINT] - [1]
2023-05-23 01:04:41.084 TRACE 29880 --- [    Test worker] o.h.type.descriptor.sql.BasicBinder      : binding parameter [6] as [VARCHAR] - [AVAILABLE]
2023-05-23 01:04:41.086 DEBUG 29880 --- [    Test worker] org.hibernate.SQL                        : 
    insert 
    into
        parking_info
        (created_time, last_modified_time, car_id, parking_id, parking_lot_id, parking_status) 
    values
        (?, ?, ?, ?, ?, ?)
2023-05-23 01:04:41.086 TRACE 29880 --- [    Test worker] o.h.type.descriptor.sql.BasicBinder      : binding parameter [1] as [TIMESTAMP] - [2023-05-23T01:04:41.086554700]
2023-05-23 01:04:41.086 TRACE 29880 --- [    Test worker] o.h.type.descriptor.sql.BasicBinder      : binding parameter [2] as [TIMESTAMP] - [null]
2023-05-23 01:04:41.087 TRACE 29880 --- [    Test worker] o.h.type.descriptor.sql.BasicBinder      : binding parameter [3] as [BIGINT] - [null]
2023-05-23 01:04:41.087 TRACE 29880 --- [    Test worker] o.h.type.descriptor.sql.BasicBinder      : binding parameter [4] as [INTEGER] - [11]
2023-05-23 01:04:41.087 TRACE 29880 --- [    Test worker] o.h.type.descriptor.sql.BasicBinder      : binding parameter [5] as [BIGINT] - [1]
2023-05-23 01:04:41.087 TRACE 29880 --- [    Test worker] o.h.type.descriptor.sql.BasicBinder      : binding parameter [6] as [VARCHAR] - [AVAILABLE]
2023-05-23 01:04:41.088 DEBUG 29880 --- [    Test worker] org.hibernate.SQL                        : 
    insert 
    into
        parking_info
        (created_time, last_modified_time, car_id, parking_id, parking_lot_id, parking_status) 
    values
        (?, ?, ?, ?, ?, ?)
2023-05-23 01:04:41.089 TRACE 29880 --- [    Test worker] o.h.type.descriptor.sql.BasicBinder      : binding parameter [1] as [TIMESTAMP] - [2023-05-23T01:04:41.088562300]
2023-05-23 01:04:41.089 TRACE 29880 --- [    Test worker] o.h.type.descriptor.sql.BasicBinder      : binding parameter [2] as [TIMESTAMP] - [null]
2023-05-23 01:04:41.089 TRACE 29880 --- [    Test worker] o.h.type.descriptor.sql.BasicBinder      : binding parameter [3] as [BIGINT] - [null]
2023-05-23 01:04:41.089 TRACE 29880 --- [    Test worker] o.h.type.descriptor.sql.BasicBinder      : binding parameter [4] as [INTEGER] - [12]
2023-05-23 01:04:41.089 TRACE 29880 --- [    Test worker] o.h.type.descriptor.sql.BasicBinder      : binding parameter [5] as [BIGINT] - [1]
2023-05-23 01:04:41.089 TRACE 29880 --- [    Test worker] o.h.type.descriptor.sql.BasicBinder      : binding parameter [6] as [VARCHAR] - [AVAILABLE]
2023-05-23 01:04:41.090 DEBUG 29880 --- [    Test worker] org.hibernate.SQL                        : 
    insert 
    into
        parking_info
        (created_time, last_modified_time, car_id, parking_id, parking_lot_id, parking_status) 
    values
        (?, ?, ?, ?, ?, ?)
2023-05-23 01:04:41.090 TRACE 29880 --- [    Test worker] o.h.type.descriptor.sql.BasicBinder      : binding parameter [1] as [TIMESTAMP] - [2023-05-23T01:04:41.090564200]
2023-05-23 01:04:41.090 TRACE 29880 --- [    Test worker] o.h.type.descriptor.sql.BasicBinder      : binding parameter [2] as [TIMESTAMP] - [null]
2023-05-23 01:04:41.090 TRACE 29880 --- [    Test worker] o.h.type.descriptor.sql.BasicBinder      : binding parameter [3] as [BIGINT] - [null]
2023-05-23 01:04:41.090 TRACE 29880 --- [    Test worker] o.h.type.descriptor.sql.BasicBinder      : binding parameter [4] as [INTEGER] - [13]
2023-05-23 01:04:41.090 TRACE 29880 --- [    Test worker] o.h.type.descriptor.sql.BasicBinder      : binding parameter [5] as [BIGINT] - [1]
2023-05-23 01:04:41.090 TRACE 29880 --- [    Test worker] o.h.type.descriptor.sql.BasicBinder      : binding parameter [6] as [VARCHAR] - [AVAILABLE]
2023-05-23 01:04:41.092 DEBUG 29880 --- [    Test worker] org.hibernate.SQL                        : 
    insert 
    into
        parking_info
        (created_time, last_modified_time, car_id, parking_id, parking_lot_id, parking_status) 
    values
        (?, ?, ?, ?, ?, ?)
2023-05-23 01:04:41.092 TRACE 29880 --- [    Test worker] o.h.type.descriptor.sql.BasicBinder      : binding parameter [1] as [TIMESTAMP] - [2023-05-23T01:04:41.092555800]
2023-05-23 01:04:41.092 TRACE 29880 --- [    Test worker] o.h.type.descriptor.sql.BasicBinder      : binding parameter [2] as [TIMESTAMP] - [null]
2023-05-23 01:04:41.092 TRACE 29880 --- [    Test worker] o.h.type.descriptor.sql.BasicBinder      : binding parameter [3] as [BIGINT] - [null]
2023-05-23 01:04:41.093 TRACE 29880 --- [    Test worker] o.h.type.descriptor.sql.BasicBinder      : binding parameter [4] as [INTEGER] - [14]
2023-05-23 01:04:41.093 TRACE 29880 --- [    Test worker] o.h.type.descriptor.sql.BasicBinder      : binding parameter [5] as [BIGINT] - [1]
2023-05-23 01:04:41.093 TRACE 29880 --- [    Test worker] o.h.type.descriptor.sql.BasicBinder      : binding parameter [6] as [VARCHAR] - [AVAILABLE]
2023-05-23 01:04:41.094 DEBUG 29880 --- [    Test worker] org.hibernate.SQL                        : 
    insert 
    into
        parking_info
        (created_time, last_modified_time, car_id, parking_id, parking_lot_id, parking_status) 
    values
        (?, ?, ?, ?, ?, ?)
2023-05-23 01:04:41.094 TRACE 29880 --- [    Test worker] o.h.type.descriptor.sql.BasicBinder      : binding parameter [1] as [TIMESTAMP] - [2023-05-23T01:04:41.094562700]
2023-05-23 01:04:41.094 TRACE 29880 --- [    Test worker] o.h.type.descriptor.sql.BasicBinder      : binding parameter [2] as [TIMESTAMP] - [null]
2023-05-23 01:04:41.094 TRACE 29880 --- [    Test worker] o.h.type.descriptor.sql.BasicBinder      : binding parameter [3] as [BIGINT] - [null]
2023-05-23 01:04:41.094 TRACE 29880 --- [    Test worker] o.h.type.descriptor.sql.BasicBinder      : binding parameter [4] as [INTEGER] - [15]
2023-05-23 01:04:41.094 TRACE 29880 --- [    Test worker] o.h.type.descriptor.sql.BasicBinder      : binding parameter [5] as [BIGINT] - [1]
2023-05-23 01:04:41.094 TRACE 29880 --- [    Test worker] o.h.type.descriptor.sql.BasicBinder      : binding parameter [6] as [VARCHAR] - [AVAILABLE]
2023-05-23 01:04:41.096 DEBUG 29880 --- [    Test worker] org.hibernate.SQL                        : 
    insert 
    into
        parking_info
        (created_time, last_modified_time, car_id, parking_id, parking_lot_id, parking_status) 
    values
        (?, ?, ?, ?, ?, ?)
2023-05-23 01:04:41.096 TRACE 29880 --- [    Test worker] o.h.type.descriptor.sql.BasicBinder      : binding parameter [1] as [TIMESTAMP] - [2023-05-23T01:04:41.096561100]
2023-05-23 01:04:41.096 TRACE 29880 --- [    Test worker] o.h.type.descriptor.sql.BasicBinder      : binding parameter [2] as [TIMESTAMP] - [null]
2023-05-23 01:04:41.096 TRACE 29880 --- [    Test worker] o.h.type.descriptor.sql.BasicBinder      : binding parameter [3] as [BIGINT] - [null]
2023-05-23 01:04:41.096 TRACE 29880 --- [    Test worker] o.h.type.descriptor.sql.BasicBinder      : binding parameter [4] as [INTEGER] - [16]
2023-05-23 01:04:41.096 TRACE 29880 --- [    Test worker] o.h.type.descriptor.sql.BasicBinder      : binding parameter [5] as [BIGINT] - [1]
2023-05-23 01:04:41.096 TRACE 29880 --- [    Test worker] o.h.type.descriptor.sql.BasicBinder      : binding parameter [6] as [VARCHAR] - [AVAILABLE]
2023-05-23 01:04:41.098 DEBUG 29880 --- [    Test worker] org.hibernate.SQL                        : 
    insert 
    into
        parking_info
        (created_time, last_modified_time, car_id, parking_id, parking_lot_id, parking_status) 
    values
        (?, ?, ?, ?, ?, ?)
2023-05-23 01:04:41.098 TRACE 29880 --- [    Test worker] o.h.type.descriptor.sql.BasicBinder      : binding parameter [1] as [TIMESTAMP] - [2023-05-23T01:04:41.098557300]
2023-05-23 01:04:41.098 TRACE 29880 --- [    Test worker] o.h.type.descriptor.sql.BasicBinder      : binding parameter [2] as [TIMESTAMP] - [null]
2023-05-23 01:04:41.098 TRACE 29880 --- [    Test worker] o.h.type.descriptor.sql.BasicBinder      : binding parameter [3] as [BIGINT] - [null]
2023-05-23 01:04:41.098 TRACE 29880 --- [    Test worker] o.h.type.descriptor.sql.BasicBinder      : binding parameter [4] as [INTEGER] - [17]
2023-05-23 01:04:41.098 TRACE 29880 --- [    Test worker] o.h.type.descriptor.sql.BasicBinder      : binding parameter [5] as [BIGINT] - [1]
2023-05-23 01:04:41.098 TRACE 29880 --- [    Test worker] o.h.type.descriptor.sql.BasicBinder      : binding parameter [6] as [VARCHAR] - [AVAILABLE]
2023-05-23 01:04:41.100 DEBUG 29880 --- [    Test worker] org.hibernate.SQL                        : 
    insert 
    into
        parking_info
        (created_time, last_modified_time, car_id, parking_id, parking_lot_id, parking_status) 
    values
        (?, ?, ?, ?, ?, ?)
2023-05-23 01:04:41.100 TRACE 29880 --- [    Test worker] o.h.type.descriptor.sql.BasicBinder      : binding parameter [1] as [TIMESTAMP] - [2023-05-23T01:04:41.100555800]
2023-05-23 01:04:41.100 TRACE 29880 --- [    Test worker] o.h.type.descriptor.sql.BasicBinder      : binding parameter [2] as [TIMESTAMP] - [null]
2023-05-23 01:04:41.100 TRACE 29880 --- [    Test worker] o.h.type.descriptor.sql.BasicBinder      : binding parameter [3] as [BIGINT] - [null]
2023-05-23 01:04:41.100 TRACE 29880 --- [    Test worker] o.h.type.descriptor.sql.BasicBinder      : binding parameter [4] as [INTEGER] - [18]
2023-05-23 01:04:41.100 TRACE 29880 --- [    Test worker] o.h.type.descriptor.sql.BasicBinder      : binding parameter [5] as [BIGINT] - [1]
2023-05-23 01:04:41.100 TRACE 29880 --- [    Test worker] o.h.type.descriptor.sql.BasicBinder      : binding parameter [6] as [VARCHAR] - [AVAILABLE]
2023-05-23 01:04:41.102 DEBUG 29880 --- [    Test worker] org.hibernate.SQL                        : 
    insert 
    into
        parking_info
        (created_time, last_modified_time, car_id, parking_id, parking_lot_id, parking_status) 
    values
        (?, ?, ?, ?, ?, ?)
2023-05-23 01:04:41.102 TRACE 29880 --- [    Test worker] o.h.type.descriptor.sql.BasicBinder      : binding parameter [1] as [TIMESTAMP] - [2023-05-23T01:04:41.102556800]
2023-05-23 01:04:41.102 TRACE 29880 --- [    Test worker] o.h.type.descriptor.sql.BasicBinder      : binding parameter [2] as [TIMESTAMP] - [null]
2023-05-23 01:04:41.102 TRACE 29880 --- [    Test worker] o.h.type.descriptor.sql.BasicBinder      : binding parameter [3] as [BIGINT] - [null]
2023-05-23 01:04:41.102 TRACE 29880 --- [    Test worker] o.h.type.descriptor.sql.BasicBinder      : binding parameter [4] as [INTEGER] - [19]
2023-05-23 01:04:41.102 TRACE 29880 --- [    Test worker] o.h.type.descriptor.sql.BasicBinder      : binding parameter [5] as [BIGINT] - [1]
2023-05-23 01:04:41.102 TRACE 29880 --- [    Test worker] o.h.type.descriptor.sql.BasicBinder      : binding parameter [6] as [VARCHAR] - [AVAILABLE]
2023-05-23 01:04:41.103 DEBUG 29880 --- [    Test worker] org.hibernate.SQL                        : 
    insert 
    into
        parking_info
        (created_time, last_modified_time, car_id, parking_id, parking_lot_id, parking_status) 
    values
        (?, ?, ?, ?, ?, ?)
2023-05-23 01:04:41.104 TRACE 29880 --- [    Test worker] o.h.type.descriptor.sql.BasicBinder      : binding parameter [1] as [TIMESTAMP] - [2023-05-23T01:04:41.103556300]
2023-05-23 01:04:41.104 TRACE 29880 --- [    Test worker] o.h.type.descriptor.sql.BasicBinder      : binding parameter [2] as [TIMESTAMP] - [null]
2023-05-23 01:04:41.104 TRACE 29880 --- [    Test worker] o.h.type.descriptor.sql.BasicBinder      : binding parameter [3] as [BIGINT] - [null]
2023-05-23 01:04:41.104 TRACE 29880 --- [    Test worker] o.h.type.descriptor.sql.BasicBinder      : binding parameter [4] as [INTEGER] - [20]
2023-05-23 01:04:41.104 TRACE 29880 --- [    Test worker] o.h.type.descriptor.sql.BasicBinder      : binding parameter [5] as [BIGINT] - [1]
2023-05-23 01:04:41.104 TRACE 29880 --- [    Test worker] o.h.type.descriptor.sql.BasicBinder      : binding parameter [6] as [VARCHAR] - [AVAILABLE]
2023-05-23 01:04:41.106 DEBUG 29880 --- [    Test worker] org.hibernate.SQL                        : 
    insert 
    into
        parking_info
        (created_time, last_modified_time, car_id, parking_id, parking_lot_id, parking_status) 
    values
        (?, ?, ?, ?, ?, ?)
2023-05-23 01:04:41.106 TRACE 29880 --- [    Test worker] o.h.type.descriptor.sql.BasicBinder      : binding parameter [1] as [TIMESTAMP] - [2023-05-23T01:04:41.106075700]
2023-05-23 01:04:41.106 TRACE 29880 --- [    Test worker] o.h.type.descriptor.sql.BasicBinder      : binding parameter [2] as [TIMESTAMP] - [null]
2023-05-23 01:04:41.106 TRACE 29880 --- [    Test worker] o.h.type.descriptor.sql.BasicBinder      : binding parameter [3] as [BIGINT] - [null]
2023-05-23 01:04:41.106 TRACE 29880 --- [    Test worker] o.h.type.descriptor.sql.BasicBinder      : binding parameter [4] as [INTEGER] - [21]
2023-05-23 01:04:41.106 TRACE 29880 --- [    Test worker] o.h.type.descriptor.sql.BasicBinder      : binding parameter [5] as [BIGINT] - [1]
2023-05-23 01:04:41.107 TRACE 29880 --- [    Test worker] o.h.type.descriptor.sql.BasicBinder      : binding parameter [6] as [VARCHAR] - [AVAILABLE]
2023-05-23 01:04:41.108 DEBUG 29880 --- [    Test worker] org.hibernate.SQL                        : 
    insert 
    into
        parking_info
        (created_time, last_modified_time, car_id, parking_id, parking_lot_id, parking_status) 
    values
        (?, ?, ?, ?, ?, ?)
2023-05-23 01:04:41.108 TRACE 29880 --- [    Test worker] o.h.type.descriptor.sql.BasicBinder      : binding parameter [1] as [TIMESTAMP] - [2023-05-23T01:04:41.108252]
2023-05-23 01:04:41.108 TRACE 29880 --- [    Test worker] o.h.type.descriptor.sql.BasicBinder      : binding parameter [2] as [TIMESTAMP] - [null]
2023-05-23 01:04:41.108 TRACE 29880 --- [    Test worker] o.h.type.descriptor.sql.BasicBinder      : binding parameter [3] as [BIGINT] - [null]
2023-05-23 01:04:41.108 TRACE 29880 --- [    Test worker] o.h.type.descriptor.sql.BasicBinder      : binding parameter [4] as [INTEGER] - [22]
2023-05-23 01:04:41.109 TRACE 29880 --- [    Test worker] o.h.type.descriptor.sql.BasicBinder      : binding parameter [5] as [BIGINT] - [1]
2023-05-23 01:04:41.109 TRACE 29880 --- [    Test worker] o.h.type.descriptor.sql.BasicBinder      : binding parameter [6] as [VARCHAR] - [AVAILABLE]
2023-05-23 01:04:41.110 DEBUG 29880 --- [    Test worker] org.hibernate.SQL                        : 
    insert 
    into
        parking_info
        (created_time, last_modified_time, car_id, parking_id, parking_lot_id, parking_status) 
    values
        (?, ?, ?, ?, ?, ?)
2023-05-23 01:04:41.110 TRACE 29880 --- [    Test worker] o.h.type.descriptor.sql.BasicBinder      : binding parameter [1] as [TIMESTAMP] - [2023-05-23T01:04:41.110434400]
2023-05-23 01:04:41.111 TRACE 29880 --- [    Test worker] o.h.type.descriptor.sql.BasicBinder      : binding parameter [2] as [TIMESTAMP] - [null]
2023-05-23 01:04:41.111 TRACE 29880 --- [    Test worker] o.h.type.descriptor.sql.BasicBinder      : binding parameter [3] as [BIGINT] - [null]
2023-05-23 01:04:41.111 TRACE 29880 --- [    Test worker] o.h.type.descriptor.sql.BasicBinder      : binding parameter [4] as [INTEGER] - [23]
2023-05-23 01:04:41.111 TRACE 29880 --- [    Test worker] o.h.type.descriptor.sql.BasicBinder      : binding parameter [5] as [BIGINT] - [1]
2023-05-23 01:04:41.111 TRACE 29880 --- [    Test worker] o.h.type.descriptor.sql.BasicBinder      : binding parameter [6] as [VARCHAR] - [AVAILABLE]
2023-05-23 01:04:41.112 DEBUG 29880 --- [    Test worker] org.hibernate.SQL                        : 
    insert 
    into
        parking_info
        (created_time, last_modified_time, car_id, parking_id, parking_lot_id, parking_status) 
    values
        (?, ?, ?, ?, ?, ?)
2023-05-23 01:04:41.112 TRACE 29880 --- [    Test worker] o.h.type.descriptor.sql.BasicBinder      : binding parameter [1] as [TIMESTAMP] - [2023-05-23T01:04:41.112439200]
2023-05-23 01:04:41.112 TRACE 29880 --- [    Test worker] o.h.type.descriptor.sql.BasicBinder      : binding parameter [2] as [TIMESTAMP] - [null]
2023-05-23 01:04:41.112 TRACE 29880 --- [    Test worker] o.h.type.descriptor.sql.BasicBinder      : binding parameter [3] as [BIGINT] - [null]
2023-05-23 01:04:41.112 TRACE 29880 --- [    Test worker] o.h.type.descriptor.sql.BasicBinder      : binding parameter [4] as [INTEGER] - [24]
2023-05-23 01:04:41.112 TRACE 29880 --- [    Test worker] o.h.type.descriptor.sql.BasicBinder      : binding parameter [5] as [BIGINT] - [1]
2023-05-23 01:04:41.113 TRACE 29880 --- [    Test worker] o.h.type.descriptor.sql.BasicBinder      : binding parameter [6] as [VARCHAR] - [AVAILABLE]
2023-05-23 01:04:41.114 DEBUG 29880 --- [    Test worker] org.hibernate.SQL                        : 
    insert 
    into
        parking_info
        (created_time, last_modified_time, car_id, parking_id, parking_lot_id, parking_status) 
    values
        (?, ?, ?, ?, ?, ?)
2023-05-23 01:04:41.114 TRACE 29880 --- [    Test worker] o.h.type.descriptor.sql.BasicBinder      : binding parameter [1] as [TIMESTAMP] - [2023-05-23T01:04:41.114436500]
2023-05-23 01:04:41.114 TRACE 29880 --- [    Test worker] o.h.type.descriptor.sql.BasicBinder      : binding parameter [2] as [TIMESTAMP] - [null]
2023-05-23 01:04:41.114 TRACE 29880 --- [    Test worker] o.h.type.descriptor.sql.BasicBinder      : binding parameter [3] as [BIGINT] - [null]
2023-05-23 01:04:41.114 TRACE 29880 --- [    Test worker] o.h.type.descriptor.sql.BasicBinder      : binding parameter [4] as [INTEGER] - [25]
2023-05-23 01:04:41.114 TRACE 29880 --- [    Test worker] o.h.type.descriptor.sql.BasicBinder      : binding parameter [5] as [BIGINT] - [1]
2023-05-23 01:04:41.114 TRACE 29880 --- [    Test worker] o.h.type.descriptor.sql.BasicBinder      : binding parameter [6] as [VARCHAR] - [AVAILABLE]
2023-05-23 01:04:41.116 DEBUG 29880 --- [    Test worker] org.hibernate.SQL                        : 
    insert 
    into
        parking_info
        (created_time, last_modified_time, car_id, parking_id, parking_lot_id, parking_status) 
    values
        (?, ?, ?, ?, ?, ?)
2023-05-23 01:04:41.116 TRACE 29880 --- [    Test worker] o.h.type.descriptor.sql.BasicBinder      : binding parameter [1] as [TIMESTAMP] - [2023-05-23T01:04:41.115433100]
2023-05-23 01:04:41.116 TRACE 29880 --- [    Test worker] o.h.type.descriptor.sql.BasicBinder      : binding parameter [2] as [TIMESTAMP] - [null]
2023-05-23 01:04:41.116 TRACE 29880 --- [    Test worker] o.h.type.descriptor.sql.BasicBinder      : binding parameter [3] as [BIGINT] - [null]
2023-05-23 01:04:41.116 TRACE 29880 --- [    Test worker] o.h.type.descriptor.sql.BasicBinder      : binding parameter [4] as [INTEGER] - [26]
2023-05-23 01:04:41.116 TRACE 29880 --- [    Test worker] o.h.type.descriptor.sql.BasicBinder      : binding parameter [5] as [BIGINT] - [1]
2023-05-23 01:04:41.116 TRACE 29880 --- [    Test worker] o.h.type.descriptor.sql.BasicBinder      : binding parameter [6] as [VARCHAR] - [AVAILABLE]
2023-05-23 01:04:41.118 DEBUG 29880 --- [    Test worker] org.hibernate.SQL                        : 
    insert 
    into
        parking_info
        (created_time, last_modified_time, car_id, parking_id, parking_lot_id, parking_status) 
    values
        (?, ?, ?, ?, ?, ?)
2023-05-23 01:04:41.118 TRACE 29880 --- [    Test worker] o.h.type.descriptor.sql.BasicBinder      : binding parameter [1] as [TIMESTAMP] - [2023-05-23T01:04:41.117718800]
2023-05-23 01:04:41.118 TRACE 29880 --- [    Test worker] o.h.type.descriptor.sql.BasicBinder      : binding parameter [2] as [TIMESTAMP] - [null]
2023-05-23 01:04:41.118 TRACE 29880 --- [    Test worker] o.h.type.descriptor.sql.BasicBinder      : binding parameter [3] as [BIGINT] - [null]
2023-05-23 01:04:41.118 TRACE 29880 --- [    Test worker] o.h.type.descriptor.sql.BasicBinder      : binding parameter [4] as [INTEGER] - [27]
2023-05-23 01:04:41.118 TRACE 29880 --- [    Test worker] o.h.type.descriptor.sql.BasicBinder      : binding parameter [5] as [BIGINT] - [1]
2023-05-23 01:04:41.118 TRACE 29880 --- [    Test worker] o.h.type.descriptor.sql.BasicBinder      : binding parameter [6] as [VARCHAR] - [AVAILABLE]
2023-05-23 01:04:41.120 DEBUG 29880 --- [    Test worker] org.hibernate.SQL                        : 
    insert 
    into
        parking_info
        (created_time, last_modified_time, car_id, parking_id, parking_lot_id, parking_status) 
    values
        (?, ?, ?, ?, ?, ?)
2023-05-23 01:04:41.120 TRACE 29880 --- [    Test worker] o.h.type.descriptor.sql.BasicBinder      : binding parameter [1] as [TIMESTAMP] - [2023-05-23T01:04:41.119550900]
2023-05-23 01:04:41.120 TRACE 29880 --- [    Test worker] o.h.type.descriptor.sql.BasicBinder      : binding parameter [2] as [TIMESTAMP] - [null]
2023-05-23 01:04:41.120 TRACE 29880 --- [    Test worker] o.h.type.descriptor.sql.BasicBinder      : binding parameter [3] as [BIGINT] - [null]
2023-05-23 01:04:41.120 TRACE 29880 --- [    Test worker] o.h.type.descriptor.sql.BasicBinder      : binding parameter [4] as [INTEGER] - [28]
2023-05-23 01:04:41.120 TRACE 29880 --- [    Test worker] o.h.type.descriptor.sql.BasicBinder      : binding parameter [5] as [BIGINT] - [1]
2023-05-23 01:04:41.120 TRACE 29880 --- [    Test worker] o.h.type.descriptor.sql.BasicBinder      : binding parameter [6] as [VARCHAR] - [AVAILABLE]
2023-05-23 01:04:41.122 DEBUG 29880 --- [    Test worker] org.hibernate.SQL                        : 
    insert 
    into
        parking_info
        (created_time, last_modified_time, car_id, parking_id, parking_lot_id, parking_status) 
    values
        (?, ?, ?, ?, ?, ?)
2023-05-23 01:04:41.122 TRACE 29880 --- [    Test worker] o.h.type.descriptor.sql.BasicBinder      : binding parameter [1] as [TIMESTAMP] - [2023-05-23T01:04:41.121556900]
2023-05-23 01:04:41.122 TRACE 29880 --- [    Test worker] o.h.type.descriptor.sql.BasicBinder      : binding parameter [2] as [TIMESTAMP] - [null]
2023-05-23 01:04:41.122 TRACE 29880 --- [    Test worker] o.h.type.descriptor.sql.BasicBinder      : binding parameter [3] as [BIGINT] - [null]
2023-05-23 01:04:41.122 TRACE 29880 --- [    Test worker] o.h.type.descriptor.sql.BasicBinder      : binding parameter [4] as [INTEGER] - [29]
2023-05-23 01:04:41.122 TRACE 29880 --- [    Test worker] o.h.type.descriptor.sql.BasicBinder      : binding parameter [5] as [BIGINT] - [1]
[...]
2023-05-23 01:04:41.187 TRACE 29880 --- [    Test worker] o.h.type.descriptor.sql.BasicBinder      : binding parameter [6] as [VARCHAR] - [APPROVED]
2023-05-23 01:04:41.187 TRACE 29880 --- [    Test worker] o.h.type.descriptor.sql.BasicBinder      : binding parameter [7] as [VARCHAR] - [Genesis]
2023-05-23 01:04:41.197 DEBUG 29880 --- [    Test worker] org.hibernate.SQL                        : 
    select
        member0_.member_id as member_i1_2_0_,
        member0_.created_time as created_2_2_0_,
        member0_.last_modified_time as last_mod3_2_0_,
        member0_.car_id as car_id12_2_0_,
        member0_.member_status as member_s4_2_0_,
        member0_.parking_info_id as parking13_2_0_,
        member0_.password as password5_2_0_,
        member0_.role_type as role_typ6_2_0_,
        member0_.student_id as student_7_2_0_,
        member0_.user_id as user_id8_2_0_,
        member0_.email as email9_2_0_,
        member0_.phone_number as phone_n10_2_0_,
        member0_.user_name as user_na11_2_0_ 
    from
        member member0_ 
    where
        member0_.member_id=?
2023-05-23 01:04:41.197 TRACE 29880 --- [    Test worker] o.h.type.descriptor.sql.BasicBinder      : binding parameter [1] as [BIGINT] - [2]
2023-05-23 01:04:41.200 TRACE 29880 --- [    Test worker] o.h.type.descriptor.sql.BasicExtractor   : extracted value ([created_2_2_0_] : [TIMESTAMP]) - [2023-05-23T01:04:41.170489]
2023-05-23 01:04:41.200 TRACE 29880 --- [    Test worker] o.h.type.descriptor.sql.BasicExtractor   : extracted value ([last_mod3_2_0_] : [TIMESTAMP]) - [null]
2023-05-23 01:04:41.201 TRACE 29880 --- [    Test worker] o.h.type.descriptor.sql.BasicExtractor   : extracted value ([car_id12_2_0_] : [BIGINT]) - [null]
2023-05-23 01:04:41.201 TRACE 29880 --- [    Test worker] o.h.type.descriptor.sql.BasicExtractor   : extracted value ([member_s4_2_0_] : [VARCHAR]) - [DEFAULT]
2023-05-23 01:04:41.201 TRACE 29880 --- [    Test worker] o.h.type.descriptor.sql.BasicExtractor   : extracted value ([parking13_2_0_] : [BIGINT]) - [null]
2023-05-23 01:04:41.201 TRACE 29880 --- [    Test worker] o.h.type.descriptor.sql.BasicExtractor   : extracted value ([password5_2_0_] : [VARCHAR]) - [4567]
2023-05-23 01:04:41.201 TRACE 29880 --- [    Test worker] o.h.type.descriptor.sql.BasicExtractor   : extracted value ([role_typ6_2_0_] : [VARCHAR]) - [USER]
2023-05-23 01:04:41.201 TRACE 29880 --- [    Test worker] o.h.type.descriptor.sql.BasicExtractor   : extracted value ([student_7_2_0_] : [INTEGER]) - [0]
2023-05-23 01:04:41.201 TRACE 29880 --- [    Test worker] o.h.type.descriptor.sql.BasicExtractor   : extracted value ([user_id8_2_0_] : [VARCHAR]) - [testUser]
2023-05-23 01:04:41.201 TRACE 29880 --- [    Test worker] o.h.type.descriptor.sql.BasicExtractor   : extracted value ([email9_2_0_] : [VARCHAR]) - [test@a.com]
2023-05-23 01:04:41.201 TRACE 29880 --- [    Test worker] o.h.type.descriptor.sql.BasicExtractor   : extracted value ([phone_n10_2_0_] : [INTEGER]) - [0]
2023-05-23 01:04:41.201 TRACE 29880 --- [    Test worker] o.h.type.descriptor.sql.BasicExtractor   : extracted value ([user_na11_2_0_] : [VARCHAR]) - [테스트유저]
2023-05-23 01:04:41.208 TRACE 29880 --- [    Test worker] org.hibernate.type.CollectionType        : Created collection wrapper: [com.everyparking.server.data.entity.Member.messageList#2]
2023-05-23 01:04:41.208 TRACE 29880 --- [    Test worker] org.hibernate.type.CollectionType        : Created collection wrapper: [com.everyparking.server.data.entity.Member.reportList#2]
2023-05-23 01:04:41.208 DEBUG 29880 --- [    Test worker] org.hibernate.SQL                        : 
    select
        car0_.car_id as car_id1_0_0_,
        car0_.created_time as created_2_0_0_,
        car0_.last_modified_time as last_mod3_0_0_,
        car0_.is_enter as is_enter4_0_0_,
        car0_.parking_lot_id as parking_5_0_0_,
        car0_.car_number as car_numb6_0_0_,
        car0_.car_status as car_stat7_0_0_,
        car0_.model_name as model_na8_0_0_,
        member1_.member_id as member_i1_2_1_,
        member1_.created_time as created_2_2_1_,
        member1_.last_modified_time as last_mod3_2_1_,
        member1_.car_id as car_id12_2_1_,
        member1_.member_status as member_s4_2_1_,
        member1_.parking_info_id as parking13_2_1_,
        member1_.password as password5_2_1_,
        member1_.role_type as role_typ6_2_1_,
        member1_.student_id as student_7_2_1_,
        member1_.user_id as user_id8_2_1_,
        member1_.email as email9_2_1_,
        member1_.phone_number as phone_n10_2_1_,
        member1_.user_name as user_na11_2_1_,
        parkinginf2_.parking_info_id as parking_1_4_2_,
        parkinginf2_.created_time as created_2_4_2_,
        parkinginf2_.last_modified_time as last_mod3_4_2_,
        parkinginf2_.car_id as car_id6_4_2_,
        parkinginf2_.parking_id as parking_4_4_2_,
        parkinginf2_.parking_lot_id as parking_7_4_2_,
        parkinginf2_.parking_status as parking_5_4_2_ 
    from
        car car0_ 
    left outer join
        member member1_ 
            on car0_.car_id=member1_.car_id 
    left outer join
        parking_info parkinginf2_ 
            on member1_.parking_info_id=parkinginf2_.parking_info_id 
    where
        car0_.car_id=?
2023-05-23 01:04:41.209 TRACE 29880 --- [    Test worker] o.h.type.descriptor.sql.BasicBinder      : binding parameter [1] as [BIGINT] - [4]
2023-05-23 01:04:41.211 TRACE 29880 --- [    Test worker] o.h.type.descriptor.sql.BasicExtractor   : extracted value ([member_i1_2_1_] : [BIGINT]) - [null]
2023-05-23 01:04:41.211 TRACE 29880 --- [    Test worker] o.h.type.descriptor.sql.BasicExtractor   : extracted value ([parking_1_4_2_] : [BIGINT]) - [null]
2023-05-23 01:04:41.212 TRACE 29880 --- [    Test worker] o.h.type.descriptor.sql.BasicExtractor   : extracted value ([created_2_0_0_] : [TIMESTAMP]) - [2023-05-23T01:04:41.186992]
2023-05-23 01:04:41.212 TRACE 29880 --- [    Test worker] o.h.type.descriptor.sql.BasicExtractor   : extracted value ([last_mod3_0_0_] : [TIMESTAMP]) - [null]
2023-05-23 01:04:41.212 TRACE 29880 --- [    Test worker] o.h.type.descriptor.sql.BasicExtractor   : extracted value ([is_enter4_0_0_] : [BOOLEAN]) - [false]
2023-05-23 01:04:41.212 TRACE 29880 --- [    Test worker] o.h.type.descriptor.sql.BasicExtractor   : extracted value ([parking_5_0_0_] : [INTEGER]) - [-1]
2023-05-23 01:04:41.212 TRACE 29880 --- [    Test worker] o.h.type.descriptor.sql.BasicExtractor   : extracted value ([car_numb6_0_0_] : [VARCHAR]) - [12가1234]
2023-05-23 01:04:41.212 TRACE 29880 --- [    Test worker] o.h.type.descriptor.sql.BasicExtractor   : extracted value ([car_stat7_0_0_] : [VARCHAR]) - [APPROVED]
2023-05-23 01:04:41.212 TRACE 29880 --- [    Test worker] o.h.type.descriptor.sql.BasicExtractor   : extracted value ([model_na8_0_0_] : [VARCHAR]) - [Genesis]
2023-05-23 01:04:41.213 TRACE 29880 --- [    Test worker] org.hibernate.type.CollectionType        : Created collection wrapper: [com.everyparking.server.data.entity.Car.parkingInfo#4]
2023-05-23 01:04:41.221 DEBUG 29880 --- [    Test worker] org.hibernate.SQL                        : 
    update
        member 
    set
        created_time=?,
        last_modified_time=?,
        car_id=?,
        member_status=?,
        parking_info_id=?,
        password=?,
        role_type=?,
        student_id=?,
        user_id=?,
        email=?,
        phone_number=?,
        user_name=? 
    where
        member_id=?
2023-05-23 01:04:41.221 TRACE 29880 --- [    Test worker] o.h.type.descriptor.sql.BasicBinder      : binding parameter [1] as [TIMESTAMP] - [2023-05-23T01:04:41.170489900]
2023-05-23 01:04:41.221 TRACE 29880 --- [    Test worker] o.h.type.descriptor.sql.BasicBinder      : binding parameter [2] as [TIMESTAMP] - [null]
2023-05-23 01:04:41.221 TRACE 29880 --- [    Test worker] o.h.type.descriptor.sql.BasicBinder      : binding parameter [3] as [BIGINT] - [4]
2023-05-23 01:04:41.221 TRACE 29880 --- [    Test worker] o.h.type.descriptor.sql.BasicBinder      : binding parameter [4] as [VARCHAR] - [DEFAULT]
2023-05-23 01:04:41.221 TRACE 29880 --- [    Test worker] o.h.type.descriptor.sql.BasicBinder      : binding parameter [5] as [BIGINT] - [null]
2023-05-23 01:04:41.221 TRACE 29880 --- [    Test worker] o.h.type.descriptor.sql.BasicBinder      : binding parameter [6] as [VARCHAR] - [4567]
2023-05-23 01:04:41.221 TRACE 29880 --- [    Test worker] o.h.type.descriptor.sql.BasicBinder      : binding parameter [7] as [VARCHAR] - [USER]
2023-05-23 01:04:41.221 TRACE 29880 --- [    Test worker] o.h.type.descriptor.sql.BasicBinder      : binding parameter [8] as [INTEGER] - [0]
2023-05-23 01:04:41.221 TRACE 29880 --- [    Test worker] o.h.type.descriptor.sql.BasicBinder      : binding parameter [9] as [VARCHAR] - [testUser]
2023-05-23 01:04:41.221 TRACE 29880 --- [    Test worker] o.h.type.descriptor.sql.BasicBinder      : binding parameter [10] as [VARCHAR] - [test@a.com]
2023-05-23 01:04:41.221 TRACE 29880 --- [    Test worker] o.h.type.descriptor.sql.BasicBinder      : binding parameter [11] as [INTEGER] - [0]
2023-05-23 01:04:41.221 TRACE 29880 --- [    Test worker] o.h.type.descriptor.sql.BasicBinder      : binding parameter [12] as [VARCHAR] - [테스트유저]
2023-05-23 01:04:41.221 TRACE 29880 --- [    Test worker] o.h.type.descriptor.sql.BasicBinder      : binding parameter [13] as [BIGINT] - [2]
2023-05-23 01:04:41.223 DEBUG 29880 --- [    Test worker] org.hibernate.SQL                        : 
    update
        message 
    set
        message_id=null 
    where
        message_id=?
2023-05-23 01:04:41.223 TRACE 29880 --- [    Test worker] o.h.type.descriptor.sql.BasicBinder      : binding parameter [1] as [BIGINT] - [2]
2023-05-23 01:04:41.230 DEBUG 29880 --- [    Test worker] org.hibernate.SQL                        : 
    update
        report 
    set
        report_id=null 
    where
        report_id=?
2023-05-23 01:04:41.230 TRACE 29880 --- [    Test worker] o.h.type.descriptor.sql.BasicBinder      : binding parameter [1] as [BIGINT] - [2]
2023-05-23 01:04:41.238 DEBUG 29880 --- [    Test worker] org.hibernate.SQL                        : 
    insert 
    into
        member
        (created_time, last_modified_time, car_id, member_status, parking_info_id, password, role_type, student_id, user_id, email, phone_number, user_name) 
    values
        (?, ?, ?, ?, ?, ?, ?, ?, ?, ?, ?, ?)
2023-05-23 01:04:41.238 TRACE 29880 --- [    Test worker] o.h.type.descriptor.sql.BasicBinder      : binding parameter [1] as [TIMESTAMP] - [2023-05-23T01:04:41.236989400]
2023-05-23 01:04:41.238 TRACE 29880 --- [    Test worker] o.h.type.descriptor.sql.BasicBinder      : binding parameter [2] as [TIMESTAMP] - [null]
2023-05-23 01:04:41.238 TRACE 29880 --- [    Test worker] o.h.type.descriptor.sql.BasicBinder      : binding parameter [3] as [BIGINT] - [null]
2023-05-23 01:04:41.238 TRACE 29880 --- [    Test worker] o.h.type.descriptor.sql.BasicBinder      : binding parameter [4] as [VARCHAR] - [DEFAULT]
2023-05-23 01:04:41.238 TRACE 29880 --- [    Test worker] o.h.type.descriptor.sql.BasicBinder      : binding parameter [5] as [BIGINT] - [null]
2023-05-23 01:04:41.238 TRACE 29880 --- [    Test worker] o.h.type.descriptor.sql.BasicBinder      : binding parameter [6] as [VARCHAR] - [1234]
2023-05-23 01:04:41.238 TRACE 29880 --- [    Test worker] o.h.type.descriptor.sql.BasicBinder      : binding parameter [7] as [VARCHAR] - [USER]
2023-05-23 01:04:41.238 TRACE 29880 --- [    Test worker] o.h.type.descriptor.sql.BasicBinder      : binding parameter [8] as [INTEGER] - [0]
2023-05-23 01:04:41.238 TRACE 29880 --- [    Test worker] o.h.type.descriptor.sql.BasicBinder      : binding parameter [9] as [VARCHAR] - [1]
2023-05-23 01:04:41.238 TRACE 29880 --- [    Test worker] o.h.type.descriptor.sql.BasicBinder      : binding parameter [10] as [VARCHAR] - [1@naver.com]
2023-05-23 01:04:41.238 TRACE 29880 --- [    Test worker] o.h.type.descriptor.sql.BasicBinder      : binding parameter [11] as [INTEGER] - [12341234]
2023-05-23 01:04:41.238 TRACE 29880 --- [    Test worker] o.h.type.descriptor.sql.BasicBinder      : binding parameter [12] as [VARCHAR] - [테스트 사용자]
2023-05-23 01:04:41.238 DEBUG 29880 --- [    Test worker] org.hibernate.SQL                        : 
    select
        member0_.member_id as member_i1_2_0_,
        member0_.created_time as created_2_2_0_,
        member0_.last_modified_time as last_mod3_2_0_,
        member0_.car_id as car_id12_2_0_,
        member0_.member_status as member_s4_2_0_,
        member0_.parking_info_id as parking13_2_0_,
        member0_.password as password5_2_0_,
        member0_.role_type as role_typ6_2_0_,
        member0_.student_id as student_7_2_0_,
        member0_.user_id as user_id8_2_0_,
        member0_.email as email9_2_0_,
        member0_.phone_number as phone_n10_2_0_,
        member0_.user_name as user_na11_2_0_ 
    from
        member member0_ 
    where
        member0_.member_id=?
2023-05-23 01:04:41.238 TRACE 29880 --- [    Test worker] o.h.type.descriptor.sql.BasicBinder      : binding parameter [1] as [BIGINT] - [3]
2023-05-23 01:04:41.240 TRACE 29880 --- [    Test worker] o.h.type.descriptor.sql.BasicExtractor   : extracted value ([created_2_2_0_] : [TIMESTAMP]) - [2023-05-23T01:04:41.236989]
2023-05-23 01:04:41.240 TRACE 29880 --- [    Test worker] o.h.type.descriptor.sql.BasicExtractor   : extracted value ([last_mod3_2_0_] : [TIMESTAMP]) - [null]
2023-05-23 01:04:41.240 TRACE 29880 --- [    Test worker] o.h.type.descriptor.sql.BasicExtractor   : extracted value ([car_id12_2_0_] : [BIGINT]) - [null]
2023-05-23 01:04:41.240 TRACE 29880 --- [    Test worker] o.h.type.descriptor.sql.BasicExtractor   : extracted value ([member_s4_2_0_] : [VARCHAR]) - [DEFAULT]
2023-05-23 01:04:41.240 TRACE 29880 --- [    Test worker] o.h.type.descriptor.sql.BasicExtractor   : extracted value ([parking13_2_0_] : [BIGINT]) - [null]
2023-05-23 01:04:41.240 TRACE 29880 --- [    Test worker] o.h.type.descriptor.sql.BasicExtractor   : extracted value ([password5_2_0_] : [VARCHAR]) - [1234]
2023-05-23 01:04:41.240 TRACE 29880 --- [    Test worker] o.h.type.descriptor.sql.BasicExtractor   : extracted value ([role_typ6_2_0_] : [VARCHAR]) - [USER]
2023-05-23 01:04:41.240 TRACE 29880 --- [    Test worker] o.h.type.descriptor.sql.BasicExtractor   : extracted value ([student_7_2_0_] : [INTEGER]) - [0]
2023-05-23 01:04:41.240 TRACE 29880 --- [    Test worker] o.h.type.descriptor.sql.BasicExtractor   : extracted value ([user_id8_2_0_] : [VARCHAR]) - [1]
2023-05-23 01:04:41.240 TRACE 29880 --- [    Test worker] o.h.type.descriptor.sql.BasicExtractor   : extracted value ([email9_2_0_] : [VARCHAR]) - [1@naver.com]
2023-05-23 01:04:41.240 TRACE 29880 --- [    Test worker] o.h.type.descriptor.sql.BasicExtractor   : extracted value ([phone_n10_2_0_] : [INTEGER]) - [12341234]
2023-05-23 01:04:41.240 TRACE 29880 --- [    Test worker] o.h.type.descriptor.sql.BasicExtractor   : extracted value ([user_na11_2_0_] : [VARCHAR]) - [테스트 사용자]
2023-05-23 01:04:41.240 TRACE 29880 --- [    Test worker] org.hibernate.type.CollectionType        : Created collection wrapper: [com.everyparking.server.data.entity.Member.messageList#3]
2023-05-23 01:04:41.240 TRACE 29880 --- [    Test worker] org.hibernate.type.CollectionType        : Created collection wrapper: [com.everyparking.server.data.entity.Member.reportList#3]
2023-05-23 01:04:41.241 DEBUG 29880 --- [    Test worker] org.hibernate.SQL                        : 
    update
        member 
    set
        created_time=?,
        last_modified_time=?,
        car_id=?,
        member_status=?,
        parking_info_id=?,
        password=?,
        role_type=?,
        student_id=?,
        user_id=?,
        email=?,
        phone_number=?,
        user_name=? 
    where
        member_id=?
2023-05-23 01:04:41.241 TRACE 29880 --- [    Test worker] o.h.type.descriptor.sql.BasicBinder      : binding parameter [1] as [TIMESTAMP] - [2023-05-23T01:04:41.236989400]
2023-05-23 01:04:41.241 TRACE 29880 --- [    Test worker] o.h.type.descriptor.sql.BasicBinder      : binding parameter [2] as [TIMESTAMP] - [null]
2023-05-23 01:04:41.241 TRACE 29880 --- [    Test worker] o.h.type.descriptor.sql.BasicBinder      : binding parameter [3] as [BIGINT] - [null]
2023-05-23 01:04:41.241 TRACE 29880 --- [    Test worker] o.h.type.descriptor.sql.BasicBinder      : binding parameter [4] as [VARCHAR] - [DEFAULT]
2023-05-23 01:04:41.241 TRACE 29880 --- [    Test worker] o.h.type.descriptor.sql.BasicBinder      : binding parameter [5] as [BIGINT] - [null]
2023-05-23 01:04:41.241 TRACE 29880 --- [    Test worker] o.h.type.descriptor.sql.BasicBinder      : binding parameter [6] as [VARCHAR] - [1234]
2023-05-23 01:04:41.241 TRACE 29880 --- [    Test worker] o.h.type.descriptor.sql.BasicBinder      : binding parameter [7] as [VARCHAR] - [USER]
2023-05-23 01:04:41.241 TRACE 29880 --- [    Test worker] o.h.type.descriptor.sql.BasicBinder      : binding parameter [8] as [INTEGER] - [0]
2023-05-23 01:04:41.241 TRACE 29880 --- [    Test worker] o.h.type.descriptor.sql.BasicBinder      : binding parameter [9] as [VARCHAR] - [1]
2023-05-23 01:04:41.241 TRACE 29880 --- [    Test worker] o.h.type.descriptor.sql.BasicBinder      : binding parameter [10] as [VARCHAR] - [1@naver.com]
2023-05-23 01:04:41.241 TRACE 29880 --- [    Test worker] o.h.type.descriptor.sql.BasicBinder      : binding parameter [11] as [INTEGER] - [12341234]
2023-05-23 01:04:41.241 TRACE 29880 --- [    Test worker] o.h.type.descriptor.sql.BasicBinder      : binding parameter [12] as [VARCHAR] - [테스트 사용자]
2023-05-23 01:04:41.241 TRACE 29880 --- [    Test worker] o.h.type.descriptor.sql.BasicBinder      : binding parameter [13] as [BIGINT] - [3]
2023-05-23 01:04:41.242 DEBUG 29880 --- [    Test worker] org.hibernate.SQL                        : 
    update
        message 
    set
        message_id=null 
    where
        message_id=?
2023-05-23 01:04:41.242 TRACE 29880 --- [    Test worker] o.h.type.descriptor.sql.BasicBinder      : binding parameter [1] as [BIGINT] - [3]
2023-05-23 01:04:41.242 DEBUG 29880 --- [    Test worker] org.hibernate.SQL                        : 
    update
        report 
    set
        report_id=null 
    where
        report_id=?
2023-05-23 01:04:41.242 TRACE 29880 --- [    Test worker] o.h.type.descriptor.sql.BasicBinder      : binding parameter [1] as [BIGINT] - [3]
2023-05-23 01:04:41.834  WARN 29880 --- [    Test worker] JpaBaseConfiguration$JpaWebConfiguration : spring.jpa.open-in-view is enabled by default. Therefore, database queries may be performed during view rendering. Explicitly configure spring.jpa.open-in-view to disable this warning
2023-05-23 01:04:42.505  INFO 29880 --- [    Test worker] o.s.b.a.w.s.WelcomePageHandlerMapping    : Adding welcome page: class path resource [static/index.html]
2023-05-23 01:04:42.680  WARN 29880 --- [    Test worker] ion$DefaultTemplateResolverConfiguration : Cannot find template location: classpath:/templates/ (please add some templates, check your Thymeleaf configuration, or set spring.thymeleaf.check-template-location=false)
2023-05-23 01:04:42.809  INFO 29880 --- [    Test worker] o.s.m.s.b.SimpleBrokerMessageHandler     : Starting...
2023-05-23 01:04:42.809  INFO 29880 --- [    Test worker] o.s.m.s.b.SimpleBrokerMessageHandler     : BrokerAvailabilityEvent[available=true, SimpleBrokerMessageHandler [org.springframework.messaging.simp.broker.DefaultSubscriptionRegistry@4400026]]
2023-05-23 01:04:42.810  INFO 29880 --- [    Test worker] o.s.m.s.b.SimpleBrokerMessageHandler     : Started.
2023-05-23 01:04:42.819  INFO 29880 --- [    Test worker] c.e.server.ServerApplicationTests        : Started ServerApplicationTests in 6.13 seconds (JVM running for 7.251)
]]></system-out>
  <system-err><![CDATA[]]></system-err>
</testsuite>
