<?xml version="1.0" encoding="UTF-8"?>
<testsuite name="com.everyparking.server.ServerApplicationTests" tests="1" skipped="0" failures="0" errors="0" timestamp="2023-05-21T15:54:31" hostname="gimgyubaeg-ui-MacBookPro.local" time="0.101">
  <properties/>
  <testcase name="contextLoads()" classname="com.everyparking.server.ServerApplicationTests" time="0.101"/>
  <system-out><![CDATA[00:54:06.595 [Test worker] DEBUG org.springframework.test.context.BootstrapUtils - Instantiating CacheAwareContextLoaderDelegate from class [org.springframework.test.context.cache.DefaultCacheAwareContextLoaderDelegate]
00:54:06.602 [Test worker] DEBUG org.springframework.test.context.BootstrapUtils - Instantiating BootstrapContext using constructor [public org.springframework.test.context.support.DefaultBootstrapContext(java.lang.Class,org.springframework.test.context.CacheAwareContextLoaderDelegate)]
00:54:06.625 [Test worker] DEBUG org.springframework.test.context.BootstrapUtils - Instantiating TestContextBootstrapper for test class [com.everyparking.server.ServerApplicationTests] from class [org.springframework.boot.test.context.SpringBootTestContextBootstrapper]
00:54:06.632 [Test worker] INFO org.springframework.boot.test.context.SpringBootTestContextBootstrapper - Neither @ContextConfiguration nor @ContextHierarchy found for test class [com.everyparking.server.ServerApplicationTests], using SpringBootContextLoader
00:54:06.634 [Test worker] DEBUG org.springframework.test.context.support.AbstractContextLoader - Did not detect default resource location for test class [com.everyparking.server.ServerApplicationTests]: class path resource [com/everyparking/server/ServerApplicationTests-context.xml] does not exist
00:54:06.635 [Test worker] DEBUG org.springframework.test.context.support.AbstractContextLoader - Did not detect default resource location for test class [com.everyparking.server.ServerApplicationTests]: class path resource [com/everyparking/server/ServerApplicationTestsContext.groovy] does not exist
00:54:06.635 [Test worker] INFO org.springframework.test.context.support.AbstractContextLoader - Could not detect default resource locations for test class [com.everyparking.server.ServerApplicationTests]: no resource found for suffixes {-context.xml, Context.groovy}.
00:54:06.636 [Test worker] INFO org.springframework.test.context.support.AnnotationConfigContextLoaderUtils - Could not detect default configuration classes for test class [com.everyparking.server.ServerApplicationTests]: ServerApplicationTests does not declare any static, non-private, non-final, nested classes annotated with @Configuration.
00:54:06.667 [Test worker] DEBUG org.springframework.test.context.support.ActiveProfilesUtils - Could not find an 'annotation declaring class' for annotation type [org.springframework.test.context.ActiveProfiles] and class [com.everyparking.server.ServerApplicationTests]
00:54:06.711 [Test worker] DEBUG org.springframework.context.annotation.ClassPathScanningCandidateComponentProvider - Identified candidate component class: file [/Users/gimgyubaeg/Desktop/EveryParking/server/build/classes/java/main/com/everyparking/server/ServerApplication.class]
00:54:06.712 [Test worker] INFO org.springframework.boot.test.context.SpringBootTestContextBootstrapper - Found @SpringBootConfiguration com.everyparking.server.ServerApplication for test class com.everyparking.server.ServerApplicationTests
00:54:06.787 [Test worker] DEBUG org.springframework.boot.test.context.SpringBootTestContextBootstrapper - @TestExecutionListeners is not present for class [com.everyparking.server.ServerApplicationTests]: using defaults.
00:54:06.788 [Test worker] INFO org.springframework.boot.test.context.SpringBootTestContextBootstrapper - Loaded default TestExecutionListener class names from location [META-INF/spring.factories]: [org.springframework.boot.test.autoconfigure.restdocs.RestDocsTestExecutionListener, org.springframework.boot.test.autoconfigure.web.client.MockRestServiceServerResetTestExecutionListener, org.springframework.boot.test.autoconfigure.web.servlet.MockMvcPrintOnlyOnFailureTestExecutionListener, org.springframework.boot.test.autoconfigure.web.servlet.WebDriverTestExecutionListener, org.springframework.boot.test.autoconfigure.webservices.client.MockWebServiceServerTestExecutionListener, org.springframework.boot.test.mock.mockito.MockitoTestExecutionListener, org.springframework.boot.test.mock.mockito.ResetMocksTestExecutionListener, org.springframework.test.context.web.ServletTestExecutionListener, org.springframework.test.context.support.DirtiesContextBeforeModesTestExecutionListener, org.springframework.test.context.event.ApplicationEventsTestExecutionListener, org.springframework.test.context.support.DependencyInjectionTestExecutionListener, org.springframework.test.context.support.DirtiesContextTestExecutionListener, org.springframework.test.context.transaction.TransactionalTestExecutionListener, org.springframework.test.context.jdbc.SqlScriptsTestExecutionListener, org.springframework.test.context.event.EventPublishingTestExecutionListener]
00:54:06.814 [Test worker] INFO org.springframework.boot.test.context.SpringBootTestContextBootstrapper - Using TestExecutionListeners: [org.springframework.test.context.web.ServletTestExecutionListener@402f80f5, org.springframework.test.context.support.DirtiesContextBeforeModesTestExecutionListener@5bbc9f97, org.springframework.test.context.event.ApplicationEventsTestExecutionListener@133e019b, org.springframework.boot.test.mock.mockito.MockitoTestExecutionListener@41382722, org.springframework.boot.test.autoconfigure.SpringBootDependencyInjectionTestExecutionListener@7dac3fd8, org.springframework.test.context.support.DirtiesContextTestExecutionListener@425357dd, org.springframework.test.context.transaction.TransactionalTestExecutionListener@2102a4d5, org.springframework.test.context.jdbc.SqlScriptsTestExecutionListener@210386e0, org.springframework.test.context.event.EventPublishingTestExecutionListener@3d4d3fe7, org.springframework.boot.test.autoconfigure.restdocs.RestDocsTestExecutionListener@65f87a2c, org.springframework.boot.test.autoconfigure.web.client.MockRestServiceServerResetTestExecutionListener@51684e4a, org.springframework.boot.test.autoconfigure.web.servlet.MockMvcPrintOnlyOnFailureTestExecutionListener@6ce1f601, org.springframework.boot.test.autoconfigure.web.servlet.WebDriverTestExecutionListener@38875e7d, org.springframework.boot.test.autoconfigure.webservices.client.MockWebServiceServerTestExecutionListener@1e886a5b, org.springframework.boot.test.mock.mockito.ResetMocksTestExecutionListener@d816dde]
00:54:06.817 [Test worker] DEBUG org.springframework.test.context.support.AbstractDirtiesContextTestExecutionListener - Before test class: context [DefaultTestContext@669253b7 testClass = ServerApplicationTests, testInstance = [null], testMethod = [null], testException = [null], mergedContextConfiguration = [WebMergedContextConfiguration@5305c37d testClass = ServerApplicationTests, locations = '{}', classes = '{class com.everyparking.server.ServerApplication}', contextInitializerClasses = '[]', activeProfiles = '{}', propertySourceLocations = '{}', propertySourceProperties = '{org.springframework.boot.test.context.SpringBootTestContextBootstrapper=true}', contextCustomizers = set[org.springframework.boot.test.autoconfigure.actuate.metrics.MetricsExportContextCustomizerFactory$DisableMetricExportContextCustomizer@278bb07e, org.springframework.boot.test.autoconfigure.properties.PropertyMappingContextCustomizer@0, org.springframework.boot.test.autoconfigure.web.servlet.WebDriverContextCustomizerFactory$Customizer@20a14b55, org.springframework.boot.test.context.filter.ExcludeFilterContextCustomizer@75b25825, org.springframework.boot.test.json.DuplicateJsonObjectContextCustomizerFactory$DuplicateJsonObjectContextCustomizer@57459491, org.springframework.boot.test.mock.mockito.MockitoContextCustomizer@0, org.springframework.boot.test.web.client.TestRestTemplateContextCustomizer@68b6f0d6, org.springframework.boot.test.context.SpringBootTestArgs@1, org.springframework.boot.test.context.SpringBootTestWebEnvironment@7f2cfe3f], resourceBasePath = 'src/main/webapp', contextLoader = 'org.springframework.boot.test.context.SpringBootContextLoader', parent = [null]], attributes = map['org.springframework.test.context.web.ServletTestExecutionListener.activateListener' -> true]], class annotated with @DirtiesContext [false] with mode [null].

  .   ____          _            __ _ _
 /\\ / ___'_ __ _ _(_)_ __  __ _ \ \ \ \
( ( )\___ | '_ | '_| | '_ \/ _` | \ \ \ \
 \\/  ___)| |_)| | | | | || (_| |  ) ) ) )
  '  |____| .__|_| |_|_| |_\__, | / / / /
 =========|_|==============|___/=/_/_/_/
 :: Spring Boot ::                (v2.7.9)

2023-05-22 00:54:07.122  INFO 44777 --- [    Test worker] c.e.server.ServerApplicationTests        : Starting ServerApplicationTests using Java 11.0.11 on gimgyubaeg-ui-MacBookPro.local with PID 44777 (started by gimgyubaeg in /Users/gimgyubaeg/Desktop/EveryParking/server)
2023-05-22 00:54:07.123  INFO 44777 --- [    Test worker] c.e.server.ServerApplicationTests        : No active profile set, falling back to 1 default profile: "default"
2023-05-22 00:54:07.643  INFO 44777 --- [    Test worker] .s.d.r.c.RepositoryConfigurationDelegate : Bootstrapping Spring Data JPA repositories in DEFAULT mode.
2023-05-22 00:54:07.698  INFO 44777 --- [    Test worker] .s.d.r.c.RepositoryConfigurationDelegate : Finished Spring Data repository scanning in 50 ms. Found 7 JPA repository interfaces.
2023-05-22 00:54:08.075  INFO 44777 --- [    Test worker] o.hibernate.jpa.internal.util.LogHelper  : HHH000204: Processing PersistenceUnitInfo [name: default]
2023-05-22 00:54:08.118  INFO 44777 --- [    Test worker] org.hibernate.Version                    : HHH000412: Hibernate ORM core version 5.6.15.Final
2023-05-22 00:54:08.255  INFO 44777 --- [    Test worker] o.hibernate.annotations.common.Version   : HCANN000001: Hibernate Commons Annotations {5.1.2.Final}
2023-05-22 00:54:08.284 DEBUG 44777 --- [    Test worker] org.hibernate.type.BasicTypeRegistry     : Adding type registration boolean -> org.hibernate.type.BooleanType@1471b98d
2023-05-22 00:54:08.284 DEBUG 44777 --- [    Test worker] org.hibernate.type.BasicTypeRegistry     : Adding type registration boolean -> org.hibernate.type.BooleanType@1471b98d
2023-05-22 00:54:08.284 DEBUG 44777 --- [    Test worker] org.hibernate.type.BasicTypeRegistry     : Adding type registration java.lang.Boolean -> org.hibernate.type.BooleanType@1471b98d
2023-05-22 00:54:08.284 DEBUG 44777 --- [    Test worker] org.hibernate.type.BasicTypeRegistry     : Adding type registration numeric_boolean -> org.hibernate.type.NumericBooleanType@23564dd2
2023-05-22 00:54:08.285 DEBUG 44777 --- [    Test worker] org.hibernate.type.BasicTypeRegistry     : Adding type registration true_false -> org.hibernate.type.TrueFalseType@1796b2d4
2023-05-22 00:54:08.285 DEBUG 44777 --- [    Test worker] org.hibernate.type.BasicTypeRegistry     : Adding type registration yes_no -> org.hibernate.type.YesNoType@7f12094d
2023-05-22 00:54:08.286 DEBUG 44777 --- [    Test worker] org.hibernate.type.BasicTypeRegistry     : Adding type registration byte -> org.hibernate.type.ByteType@29170a47
2023-05-22 00:54:08.286 DEBUG 44777 --- [    Test worker] org.hibernate.type.BasicTypeRegistry     : Adding type registration byte -> org.hibernate.type.ByteType@29170a47
2023-05-22 00:54:08.286 DEBUG 44777 --- [    Test worker] org.hibernate.type.BasicTypeRegistry     : Adding type registration java.lang.Byte -> org.hibernate.type.ByteType@29170a47
2023-05-22 00:54:08.287 DEBUG 44777 --- [    Test worker] org.hibernate.type.BasicTypeRegistry     : Adding type registration character -> org.hibernate.type.CharacterType@267ff4df
2023-05-22 00:54:08.287 DEBUG 44777 --- [    Test worker] org.hibernate.type.BasicTypeRegistry     : Adding type registration char -> org.hibernate.type.CharacterType@267ff4df
2023-05-22 00:54:08.287 DEBUG 44777 --- [    Test worker] org.hibernate.type.BasicTypeRegistry     : Adding type registration java.lang.Character -> org.hibernate.type.CharacterType@267ff4df
2023-05-22 00:54:08.288 DEBUG 44777 --- [    Test worker] org.hibernate.type.BasicTypeRegistry     : Adding type registration short -> org.hibernate.type.ShortType@1b17d8ab
2023-05-22 00:54:08.288 DEBUG 44777 --- [    Test worker] org.hibernate.type.BasicTypeRegistry     : Adding type registration short -> org.hibernate.type.ShortType@1b17d8ab
2023-05-22 00:54:08.288 DEBUG 44777 --- [    Test worker] org.hibernate.type.BasicTypeRegistry     : Adding type registration java.lang.Short -> org.hibernate.type.ShortType@1b17d8ab
2023-05-22 00:54:08.289 DEBUG 44777 --- [    Test worker] org.hibernate.type.BasicTypeRegistry     : Adding type registration integer -> org.hibernate.type.IntegerType@28989415
2023-05-22 00:54:08.289 DEBUG 44777 --- [    Test worker] org.hibernate.type.BasicTypeRegistry     : Adding type registration int -> org.hibernate.type.IntegerType@28989415
2023-05-22 00:54:08.289 DEBUG 44777 --- [    Test worker] org.hibernate.type.BasicTypeRegistry     : Adding type registration java.lang.Integer -> org.hibernate.type.IntegerType@28989415
2023-05-22 00:54:08.290 DEBUG 44777 --- [    Test worker] org.hibernate.type.BasicTypeRegistry     : Adding type registration long -> org.hibernate.type.LongType@7282af25
2023-05-22 00:54:08.290 DEBUG 44777 --- [    Test worker] org.hibernate.type.BasicTypeRegistry     : Adding type registration long -> org.hibernate.type.LongType@7282af25
2023-05-22 00:54:08.290 DEBUG 44777 --- [    Test worker] org.hibernate.type.BasicTypeRegistry     : Adding type registration java.lang.Long -> org.hibernate.type.LongType@7282af25
2023-05-22 00:54:08.290 DEBUG 44777 --- [    Test worker] org.hibernate.type.BasicTypeRegistry     : Adding type registration float -> org.hibernate.type.FloatType@21dea711
2023-05-22 00:54:08.290 DEBUG 44777 --- [    Test worker] org.hibernate.type.BasicTypeRegistry     : Adding type registration float -> org.hibernate.type.FloatType@21dea711
2023-05-22 00:54:08.291 DEBUG 44777 --- [    Test worker] org.hibernate.type.BasicTypeRegistry     : Adding type registration java.lang.Float -> org.hibernate.type.FloatType@21dea711
2023-05-22 00:54:08.291 DEBUG 44777 --- [    Test worker] org.hibernate.type.BasicTypeRegistry     : Adding type registration double -> org.hibernate.type.DoubleType@759a678a
2023-05-22 00:54:08.291 DEBUG 44777 --- [    Test worker] org.hibernate.type.BasicTypeRegistry     : Adding type registration double -> org.hibernate.type.DoubleType@759a678a
2023-05-22 00:54:08.292 DEBUG 44777 --- [    Test worker] org.hibernate.type.BasicTypeRegistry     : Adding type registration java.lang.Double -> org.hibernate.type.DoubleType@759a678a
2023-05-22 00:54:08.292 DEBUG 44777 --- [    Test worker] org.hibernate.type.BasicTypeRegistry     : Adding type registration big_decimal -> org.hibernate.type.BigDecimalType@6b832551
2023-05-22 00:54:08.292 DEBUG 44777 --- [    Test worker] org.hibernate.type.BasicTypeRegistry     : Adding type registration java.math.BigDecimal -> org.hibernate.type.BigDecimalType@6b832551
2023-05-22 00:54:08.293 DEBUG 44777 --- [    Test worker] org.hibernate.type.BasicTypeRegistry     : Adding type registration big_integer -> org.hibernate.type.BigIntegerType@6615237
2023-05-22 00:54:08.293 DEBUG 44777 --- [    Test worker] org.hibernate.type.BasicTypeRegistry     : Adding type registration java.math.BigInteger -> org.hibernate.type.BigIntegerType@6615237
2023-05-22 00:54:08.294 DEBUG 44777 --- [    Test worker] org.hibernate.type.BasicTypeRegistry     : Adding type registration string -> org.hibernate.type.StringType@177ede17
2023-05-22 00:54:08.294 DEBUG 44777 --- [    Test worker] org.hibernate.type.BasicTypeRegistry     : Adding type registration java.lang.String -> org.hibernate.type.StringType@177ede17
2023-05-22 00:54:08.294 DEBUG 44777 --- [    Test worker] org.hibernate.type.BasicTypeRegistry     : Adding type registration nstring -> org.hibernate.type.StringNVarcharType@7b5ac347
2023-05-22 00:54:08.295 DEBUG 44777 --- [    Test worker] org.hibernate.type.BasicTypeRegistry     : Adding type registration ncharacter -> org.hibernate.type.CharacterNCharType@6c9a3661
2023-05-22 00:54:08.295 DEBUG 44777 --- [    Test worker] org.hibernate.type.BasicTypeRegistry     : Adding type registration url -> org.hibernate.type.UrlType@3f0ce0d1
2023-05-22 00:54:08.296 DEBUG 44777 --- [    Test worker] org.hibernate.type.BasicTypeRegistry     : Adding type registration java.net.URL -> org.hibernate.type.UrlType@3f0ce0d1
2023-05-22 00:54:08.296 DEBUG 44777 --- [    Test worker] org.hibernate.type.BasicTypeRegistry     : Adding type registration Duration -> org.hibernate.type.DurationType@350ff014
2023-05-22 00:54:08.296 DEBUG 44777 --- [    Test worker] org.hibernate.type.BasicTypeRegistry     : Adding type registration java.time.Duration -> org.hibernate.type.DurationType@350ff014
2023-05-22 00:54:08.297 DEBUG 44777 --- [    Test worker] org.hibernate.type.BasicTypeRegistry     : Adding type registration Instant -> org.hibernate.type.InstantType@3b28b7b0
2023-05-22 00:54:08.297 DEBUG 44777 --- [    Test worker] org.hibernate.type.BasicTypeRegistry     : Adding type registration java.time.Instant -> org.hibernate.type.InstantType@3b28b7b0
2023-05-22 00:54:08.298 DEBUG 44777 --- [    Test worker] org.hibernate.type.BasicTypeRegistry     : Adding type registration LocalDateTime -> org.hibernate.type.LocalDateTimeType@374c3975
2023-05-22 00:54:08.298 DEBUG 44777 --- [    Test worker] org.hibernate.type.BasicTypeRegistry     : Adding type registration java.time.LocalDateTime -> org.hibernate.type.LocalDateTimeType@374c3975
2023-05-22 00:54:08.299 DEBUG 44777 --- [    Test worker] org.hibernate.type.BasicTypeRegistry     : Adding type registration LocalDate -> org.hibernate.type.LocalDateType@60807fd9
2023-05-22 00:54:08.299 DEBUG 44777 --- [    Test worker] org.hibernate.type.BasicTypeRegistry     : Adding type registration java.time.LocalDate -> org.hibernate.type.LocalDateType@60807fd9
2023-05-22 00:54:08.299 DEBUG 44777 --- [    Test worker] org.hibernate.type.BasicTypeRegistry     : Adding type registration LocalTime -> org.hibernate.type.LocalTimeType@3b218c74
2023-05-22 00:54:08.299 DEBUG 44777 --- [    Test worker] org.hibernate.type.BasicTypeRegistry     : Adding type registration java.time.LocalTime -> org.hibernate.type.LocalTimeType@3b218c74
2023-05-22 00:54:08.300 DEBUG 44777 --- [    Test worker] org.hibernate.type.BasicTypeRegistry     : Adding type registration OffsetDateTime -> org.hibernate.type.OffsetDateTimeType@b56ec6c
2023-05-22 00:54:08.300 DEBUG 44777 --- [    Test worker] org.hibernate.type.BasicTypeRegistry     : Adding type registration java.time.OffsetDateTime -> org.hibernate.type.OffsetDateTimeType@b56ec6c
2023-05-22 00:54:08.301 DEBUG 44777 --- [    Test worker] org.hibernate.type.BasicTypeRegistry     : Adding type registration OffsetTime -> org.hibernate.type.OffsetTimeType@38c460e8
2023-05-22 00:54:08.301 DEBUG 44777 --- [    Test worker] org.hibernate.type.BasicTypeRegistry     : Adding type registration java.time.OffsetTime -> org.hibernate.type.OffsetTimeType@38c460e8
2023-05-22 00:54:08.302 DEBUG 44777 --- [    Test worker] org.hibernate.type.BasicTypeRegistry     : Adding type registration ZonedDateTime -> org.hibernate.type.ZonedDateTimeType@65036e8d
2023-05-22 00:54:08.302 DEBUG 44777 --- [    Test worker] org.hibernate.type.BasicTypeRegistry     : Adding type registration java.time.ZonedDateTime -> org.hibernate.type.ZonedDateTimeType@65036e8d
2023-05-22 00:54:08.303 DEBUG 44777 --- [    Test worker] org.hibernate.type.BasicTypeRegistry     : Adding type registration date -> org.hibernate.type.DateType@57c69937
2023-05-22 00:54:08.303 DEBUG 44777 --- [    Test worker] org.hibernate.type.BasicTypeRegistry     : Adding type registration java.sql.Date -> org.hibernate.type.DateType@57c69937
2023-05-22 00:54:08.304 DEBUG 44777 --- [    Test worker] org.hibernate.type.BasicTypeRegistry     : Adding type registration time -> org.hibernate.type.TimeType@5f6494c0
2023-05-22 00:54:08.304 DEBUG 44777 --- [    Test worker] org.hibernate.type.BasicTypeRegistry     : Adding type registration java.sql.Time -> org.hibernate.type.TimeType@5f6494c0
2023-05-22 00:54:08.305 DEBUG 44777 --- [    Test worker] org.hibernate.type.BasicTypeRegistry     : Adding type registration timestamp -> org.hibernate.type.TimestampType@1cee2e10
2023-05-22 00:54:08.305 DEBUG 44777 --- [    Test worker] org.hibernate.type.BasicTypeRegistry     : Adding type registration java.sql.Timestamp -> org.hibernate.type.TimestampType@1cee2e10
2023-05-22 00:54:08.305 DEBUG 44777 --- [    Test worker] org.hibernate.type.BasicTypeRegistry     : Adding type registration java.util.Date -> org.hibernate.type.TimestampType@1cee2e10
2023-05-22 00:54:08.306 DEBUG 44777 --- [    Test worker] org.hibernate.type.BasicTypeRegistry     : Adding type registration dbtimestamp -> org.hibernate.type.DbTimestampType@5d66ae3a
2023-05-22 00:54:08.307 DEBUG 44777 --- [    Test worker] org.hibernate.type.BasicTypeRegistry     : Adding type registration calendar -> org.hibernate.type.CalendarType@ac4915e
2023-05-22 00:54:08.307 DEBUG 44777 --- [    Test worker] org.hibernate.type.BasicTypeRegistry     : Adding type registration java.util.Calendar -> org.hibernate.type.CalendarType@ac4915e
2023-05-22 00:54:08.307 DEBUG 44777 --- [    Test worker] org.hibernate.type.BasicTypeRegistry     : Adding type registration java.util.GregorianCalendar -> org.hibernate.type.CalendarType@ac4915e
2023-05-22 00:54:08.307 DEBUG 44777 --- [    Test worker] org.hibernate.type.BasicTypeRegistry     : Adding type registration calendar_date -> org.hibernate.type.CalendarDateType@69feb4d9
2023-05-22 00:54:08.308 DEBUG 44777 --- [    Test worker] org.hibernate.type.BasicTypeRegistry     : Adding type registration calendar_time -> org.hibernate.type.CalendarTimeType@3ccb12d
2023-05-22 00:54:08.309 DEBUG 44777 --- [    Test worker] org.hibernate.type.BasicTypeRegistry     : Adding type registration locale -> org.hibernate.type.LocaleType@41fc0084
2023-05-22 00:54:08.309 DEBUG 44777 --- [    Test worker] org.hibernate.type.BasicTypeRegistry     : Adding type registration java.util.Locale -> org.hibernate.type.LocaleType@41fc0084
2023-05-22 00:54:08.312 DEBUG 44777 --- [    Test worker] org.hibernate.type.BasicTypeRegistry     : Adding type registration currency -> org.hibernate.type.CurrencyType@4628a02b
2023-05-22 00:54:08.313 DEBUG 44777 --- [    Test worker] org.hibernate.type.BasicTypeRegistry     : Adding type registration java.util.Currency -> org.hibernate.type.CurrencyType@4628a02b
2023-05-22 00:54:08.318 DEBUG 44777 --- [    Test worker] org.hibernate.type.BasicTypeRegistry     : Adding type registration timezone -> org.hibernate.type.TimeZoneType@5203c80f
2023-05-22 00:54:08.319 DEBUG 44777 --- [    Test worker] org.hibernate.type.BasicTypeRegistry     : Adding type registration java.util.TimeZone -> org.hibernate.type.TimeZoneType@5203c80f
2023-05-22 00:54:08.322 DEBUG 44777 --- [    Test worker] org.hibernate.type.BasicTypeRegistry     : Adding type registration class -> org.hibernate.type.ClassType@4cae66a8
2023-05-22 00:54:08.324 DEBUG 44777 --- [    Test worker] org.hibernate.type.BasicTypeRegistry     : Adding type registration java.lang.Class -> org.hibernate.type.ClassType@4cae66a8
2023-05-22 00:54:08.329 DEBUG 44777 --- [    Test worker] org.hibernate.type.BasicTypeRegistry     : Adding type registration uuid-binary -> org.hibernate.type.UUIDBinaryType@3181d4de
2023-05-22 00:54:08.331 DEBUG 44777 --- [    Test worker] org.hibernate.type.BasicTypeRegistry     : Adding type registration java.util.UUID -> org.hibernate.type.UUIDBinaryType@3181d4de
2023-05-22 00:54:08.334 DEBUG 44777 --- [    Test worker] org.hibernate.type.BasicTypeRegistry     : Adding type registration uuid-char -> org.hibernate.type.UUIDCharType@1815577b
2023-05-22 00:54:08.342 DEBUG 44777 --- [    Test worker] org.hibernate.type.BasicTypeRegistry     : Adding type registration binary -> org.hibernate.type.BinaryType@5a7b6b75
2023-05-22 00:54:08.344 DEBUG 44777 --- [    Test worker] org.hibernate.type.BasicTypeRegistry     : Adding type registration byte[] -> org.hibernate.type.BinaryType@5a7b6b75
2023-05-22 00:54:08.345 DEBUG 44777 --- [    Test worker] org.hibernate.type.BasicTypeRegistry     : Adding type registration [B -> org.hibernate.type.BinaryType@5a7b6b75
2023-05-22 00:54:08.346 DEBUG 44777 --- [    Test worker] org.hibernate.type.BasicTypeRegistry     : Adding type registration wrapper-binary -> org.hibernate.type.WrapperBinaryType@2cae5fa7
2023-05-22 00:54:08.347 DEBUG 44777 --- [    Test worker] org.hibernate.type.BasicTypeRegistry     : Adding type registration Byte[] -> org.hibernate.type.WrapperBinaryType@2cae5fa7
2023-05-22 00:54:08.347 DEBUG 44777 --- [    Test worker] org.hibernate.type.BasicTypeRegistry     : Adding type registration [Ljava.lang.Byte; -> org.hibernate.type.WrapperBinaryType@2cae5fa7
2023-05-22 00:54:08.348 DEBUG 44777 --- [    Test worker] org.hibernate.type.BasicTypeRegistry     : Adding type registration row_version -> org.hibernate.type.RowVersionType@660b1a9d
2023-05-22 00:54:08.348 DEBUG 44777 --- [    Test worker] org.hibernate.type.BasicTypeRegistry     : Adding type registration image -> org.hibernate.type.ImageType@112c2930
2023-05-22 00:54:08.349 DEBUG 44777 --- [    Test worker] org.hibernate.type.BasicTypeRegistry     : Adding type registration characters -> org.hibernate.type.CharArrayType@beabd6b
2023-05-22 00:54:08.349 DEBUG 44777 --- [    Test worker] org.hibernate.type.BasicTypeRegistry     : Adding type registration char[] -> org.hibernate.type.CharArrayType@beabd6b
2023-05-22 00:54:08.349 DEBUG 44777 --- [    Test worker] org.hibernate.type.BasicTypeRegistry     : Adding type registration [C -> org.hibernate.type.CharArrayType@beabd6b
2023-05-22 00:54:08.350 DEBUG 44777 --- [    Test worker] org.hibernate.type.BasicTypeRegistry     : Adding type registration wrapper-characters -> org.hibernate.type.CharacterArrayType@5980fa73
2023-05-22 00:54:08.350 DEBUG 44777 --- [    Test worker] org.hibernate.type.BasicTypeRegistry     : Adding type registration [Ljava.lang.Character; -> org.hibernate.type.CharacterArrayType@5980fa73
2023-05-22 00:54:08.350 DEBUG 44777 --- [    Test worker] org.hibernate.type.BasicTypeRegistry     : Adding type registration Character[] -> org.hibernate.type.CharacterArrayType@5980fa73
2023-05-22 00:54:08.351 DEBUG 44777 --- [    Test worker] org.hibernate.type.BasicTypeRegistry     : Adding type registration text -> org.hibernate.type.TextType@1ae924f1
2023-05-22 00:54:08.351 DEBUG 44777 --- [    Test worker] org.hibernate.type.BasicTypeRegistry     : Adding type registration ntext -> org.hibernate.type.NTextType@104a287c
2023-05-22 00:54:08.353 DEBUG 44777 --- [    Test worker] org.hibernate.type.BasicTypeRegistry     : Adding type registration blob -> org.hibernate.type.BlobType@f18b738
2023-05-22 00:54:08.353 DEBUG 44777 --- [    Test worker] org.hibernate.type.BasicTypeRegistry     : Adding type registration java.sql.Blob -> org.hibernate.type.BlobType@f18b738
2023-05-22 00:54:08.353 DEBUG 44777 --- [    Test worker] org.hibernate.type.BasicTypeRegistry     : Adding type registration materialized_blob -> org.hibernate.type.MaterializedBlobType@f017dd0
2023-05-22 00:54:08.354 DEBUG 44777 --- [    Test worker] org.hibernate.type.BasicTypeRegistry     : Adding type registration clob -> org.hibernate.type.ClobType@5fd8dd66
2023-05-22 00:54:08.354 DEBUG 44777 --- [    Test worker] org.hibernate.type.BasicTypeRegistry     : Adding type registration java.sql.Clob -> org.hibernate.type.ClobType@5fd8dd66
2023-05-22 00:54:08.355 DEBUG 44777 --- [    Test worker] org.hibernate.type.BasicTypeRegistry     : Adding type registration nclob -> org.hibernate.type.NClobType@7de35070
2023-05-22 00:54:08.355 DEBUG 44777 --- [    Test worker] org.hibernate.type.BasicTypeRegistry     : Adding type registration java.sql.NClob -> org.hibernate.type.NClobType@7de35070
2023-05-22 00:54:08.356 DEBUG 44777 --- [    Test worker] org.hibernate.type.BasicTypeRegistry     : Adding type registration materialized_clob -> org.hibernate.type.MaterializedClobType@79f5a6ed
2023-05-22 00:54:08.356 DEBUG 44777 --- [    Test worker] org.hibernate.type.BasicTypeRegistry     : Adding type registration materialized_nclob -> org.hibernate.type.MaterializedNClobType@541d4d9f
2023-05-22 00:54:08.357 DEBUG 44777 --- [    Test worker] org.hibernate.type.BasicTypeRegistry     : Adding type registration serializable -> org.hibernate.type.SerializableType@643ecfef
2023-05-22 00:54:08.360 DEBUG 44777 --- [    Test worker] org.hibernate.type.BasicTypeRegistry     : Adding type registration object -> org.hibernate.type.ObjectType@63dda940
2023-05-22 00:54:08.360 DEBUG 44777 --- [    Test worker] org.hibernate.type.BasicTypeRegistry     : Adding type registration java.lang.Object -> org.hibernate.type.ObjectType@63dda940
2023-05-22 00:54:08.361 DEBUG 44777 --- [    Test worker] org.hibernate.type.BasicTypeRegistry     : Adding type registration imm_date -> org.hibernate.type.AdaptedImmutableType@7bede4ea
2023-05-22 00:54:08.361 DEBUG 44777 --- [    Test worker] org.hibernate.type.BasicTypeRegistry     : Adding type registration imm_time -> org.hibernate.type.AdaptedImmutableType@713999c2
2023-05-22 00:54:08.361 DEBUG 44777 --- [    Test worker] org.hibernate.type.BasicTypeRegistry     : Adding type registration imm_timestamp -> org.hibernate.type.AdaptedImmutableType@6060146b
2023-05-22 00:54:08.361 DEBUG 44777 --- [    Test worker] org.hibernate.type.BasicTypeRegistry     : Adding type registration imm_dbtimestamp -> org.hibernate.type.AdaptedImmutableType@33627576
2023-05-22 00:54:08.361 DEBUG 44777 --- [    Test worker] org.hibernate.type.BasicTypeRegistry     : Adding type registration imm_calendar -> org.hibernate.type.AdaptedImmutableType@27bc1d44
2023-05-22 00:54:08.361 DEBUG 44777 --- [    Test worker] org.hibernate.type.BasicTypeRegistry     : Adding type registration imm_calendar_date -> org.hibernate.type.AdaptedImmutableType@1af677f8
2023-05-22 00:54:08.361 DEBUG 44777 --- [    Test worker] org.hibernate.type.BasicTypeRegistry     : Adding type registration imm_binary -> org.hibernate.type.AdaptedImmutableType@7a55fb81
2023-05-22 00:54:08.361 DEBUG 44777 --- [    Test worker] org.hibernate.type.BasicTypeRegistry     : Adding type registration imm_serializable -> org.hibernate.type.AdaptedImmutableType@5a3cf878
2023-05-22 00:54:08.394  INFO 44777 --- [    Test worker] com.zaxxer.hikari.HikariDataSource       : HikariPool-1 - Starting...
2023-05-22 00:54:08.508  INFO 44777 --- [    Test worker] com.zaxxer.hikari.HikariDataSource       : HikariPool-1 - Start completed.
2023-05-22 00:54:08.531  INFO 44777 --- [    Test worker] org.hibernate.dialect.Dialect            : HHH000400: Using dialect: org.hibernate.dialect.MariaDB53Dialect
2023-05-22 00:54:08.563 DEBUG 44777 --- [    Test worker] o.h.type.spi.TypeConfiguration$Scope     : Scoping TypeConfiguration [org.hibernate.type.spi.TypeConfiguration@3ad847f8] to MetadataBuildingContext [org.hibernate.boot.internal.MetadataBuildingContextRootImpl@19faedcc]
2023-05-22 00:54:08.813 DEBUG 44777 --- [    Test worker] org.hibernate.type.EnumType              : Using NAMED-based conversion for Enum com.everyparking.server.data.entity.MemberStatus
2023-05-22 00:54:08.814 DEBUG 44777 --- [    Test worker] org.hibernate.type.EnumType              : Using NAMED-based conversion for Enum com.everyparking.server.data.entity.RoleType
2023-05-22 00:54:08.815 DEBUG 44777 --- [    Test worker] org.hibernate.type.EnumType              : Using NAMED-based conversion for Enum com.everyparking.server.data.entity.CarStatus
2023-05-22 00:54:08.815 DEBUG 44777 --- [    Test worker] org.hibernate.type.EnumType              : Using NAMED-based conversion for Enum com.everyparking.server.data.entity.ParkingStatus
2023-05-22 00:54:08.815 DEBUG 44777 --- [    Test worker] o.h.type.spi.TypeConfiguration$Scope     : Scoping TypeConfiguration [org.hibernate.type.spi.TypeConfiguration@3ad847f8] to SessionFactoryImpl [org.hibernate.internal.SessionFactoryImpl@4882b9a]
2023-05-22 00:54:09.160 DEBUG 44777 --- [    Test worker] org.hibernate.SQL                        : 
    
    alter table member 
       drop 
       foreign key FKsev4q8fdxwy6niycwskmklvwx
2023-05-22 00:54:09.561 DEBUG 44777 --- [    Test worker] org.hibernate.SQL                        : 
    
    alter table member 
       drop 
       foreign key FKooq37npsgnsvp2aab38uf6klb
2023-05-22 00:54:09.702 DEBUG 44777 --- [    Test worker] org.hibernate.SQL                        : 
    
    alter table message 
       drop 
       foreign key FK4msccpwmxulmw875edu7p352d
2023-05-22 00:54:09.979 DEBUG 44777 --- [    Test worker] org.hibernate.SQL                        : 
    
    alter table message 
       drop 
       foreign key FKjusoilghlrkxd2gam6ly30fdd
2023-05-22 00:54:10.790 DEBUG 44777 --- [    Test worker] org.hibernate.SQL                        : 
    
    alter table message 
       drop 
       foreign key FKeid59e86pmn4dcpuborxrk3id
2023-05-22 00:54:11.511 DEBUG 44777 --- [    Test worker] org.hibernate.SQL                        : 
    
    alter table parking_info 
       drop 
       foreign key FKjhj2r0t48s78k97qf72xpawm0
2023-05-22 00:54:12.221 DEBUG 44777 --- [    Test worker] org.hibernate.SQL                        : 
    
    alter table parking_info 
       drop 
       foreign key FKjlmlpqme43cbfesbaj3f30225
2023-05-22 00:54:12.995 DEBUG 44777 --- [    Test worker] org.hibernate.SQL                        : 
    
    alter table report 
       drop 
       foreign key FKmxlq6fpk3hfesa0qut2vh09ef
2023-05-22 00:54:14.119 DEBUG 44777 --- [    Test worker] org.hibernate.SQL                        : 
    
    alter table report 
       drop 
       foreign key FKffmfaraf2frrc09ju7dwg7ca3
2023-05-22 00:54:14.642 DEBUG 44777 --- [    Test worker] org.hibernate.SQL                        : 
    
    alter table upload_file 
       drop 
       foreign key FK8u9i9pa3m7slsihn06d7dgubp
2023-05-22 00:54:15.165 DEBUG 44777 --- [    Test worker] org.hibernate.SQL                        : 
    
    alter table upload_file 
       drop 
       foreign key FKj8idbmcr961eyi06jiubgxokg
2023-05-22 00:54:16.215 DEBUG 44777 --- [    Test worker] org.hibernate.SQL                        : 
    
    drop table if exists car
2023-05-22 00:54:16.228 DEBUG 44777 --- [    Test worker] org.hibernate.SQL                        : 
    
    drop table if exists member
2023-05-22 00:54:16.243 DEBUG 44777 --- [    Test worker] org.hibernate.SQL                        : 
    
    drop table if exists message
2023-05-22 00:54:16.258 DEBUG 44777 --- [    Test worker] org.hibernate.SQL                        : 
    
    drop table if exists parking_info
2023-05-22 00:54:16.274 DEBUG 44777 --- [    Test worker] org.hibernate.SQL                        : 
    
    drop table if exists parking_lot
2023-05-22 00:54:16.290 DEBUG 44777 --- [    Test worker] org.hibernate.SQL                        : 
    
    drop table if exists report
2023-05-22 00:54:16.305 DEBUG 44777 --- [    Test worker] org.hibernate.SQL                        : 
    
    drop table if exists upload_file
2023-05-22 00:54:16.742 DEBUG 44777 --- [    Test worker] org.hibernate.SQL                        : 
    
    create table car (
       car_id bigint not null auto_increment,
        created_time datetime(6),
        last_modified_time datetime(6),
        is_enter bit not null,
        parking_lot_id integer not null,
        car_number varchar(255),
        car_status varchar(255),
        model_name varchar(255),
        primary key (car_id)
    ) engine=InnoDB
2023-05-22 00:54:17.265 DEBUG 44777 --- [    Test worker] org.hibernate.SQL                        : 
    
    create table member (
       member_id bigint not null auto_increment,
        created_time datetime(6),
        last_modified_time datetime(6),
        member_status varchar(255),
        password varchar(255),
        role_type varchar(255),
        student_id integer not null,
        user_id varchar(255),
        email varchar(255),
        phone_number integer not null,
        user_name varchar(255),
        car_id bigint,
        parking_info_id bigint,
        primary key (member_id)
    ) engine=InnoDB
2023-05-22 00:54:17.305 DEBUG 44777 --- [    Test worker] org.hibernate.SQL                        : 
    
    create table message (
       message_id bigint not null auto_increment,
        created_time datetime(6),
        last_modified_time datetime(6),
        details varchar(255),
        member_id bigint,
        sender_member_id bigint,
        primary key (message_id)
    ) engine=InnoDB
2023-05-22 00:54:17.788 DEBUG 44777 --- [    Test worker] org.hibernate.SQL                        : 
    
    create table parking_info (
       parking_info_id bigint not null auto_increment,
        created_time datetime(6),
        last_modified_time datetime(6),
        parking_id integer not null,
        parking_status varchar(255),
        car_id bigint,
        parking_lot_id bigint,
        primary key (parking_info_id)
    ) engine=InnoDB
2023-05-22 00:54:17.810 DEBUG 44777 --- [    Test worker] org.hibernate.SQL                        : 
    
    create table parking_lot (
       parking_lot_id bigint not null auto_increment,
        created_time datetime(6),
        last_modified_time datetime(6),
        available integer not null,
        name varchar(255),
        total integer not null,
        used integer not null,
        primary key (parking_lot_id)
    ) engine=InnoDB
2023-05-22 00:54:18.312 DEBUG 44777 --- [    Test worker] org.hibernate.SQL                        : 
    
    create table report (
       report_id bigint not null auto_increment,
        created_time datetime(6),
        last_modified_time datetime(6),
        contents varchar(255),
        title varchar(255),
        member_member_id bigint,
        primary key (report_id)
    ) engine=InnoDB
2023-05-22 00:54:18.334 DEBUG 44777 --- [    Test worker] org.hibernate.SQL                        : 
    
    create table upload_file (
       image_id bigint not null auto_increment,
        created_time datetime(6),
        last_modified_time datetime(6),
        store_file_name varchar(255),
        upload_file_name varchar(255),
        report_report_id bigint,
        primary key (image_id)
    ) engine=InnoDB
2023-05-22 00:54:18.836 DEBUG 44777 --- [    Test worker] org.hibernate.SQL                        : 
    
    alter table member 
       add constraint FKsev4q8fdxwy6niycwskmklvwx 
       foreign key (car_id) 
       references car (car_id)
2023-05-22 00:54:18.875 DEBUG 44777 --- [    Test worker] org.hibernate.SQL                        : 
    
    alter table member 
       add constraint FKooq37npsgnsvp2aab38uf6klb 
       foreign key (parking_info_id) 
       references parking_info (parking_info_id)
2023-05-22 00:54:19.886 DEBUG 44777 --- [    Test worker] org.hibernate.SQL                        : 
    
    alter table message 
       add constraint FK4msccpwmxulmw875edu7p352d 
       foreign key (member_id) 
       references member (member_id)
2023-05-22 00:54:19.921 DEBUG 44777 --- [    Test worker] org.hibernate.SQL                        : 
    
    alter table message 
       add constraint FKjusoilghlrkxd2gam6ly30fdd 
       foreign key (sender_member_id) 
       references member (member_id)
2023-05-22 00:54:20.933 DEBUG 44777 --- [    Test worker] org.hibernate.SQL                        : 
    
    alter table message 
       add constraint FKeid59e86pmn4dcpuborxrk3id 
       foreign key (message_id) 
       references member (member_id)
2023-05-22 00:54:21.006 DEBUG 44777 --- [    Test worker] org.hibernate.SQL                        : 
    
    alter table parking_info 
       add constraint FKjhj2r0t48s78k97qf72xpawm0 
       foreign key (car_id) 
       references car (car_id)
2023-05-22 00:54:21.789 DEBUG 44777 --- [    Test worker] org.hibernate.SQL                        : 
    
    alter table parking_info 
       add constraint FKjlmlpqme43cbfesbaj3f30225 
       foreign key (parking_lot_id) 
       references parking_lot (parking_lot_id)
2023-05-22 00:54:22.505 DEBUG 44777 --- [    Test worker] org.hibernate.SQL                        : 
    
    alter table report 
       add constraint FKmxlq6fpk3hfesa0qut2vh09ef 
       foreign key (member_member_id) 
       references member (member_id)
2023-05-22 00:54:23.044 DEBUG 44777 --- [    Test worker] org.hibernate.SQL                        : 
    
    alter table report 
       add constraint FKffmfaraf2frrc09ju7dwg7ca3 
       foreign key (report_id) 
       references member (member_id)
2023-05-22 00:54:23.886 DEBUG 44777 --- [    Test worker] org.hibernate.SQL                        : 
    
    alter table upload_file 
       add constraint FK8u9i9pa3m7slsihn06d7dgubp 
       foreign key (report_report_id) 
       references report (report_id)
2023-05-22 00:54:24.411 DEBUG 44777 --- [    Test worker] org.hibernate.SQL                        : 
    
    alter table upload_file 
       add constraint FKj8idbmcr961eyi06jiubgxokg 
       foreign key (image_id) 
       references report (report_id)
2023-05-22 00:54:24.950  INFO 44777 --- [    Test worker] o.h.e.t.j.p.i.JtaPlatformInitiator       : HHH000490: Using JtaPlatform implementation: [org.hibernate.engine.transaction.jta.platform.internal.NoJtaPlatform]
2023-05-22 00:54:24.958 TRACE 44777 --- [    Test worker] o.h.type.spi.TypeConfiguration$Scope     : Handling #sessionFactoryCreated from [org.hibernate.internal.SessionFactoryImpl@4882b9a] for TypeConfiguration
2023-05-22 00:54:24.959  INFO 44777 --- [    Test worker] j.LocalContainerEntityManagerFactoryBean : Initialized JPA EntityManagerFactory for persistence unit 'default'
2023-05-22 00:54:25.555 DEBUG 44777 --- [    Test worker] org.hibernate.SQL                        : 
    insert 
    into
        member
        (created_time, last_modified_time, car_id, member_status, parking_info_id, password, role_type, student_id, user_id, email, phone_number, user_name) 
    values
        (?, ?, ?, ?, ?, ?, ?, ?, ?, ?, ?, ?)
2023-05-22 00:54:25.562 TRACE 44777 --- [    Test worker] o.h.type.descriptor.sql.BasicBinder      : binding parameter [1] as [TIMESTAMP] - [2023-05-22T00:54:25.526293]
2023-05-22 00:54:25.562 TRACE 44777 --- [    Test worker] o.h.type.descriptor.sql.BasicBinder      : binding parameter [2] as [TIMESTAMP] - [null]
2023-05-22 00:54:25.563 TRACE 44777 --- [    Test worker] o.h.type.descriptor.sql.BasicBinder      : binding parameter [3] as [BIGINT] - [null]
2023-05-22 00:54:25.563 TRACE 44777 --- [    Test worker] o.h.type.descriptor.sql.BasicBinder      : binding parameter [4] as [VARCHAR] - [DEFAULT]
2023-05-22 00:54:25.563 TRACE 44777 --- [    Test worker] o.h.type.descriptor.sql.BasicBinder      : binding parameter [5] as [BIGINT] - [null]
2023-05-22 00:54:25.563 TRACE 44777 --- [    Test worker] o.h.type.descriptor.sql.BasicBinder      : binding parameter [6] as [VARCHAR] - [1234]
2023-05-22 00:54:25.563 TRACE 44777 --- [    Test worker] o.h.type.descriptor.sql.BasicBinder      : binding parameter [7] as [VARCHAR] - [ADMIN]
2023-05-22 00:54:25.563 TRACE 44777 --- [    Test worker] o.h.type.descriptor.sql.BasicBinder      : binding parameter [8] as [INTEGER] - [0]
2023-05-22 00:54:25.564 TRACE 44777 --- [    Test worker] o.h.type.descriptor.sql.BasicBinder      : binding parameter [9] as [VARCHAR] - [admin]
2023-05-22 00:54:25.564 TRACE 44777 --- [    Test worker] o.h.type.descriptor.sql.BasicBinder      : binding parameter [10] as [VARCHAR] - [admin@a.com]
2023-05-22 00:54:25.564 TRACE 44777 --- [    Test worker] o.h.type.descriptor.sql.BasicBinder      : binding parameter [11] as [INTEGER] - [12341234]
2023-05-22 00:54:25.564 TRACE 44777 --- [    Test worker] o.h.type.descriptor.sql.BasicBinder      : binding parameter [12] as [VARCHAR] - [관리자]
2023-05-22 00:54:25.620 DEBUG 44777 --- [    Test worker] org.hibernate.SQL                        : 
    insert 
    into
        parking_lot
        (created_time, last_modified_time, available, name, total, used) 
    values
        (?, ?, ?, ?, ?, ?)
2023-05-22 00:54:25.621 TRACE 44777 --- [    Test worker] o.h.type.descriptor.sql.BasicBinder      : binding parameter [1] as [TIMESTAMP] - [2023-05-22T00:54:25.618278]
2023-05-22 00:54:25.621 TRACE 44777 --- [    Test worker] o.h.type.descriptor.sql.BasicBinder      : binding parameter [2] as [TIMESTAMP] - [null]
2023-05-22 00:54:25.621 TRACE 44777 --- [    Test worker] o.h.type.descriptor.sql.BasicBinder      : binding parameter [3] as [INTEGER] - [20]
2023-05-22 00:54:25.621 TRACE 44777 --- [    Test worker] o.h.type.descriptor.sql.BasicBinder      : binding parameter [4] as [VARCHAR] - [테스트]
2023-05-22 00:54:25.621 TRACE 44777 --- [    Test worker] o.h.type.descriptor.sql.BasicBinder      : binding parameter [5] as [INTEGER] - [20]
2023-05-22 00:54:25.621 TRACE 44777 --- [    Test worker] o.h.type.descriptor.sql.BasicBinder      : binding parameter [6] as [INTEGER] - [0]
2023-05-22 00:54:25.666 DEBUG 44777 --- [    Test worker] org.hibernate.SQL                        : 
    insert 
    into
        parking_info
        (created_time, last_modified_time, car_id, parking_id, parking_lot_id, parking_status) 
    values
        (?, ?, ?, ?, ?, ?)
2023-05-22 00:54:25.666 TRACE 44777 --- [    Test worker] o.h.type.descriptor.sql.BasicBinder      : binding parameter [1] as [TIMESTAMP] - [2023-05-22T00:54:25.664189]
2023-05-22 00:54:25.667 TRACE 44777 --- [    Test worker] o.h.type.descriptor.sql.BasicBinder      : binding parameter [2] as [TIMESTAMP] - [null]
2023-05-22 00:54:25.667 TRACE 44777 --- [    Test worker] o.h.type.descriptor.sql.BasicBinder      : binding parameter [3] as [BIGINT] - [null]
2023-05-22 00:54:25.667 TRACE 44777 --- [    Test worker] o.h.type.descriptor.sql.BasicBinder      : binding parameter [4] as [INTEGER] - [1]
2023-05-22 00:54:25.667 TRACE 44777 --- [    Test worker] o.h.type.descriptor.sql.BasicBinder      : binding parameter [5] as [BIGINT] - [1]
2023-05-22 00:54:25.667 TRACE 44777 --- [    Test worker] o.h.type.descriptor.sql.BasicBinder      : binding parameter [6] as [VARCHAR] - [AVAILABLE]
2023-05-22 00:54:25.714 DEBUG 44777 --- [    Test worker] org.hibernate.SQL                        : 
    insert 
    into
        parking_info
        (created_time, last_modified_time, car_id, parking_id, parking_lot_id, parking_status) 
    values
        (?, ?, ?, ?, ?, ?)
2023-05-22 00:54:25.714 TRACE 44777 --- [    Test worker] o.h.type.descriptor.sql.BasicBinder      : binding parameter [1] as [TIMESTAMP] - [2023-05-22T00:54:25.713823]
2023-05-22 00:54:25.714 TRACE 44777 --- [    Test worker] o.h.type.descriptor.sql.BasicBinder      : binding parameter [2] as [TIMESTAMP] - [null]
2023-05-22 00:54:25.714 TRACE 44777 --- [    Test worker] o.h.type.descriptor.sql.BasicBinder      : binding parameter [3] as [BIGINT] - [null]
2023-05-22 00:54:25.714 TRACE 44777 --- [    Test worker] o.h.type.descriptor.sql.BasicBinder      : binding parameter [4] as [INTEGER] - [2]
2023-05-22 00:54:25.715 TRACE 44777 --- [    Test worker] o.h.type.descriptor.sql.BasicBinder      : binding parameter [5] as [BIGINT] - [1]
2023-05-22 00:54:25.715 TRACE 44777 --- [    Test worker] o.h.type.descriptor.sql.BasicBinder      : binding parameter [6] as [VARCHAR] - [AVAILABLE]
2023-05-22 00:54:25.758 DEBUG 44777 --- [    Test worker] org.hibernate.SQL                        : 
    insert 
    into
        parking_info
        (created_time, last_modified_time, car_id, parking_id, parking_lot_id, parking_status) 
    values
        (?, ?, ?, ?, ?, ?)
2023-05-22 00:54:25.759 TRACE 44777 --- [    Test worker] o.h.type.descriptor.sql.BasicBinder      : binding parameter [1] as [TIMESTAMP] - [2023-05-22T00:54:25.758323]
2023-05-22 00:54:25.759 TRACE 44777 --- [    Test worker] o.h.type.descriptor.sql.BasicBinder      : binding parameter [2] as [TIMESTAMP] - [null]
2023-05-22 00:54:25.759 TRACE 44777 --- [    Test worker] o.h.type.descriptor.sql.BasicBinder      : binding parameter [3] as [BIGINT] - [null]
2023-05-22 00:54:25.759 TRACE 44777 --- [    Test worker] o.h.type.descriptor.sql.BasicBinder      : binding parameter [4] as [INTEGER] - [3]
2023-05-22 00:54:25.759 TRACE 44777 --- [    Test worker] o.h.type.descriptor.sql.BasicBinder      : binding parameter [5] as [BIGINT] - [1]
2023-05-22 00:54:25.759 TRACE 44777 --- [    Test worker] o.h.type.descriptor.sql.BasicBinder      : binding parameter [6] as [VARCHAR] - [AVAILABLE]
2023-05-22 00:54:26.014 DEBUG 44777 --- [    Test worker] org.hibernate.SQL                        : 
    insert 
    into
        parking_info
        (created_time, last_modified_time, car_id, parking_id, parking_lot_id, parking_status) 
    values
        (?, ?, ?, ?, ?, ?)
2023-05-22 00:54:26.014 TRACE 44777 --- [    Test worker] o.h.type.descriptor.sql.BasicBinder      : binding parameter [1] as [TIMESTAMP] - [2023-05-22T00:54:26.013607]
2023-05-22 00:54:26.014 TRACE 44777 --- [    Test worker] o.h.type.descriptor.sql.BasicBinder      : binding parameter [2] as [TIMESTAMP] - [null]
2023-05-22 00:54:26.014 TRACE 44777 --- [    Test worker] o.h.type.descriptor.sql.BasicBinder      : binding parameter [3] as [BIGINT] - [null]
2023-05-22 00:54:26.014 TRACE 44777 --- [    Test worker] o.h.type.descriptor.sql.BasicBinder      : binding parameter [4] as [INTEGER] - [4]
2023-05-22 00:54:26.014 TRACE 44777 --- [    Test worker] o.h.type.descriptor.sql.BasicBinder      : binding parameter [5] as [BIGINT] - [1]
2023-05-22 00:54:26.014 TRACE 44777 --- [    Test worker] o.h.type.descriptor.sql.BasicBinder      : binding parameter [6] as [VARCHAR] - [AVAILABLE]
2023-05-22 00:54:26.056 DEBUG 44777 --- [    Test worker] org.hibernate.SQL                        : 
    insert 
    into
        parking_info
        (created_time, last_modified_time, car_id, parking_id, parking_lot_id, parking_status) 
    values
        (?, ?, ?, ?, ?, ?)
2023-05-22 00:54:26.056 TRACE 44777 --- [    Test worker] o.h.type.descriptor.sql.BasicBinder      : binding parameter [1] as [TIMESTAMP] - [2023-05-22T00:54:26.055770]
2023-05-22 00:54:26.056 TRACE 44777 --- [    Test worker] o.h.type.descriptor.sql.BasicBinder      : binding parameter [2] as [TIMESTAMP] - [null]
2023-05-22 00:54:26.056 TRACE 44777 --- [    Test worker] o.h.type.descriptor.sql.BasicBinder      : binding parameter [3] as [BIGINT] - [null]
2023-05-22 00:54:26.057 TRACE 44777 --- [    Test worker] o.h.type.descriptor.sql.BasicBinder      : binding parameter [4] as [INTEGER] - [5]
2023-05-22 00:54:26.057 TRACE 44777 --- [    Test worker] o.h.type.descriptor.sql.BasicBinder      : binding parameter [5] as [BIGINT] - [1]
2023-05-22 00:54:26.057 TRACE 44777 --- [    Test worker] o.h.type.descriptor.sql.BasicBinder      : binding parameter [6] as [VARCHAR] - [AVAILABLE]
2023-05-22 00:54:26.098 DEBUG 44777 --- [    Test worker] org.hibernate.SQL                        : 
    insert 
    into
        parking_info
        (created_time, last_modified_time, car_id, parking_id, parking_lot_id, parking_status) 
    values
        (?, ?, ?, ?, ?, ?)
2023-05-22 00:54:26.098 TRACE 44777 --- [    Test worker] o.h.type.descriptor.sql.BasicBinder      : binding parameter [1] as [TIMESTAMP] - [2023-05-22T00:54:26.097748]
2023-05-22 00:54:26.099 TRACE 44777 --- [    Test worker] o.h.type.descriptor.sql.BasicBinder      : binding parameter [2] as [TIMESTAMP] - [null]
2023-05-22 00:54:26.099 TRACE 44777 --- [    Test worker] o.h.type.descriptor.sql.BasicBinder      : binding parameter [3] as [BIGINT] - [null]
2023-05-22 00:54:26.099 TRACE 44777 --- [    Test worker] o.h.type.descriptor.sql.BasicBinder      : binding parameter [4] as [INTEGER] - [6]
2023-05-22 00:54:26.099 TRACE 44777 --- [    Test worker] o.h.type.descriptor.sql.BasicBinder      : binding parameter [5] as [BIGINT] - [1]
2023-05-22 00:54:26.099 TRACE 44777 --- [    Test worker] o.h.type.descriptor.sql.BasicBinder      : binding parameter [6] as [VARCHAR] - [AVAILABLE]
2023-05-22 00:54:26.154 DEBUG 44777 --- [    Test worker] org.hibernate.SQL                        : 
    insert 
    into
        parking_info
        (created_time, last_modified_time, car_id, parking_id, parking_lot_id, parking_status) 
    values
        (?, ?, ?, ?, ?, ?)
2023-05-22 00:54:26.155 TRACE 44777 --- [    Test worker] o.h.type.descriptor.sql.BasicBinder      : binding parameter [1] as [TIMESTAMP] - [2023-05-22T00:54:26.154402]
2023-05-22 00:54:26.155 TRACE 44777 --- [    Test worker] o.h.type.descriptor.sql.BasicBinder      : binding parameter [2] as [TIMESTAMP] - [null]
2023-05-22 00:54:26.155 TRACE 44777 --- [    Test worker] o.h.type.descriptor.sql.BasicBinder      : binding parameter [3] as [BIGINT] - [null]
2023-05-22 00:54:26.155 TRACE 44777 --- [    Test worker] o.h.type.descriptor.sql.BasicBinder      : binding parameter [4] as [INTEGER] - [7]
2023-05-22 00:54:26.155 TRACE 44777 --- [    Test worker] o.h.type.descriptor.sql.BasicBinder      : binding parameter [5] as [BIGINT] - [1]
2023-05-22 00:54:26.155 TRACE 44777 --- [    Test worker] o.h.type.descriptor.sql.BasicBinder      : binding parameter [6] as [VARCHAR] - [AVAILABLE]
2023-05-22 00:54:26.194 DEBUG 44777 --- [    Test worker] org.hibernate.SQL                        : 
    insert 
    into
        parking_info
        (created_time, last_modified_time, car_id, parking_id, parking_lot_id, parking_status) 
    values
        (?, ?, ?, ?, ?, ?)
2023-05-22 00:54:26.194 TRACE 44777 --- [    Test worker] o.h.type.descriptor.sql.BasicBinder      : binding parameter [1] as [TIMESTAMP] - [2023-05-22T00:54:26.193793]
2023-05-22 00:54:26.194 TRACE 44777 --- [    Test worker] o.h.type.descriptor.sql.BasicBinder      : binding parameter [2] as [TIMESTAMP] - [null]
2023-05-22 00:54:26.195 TRACE 44777 --- [    Test worker] o.h.type.descriptor.sql.BasicBinder      : binding parameter [3] as [BIGINT] - [null]
2023-05-22 00:54:26.195 TRACE 44777 --- [    Test worker] o.h.type.descriptor.sql.BasicBinder      : binding parameter [4] as [INTEGER] - [8]
2023-05-22 00:54:26.195 TRACE 44777 --- [    Test worker] o.h.type.descriptor.sql.BasicBinder      : binding parameter [5] as [BIGINT] - [1]
2023-05-22 00:54:26.195 TRACE 44777 --- [    Test worker] o.h.type.descriptor.sql.BasicBinder      : binding parameter [6] as [VARCHAR] - [AVAILABLE]
2023-05-22 00:54:26.241 DEBUG 44777 --- [    Test worker] org.hibernate.SQL                        : 
    insert 
    into
        parking_info
        (created_time, last_modified_time, car_id, parking_id, parking_lot_id, parking_status) 
    values
        (?, ?, ?, ?, ?, ?)
2023-05-22 00:54:26.242 TRACE 44777 --- [    Test worker] o.h.type.descriptor.sql.BasicBinder      : binding parameter [1] as [TIMESTAMP] - [2023-05-22T00:54:26.239403]
2023-05-22 00:54:26.243 TRACE 44777 --- [    Test worker] o.h.type.descriptor.sql.BasicBinder      : binding parameter [2] as [TIMESTAMP] - [null]
2023-05-22 00:54:26.244 TRACE 44777 --- [    Test worker] o.h.type.descriptor.sql.BasicBinder      : binding parameter [3] as [BIGINT] - [null]
2023-05-22 00:54:26.244 TRACE 44777 --- [    Test worker] o.h.type.descriptor.sql.BasicBinder      : binding parameter [4] as [INTEGER] - [9]
2023-05-22 00:54:26.245 TRACE 44777 --- [    Test worker] o.h.type.descriptor.sql.BasicBinder      : binding parameter [5] as [BIGINT] - [1]
2023-05-22 00:54:26.246 TRACE 44777 --- [    Test worker] o.h.type.descriptor.sql.BasicBinder      : binding parameter [6] as [VARCHAR] - [AVAILABLE]
2023-05-22 00:54:26.396 DEBUG 44777 --- [    Test worker] org.hibernate.SQL                        : 
    insert 
    into
        parking_info
        (created_time, last_modified_time, car_id, parking_id, parking_lot_id, parking_status) 
    values
        (?, ?, ?, ?, ?, ?)
2023-05-22 00:54:26.396 TRACE 44777 --- [    Test worker] o.h.type.descriptor.sql.BasicBinder      : binding parameter [1] as [TIMESTAMP] - [2023-05-22T00:54:26.395702]
2023-05-22 00:54:26.396 TRACE 44777 --- [    Test worker] o.h.type.descriptor.sql.BasicBinder      : binding parameter [2] as [TIMESTAMP] - [null]
2023-05-22 00:54:26.396 TRACE 44777 --- [    Test worker] o.h.type.descriptor.sql.BasicBinder      : binding parameter [3] as [BIGINT] - [null]
2023-05-22 00:54:26.396 TRACE 44777 --- [    Test worker] o.h.type.descriptor.sql.BasicBinder      : binding parameter [4] as [INTEGER] - [10]
2023-05-22 00:54:26.396 TRACE 44777 --- [    Test worker] o.h.type.descriptor.sql.BasicBinder      : binding parameter [5] as [BIGINT] - [1]
2023-05-22 00:54:26.397 TRACE 44777 --- [    Test worker] o.h.type.descriptor.sql.BasicBinder      : binding parameter [6] as [VARCHAR] - [AVAILABLE]
2023-05-22 00:54:26.528 DEBUG 44777 --- [    Test worker] org.hibernate.SQL                        : 
    insert 
    into
        parking_info
        (created_time, last_modified_time, car_id, parking_id, parking_lot_id, parking_status) 
    values
        (?, ?, ?, ?, ?, ?)
2023-05-22 00:54:26.529 TRACE 44777 --- [    Test worker] o.h.type.descriptor.sql.BasicBinder      : binding parameter [1] as [TIMESTAMP] - [2023-05-22T00:54:26.528626]
2023-05-22 00:54:26.529 TRACE 44777 --- [    Test worker] o.h.type.descriptor.sql.BasicBinder      : binding parameter [2] as [TIMESTAMP] - [null]
2023-05-22 00:54:26.529 TRACE 44777 --- [    Test worker] o.h.type.descriptor.sql.BasicBinder      : binding parameter [3] as [BIGINT] - [null]
2023-05-22 00:54:26.529 TRACE 44777 --- [    Test worker] o.h.type.descriptor.sql.BasicBinder      : binding parameter [4] as [INTEGER] - [11]
2023-05-22 00:54:26.529 TRACE 44777 --- [    Test worker] o.h.type.descriptor.sql.BasicBinder      : binding parameter [5] as [BIGINT] - [1]
2023-05-22 00:54:26.529 TRACE 44777 --- [    Test worker] o.h.type.descriptor.sql.BasicBinder      : binding parameter [6] as [VARCHAR] - [AVAILABLE]
2023-05-22 00:54:26.574 DEBUG 44777 --- [    Test worker] org.hibernate.SQL                        : 
    insert 
    into
        parking_info
        (created_time, last_modified_time, car_id, parking_id, parking_lot_id, parking_status) 
    values
        (?, ?, ?, ?, ?, ?)
2023-05-22 00:54:26.575 TRACE 44777 --- [    Test worker] o.h.type.descriptor.sql.BasicBinder      : binding parameter [1] as [TIMESTAMP] - [2023-05-22T00:54:26.574296]
2023-05-22 00:54:26.575 TRACE 44777 --- [    Test worker] o.h.type.descriptor.sql.BasicBinder      : binding parameter [2] as [TIMESTAMP] - [null]
2023-05-22 00:54:26.575 TRACE 44777 --- [    Test worker] o.h.type.descriptor.sql.BasicBinder      : binding parameter [3] as [BIGINT] - [null]
2023-05-22 00:54:26.575 TRACE 44777 --- [    Test worker] o.h.type.descriptor.sql.BasicBinder      : binding parameter [4] as [INTEGER] - [12]
2023-05-22 00:54:26.575 TRACE 44777 --- [    Test worker] o.h.type.descriptor.sql.BasicBinder      : binding parameter [5] as [BIGINT] - [1]
2023-05-22 00:54:26.575 TRACE 44777 --- [    Test worker] o.h.type.descriptor.sql.BasicBinder      : binding parameter [6] as [VARCHAR] - [AVAILABLE]
2023-05-22 00:54:26.633 DEBUG 44777 --- [    Test worker] org.hibernate.SQL                        : 
    insert 
    into
        parking_info
        (created_time, last_modified_time, car_id, parking_id, parking_lot_id, parking_status) 
    values
        (?, ?, ?, ?, ?, ?)
2023-05-22 00:54:26.633 TRACE 44777 --- [    Test worker] o.h.type.descriptor.sql.BasicBinder      : binding parameter [1] as [TIMESTAMP] - [2023-05-22T00:54:26.633156]
2023-05-22 00:54:26.633 TRACE 44777 --- [    Test worker] o.h.type.descriptor.sql.BasicBinder      : binding parameter [2] as [TIMESTAMP] - [null]
2023-05-22 00:54:26.633 TRACE 44777 --- [    Test worker] o.h.type.descriptor.sql.BasicBinder      : binding parameter [3] as [BIGINT] - [null]
2023-05-22 00:54:26.634 TRACE 44777 --- [    Test worker] o.h.type.descriptor.sql.BasicBinder      : binding parameter [4] as [INTEGER] - [13]
2023-05-22 00:54:26.634 TRACE 44777 --- [    Test worker] o.h.type.descriptor.sql.BasicBinder      : binding parameter [5] as [BIGINT] - [1]
2023-05-22 00:54:26.634 TRACE 44777 --- [    Test worker] o.h.type.descriptor.sql.BasicBinder      : binding parameter [6] as [VARCHAR] - [AVAILABLE]
2023-05-22 00:54:26.673 DEBUG 44777 --- [    Test worker] org.hibernate.SQL                        : 
    insert 
    into
        parking_info
        (created_time, last_modified_time, car_id, parking_id, parking_lot_id, parking_status) 
    values
        (?, ?, ?, ?, ?, ?)
2023-05-22 00:54:26.674 TRACE 44777 --- [    Test worker] o.h.type.descriptor.sql.BasicBinder      : binding parameter [1] as [TIMESTAMP] - [2023-05-22T00:54:26.673394]
2023-05-22 00:54:26.674 TRACE 44777 --- [    Test worker] o.h.type.descriptor.sql.BasicBinder      : binding parameter [2] as [TIMESTAMP] - [null]
2023-05-22 00:54:26.674 TRACE 44777 --- [    Test worker] o.h.type.descriptor.sql.BasicBinder      : binding parameter [3] as [BIGINT] - [null]
2023-05-22 00:54:26.674 TRACE 44777 --- [    Test worker] o.h.type.descriptor.sql.BasicBinder      : binding parameter [4] as [INTEGER] - [14]
2023-05-22 00:54:26.674 TRACE 44777 --- [    Test worker] o.h.type.descriptor.sql.BasicBinder      : binding parameter [5] as [BIGINT] - [1]
2023-05-22 00:54:26.674 TRACE 44777 --- [    Test worker] o.h.type.descriptor.sql.BasicBinder      : binding parameter [6] as [VARCHAR] - [AVAILABLE]
2023-05-22 00:54:26.713 DEBUG 44777 --- [    Test worker] org.hibernate.SQL                        : 
    insert 
    into
        parking_info
        (created_time, last_modified_time, car_id, parking_id, parking_lot_id, parking_status) 
    values
        (?, ?, ?, ?, ?, ?)
2023-05-22 00:54:26.713 TRACE 44777 --- [    Test worker] o.h.type.descriptor.sql.BasicBinder      : binding parameter [1] as [TIMESTAMP] - [2023-05-22T00:54:26.713015]
2023-05-22 00:54:26.713 TRACE 44777 --- [    Test worker] o.h.type.descriptor.sql.BasicBinder      : binding parameter [2] as [TIMESTAMP] - [null]
2023-05-22 00:54:26.713 TRACE 44777 --- [    Test worker] o.h.type.descriptor.sql.BasicBinder      : binding parameter [3] as [BIGINT] - [null]
2023-05-22 00:54:26.713 TRACE 44777 --- [    Test worker] o.h.type.descriptor.sql.BasicBinder      : binding parameter [4] as [INTEGER] - [15]
2023-05-22 00:54:26.714 TRACE 44777 --- [    Test worker] o.h.type.descriptor.sql.BasicBinder      : binding parameter [5] as [BIGINT] - [1]
2023-05-22 00:54:26.714 TRACE 44777 --- [    Test worker] o.h.type.descriptor.sql.BasicBinder      : binding parameter [6] as [VARCHAR] - [AVAILABLE]
2023-05-22 00:54:26.753 DEBUG 44777 --- [    Test worker] org.hibernate.SQL                        : 
    insert 
    into
        parking_info
        (created_time, last_modified_time, car_id, parking_id, parking_lot_id, parking_status) 
    values
        (?, ?, ?, ?, ?, ?)
2023-05-22 00:54:26.753 TRACE 44777 --- [    Test worker] o.h.type.descriptor.sql.BasicBinder      : binding parameter [1] as [TIMESTAMP] - [2023-05-22T00:54:26.752634]
2023-05-22 00:54:26.753 TRACE 44777 --- [    Test worker] o.h.type.descriptor.sql.BasicBinder      : binding parameter [2] as [TIMESTAMP] - [null]
2023-05-22 00:54:26.753 TRACE 44777 --- [    Test worker] o.h.type.descriptor.sql.BasicBinder      : binding parameter [3] as [BIGINT] - [null]
2023-05-22 00:54:26.753 TRACE 44777 --- [    Test worker] o.h.type.descriptor.sql.BasicBinder      : binding parameter [4] as [INTEGER] - [16]
2023-05-22 00:54:26.753 TRACE 44777 --- [    Test worker] o.h.type.descriptor.sql.BasicBinder      : binding parameter [5] as [BIGINT] - [1]
2023-05-22 00:54:26.754 TRACE 44777 --- [    Test worker] o.h.type.descriptor.sql.BasicBinder      : binding parameter [6] as [VARCHAR] - [AVAILABLE]
2023-05-22 00:54:26.793 DEBUG 44777 --- [    Test worker] org.hibernate.SQL                        : 
    insert 
    into
        parking_info
        (created_time, last_modified_time, car_id, parking_id, parking_lot_id, parking_status) 
    values
        (?, ?, ?, ?, ?, ?)
2023-05-22 00:54:26.793 TRACE 44777 --- [    Test worker] o.h.type.descriptor.sql.BasicBinder      : binding parameter [1] as [TIMESTAMP] - [2023-05-22T00:54:26.792695]
2023-05-22 00:54:26.793 TRACE 44777 --- [    Test worker] o.h.type.descriptor.sql.BasicBinder      : binding parameter [2] as [TIMESTAMP] - [null]
2023-05-22 00:54:26.793 TRACE 44777 --- [    Test worker] o.h.type.descriptor.sql.BasicBinder      : binding parameter [3] as [BIGINT] - [null]
2023-05-22 00:54:26.793 TRACE 44777 --- [    Test worker] o.h.type.descriptor.sql.BasicBinder      : binding parameter [4] as [INTEGER] - [17]
2023-05-22 00:54:26.793 TRACE 44777 --- [    Test worker] o.h.type.descriptor.sql.BasicBinder      : binding parameter [5] as [BIGINT] - [1]
2023-05-22 00:54:26.793 TRACE 44777 --- [    Test worker] o.h.type.descriptor.sql.BasicBinder      : binding parameter [6] as [VARCHAR] - [AVAILABLE]
2023-05-22 00:54:27.074 DEBUG 44777 --- [    Test worker] org.hibernate.SQL                        : 
    insert 
    into
        parking_info
        (created_time, last_modified_time, car_id, parking_id, parking_lot_id, parking_status) 
    values
        (?, ?, ?, ?, ?, ?)
2023-05-22 00:54:27.074 TRACE 44777 --- [    Test worker] o.h.type.descriptor.sql.BasicBinder      : binding parameter [1] as [TIMESTAMP] - [2023-05-22T00:54:27.073615]
2023-05-22 00:54:27.074 TRACE 44777 --- [    Test worker] o.h.type.descriptor.sql.BasicBinder      : binding parameter [2] as [TIMESTAMP] - [null]
2023-05-22 00:54:27.074 TRACE 44777 --- [    Test worker] o.h.type.descriptor.sql.BasicBinder      : binding parameter [3] as [BIGINT] - [null]
2023-05-22 00:54:27.074 TRACE 44777 --- [    Test worker] o.h.type.descriptor.sql.BasicBinder      : binding parameter [4] as [INTEGER] - [18]
2023-05-22 00:54:27.074 TRACE 44777 --- [    Test worker] o.h.type.descriptor.sql.BasicBinder      : binding parameter [5] as [BIGINT] - [1]
2023-05-22 00:54:27.075 TRACE 44777 --- [    Test worker] o.h.type.descriptor.sql.BasicBinder      : binding parameter [6] as [VARCHAR] - [AVAILABLE]
2023-05-22 00:54:27.116 DEBUG 44777 --- [    Test worker] org.hibernate.SQL                        : 
    insert 
    into
        parking_info
        (created_time, last_modified_time, car_id, parking_id, parking_lot_id, parking_status) 
    values
        (?, ?, ?, ?, ?, ?)
2023-05-22 00:54:27.117 TRACE 44777 --- [    Test worker] o.h.type.descriptor.sql.BasicBinder      : binding parameter [1] as [TIMESTAMP] - [2023-05-22T00:54:27.116618]
2023-05-22 00:54:27.117 TRACE 44777 --- [    Test worker] o.h.type.descriptor.sql.BasicBinder      : binding parameter [2] as [TIMESTAMP] - [null]
2023-05-22 00:54:27.117 TRACE 44777 --- [    Test worker] o.h.type.descriptor.sql.BasicBinder      : binding parameter [3] as [BIGINT] - [null]
2023-05-22 00:54:27.117 TRACE 44777 --- [    Test worker] o.h.type.descriptor.sql.BasicBinder      : binding parameter [4] as [INTEGER] - [19]
2023-05-22 00:54:27.117 TRACE 44777 --- [    Test worker] o.h.type.descriptor.sql.BasicBinder      : binding parameter [5] as [BIGINT] - [1]
2023-05-22 00:54:27.117 TRACE 44777 --- [    Test worker] o.h.type.descriptor.sql.BasicBinder      : binding parameter [6] as [VARCHAR] - [AVAILABLE]
2023-05-22 00:54:27.158 DEBUG 44777 --- [    Test worker] org.hibernate.SQL                        : 
    insert 
    into
        parking_info
        (created_time, last_modified_time, car_id, parking_id, parking_lot_id, parking_status) 
    values
        (?, ?, ?, ?, ?, ?)
2023-05-22 00:54:27.158 TRACE 44777 --- [    Test worker] o.h.type.descriptor.sql.BasicBinder      : binding parameter [1] as [TIMESTAMP] - [2023-05-22T00:54:27.157862]
2023-05-22 00:54:27.158 TRACE 44777 --- [    Test worker] o.h.type.descriptor.sql.BasicBinder      : binding parameter [2] as [TIMESTAMP] - [null]
2023-05-22 00:54:27.158 TRACE 44777 --- [    Test worker] o.h.type.descriptor.sql.BasicBinder      : binding parameter [3] as [BIGINT] - [null]
2023-05-22 00:54:27.158 TRACE 44777 --- [    Test worker] o.h.type.descriptor.sql.BasicBinder      : binding parameter [4] as [INTEGER] - [20]
2023-05-22 00:54:27.158 TRACE 44777 --- [    Test worker] o.h.type.descriptor.sql.BasicBinder      : binding parameter [5] as [BIGINT] - [1]
2023-05-22 00:54:27.158 TRACE 44777 --- [    Test worker] o.h.type.descriptor.sql.BasicBinder      : binding parameter [6] as [VARCHAR] - [AVAILABLE]
2023-05-22 00:54:27.198 DEBUG 44777 --- [    Test worker] org.hibernate.SQL                        : 
    insert 
    into
        parking_info
        (created_time, last_modified_time, car_id, parking_id, parking_lot_id, parking_status) 
    values
        (?, ?, ?, ?, ?, ?)
2023-05-22 00:54:27.199 TRACE 44777 --- [    Test worker] o.h.type.descriptor.sql.BasicBinder      : binding parameter [1] as [TIMESTAMP] - [2023-05-22T00:54:27.198291]
2023-05-22 00:54:27.199 TRACE 44777 --- [    Test worker] o.h.type.descriptor.sql.BasicBinder      : binding parameter [2] as [TIMESTAMP] - [null]
2023-05-22 00:54:27.199 TRACE 44777 --- [    Test worker] o.h.type.descriptor.sql.BasicBinder      : binding parameter [3] as [BIGINT] - [null]
2023-05-22 00:54:27.199 TRACE 44777 --- [    Test worker] o.h.type.descriptor.sql.BasicBinder      : binding parameter [4] as [INTEGER] - [21]
2023-05-22 00:54:27.199 TRACE 44777 --- [    Test worker] o.h.type.descriptor.sql.BasicBinder      : binding parameter [5] as [BIGINT] - [1]
2023-05-22 00:54:27.199 TRACE 44777 --- [    Test worker] o.h.type.descriptor.sql.BasicBinder      : binding parameter [6] as [VARCHAR] - [AVAILABLE]
2023-05-22 00:54:27.240 DEBUG 44777 --- [    Test worker] org.hibernate.SQL                        : 
    insert 
    into
        parking_info
        (created_time, last_modified_time, car_id, parking_id, parking_lot_id, parking_status) 
    values
        (?, ?, ?, ?, ?, ?)
2023-05-22 00:54:27.240 TRACE 44777 --- [    Test worker] o.h.type.descriptor.sql.BasicBinder      : binding parameter [1] as [TIMESTAMP] - [2023-05-22T00:54:27.239676]
2023-05-22 00:54:27.240 TRACE 44777 --- [    Test worker] o.h.type.descriptor.sql.BasicBinder      : binding parameter [2] as [TIMESTAMP] - [null]
2023-05-22 00:54:27.240 TRACE 44777 --- [    Test worker] o.h.type.descriptor.sql.BasicBinder      : binding parameter [3] as [BIGINT] - [null]
2023-05-22 00:54:27.240 TRACE 44777 --- [    Test worker] o.h.type.descriptor.sql.BasicBinder      : binding parameter [4] as [INTEGER] - [22]
2023-05-22 00:54:27.240 TRACE 44777 --- [    Test worker] o.h.type.descriptor.sql.BasicBinder      : binding parameter [5] as [BIGINT] - [1]
2023-05-22 00:54:27.240 TRACE 44777 --- [    Test worker] o.h.type.descriptor.sql.BasicBinder      : binding parameter [6] as [VARCHAR] - [AVAILABLE]
2023-05-22 00:54:27.280 DEBUG 44777 --- [    Test worker] org.hibernate.SQL                        : 
    insert 
    into
        parking_info
        (created_time, last_modified_time, car_id, parking_id, parking_lot_id, parking_status) 
    values
        (?, ?, ?, ?, ?, ?)
2023-05-22 00:54:27.280 TRACE 44777 --- [    Test worker] o.h.type.descriptor.sql.BasicBinder      : binding parameter [1] as [TIMESTAMP] - [2023-05-22T00:54:27.279968]
2023-05-22 00:54:27.280 TRACE 44777 --- [    Test worker] o.h.type.descriptor.sql.BasicBinder      : binding parameter [2] as [TIMESTAMP] - [null]
2023-05-22 00:54:27.280 TRACE 44777 --- [    Test worker] o.h.type.descriptor.sql.BasicBinder      : binding parameter [3] as [BIGINT] - [null]
2023-05-22 00:54:27.280 TRACE 44777 --- [    Test worker] o.h.type.descriptor.sql.BasicBinder      : binding parameter [4] as [INTEGER] - [23]
2023-05-22 00:54:27.280 TRACE 44777 --- [    Test worker] o.h.type.descriptor.sql.BasicBinder      : binding parameter [5] as [BIGINT] - [1]
2023-05-22 00:54:27.280 TRACE 44777 --- [    Test worker] o.h.type.descriptor.sql.BasicBinder      : binding parameter [6] as [VARCHAR] - [AVAILABLE]
2023-05-22 00:54:27.321 DEBUG 44777 --- [    Test worker] org.hibernate.SQL                        : 
    insert 
    into
        parking_info
        (created_time, last_modified_time, car_id, parking_id, parking_lot_id, parking_status) 
    values
        (?, ?, ?, ?, ?, ?)
2023-05-22 00:54:27.321 TRACE 44777 --- [    Test worker] o.h.type.descriptor.sql.BasicBinder      : binding parameter [1] as [TIMESTAMP] - [2023-05-22T00:54:27.320574]
2023-05-22 00:54:27.321 TRACE 44777 --- [    Test worker] o.h.type.descriptor.sql.BasicBinder      : binding parameter [2] as [TIMESTAMP] - [null]
2023-05-22 00:54:27.321 TRACE 44777 --- [    Test worker] o.h.type.descriptor.sql.BasicBinder      : binding parameter [3] as [BIGINT] - [null]
2023-05-22 00:54:27.321 TRACE 44777 --- [    Test worker] o.h.type.descriptor.sql.BasicBinder      : binding parameter [4] as [INTEGER] - [24]
2023-05-22 00:54:27.321 TRACE 44777 --- [    Test worker] o.h.type.descriptor.sql.BasicBinder      : binding parameter [5] as [BIGINT] - [1]
2023-05-22 00:54:27.321 TRACE 44777 --- [    Test worker] o.h.type.descriptor.sql.BasicBinder      : binding parameter [6] as [VARCHAR] - [AVAILABLE]
2023-05-22 00:54:27.445 DEBUG 44777 --- [    Test worker] org.hibernate.SQL                        : 
    insert 
    into
        parking_info
        (created_time, last_modified_time, car_id, parking_id, parking_lot_id, parking_status) 
    values
        (?, ?, ?, ?, ?, ?)
2023-05-22 00:54:27.445 TRACE 44777 --- [    Test worker] o.h.type.descriptor.sql.BasicBinder      : binding parameter [1] as [TIMESTAMP] - [2023-05-22T00:54:27.444563]
2023-05-22 00:54:27.445 TRACE 44777 --- [    Test worker] o.h.type.descriptor.sql.BasicBinder      : binding parameter [2] as [TIMESTAMP] - [null]
2023-05-22 00:54:27.445 TRACE 44777 --- [    Test worker] o.h.type.descriptor.sql.BasicBinder      : binding parameter [3] as [BIGINT] - [null]
2023-05-22 00:54:27.445 TRACE 44777 --- [    Test worker] o.h.type.descriptor.sql.BasicBinder      : binding parameter [4] as [INTEGER] - [25]
2023-05-22 00:54:27.445 TRACE 44777 --- [    Test worker] o.h.type.descriptor.sql.BasicBinder      : binding parameter [5] as [BIGINT] - [1]
2023-05-22 00:54:27.445 TRACE 44777 --- [    Test worker] o.h.type.descriptor.sql.BasicBinder      : binding parameter [6] as [VARCHAR] - [AVAILABLE]
2023-05-22 00:54:27.575 DEBUG 44777 --- [    Test worker] org.hibernate.SQL                        : 
    insert 
    into
        parking_info
        (created_time, last_modified_time, car_id, parking_id, parking_lot_id, parking_status) 
    values
        (?, ?, ?, ?, ?, ?)
2023-05-22 00:54:27.575 TRACE 44777 --- [    Test worker] o.h.type.descriptor.sql.BasicBinder      : binding parameter [1] as [TIMESTAMP] - [2023-05-22T00:54:27.574957]
2023-05-22 00:54:27.575 TRACE 44777 --- [    Test worker] o.h.type.descriptor.sql.BasicBinder      : binding parameter [2] as [TIMESTAMP] - [null]
2023-05-22 00:54:27.575 TRACE 44777 --- [    Test worker] o.h.type.descriptor.sql.BasicBinder      : binding parameter [3] as [BIGINT] - [null]
2023-05-22 00:54:27.576 TRACE 44777 --- [    Test worker] o.h.type.descriptor.sql.BasicBinder      : binding parameter [4] as [INTEGER] - [26]
2023-05-22 00:54:27.576 TRACE 44777 --- [    Test worker] o.h.type.descriptor.sql.BasicBinder      : binding parameter [5] as [BIGINT] - [1]
2023-05-22 00:54:27.576 TRACE 44777 --- [    Test worker] o.h.type.descriptor.sql.BasicBinder      : binding parameter [6] as [VARCHAR] - [AVAILABLE]
2023-05-22 00:54:27.616 DEBUG 44777 --- [    Test worker] org.hibernate.SQL                        : 
    insert 
    into
        parking_info
        (created_time, last_modified_time, car_id, parking_id, parking_lot_id, parking_status) 
    values
        (?, ?, ?, ?, ?, ?)
2023-05-22 00:54:27.616 TRACE 44777 --- [    Test worker] o.h.type.descriptor.sql.BasicBinder      : binding parameter [1] as [TIMESTAMP] - [2023-05-22T00:54:27.616115]
2023-05-22 00:54:27.617 TRACE 44777 --- [    Test worker] o.h.type.descriptor.sql.BasicBinder      : binding parameter [2] as [TIMESTAMP] - [null]
2023-05-22 00:54:27.617 TRACE 44777 --- [    Test worker] o.h.type.descriptor.sql.BasicBinder      : binding parameter [3] as [BIGINT] - [null]
2023-05-22 00:54:27.617 TRACE 44777 --- [    Test worker] o.h.type.descriptor.sql.BasicBinder      : binding parameter [4] as [INTEGER] - [27]
2023-05-22 00:54:27.617 TRACE 44777 --- [    Test worker] o.h.type.descriptor.sql.BasicBinder      : binding parameter [5] as [BIGINT] - [1]
2023-05-22 00:54:27.617 TRACE 44777 --- [    Test worker] o.h.type.descriptor.sql.BasicBinder      : binding parameter [6] as [VARCHAR] - [AVAILABLE]
2023-05-22 00:54:27.657 DEBUG 44777 --- [    Test worker] org.hibernate.SQL                        : 
    insert 
    into
        parking_info
        (created_time, last_modified_time, car_id, parking_id, parking_lot_id, parking_status) 
    values
        (?, ?, ?, ?, ?, ?)
2023-05-22 00:54:27.657 TRACE 44777 --- [    Test worker] o.h.type.descriptor.sql.BasicBinder      : binding parameter [1] as [TIMESTAMP] - [2023-05-22T00:54:27.656788]
2023-05-22 00:54:27.657 TRACE 44777 --- [    Test worker] o.h.type.descriptor.sql.BasicBinder      : binding parameter [2] as [TIMESTAMP] - [null]
2023-05-22 00:54:27.657 TRACE 44777 --- [    Test worker] o.h.type.descriptor.sql.BasicBinder      : binding parameter [3] as [BIGINT] - [null]
2023-05-22 00:54:27.657 TRACE 44777 --- [    Test worker] o.h.type.descriptor.sql.BasicBinder      : binding parameter [4] as [INTEGER] - [28]
2023-05-22 00:54:27.658 TRACE 44777 --- [    Test worker] o.h.type.descriptor.sql.BasicBinder      : binding parameter [5] as [BIGINT] - [1]
2023-05-22 00:54:27.658 TRACE 44777 --- [    Test worker] o.h.type.descriptor.sql.BasicBinder      : binding parameter [6] as [VARCHAR] - [AVAILABLE]
2023-05-22 00:54:27.698 DEBUG 44777 --- [    Test worker] org.hibernate.SQL                        : 
    insert 
    into
        parking_info
        (created_time, last_modified_time, car_id, parking_id, parking_lot_id, parking_status) 
    values
        (?, ?, ?, ?, ?, ?)
2023-05-22 00:54:27.699 TRACE 44777 --- [    Test worker] o.h.type.descriptor.sql.BasicBinder      : binding parameter [1] as [TIMESTAMP] - [2023-05-22T00:54:27.698594]
2023-05-22 00:54:27.699 TRACE 44777 --- [    Test worker] o.h.type.descriptor.sql.BasicBinder      : binding parameter [2] as [TIMESTAMP] - [null]
2023-05-22 00:54:27.699 TRACE 44777 --- [    Test worker] o.h.type.descriptor.sql.BasicBinder      : binding parameter [3] as [BIGINT] - [null]
2023-05-22 00:54:27.699 TRACE 44777 --- [    Test worker] o.h.type.descriptor.sql.BasicBinder      : binding parameter [4] as [INTEGER] - [29]
2023-05-22 00:54:27.699 TRACE 44777 --- [    Test worker] o.h.type.descriptor.sql.BasicBinder      : binding parameter [5] as [BIGINT] - [1]
2023-05-22 00:54:27.699 TRACE 44777 --- [    Test worker] o.h.type.descriptor.sql.BasicBinder      : binding parameter [6] as [VARCHAR] - [AVAILABLE]
2023-05-22 00:54:27.757 DEBUG 44777 --- [    Test worker] org.hibernate.SQL                        : 
    insert 
    into
        parking_info
        (created_time, last_modified_time, car_id, parking_id, parking_lot_id, parking_status) 
    values
        (?, ?, ?, ?, ?, ?)
2023-05-22 00:54:27.758 TRACE 44777 --- [    Test worker] o.h.type.descriptor.sql.BasicBinder      : binding parameter [1] as [TIMESTAMP] - [2023-05-22T00:54:27.757444]
[...]
2023-05-22 00:54:30.403 TRACE 44777 --- [    Test worker] o.h.type.descriptor.sql.BasicBinder      : binding parameter [2] as [TIMESTAMP] - [null]
2023-05-22 00:54:30.403 TRACE 44777 --- [    Test worker] o.h.type.descriptor.sql.BasicBinder      : binding parameter [3] as [BOOLEAN] - [false]
2023-05-22 00:54:30.403 TRACE 44777 --- [    Test worker] o.h.type.descriptor.sql.BasicBinder      : binding parameter [4] as [INTEGER] - [-1]
2023-05-22 00:54:30.403 TRACE 44777 --- [    Test worker] o.h.type.descriptor.sql.BasicBinder      : binding parameter [5] as [VARCHAR] - [38육4104]
2023-05-22 00:54:30.403 TRACE 44777 --- [    Test worker] o.h.type.descriptor.sql.BasicBinder      : binding parameter [6] as [VARCHAR] - [APPROVED]
2023-05-22 00:54:30.403 TRACE 44777 --- [    Test worker] o.h.type.descriptor.sql.BasicBinder      : binding parameter [7] as [VARCHAR] - [Grandeur]
2023-05-22 00:54:30.445 DEBUG 44777 --- [    Test worker] org.hibernate.SQL                        : 
    insert 
    into
        car
        (created_time, last_modified_time, is_enter, parking_lot_id, car_number, car_status, model_name) 
    values
        (?, ?, ?, ?, ?, ?, ?)
2023-05-22 00:54:30.445 TRACE 44777 --- [    Test worker] o.h.type.descriptor.sql.BasicBinder      : binding parameter [1] as [TIMESTAMP] - [2023-05-22T00:54:30.444458]
2023-05-22 00:54:30.445 TRACE 44777 --- [    Test worker] o.h.type.descriptor.sql.BasicBinder      : binding parameter [2] as [TIMESTAMP] - [null]
2023-05-22 00:54:30.445 TRACE 44777 --- [    Test worker] o.h.type.descriptor.sql.BasicBinder      : binding parameter [3] as [BOOLEAN] - [false]
2023-05-22 00:54:30.445 TRACE 44777 --- [    Test worker] o.h.type.descriptor.sql.BasicBinder      : binding parameter [4] as [INTEGER] - [-1]
2023-05-22 00:54:30.445 TRACE 44777 --- [    Test worker] o.h.type.descriptor.sql.BasicBinder      : binding parameter [5] as [VARCHAR] - [245우1234]
2023-05-22 00:54:30.445 TRACE 44777 --- [    Test worker] o.h.type.descriptor.sql.BasicBinder      : binding parameter [6] as [VARCHAR] - [APPROVED]
2023-05-22 00:54:30.445 TRACE 44777 --- [    Test worker] o.h.type.descriptor.sql.BasicBinder      : binding parameter [7] as [VARCHAR] - [Santafe]
2023-05-22 00:54:30.710 DEBUG 44777 --- [    Test worker] org.hibernate.SQL                        : 
    insert 
    into
        car
        (created_time, last_modified_time, is_enter, parking_lot_id, car_number, car_status, model_name) 
    values
        (?, ?, ?, ?, ?, ?, ?)
2023-05-22 00:54:30.711 TRACE 44777 --- [    Test worker] o.h.type.descriptor.sql.BasicBinder      : binding parameter [1] as [TIMESTAMP] - [2023-05-22T00:54:30.710473]
2023-05-22 00:54:30.711 TRACE 44777 --- [    Test worker] o.h.type.descriptor.sql.BasicBinder      : binding parameter [2] as [TIMESTAMP] - [null]
2023-05-22 00:54:30.711 TRACE 44777 --- [    Test worker] o.h.type.descriptor.sql.BasicBinder      : binding parameter [3] as [BOOLEAN] - [false]
2023-05-22 00:54:30.711 TRACE 44777 --- [    Test worker] o.h.type.descriptor.sql.BasicBinder      : binding parameter [4] as [INTEGER] - [-1]
2023-05-22 00:54:30.711 TRACE 44777 --- [    Test worker] o.h.type.descriptor.sql.BasicBinder      : binding parameter [5] as [VARCHAR] - [68오8269]
2023-05-22 00:54:30.711 TRACE 44777 --- [    Test worker] o.h.type.descriptor.sql.BasicBinder      : binding parameter [6] as [VARCHAR] - [APPROVED]
2023-05-22 00:54:30.711 TRACE 44777 --- [    Test worker] o.h.type.descriptor.sql.BasicBinder      : binding parameter [7] as [VARCHAR] - [Genesis]
2023-05-22 00:54:30.760 DEBUG 44777 --- [    Test worker] org.hibernate.SQL                        : 
    select
        member0_.member_id as member_i1_1_0_,
        member0_.created_time as created_2_1_0_,
        member0_.last_modified_time as last_mod3_1_0_,
        member0_.car_id as car_id12_1_0_,
        member0_.member_status as member_s4_1_0_,
        member0_.parking_info_id as parking13_1_0_,
        member0_.password as password5_1_0_,
        member0_.role_type as role_typ6_1_0_,
        member0_.student_id as student_7_1_0_,
        member0_.user_id as user_id8_1_0_,
        member0_.email as email9_1_0_,
        member0_.phone_number as phone_n10_1_0_,
        member0_.user_name as user_na11_1_0_ 
    from
        member member0_ 
    where
        member0_.member_id=?
2023-05-22 00:54:30.760 TRACE 44777 --- [    Test worker] o.h.type.descriptor.sql.BasicBinder      : binding parameter [1] as [BIGINT] - [2]
2023-05-22 00:54:30.772 TRACE 44777 --- [    Test worker] o.h.type.descriptor.sql.BasicExtractor   : extracted value ([created_2_1_0_] : [TIMESTAMP]) - [2023-05-22T00:54:29.900896]
2023-05-22 00:54:30.772 TRACE 44777 --- [    Test worker] o.h.type.descriptor.sql.BasicExtractor   : extracted value ([last_mod3_1_0_] : [TIMESTAMP]) - [null]
2023-05-22 00:54:30.772 TRACE 44777 --- [    Test worker] o.h.type.descriptor.sql.BasicExtractor   : extracted value ([car_id12_1_0_] : [BIGINT]) - [null]
2023-05-22 00:54:30.772 TRACE 44777 --- [    Test worker] o.h.type.descriptor.sql.BasicExtractor   : extracted value ([member_s4_1_0_] : [VARCHAR]) - [FORBIDDEN]
2023-05-22 00:54:30.772 TRACE 44777 --- [    Test worker] o.h.type.descriptor.sql.BasicExtractor   : extracted value ([parking13_1_0_] : [BIGINT]) - [null]
2023-05-22 00:54:30.772 TRACE 44777 --- [    Test worker] o.h.type.descriptor.sql.BasicExtractor   : extracted value ([password5_1_0_] : [VARCHAR]) - [4567]
2023-05-22 00:54:30.772 TRACE 44777 --- [    Test worker] o.h.type.descriptor.sql.BasicExtractor   : extracted value ([role_typ6_1_0_] : [VARCHAR]) - [USER]
2023-05-22 00:54:30.773 TRACE 44777 --- [    Test worker] o.h.type.descriptor.sql.BasicExtractor   : extracted value ([student_7_1_0_] : [INTEGER]) - [0]
2023-05-22 00:54:30.773 TRACE 44777 --- [    Test worker] o.h.type.descriptor.sql.BasicExtractor   : extracted value ([user_id8_1_0_] : [VARCHAR]) - [testUser]
2023-05-22 00:54:30.773 TRACE 44777 --- [    Test worker] o.h.type.descriptor.sql.BasicExtractor   : extracted value ([email9_1_0_] : [VARCHAR]) - [test@a.com]
2023-05-22 00:54:30.773 TRACE 44777 --- [    Test worker] o.h.type.descriptor.sql.BasicExtractor   : extracted value ([phone_n10_1_0_] : [INTEGER]) - [0]
2023-05-22 00:54:30.773 TRACE 44777 --- [    Test worker] o.h.type.descriptor.sql.BasicExtractor   : extracted value ([user_na11_1_0_] : [VARCHAR]) - [테스트유저]
2023-05-22 00:54:30.780 TRACE 44777 --- [    Test worker] org.hibernate.type.CollectionType        : Created collection wrapper: [com.everyparking.server.data.entity.Member.messageList#2]
2023-05-22 00:54:30.780 TRACE 44777 --- [    Test worker] org.hibernate.type.CollectionType        : Created collection wrapper: [com.everyparking.server.data.entity.Member.reportList#2]
2023-05-22 00:54:30.781 DEBUG 44777 --- [    Test worker] org.hibernate.SQL                        : 
    select
        car0_.car_id as car_id1_0_0_,
        car0_.created_time as created_2_0_0_,
        car0_.last_modified_time as last_mod3_0_0_,
        car0_.is_enter as is_enter4_0_0_,
        car0_.parking_lot_id as parking_5_0_0_,
        car0_.car_number as car_numb6_0_0_,
        car0_.car_status as car_stat7_0_0_,
        car0_.model_name as model_na8_0_0_,
        member1_.member_id as member_i1_1_1_,
        member1_.created_time as created_2_1_1_,
        member1_.last_modified_time as last_mod3_1_1_,
        member1_.car_id as car_id12_1_1_,
        member1_.member_status as member_s4_1_1_,
        member1_.parking_info_id as parking13_1_1_,
        member1_.password as password5_1_1_,
        member1_.role_type as role_typ6_1_1_,
        member1_.student_id as student_7_1_1_,
        member1_.user_id as user_id8_1_1_,
        member1_.email as email9_1_1_,
        member1_.phone_number as phone_n10_1_1_,
        member1_.user_name as user_na11_1_1_,
        parkinginf2_.parking_info_id as parking_1_3_2_,
        parkinginf2_.created_time as created_2_3_2_,
        parkinginf2_.last_modified_time as last_mod3_3_2_,
        parkinginf2_.car_id as car_id6_3_2_,
        parkinginf2_.parking_id as parking_4_3_2_,
        parkinginf2_.parking_lot_id as parking_7_3_2_,
        parkinginf2_.parking_status as parking_5_3_2_ 
    from
        car car0_ 
    left outer join
        member member1_ 
            on car0_.car_id=member1_.car_id 
    left outer join
        parking_info parkinginf2_ 
            on member1_.parking_info_id=parkinginf2_.parking_info_id 
    where
        car0_.car_id=?
2023-05-22 00:54:30.782 TRACE 44777 --- [    Test worker] o.h.type.descriptor.sql.BasicBinder      : binding parameter [1] as [BIGINT] - [4]
2023-05-22 00:54:30.793 TRACE 44777 --- [    Test worker] o.h.type.descriptor.sql.BasicExtractor   : extracted value ([member_i1_1_1_] : [BIGINT]) - [null]
2023-05-22 00:54:30.793 TRACE 44777 --- [    Test worker] o.h.type.descriptor.sql.BasicExtractor   : extracted value ([parking_1_3_2_] : [BIGINT]) - [null]
2023-05-22 00:54:30.793 TRACE 44777 --- [    Test worker] o.h.type.descriptor.sql.BasicExtractor   : extracted value ([created_2_0_0_] : [TIMESTAMP]) - [2023-05-22T00:54:30.710473]
2023-05-22 00:54:30.793 TRACE 44777 --- [    Test worker] o.h.type.descriptor.sql.BasicExtractor   : extracted value ([last_mod3_0_0_] : [TIMESTAMP]) - [null]
2023-05-22 00:54:30.793 TRACE 44777 --- [    Test worker] o.h.type.descriptor.sql.BasicExtractor   : extracted value ([is_enter4_0_0_] : [BOOLEAN]) - [false]
2023-05-22 00:54:30.793 TRACE 44777 --- [    Test worker] o.h.type.descriptor.sql.BasicExtractor   : extracted value ([parking_5_0_0_] : [INTEGER]) - [-1]
2023-05-22 00:54:30.794 TRACE 44777 --- [    Test worker] o.h.type.descriptor.sql.BasicExtractor   : extracted value ([car_numb6_0_0_] : [VARCHAR]) - [68오8269]
2023-05-22 00:54:30.794 TRACE 44777 --- [    Test worker] o.h.type.descriptor.sql.BasicExtractor   : extracted value ([car_stat7_0_0_] : [VARCHAR]) - [APPROVED]
2023-05-22 00:54:30.794 TRACE 44777 --- [    Test worker] o.h.type.descriptor.sql.BasicExtractor   : extracted value ([model_na8_0_0_] : [VARCHAR]) - [Genesis]
2023-05-22 00:54:30.794 TRACE 44777 --- [    Test worker] org.hibernate.type.CollectionType        : Created collection wrapper: [com.everyparking.server.data.entity.Car.parkingInfo#4]
2023-05-22 00:54:30.801 DEBUG 44777 --- [    Test worker] org.hibernate.SQL                        : 
    update
        member 
    set
        created_time=?,
        last_modified_time=?,
        car_id=?,
        member_status=?,
        parking_info_id=?,
        password=?,
        role_type=?,
        student_id=?,
        user_id=?,
        email=?,
        phone_number=?,
        user_name=? 
    where
        member_id=?
2023-05-22 00:54:30.801 TRACE 44777 --- [    Test worker] o.h.type.descriptor.sql.BasicBinder      : binding parameter [1] as [TIMESTAMP] - [2023-05-22T00:54:29.900896]
2023-05-22 00:54:30.801 TRACE 44777 --- [    Test worker] o.h.type.descriptor.sql.BasicBinder      : binding parameter [2] as [TIMESTAMP] - [null]
2023-05-22 00:54:30.801 TRACE 44777 --- [    Test worker] o.h.type.descriptor.sql.BasicBinder      : binding parameter [3] as [BIGINT] - [4]
2023-05-22 00:54:30.801 TRACE 44777 --- [    Test worker] o.h.type.descriptor.sql.BasicBinder      : binding parameter [4] as [VARCHAR] - [FORBIDDEN]
2023-05-22 00:54:30.801 TRACE 44777 --- [    Test worker] o.h.type.descriptor.sql.BasicBinder      : binding parameter [5] as [BIGINT] - [null]
2023-05-22 00:54:30.801 TRACE 44777 --- [    Test worker] o.h.type.descriptor.sql.BasicBinder      : binding parameter [6] as [VARCHAR] - [4567]
2023-05-22 00:54:30.801 TRACE 44777 --- [    Test worker] o.h.type.descriptor.sql.BasicBinder      : binding parameter [7] as [VARCHAR] - [USER]
2023-05-22 00:54:30.801 TRACE 44777 --- [    Test worker] o.h.type.descriptor.sql.BasicBinder      : binding parameter [8] as [INTEGER] - [0]
2023-05-22 00:54:30.801 TRACE 44777 --- [    Test worker] o.h.type.descriptor.sql.BasicBinder      : binding parameter [9] as [VARCHAR] - [testUser]
2023-05-22 00:54:30.801 TRACE 44777 --- [    Test worker] o.h.type.descriptor.sql.BasicBinder      : binding parameter [10] as [VARCHAR] - [test@a.com]
2023-05-22 00:54:30.802 TRACE 44777 --- [    Test worker] o.h.type.descriptor.sql.BasicBinder      : binding parameter [11] as [INTEGER] - [0]
2023-05-22 00:54:30.802 TRACE 44777 --- [    Test worker] o.h.type.descriptor.sql.BasicBinder      : binding parameter [12] as [VARCHAR] - [테스트유저]
2023-05-22 00:54:30.802 TRACE 44777 --- [    Test worker] o.h.type.descriptor.sql.BasicBinder      : binding parameter [13] as [BIGINT] - [2]
2023-05-22 00:54:30.812 DEBUG 44777 --- [    Test worker] org.hibernate.SQL                        : 
    update
        message 
    set
        message_id=null 
    where
        message_id=?
2023-05-22 00:54:30.813 TRACE 44777 --- [    Test worker] o.h.type.descriptor.sql.BasicBinder      : binding parameter [1] as [BIGINT] - [2]
2023-05-22 00:54:30.822 DEBUG 44777 --- [    Test worker] org.hibernate.SQL                        : 
    update
        report 
    set
        report_id=null 
    where
        report_id=?
2023-05-22 00:54:30.823 TRACE 44777 --- [    Test worker] o.h.type.descriptor.sql.BasicBinder      : binding parameter [1] as [BIGINT] - [2]
2023-05-22 00:54:30.880 DEBUG 44777 --- [    Test worker] org.hibernate.SQL                        : 
    insert 
    into
        member
        (created_time, last_modified_time, car_id, member_status, parking_info_id, password, role_type, student_id, user_id, email, phone_number, user_name) 
    values
        (?, ?, ?, ?, ?, ?, ?, ?, ?, ?, ?, ?)
2023-05-22 00:54:30.880 TRACE 44777 --- [    Test worker] o.h.type.descriptor.sql.BasicBinder      : binding parameter [1] as [TIMESTAMP] - [2023-05-22T00:54:30.879947]
2023-05-22 00:54:30.880 TRACE 44777 --- [    Test worker] o.h.type.descriptor.sql.BasicBinder      : binding parameter [2] as [TIMESTAMP] - [null]
2023-05-22 00:54:30.880 TRACE 44777 --- [    Test worker] o.h.type.descriptor.sql.BasicBinder      : binding parameter [3] as [BIGINT] - [null]
2023-05-22 00:54:30.880 TRACE 44777 --- [    Test worker] o.h.type.descriptor.sql.BasicBinder      : binding parameter [4] as [VARCHAR] - [DEFAULT]
2023-05-22 00:54:30.880 TRACE 44777 --- [    Test worker] o.h.type.descriptor.sql.BasicBinder      : binding parameter [5] as [BIGINT] - [null]
2023-05-22 00:54:30.880 TRACE 44777 --- [    Test worker] o.h.type.descriptor.sql.BasicBinder      : binding parameter [6] as [VARCHAR] - [1234]
2023-05-22 00:54:30.880 TRACE 44777 --- [    Test worker] o.h.type.descriptor.sql.BasicBinder      : binding parameter [7] as [VARCHAR] - [USER]
2023-05-22 00:54:30.880 TRACE 44777 --- [    Test worker] o.h.type.descriptor.sql.BasicBinder      : binding parameter [8] as [INTEGER] - [0]
2023-05-22 00:54:30.880 TRACE 44777 --- [    Test worker] o.h.type.descriptor.sql.BasicBinder      : binding parameter [9] as [VARCHAR] - [1]
2023-05-22 00:54:30.880 TRACE 44777 --- [    Test worker] o.h.type.descriptor.sql.BasicBinder      : binding parameter [10] as [VARCHAR] - [1@naver.com]
2023-05-22 00:54:30.880 TRACE 44777 --- [    Test worker] o.h.type.descriptor.sql.BasicBinder      : binding parameter [11] as [INTEGER] - [12341234]
2023-05-22 00:54:30.880 TRACE 44777 --- [    Test worker] o.h.type.descriptor.sql.BasicBinder      : binding parameter [12] as [VARCHAR] - [테스트 사용자]
2023-05-22 00:54:30.923 DEBUG 44777 --- [    Test worker] org.hibernate.SQL                        : 
    select
        member0_.member_id as member_i1_1_0_,
        member0_.created_time as created_2_1_0_,
        member0_.last_modified_time as last_mod3_1_0_,
        member0_.car_id as car_id12_1_0_,
        member0_.member_status as member_s4_1_0_,
        member0_.parking_info_id as parking13_1_0_,
        member0_.password as password5_1_0_,
        member0_.role_type as role_typ6_1_0_,
        member0_.student_id as student_7_1_0_,
        member0_.user_id as user_id8_1_0_,
        member0_.email as email9_1_0_,
        member0_.phone_number as phone_n10_1_0_,
        member0_.user_name as user_na11_1_0_ 
    from
        member member0_ 
    where
        member0_.member_id=?
2023-05-22 00:54:30.924 TRACE 44777 --- [    Test worker] o.h.type.descriptor.sql.BasicBinder      : binding parameter [1] as [BIGINT] - [3]
2023-05-22 00:54:30.933 TRACE 44777 --- [    Test worker] o.h.type.descriptor.sql.BasicExtractor   : extracted value ([created_2_1_0_] : [TIMESTAMP]) - [2023-05-22T00:54:30.879947]
2023-05-22 00:54:30.934 TRACE 44777 --- [    Test worker] o.h.type.descriptor.sql.BasicExtractor   : extracted value ([last_mod3_1_0_] : [TIMESTAMP]) - [null]
2023-05-22 00:54:30.934 TRACE 44777 --- [    Test worker] o.h.type.descriptor.sql.BasicExtractor   : extracted value ([car_id12_1_0_] : [BIGINT]) - [null]
2023-05-22 00:54:30.934 TRACE 44777 --- [    Test worker] o.h.type.descriptor.sql.BasicExtractor   : extracted value ([member_s4_1_0_] : [VARCHAR]) - [DEFAULT]
2023-05-22 00:54:30.934 TRACE 44777 --- [    Test worker] o.h.type.descriptor.sql.BasicExtractor   : extracted value ([parking13_1_0_] : [BIGINT]) - [null]
2023-05-22 00:54:30.934 TRACE 44777 --- [    Test worker] o.h.type.descriptor.sql.BasicExtractor   : extracted value ([password5_1_0_] : [VARCHAR]) - [1234]
2023-05-22 00:54:30.934 TRACE 44777 --- [    Test worker] o.h.type.descriptor.sql.BasicExtractor   : extracted value ([role_typ6_1_0_] : [VARCHAR]) - [USER]
2023-05-22 00:54:30.934 TRACE 44777 --- [    Test worker] o.h.type.descriptor.sql.BasicExtractor   : extracted value ([student_7_1_0_] : [INTEGER]) - [0]
2023-05-22 00:54:30.934 TRACE 44777 --- [    Test worker] o.h.type.descriptor.sql.BasicExtractor   : extracted value ([user_id8_1_0_] : [VARCHAR]) - [1]
2023-05-22 00:54:30.934 TRACE 44777 --- [    Test worker] o.h.type.descriptor.sql.BasicExtractor   : extracted value ([email9_1_0_] : [VARCHAR]) - [1@naver.com]
2023-05-22 00:54:30.934 TRACE 44777 --- [    Test worker] o.h.type.descriptor.sql.BasicExtractor   : extracted value ([phone_n10_1_0_] : [INTEGER]) - [12341234]
2023-05-22 00:54:30.934 TRACE 44777 --- [    Test worker] o.h.type.descriptor.sql.BasicExtractor   : extracted value ([user_na11_1_0_] : [VARCHAR]) - [테스트 사용자]
2023-05-22 00:54:30.934 TRACE 44777 --- [    Test worker] org.hibernate.type.CollectionType        : Created collection wrapper: [com.everyparking.server.data.entity.Member.messageList#3]
2023-05-22 00:54:30.934 TRACE 44777 --- [    Test worker] org.hibernate.type.CollectionType        : Created collection wrapper: [com.everyparking.server.data.entity.Member.reportList#3]
2023-05-22 00:54:30.935 DEBUG 44777 --- [    Test worker] org.hibernate.SQL                        : 
    update
        message 
    set
        message_id=null 
    where
        message_id=?
2023-05-22 00:54:30.935 TRACE 44777 --- [    Test worker] o.h.type.descriptor.sql.BasicBinder      : binding parameter [1] as [BIGINT] - [3]
2023-05-22 00:54:30.944 DEBUG 44777 --- [    Test worker] org.hibernate.SQL                        : 
    update
        report 
    set
        report_id=null 
    where
        report_id=?
2023-05-22 00:54:30.944 TRACE 44777 --- [    Test worker] o.h.type.descriptor.sql.BasicBinder      : binding parameter [1] as [BIGINT] - [3]
2023-05-22 00:54:31.248  WARN 44777 --- [    Test worker] JpaBaseConfiguration$JpaWebConfiguration : spring.jpa.open-in-view is enabled by default. Therefore, database queries may be performed during view rendering. Explicitly configure spring.jpa.open-in-view to disable this warning
2023-05-22 00:54:31.700  INFO 44777 --- [    Test worker] c.e.server.ServerApplicationTests        : Started ServerApplicationTests in 24.856 seconds (JVM running for 25.783)
]]></system-out>
  <system-err><![CDATA[]]></system-err>
</testsuite>
