<?xml version="1.0" encoding="UTF-8"?>
<testsuite name="com.everyparking.server.ServerApplicationTests" tests="1" skipped="0" failures="0" errors="0" timestamp="2023-05-23T17:25:37" hostname="WANS-A1234" time="0.143">
  <properties/>
  <testcase name="contextLoads()" classname="com.everyparking.server.ServerApplicationTests" time="0.143"/>
  <system-out><![CDATA[02:25:28.975 [Test worker] DEBUG org.springframework.test.context.BootstrapUtils - Instantiating CacheAwareContextLoaderDelegate from class [org.springframework.test.context.cache.DefaultCacheAwareContextLoaderDelegate]
02:25:28.991 [Test worker] DEBUG org.springframework.test.context.BootstrapUtils - Instantiating BootstrapContext using constructor [public org.springframework.test.context.support.DefaultBootstrapContext(java.lang.Class,org.springframework.test.context.CacheAwareContextLoaderDelegate)]
02:25:29.055 [Test worker] DEBUG org.springframework.test.context.BootstrapUtils - Instantiating TestContextBootstrapper for test class [com.everyparking.server.ServerApplicationTests] from class [org.springframework.boot.test.context.SpringBootTestContextBootstrapper]
02:25:29.070 [Test worker] INFO org.springframework.boot.test.context.SpringBootTestContextBootstrapper - Neither @ContextConfiguration nor @ContextHierarchy found for test class [com.everyparking.server.ServerApplicationTests], using SpringBootContextLoader
02:25:29.074 [Test worker] DEBUG org.springframework.test.context.support.AbstractContextLoader - Did not detect default resource location for test class [com.everyparking.server.ServerApplicationTests]: class path resource [com/everyparking/server/ServerApplicationTests-context.xml] does not exist
02:25:29.075 [Test worker] DEBUG org.springframework.test.context.support.AbstractContextLoader - Did not detect default resource location for test class [com.everyparking.server.ServerApplicationTests]: class path resource [com/everyparking/server/ServerApplicationTestsContext.groovy] does not exist
02:25:29.075 [Test worker] INFO org.springframework.test.context.support.AbstractContextLoader - Could not detect default resource locations for test class [com.everyparking.server.ServerApplicationTests]: no resource found for suffixes {-context.xml, Context.groovy}.
02:25:29.076 [Test worker] INFO org.springframework.test.context.support.AnnotationConfigContextLoaderUtils - Could not detect default configuration classes for test class [com.everyparking.server.ServerApplicationTests]: ServerApplicationTests does not declare any static, non-private, non-final, nested classes annotated with @Configuration.
02:25:29.137 [Test worker] DEBUG org.springframework.test.context.support.ActiveProfilesUtils - Could not find an 'annotation declaring class' for annotation type [org.springframework.test.context.ActiveProfiles] and class [com.everyparking.server.ServerApplicationTests]
02:25:29.227 [Test worker] DEBUG org.springframework.context.annotation.ClassPathScanningCandidateComponentProvider - Identified candidate component class: file [C:\workspace\capstone\EveryParking_Server\build\classes\java\main\com\everyparking\server\ServerApplication.class]
02:25:29.229 [Test worker] INFO org.springframework.boot.test.context.SpringBootTestContextBootstrapper - Found @SpringBootConfiguration com.everyparking.server.ServerApplication for test class com.everyparking.server.ServerApplicationTests
02:25:29.365 [Test worker] DEBUG org.springframework.boot.test.context.SpringBootTestContextBootstrapper - @TestExecutionListeners is not present for class [com.everyparking.server.ServerApplicationTests]: using defaults.
02:25:29.366 [Test worker] INFO org.springframework.boot.test.context.SpringBootTestContextBootstrapper - Loaded default TestExecutionListener class names from location [META-INF/spring.factories]: [org.springframework.boot.test.autoconfigure.restdocs.RestDocsTestExecutionListener, org.springframework.boot.test.autoconfigure.web.client.MockRestServiceServerResetTestExecutionListener, org.springframework.boot.test.autoconfigure.web.servlet.MockMvcPrintOnlyOnFailureTestExecutionListener, org.springframework.boot.test.autoconfigure.web.servlet.WebDriverTestExecutionListener, org.springframework.boot.test.autoconfigure.webservices.client.MockWebServiceServerTestExecutionListener, org.springframework.boot.test.mock.mockito.MockitoTestExecutionListener, org.springframework.boot.test.mock.mockito.ResetMocksTestExecutionListener, org.springframework.test.context.web.ServletTestExecutionListener, org.springframework.test.context.support.DirtiesContextBeforeModesTestExecutionListener, org.springframework.test.context.event.ApplicationEventsTestExecutionListener, org.springframework.test.context.support.DependencyInjectionTestExecutionListener, org.springframework.test.context.support.DirtiesContextTestExecutionListener, org.springframework.test.context.transaction.TransactionalTestExecutionListener, org.springframework.test.context.jdbc.SqlScriptsTestExecutionListener, org.springframework.test.context.event.EventPublishingTestExecutionListener]
02:25:29.382 [Test worker] INFO org.springframework.boot.test.context.SpringBootTestContextBootstrapper - Using TestExecutionListeners: [org.springframework.test.context.web.ServletTestExecutionListener@3228d990, org.springframework.test.context.support.DirtiesContextBeforeModesTestExecutionListener@54e7391d, org.springframework.test.context.event.ApplicationEventsTestExecutionListener@50b8ae8d, org.springframework.boot.test.mock.mockito.MockitoTestExecutionListener@255990cc, org.springframework.boot.test.autoconfigure.SpringBootDependencyInjectionTestExecutionListener@51c929ae, org.springframework.test.context.support.DirtiesContextTestExecutionListener@3c8bdd5b, org.springframework.test.context.transaction.TransactionalTestExecutionListener@29d2d081, org.springframework.test.context.jdbc.SqlScriptsTestExecutionListener@40e4ea87, org.springframework.test.context.event.EventPublishingTestExecutionListener@58783f6c, org.springframework.boot.test.autoconfigure.restdocs.RestDocsTestExecutionListener@3a7b503d, org.springframework.boot.test.autoconfigure.web.client.MockRestServiceServerResetTestExecutionListener@512d92b, org.springframework.boot.test.autoconfigure.web.servlet.MockMvcPrintOnlyOnFailureTestExecutionListener@62c5bbdc, org.springframework.boot.test.autoconfigure.web.servlet.WebDriverTestExecutionListener@7bdf6bb7, org.springframework.boot.test.autoconfigure.webservices.client.MockWebServiceServerTestExecutionListener@1bc53649, org.springframework.boot.test.mock.mockito.ResetMocksTestExecutionListener@88d6f9b]
02:25:29.386 [Test worker] DEBUG org.springframework.test.context.support.AbstractDirtiesContextTestExecutionListener - Before test class: context [DefaultTestContext@3fabf088 testClass = ServerApplicationTests, testInstance = [null], testMethod = [null], testException = [null], mergedContextConfiguration = [WebMergedContextConfiguration@1e392345 testClass = ServerApplicationTests, locations = '{}', classes = '{class com.everyparking.server.ServerApplication}', contextInitializerClasses = '[]', activeProfiles = '{}', propertySourceLocations = '{}', propertySourceProperties = '{org.springframework.boot.test.context.SpringBootTestContextBootstrapper=true}', contextCustomizers = set[org.springframework.boot.test.autoconfigure.actuate.metrics.MetricsExportContextCustomizerFactory$DisableMetricExportContextCustomizer@674658f7, org.springframework.boot.test.autoconfigure.properties.PropertyMappingContextCustomizer@0, org.springframework.boot.test.autoconfigure.web.servlet.WebDriverContextCustomizerFactory$Customizer@3e5499cc, org.springframework.boot.test.context.filter.ExcludeFilterContextCustomizer@15cafec7, org.springframework.boot.test.json.DuplicateJsonObjectContextCustomizerFactory$DuplicateJsonObjectContextCustomizer@792bbc74, org.springframework.boot.test.mock.mockito.MockitoContextCustomizer@0, org.springframework.boot.test.web.client.TestRestTemplateContextCustomizer@531c311e, org.springframework.boot.test.context.SpringBootTestArgs@1, org.springframework.boot.test.context.SpringBootTestWebEnvironment@3b5fad2d], resourceBasePath = 'src/main/webapp', contextLoader = 'org.springframework.boot.test.context.SpringBootContextLoader', parent = [null]], attributes = map['org.springframework.test.context.web.ServletTestExecutionListener.activateListener' -> true]], class annotated with @DirtiesContext [false] with mode [null].

  .   ____          _            __ _ _
 /\\ / ___'_ __ _ _(_)_ __  __ _ \ \ \ \
( ( )\___ | '_ | '_| | '_ \/ _` | \ \ \ \
 \\/  ___)| |_)| | | | | || (_| |  ) ) ) )
  '  |____| .__|_| |_|_| |_\__, | / / / /
 =========|_|==============|___/=/_/_/_/
 :: Spring Boot ::                (v2.7.9)

2023-05-24 02:25:29.847  INFO 56768 --- [    Test worker] c.e.server.ServerApplicationTests        : Starting ServerApplicationTests using Java 11.0.18 on WANS-A1234 with PID 56768 (started by swan in C:\workspace\capstone\EveryParking_Server)
2023-05-24 02:25:29.848  INFO 56768 --- [    Test worker] c.e.server.ServerApplicationTests        : No active profile set, falling back to 1 default profile: "default"
2023-05-24 02:25:30.878  INFO 56768 --- [    Test worker] .s.d.r.c.RepositoryConfigurationDelegate : Bootstrapping Spring Data JPA repositories in DEFAULT mode.
2023-05-24 02:25:30.968  INFO 56768 --- [    Test worker] .s.d.r.c.RepositoryConfigurationDelegate : Finished Spring Data repository scanning in 83 ms. Found 8 JPA repository interfaces.
2023-05-24 02:25:31.774  INFO 56768 --- [    Test worker] o.hibernate.jpa.internal.util.LogHelper  : HHH000204: Processing PersistenceUnitInfo [name: default]
2023-05-24 02:25:31.851  INFO 56768 --- [    Test worker] org.hibernate.Version                    : HHH000412: Hibernate ORM core version 5.6.15.Final
2023-05-24 02:25:32.063  INFO 56768 --- [    Test worker] o.hibernate.annotations.common.Version   : HCANN000001: Hibernate Commons Annotations {5.1.2.Final}
2023-05-24 02:25:32.112 DEBUG 56768 --- [    Test worker] org.hibernate.type.BasicTypeRegistry     : Adding type registration boolean -> org.hibernate.type.BooleanType@44641d6c
2023-05-24 02:25:32.112 DEBUG 56768 --- [    Test worker] org.hibernate.type.BasicTypeRegistry     : Adding type registration boolean -> org.hibernate.type.BooleanType@44641d6c
2023-05-24 02:25:32.112 DEBUG 56768 --- [    Test worker] org.hibernate.type.BasicTypeRegistry     : Adding type registration java.lang.Boolean -> org.hibernate.type.BooleanType@44641d6c
2023-05-24 02:25:32.116 DEBUG 56768 --- [    Test worker] org.hibernate.type.BasicTypeRegistry     : Adding type registration numeric_boolean -> org.hibernate.type.NumericBooleanType@4357524b
2023-05-24 02:25:32.117 DEBUG 56768 --- [    Test worker] org.hibernate.type.BasicTypeRegistry     : Adding type registration true_false -> org.hibernate.type.TrueFalseType@5f3b84bd
2023-05-24 02:25:32.118 DEBUG 56768 --- [    Test worker] org.hibernate.type.BasicTypeRegistry     : Adding type registration yes_no -> org.hibernate.type.YesNoType@166b11e
2023-05-24 02:25:32.121 DEBUG 56768 --- [    Test worker] org.hibernate.type.BasicTypeRegistry     : Adding type registration byte -> org.hibernate.type.ByteType@2424cb9d
2023-05-24 02:25:32.121 DEBUG 56768 --- [    Test worker] org.hibernate.type.BasicTypeRegistry     : Adding type registration byte -> org.hibernate.type.ByteType@2424cb9d
2023-05-24 02:25:32.121 DEBUG 56768 --- [    Test worker] org.hibernate.type.BasicTypeRegistry     : Adding type registration java.lang.Byte -> org.hibernate.type.ByteType@2424cb9d
2023-05-24 02:25:32.127 DEBUG 56768 --- [    Test worker] org.hibernate.type.BasicTypeRegistry     : Adding type registration character -> org.hibernate.type.CharacterType@4567fb2b
2023-05-24 02:25:32.127 DEBUG 56768 --- [    Test worker] org.hibernate.type.BasicTypeRegistry     : Adding type registration char -> org.hibernate.type.CharacterType@4567fb2b
2023-05-24 02:25:32.127 DEBUG 56768 --- [    Test worker] org.hibernate.type.BasicTypeRegistry     : Adding type registration java.lang.Character -> org.hibernate.type.CharacterType@4567fb2b
2023-05-24 02:25:32.130 DEBUG 56768 --- [    Test worker] org.hibernate.type.BasicTypeRegistry     : Adding type registration short -> org.hibernate.type.ShortType@36ad5f2a
2023-05-24 02:25:32.130 DEBUG 56768 --- [    Test worker] org.hibernate.type.BasicTypeRegistry     : Adding type registration short -> org.hibernate.type.ShortType@36ad5f2a
2023-05-24 02:25:32.130 DEBUG 56768 --- [    Test worker] org.hibernate.type.BasicTypeRegistry     : Adding type registration java.lang.Short -> org.hibernate.type.ShortType@36ad5f2a
2023-05-24 02:25:32.132 DEBUG 56768 --- [    Test worker] org.hibernate.type.BasicTypeRegistry     : Adding type registration integer -> org.hibernate.type.IntegerType@7c901203
2023-05-24 02:25:32.132 DEBUG 56768 --- [    Test worker] org.hibernate.type.BasicTypeRegistry     : Adding type registration int -> org.hibernate.type.IntegerType@7c901203
2023-05-24 02:25:32.132 DEBUG 56768 --- [    Test worker] org.hibernate.type.BasicTypeRegistry     : Adding type registration java.lang.Integer -> org.hibernate.type.IntegerType@7c901203
2023-05-24 02:25:32.135 DEBUG 56768 --- [    Test worker] org.hibernate.type.BasicTypeRegistry     : Adding type registration long -> org.hibernate.type.LongType@1a497286
2023-05-24 02:25:32.135 DEBUG 56768 --- [    Test worker] org.hibernate.type.BasicTypeRegistry     : Adding type registration long -> org.hibernate.type.LongType@1a497286
2023-05-24 02:25:32.135 DEBUG 56768 --- [    Test worker] org.hibernate.type.BasicTypeRegistry     : Adding type registration java.lang.Long -> org.hibernate.type.LongType@1a497286
2023-05-24 02:25:32.136 DEBUG 56768 --- [    Test worker] org.hibernate.type.BasicTypeRegistry     : Adding type registration float -> org.hibernate.type.FloatType@aa752bb
2023-05-24 02:25:32.136 DEBUG 56768 --- [    Test worker] org.hibernate.type.BasicTypeRegistry     : Adding type registration float -> org.hibernate.type.FloatType@aa752bb
2023-05-24 02:25:32.136 DEBUG 56768 --- [    Test worker] org.hibernate.type.BasicTypeRegistry     : Adding type registration java.lang.Float -> org.hibernate.type.FloatType@aa752bb
2023-05-24 02:25:32.137 DEBUG 56768 --- [    Test worker] org.hibernate.type.BasicTypeRegistry     : Adding type registration double -> org.hibernate.type.DoubleType@389a5022
2023-05-24 02:25:32.139 DEBUG 56768 --- [    Test worker] org.hibernate.type.BasicTypeRegistry     : Adding type registration double -> org.hibernate.type.DoubleType@389a5022
2023-05-24 02:25:32.139 DEBUG 56768 --- [    Test worker] org.hibernate.type.BasicTypeRegistry     : Adding type registration java.lang.Double -> org.hibernate.type.DoubleType@389a5022
2023-05-24 02:25:32.140 DEBUG 56768 --- [    Test worker] org.hibernate.type.BasicTypeRegistry     : Adding type registration big_decimal -> org.hibernate.type.BigDecimalType@41a16eb3
2023-05-24 02:25:32.140 DEBUG 56768 --- [    Test worker] org.hibernate.type.BasicTypeRegistry     : Adding type registration java.math.BigDecimal -> org.hibernate.type.BigDecimalType@41a16eb3
2023-05-24 02:25:32.141 DEBUG 56768 --- [    Test worker] org.hibernate.type.BasicTypeRegistry     : Adding type registration big_integer -> org.hibernate.type.BigIntegerType@684372d0
2023-05-24 02:25:32.141 DEBUG 56768 --- [    Test worker] org.hibernate.type.BasicTypeRegistry     : Adding type registration java.math.BigInteger -> org.hibernate.type.BigIntegerType@684372d0
2023-05-24 02:25:32.143 DEBUG 56768 --- [    Test worker] org.hibernate.type.BasicTypeRegistry     : Adding type registration string -> org.hibernate.type.StringType@6060146b
2023-05-24 02:25:32.143 DEBUG 56768 --- [    Test worker] org.hibernate.type.BasicTypeRegistry     : Adding type registration java.lang.String -> org.hibernate.type.StringType@6060146b
2023-05-24 02:25:32.143 DEBUG 56768 --- [    Test worker] org.hibernate.type.BasicTypeRegistry     : Adding type registration nstring -> org.hibernate.type.StringNVarcharType@7a55fb81
2023-05-24 02:25:32.144 DEBUG 56768 --- [    Test worker] org.hibernate.type.BasicTypeRegistry     : Adding type registration ncharacter -> org.hibernate.type.CharacterNCharType@61911947
2023-05-24 02:25:32.145 DEBUG 56768 --- [    Test worker] org.hibernate.type.BasicTypeRegistry     : Adding type registration url -> org.hibernate.type.UrlType@795f6681
2023-05-24 02:25:32.145 DEBUG 56768 --- [    Test worker] org.hibernate.type.BasicTypeRegistry     : Adding type registration java.net.URL -> org.hibernate.type.UrlType@795f6681
2023-05-24 02:25:32.146 DEBUG 56768 --- [    Test worker] org.hibernate.type.BasicTypeRegistry     : Adding type registration Duration -> org.hibernate.type.DurationType@3e0a9b1d
2023-05-24 02:25:32.146 DEBUG 56768 --- [    Test worker] org.hibernate.type.BasicTypeRegistry     : Adding type registration java.time.Duration -> org.hibernate.type.DurationType@3e0a9b1d
2023-05-24 02:25:32.147 DEBUG 56768 --- [    Test worker] org.hibernate.type.BasicTypeRegistry     : Adding type registration Instant -> org.hibernate.type.InstantType@28554ac8
2023-05-24 02:25:32.148 DEBUG 56768 --- [    Test worker] org.hibernate.type.BasicTypeRegistry     : Adding type registration java.time.Instant -> org.hibernate.type.InstantType@28554ac8
2023-05-24 02:25:32.149 DEBUG 56768 --- [    Test worker] org.hibernate.type.BasicTypeRegistry     : Adding type registration LocalDateTime -> org.hibernate.type.LocalDateTimeType@21516c88
2023-05-24 02:25:32.149 DEBUG 56768 --- [    Test worker] org.hibernate.type.BasicTypeRegistry     : Adding type registration java.time.LocalDateTime -> org.hibernate.type.LocalDateTimeType@21516c88
2023-05-24 02:25:32.151 DEBUG 56768 --- [    Test worker] org.hibernate.type.BasicTypeRegistry     : Adding type registration LocalDate -> org.hibernate.type.LocalDateType@7604198a
2023-05-24 02:25:32.151 DEBUG 56768 --- [    Test worker] org.hibernate.type.BasicTypeRegistry     : Adding type registration java.time.LocalDate -> org.hibernate.type.LocalDateType@7604198a
2023-05-24 02:25:32.152 DEBUG 56768 --- [    Test worker] org.hibernate.type.BasicTypeRegistry     : Adding type registration LocalTime -> org.hibernate.type.LocalTimeType@464aeb09
2023-05-24 02:25:32.153 DEBUG 56768 --- [    Test worker] org.hibernate.type.BasicTypeRegistry     : Adding type registration java.time.LocalTime -> org.hibernate.type.LocalTimeType@464aeb09
2023-05-24 02:25:32.154 DEBUG 56768 --- [    Test worker] org.hibernate.type.BasicTypeRegistry     : Adding type registration OffsetDateTime -> org.hibernate.type.OffsetDateTimeType@52d7ab79
2023-05-24 02:25:32.154 DEBUG 56768 --- [    Test worker] org.hibernate.type.BasicTypeRegistry     : Adding type registration java.time.OffsetDateTime -> org.hibernate.type.OffsetDateTimeType@52d7ab79
2023-05-24 02:25:32.155 DEBUG 56768 --- [    Test worker] org.hibernate.type.BasicTypeRegistry     : Adding type registration OffsetTime -> org.hibernate.type.OffsetTimeType@66b0e207
2023-05-24 02:25:32.155 DEBUG 56768 --- [    Test worker] org.hibernate.type.BasicTypeRegistry     : Adding type registration java.time.OffsetTime -> org.hibernate.type.OffsetTimeType@66b0e207
2023-05-24 02:25:32.156 DEBUG 56768 --- [    Test worker] org.hibernate.type.BasicTypeRegistry     : Adding type registration ZonedDateTime -> org.hibernate.type.ZonedDateTimeType@3e74fd84
2023-05-24 02:25:32.156 DEBUG 56768 --- [    Test worker] org.hibernate.type.BasicTypeRegistry     : Adding type registration java.time.ZonedDateTime -> org.hibernate.type.ZonedDateTimeType@3e74fd84
2023-05-24 02:25:32.157 DEBUG 56768 --- [    Test worker] org.hibernate.type.BasicTypeRegistry     : Adding type registration date -> org.hibernate.type.DateType@59262a90
2023-05-24 02:25:32.158 DEBUG 56768 --- [    Test worker] org.hibernate.type.BasicTypeRegistry     : Adding type registration java.sql.Date -> org.hibernate.type.DateType@59262a90
2023-05-24 02:25:32.159 DEBUG 56768 --- [    Test worker] org.hibernate.type.BasicTypeRegistry     : Adding type registration time -> org.hibernate.type.TimeType@7b377a53
2023-05-24 02:25:32.159 DEBUG 56768 --- [    Test worker] org.hibernate.type.BasicTypeRegistry     : Adding type registration java.sql.Time -> org.hibernate.type.TimeType@7b377a53
2023-05-24 02:25:32.160 DEBUG 56768 --- [    Test worker] org.hibernate.type.BasicTypeRegistry     : Adding type registration timestamp -> org.hibernate.type.TimestampType@8077c97
2023-05-24 02:25:32.160 DEBUG 56768 --- [    Test worker] org.hibernate.type.BasicTypeRegistry     : Adding type registration java.sql.Timestamp -> org.hibernate.type.TimestampType@8077c97
2023-05-24 02:25:32.160 DEBUG 56768 --- [    Test worker] org.hibernate.type.BasicTypeRegistry     : Adding type registration java.util.Date -> org.hibernate.type.TimestampType@8077c97
2023-05-24 02:25:32.162 DEBUG 56768 --- [    Test worker] org.hibernate.type.BasicTypeRegistry     : Adding type registration dbtimestamp -> org.hibernate.type.DbTimestampType@6e0d16a4
2023-05-24 02:25:32.163 DEBUG 56768 --- [    Test worker] org.hibernate.type.BasicTypeRegistry     : Adding type registration calendar -> org.hibernate.type.CalendarType@221b77d7
2023-05-24 02:25:32.163 DEBUG 56768 --- [    Test worker] org.hibernate.type.BasicTypeRegistry     : Adding type registration java.util.Calendar -> org.hibernate.type.CalendarType@221b77d7
2023-05-24 02:25:32.163 DEBUG 56768 --- [    Test worker] org.hibernate.type.BasicTypeRegistry     : Adding type registration java.util.GregorianCalendar -> org.hibernate.type.CalendarType@221b77d7
2023-05-24 02:25:32.164 DEBUG 56768 --- [    Test worker] org.hibernate.type.BasicTypeRegistry     : Adding type registration calendar_date -> org.hibernate.type.CalendarDateType@d108406
2023-05-24 02:25:32.166 DEBUG 56768 --- [    Test worker] org.hibernate.type.BasicTypeRegistry     : Adding type registration calendar_time -> org.hibernate.type.CalendarTimeType@5c70d7f0
2023-05-24 02:25:32.168 DEBUG 56768 --- [    Test worker] org.hibernate.type.BasicTypeRegistry     : Adding type registration locale -> org.hibernate.type.LocaleType@7f5ce33e
2023-05-24 02:25:32.168 DEBUG 56768 --- [    Test worker] org.hibernate.type.BasicTypeRegistry     : Adding type registration java.util.Locale -> org.hibernate.type.LocaleType@7f5ce33e
2023-05-24 02:25:32.170 DEBUG 56768 --- [    Test worker] org.hibernate.type.BasicTypeRegistry     : Adding type registration currency -> org.hibernate.type.CurrencyType@6eede35e
2023-05-24 02:25:32.170 DEBUG 56768 --- [    Test worker] org.hibernate.type.BasicTypeRegistry     : Adding type registration java.util.Currency -> org.hibernate.type.CurrencyType@6eede35e
2023-05-24 02:25:32.171 DEBUG 56768 --- [    Test worker] org.hibernate.type.BasicTypeRegistry     : Adding type registration timezone -> org.hibernate.type.TimeZoneType@46d0f89c
2023-05-24 02:25:32.171 DEBUG 56768 --- [    Test worker] org.hibernate.type.BasicTypeRegistry     : Adding type registration java.util.TimeZone -> org.hibernate.type.TimeZoneType@46d0f89c
2023-05-24 02:25:32.172 DEBUG 56768 --- [    Test worker] org.hibernate.type.BasicTypeRegistry     : Adding type registration class -> org.hibernate.type.ClassType@58164e9a
2023-05-24 02:25:32.172 DEBUG 56768 --- [    Test worker] org.hibernate.type.BasicTypeRegistry     : Adding type registration java.lang.Class -> org.hibernate.type.ClassType@58164e9a
2023-05-24 02:25:32.173 DEBUG 56768 --- [    Test worker] org.hibernate.type.BasicTypeRegistry     : Adding type registration uuid-binary -> org.hibernate.type.UUIDBinaryType@4f26425b
2023-05-24 02:25:32.173 DEBUG 56768 --- [    Test worker] org.hibernate.type.BasicTypeRegistry     : Adding type registration java.util.UUID -> org.hibernate.type.UUIDBinaryType@4f26425b
2023-05-24 02:25:32.174 DEBUG 56768 --- [    Test worker] org.hibernate.type.BasicTypeRegistry     : Adding type registration uuid-char -> org.hibernate.type.UUIDCharType@4ebd6fd6
2023-05-24 02:25:32.176 DEBUG 56768 --- [    Test worker] org.hibernate.type.BasicTypeRegistry     : Adding type registration binary -> org.hibernate.type.BinaryType@91a2543
2023-05-24 02:25:32.176 DEBUG 56768 --- [    Test worker] org.hibernate.type.BasicTypeRegistry     : Adding type registration byte[] -> org.hibernate.type.BinaryType@91a2543
2023-05-24 02:25:32.177 DEBUG 56768 --- [    Test worker] org.hibernate.type.BasicTypeRegistry     : Adding type registration [B -> org.hibernate.type.BinaryType@91a2543
2023-05-24 02:25:32.178 DEBUG 56768 --- [    Test worker] org.hibernate.type.BasicTypeRegistry     : Adding type registration wrapper-binary -> org.hibernate.type.WrapperBinaryType@7e2c6702
2023-05-24 02:25:32.178 DEBUG 56768 --- [    Test worker] org.hibernate.type.BasicTypeRegistry     : Adding type registration Byte[] -> org.hibernate.type.WrapperBinaryType@7e2c6702
2023-05-24 02:25:32.178 DEBUG 56768 --- [    Test worker] org.hibernate.type.BasicTypeRegistry     : Adding type registration [Ljava.lang.Byte; -> org.hibernate.type.WrapperBinaryType@7e2c6702
2023-05-24 02:25:32.179 DEBUG 56768 --- [    Test worker] org.hibernate.type.BasicTypeRegistry     : Adding type registration row_version -> org.hibernate.type.RowVersionType@6775c0d1
2023-05-24 02:25:32.179 DEBUG 56768 --- [    Test worker] org.hibernate.type.BasicTypeRegistry     : Adding type registration image -> org.hibernate.type.ImageType@74500e4f
2023-05-24 02:25:32.180 DEBUG 56768 --- [    Test worker] org.hibernate.type.BasicTypeRegistry     : Adding type registration characters -> org.hibernate.type.CharArrayType@54a056e4
2023-05-24 02:25:32.180 DEBUG 56768 --- [    Test worker] org.hibernate.type.BasicTypeRegistry     : Adding type registration char[] -> org.hibernate.type.CharArrayType@54a056e4
2023-05-24 02:25:32.180 DEBUG 56768 --- [    Test worker] org.hibernate.type.BasicTypeRegistry     : Adding type registration [C -> org.hibernate.type.CharArrayType@54a056e4
2023-05-24 02:25:32.181 DEBUG 56768 --- [    Test worker] org.hibernate.type.BasicTypeRegistry     : Adding type registration wrapper-characters -> org.hibernate.type.CharacterArrayType@78065fcd
2023-05-24 02:25:32.181 DEBUG 56768 --- [    Test worker] org.hibernate.type.BasicTypeRegistry     : Adding type registration [Ljava.lang.Character; -> org.hibernate.type.CharacterArrayType@78065fcd
2023-05-24 02:25:32.181 DEBUG 56768 --- [    Test worker] org.hibernate.type.BasicTypeRegistry     : Adding type registration Character[] -> org.hibernate.type.CharacterArrayType@78065fcd
2023-05-24 02:25:32.181 DEBUG 56768 --- [    Test worker] org.hibernate.type.BasicTypeRegistry     : Adding type registration text -> org.hibernate.type.TextType@19b9f903
2023-05-24 02:25:32.182 DEBUG 56768 --- [    Test worker] org.hibernate.type.BasicTypeRegistry     : Adding type registration ntext -> org.hibernate.type.NTextType@748904e8
2023-05-24 02:25:32.183 DEBUG 56768 --- [    Test worker] org.hibernate.type.BasicTypeRegistry     : Adding type registration blob -> org.hibernate.type.BlobType@7cdb7fc
2023-05-24 02:25:32.183 DEBUG 56768 --- [    Test worker] org.hibernate.type.BasicTypeRegistry     : Adding type registration java.sql.Blob -> org.hibernate.type.BlobType@7cdb7fc
2023-05-24 02:25:32.184 DEBUG 56768 --- [    Test worker] org.hibernate.type.BasicTypeRegistry     : Adding type registration materialized_blob -> org.hibernate.type.MaterializedBlobType@7d8b66d9
2023-05-24 02:25:32.185 DEBUG 56768 --- [    Test worker] org.hibernate.type.BasicTypeRegistry     : Adding type registration clob -> org.hibernate.type.ClobType@1182413a
2023-05-24 02:25:32.185 DEBUG 56768 --- [    Test worker] org.hibernate.type.BasicTypeRegistry     : Adding type registration java.sql.Clob -> org.hibernate.type.ClobType@1182413a
2023-05-24 02:25:32.187 DEBUG 56768 --- [    Test worker] org.hibernate.type.BasicTypeRegistry     : Adding type registration nclob -> org.hibernate.type.NClobType@6b9697ae
2023-05-24 02:25:32.187 DEBUG 56768 --- [    Test worker] org.hibernate.type.BasicTypeRegistry     : Adding type registration java.sql.NClob -> org.hibernate.type.NClobType@6b9697ae
2023-05-24 02:25:32.188 DEBUG 56768 --- [    Test worker] org.hibernate.type.BasicTypeRegistry     : Adding type registration materialized_clob -> org.hibernate.type.MaterializedClobType@5546e754
2023-05-24 02:25:32.188 DEBUG 56768 --- [    Test worker] org.hibernate.type.BasicTypeRegistry     : Adding type registration materialized_nclob -> org.hibernate.type.MaterializedNClobType@8f39224
2023-05-24 02:25:32.190 DEBUG 56768 --- [    Test worker] org.hibernate.type.BasicTypeRegistry     : Adding type registration serializable -> org.hibernate.type.SerializableType@49ced9c7
2023-05-24 02:25:32.196 DEBUG 56768 --- [    Test worker] org.hibernate.type.BasicTypeRegistry     : Adding type registration object -> org.hibernate.type.ObjectType@3d512652
2023-05-24 02:25:32.196 DEBUG 56768 --- [    Test worker] org.hibernate.type.BasicTypeRegistry     : Adding type registration java.lang.Object -> org.hibernate.type.ObjectType@3d512652
2023-05-24 02:25:32.197 DEBUG 56768 --- [    Test worker] org.hibernate.type.BasicTypeRegistry     : Adding type registration imm_date -> org.hibernate.type.AdaptedImmutableType@1fc0d9b4
2023-05-24 02:25:32.197 DEBUG 56768 --- [    Test worker] org.hibernate.type.BasicTypeRegistry     : Adding type registration imm_time -> org.hibernate.type.AdaptedImmutableType@42107318
2023-05-24 02:25:32.198 DEBUG 56768 --- [    Test worker] org.hibernate.type.BasicTypeRegistry     : Adding type registration imm_timestamp -> org.hibernate.type.AdaptedImmutableType@4e4f4092
2023-05-24 02:25:32.198 DEBUG 56768 --- [    Test worker] org.hibernate.type.BasicTypeRegistry     : Adding type registration imm_dbtimestamp -> org.hibernate.type.AdaptedImmutableType@5d829ef0
2023-05-24 02:25:32.198 DEBUG 56768 --- [    Test worker] org.hibernate.type.BasicTypeRegistry     : Adding type registration imm_calendar -> org.hibernate.type.AdaptedImmutableType@4416e18d
2023-05-24 02:25:32.198 DEBUG 56768 --- [    Test worker] org.hibernate.type.BasicTypeRegistry     : Adding type registration imm_calendar_date -> org.hibernate.type.AdaptedImmutableType@5dfc2a4
2023-05-24 02:25:32.198 DEBUG 56768 --- [    Test worker] org.hibernate.type.BasicTypeRegistry     : Adding type registration imm_binary -> org.hibernate.type.AdaptedImmutableType@3120495d
2023-05-24 02:25:32.198 DEBUG 56768 --- [    Test worker] org.hibernate.type.BasicTypeRegistry     : Adding type registration imm_serializable -> org.hibernate.type.AdaptedImmutableType@781c2497
2023-05-24 02:25:32.242  INFO 56768 --- [    Test worker] com.zaxxer.hikari.HikariDataSource       : HikariPool-1 - Starting...
2023-05-24 02:25:32.313  INFO 56768 --- [    Test worker] com.zaxxer.hikari.HikariDataSource       : HikariPool-1 - Start completed.
2023-05-24 02:25:32.342  INFO 56768 --- [    Test worker] org.hibernate.dialect.Dialect            : HHH000400: Using dialect: org.hibernate.dialect.MariaDB106Dialect
2023-05-24 02:25:32.371 DEBUG 56768 --- [    Test worker] o.h.type.spi.TypeConfiguration$Scope     : Scoping TypeConfiguration [org.hibernate.type.spi.TypeConfiguration@3ef0e576] to MetadataBuildingContext [org.hibernate.boot.internal.MetadataBuildingContextRootImpl@da34eb0]
2023-05-24 02:25:32.776 DEBUG 56768 --- [    Test worker] org.hibernate.type.EnumType              : Using NAMED-based conversion for Enum com.everyparking.server.data.entity.MemberStatus
2023-05-24 02:25:32.778 DEBUG 56768 --- [    Test worker] org.hibernate.type.EnumType              : Using NAMED-based conversion for Enum com.everyparking.server.data.entity.RoleType
2023-05-24 02:25:32.778 DEBUG 56768 --- [    Test worker] org.hibernate.type.EnumType              : Using NAMED-based conversion for Enum com.everyparking.server.data.entity.CarStatus
2023-05-24 02:25:32.779 DEBUG 56768 --- [    Test worker] org.hibernate.type.EnumType              : Using NAMED-based conversion for Enum com.everyparking.server.data.entity.ParkingStatus
2023-05-24 02:25:32.779 DEBUG 56768 --- [    Test worker] o.h.type.spi.TypeConfiguration$Scope     : Scoping TypeConfiguration [org.hibernate.type.spi.TypeConfiguration@3ef0e576] to SessionFactoryImpl [org.hibernate.internal.SessionFactoryImpl@733fa95c]
2023-05-24 02:25:33.284 DEBUG 56768 --- [    Test worker] org.hibernate.SQL                        : 
    
    alter table member 
       drop 
       foreign key if exists FKsev4q8fdxwy6niycwskmklvwx
2023-05-24 02:25:33.296 DEBUG 56768 --- [    Test worker] org.hibernate.SQL                        : 
    
    alter table member 
       drop 
       foreign key if exists FKooq37npsgnsvp2aab38uf6klb
2023-05-24 02:25:33.318 DEBUG 56768 --- [    Test worker] org.hibernate.SQL                        : 
    
    alter table message 
       drop 
       foreign key if exists FK4msccpwmxulmw875edu7p352d
2023-05-24 02:25:33.325 DEBUG 56768 --- [    Test worker] org.hibernate.SQL                        : 
    
    alter table message 
       drop 
       foreign key if exists FKjusoilghlrkxd2gam6ly30fdd
2023-05-24 02:25:33.335 DEBUG 56768 --- [    Test worker] org.hibernate.SQL                        : 
    
    alter table message 
       drop 
       foreign key if exists FKeid59e86pmn4dcpuborxrk3id
2023-05-24 02:25:33.349 DEBUG 56768 --- [    Test worker] org.hibernate.SQL                        : 
    
    alter table parking_info 
       drop 
       foreign key if exists FKjhj2r0t48s78k97qf72xpawm0
2023-05-24 02:25:33.357 DEBUG 56768 --- [    Test worker] org.hibernate.SQL                        : 
    
    alter table parking_info 
       drop 
       foreign key if exists FKjlmlpqme43cbfesbaj3f30225
2023-05-24 02:25:33.370 DEBUG 56768 --- [    Test worker] org.hibernate.SQL                        : 
    
    alter table report 
       drop 
       foreign key if exists FKmxlq6fpk3hfesa0qut2vh09ef
2023-05-24 02:25:33.378 DEBUG 56768 --- [    Test worker] org.hibernate.SQL                        : 
    
    alter table report 
       drop 
       foreign key if exists FKffmfaraf2frrc09ju7dwg7ca3
2023-05-24 02:25:33.391 DEBUG 56768 --- [    Test worker] org.hibernate.SQL                        : 
    
    alter table upload_file 
       drop 
       foreign key if exists FK8u9i9pa3m7slsihn06d7dgubp
2023-05-24 02:25:33.407 DEBUG 56768 --- [    Test worker] org.hibernate.SQL                        : 
    
    alter table upload_file 
       drop 
       foreign key if exists FKj8idbmcr961eyi06jiubgxokg
2023-05-24 02:25:33.422 DEBUG 56768 --- [    Test worker] org.hibernate.SQL                        : 
    
    drop table if exists car
2023-05-24 02:25:33.428 DEBUG 56768 --- [    Test worker] org.hibernate.SQL                        : 
    
    drop table if exists entry_log
2023-05-24 02:25:33.441 DEBUG 56768 --- [    Test worker] org.hibernate.SQL                        : 
    
    drop table if exists member
2023-05-24 02:25:33.455 DEBUG 56768 --- [    Test worker] org.hibernate.SQL                        : 
    
    drop table if exists message
2023-05-24 02:25:33.469 DEBUG 56768 --- [    Test worker] org.hibernate.SQL                        : 
    
    drop table if exists parking_info
2023-05-24 02:25:33.483 DEBUG 56768 --- [    Test worker] org.hibernate.SQL                        : 
    
    drop table if exists parking_lot
2023-05-24 02:25:33.489 DEBUG 56768 --- [    Test worker] org.hibernate.SQL                        : 
    
    drop table if exists report
2023-05-24 02:25:33.501 DEBUG 56768 --- [    Test worker] org.hibernate.SQL                        : 
    
    drop table if exists upload_file
2023-05-24 02:25:33.519 DEBUG 56768 --- [    Test worker] org.hibernate.SQL                        : 
    
    create table car (
       car_id bigint not null auto_increment,
        created_time datetime(6),
        last_modified_time datetime(6),
        is_enter bit not null,
        parking_lot_id integer not null,
        car_number varchar(255),
        car_status varchar(255),
        model_name varchar(255),
        primary key (car_id)
    ) engine=InnoDB
2023-05-24 02:25:33.528 DEBUG 56768 --- [    Test worker] org.hibernate.SQL                        : 
    
    create table entry_log (
       id bigint not null auto_increment,
        car_number varchar(255) not null,
        entry_time datetime(6) not null,
        exit_time datetime(6),
        primary key (id)
    ) engine=InnoDB
2023-05-24 02:25:33.536 DEBUG 56768 --- [    Test worker] org.hibernate.SQL                        : 
    
    create table member (
       member_id bigint not null auto_increment,
        created_time datetime(6),
        last_modified_time datetime(6),
        member_status varchar(255),
        password varchar(255),
        role_type varchar(255),
        student_id integer not null,
        user_id varchar(255),
        email varchar(255),
        phone_number integer not null,
        user_name varchar(255),
        car_id bigint,
        parking_info_id bigint,
        primary key (member_id)
    ) engine=InnoDB
2023-05-24 02:25:33.543 DEBUG 56768 --- [    Test worker] org.hibernate.SQL                        : 
    
    create table message (
       message_id bigint not null auto_increment,
        created_time datetime(6),
        last_modified_time datetime(6),
        details varchar(255),
        member_id bigint,
        sender_member_id bigint,
        primary key (message_id)
    ) engine=InnoDB
2023-05-24 02:25:33.551 DEBUG 56768 --- [    Test worker] org.hibernate.SQL                        : 
    
    create table parking_info (
       parking_info_id bigint not null auto_increment,
        created_time datetime(6),
        last_modified_time datetime(6),
        parking_id integer not null,
        parking_status varchar(255),
        car_id bigint,
        parking_lot_id bigint,
        primary key (parking_info_id)
    ) engine=InnoDB
2023-05-24 02:25:33.557 DEBUG 56768 --- [    Test worker] org.hibernate.SQL                        : 
    
    create table parking_lot (
       parking_lot_id bigint not null auto_increment,
        created_time datetime(6),
        last_modified_time datetime(6),
        available integer not null,
        name varchar(255),
        total integer not null,
        used integer not null,
        primary key (parking_lot_id)
    ) engine=InnoDB
2023-05-24 02:25:33.563 DEBUG 56768 --- [    Test worker] org.hibernate.SQL                        : 
    
    create table report (
       report_id bigint not null auto_increment,
        created_time datetime(6),
        last_modified_time datetime(6),
        contents varchar(255),
        title varchar(255),
        member_member_id bigint,
        primary key (report_id)
    ) engine=InnoDB
2023-05-24 02:25:33.571 DEBUG 56768 --- [    Test worker] org.hibernate.SQL                        : 
    
    create table upload_file (
       image_id bigint not null auto_increment,
        created_time datetime(6),
        last_modified_time datetime(6),
        store_file_name varchar(255),
        upload_file_name varchar(255),
        report_report_id bigint,
        primary key (image_id)
    ) engine=InnoDB
2023-05-24 02:25:33.578 DEBUG 56768 --- [    Test worker] org.hibernate.SQL                        : 
    
    alter table member 
       add constraint FKsev4q8fdxwy6niycwskmklvwx 
       foreign key (car_id) 
       references car (car_id)
2023-05-24 02:25:33.607 DEBUG 56768 --- [    Test worker] org.hibernate.SQL                        : 
    
    alter table member 
       add constraint FKooq37npsgnsvp2aab38uf6klb 
       foreign key (parking_info_id) 
       references parking_info (parking_info_id)
2023-05-24 02:25:33.632 DEBUG 56768 --- [    Test worker] org.hibernate.SQL                        : 
    
    alter table message 
       add constraint FK4msccpwmxulmw875edu7p352d 
       foreign key (member_id) 
       references member (member_id)
2023-05-24 02:25:33.656 DEBUG 56768 --- [    Test worker] org.hibernate.SQL                        : 
    
    alter table message 
       add constraint FKjusoilghlrkxd2gam6ly30fdd 
       foreign key (sender_member_id) 
       references member (member_id)
2023-05-24 02:25:33.682 DEBUG 56768 --- [    Test worker] org.hibernate.SQL                        : 
    
    alter table message 
       add constraint FKeid59e86pmn4dcpuborxrk3id 
       foreign key (message_id) 
       references member (member_id)
2023-05-24 02:25:33.706 DEBUG 56768 --- [    Test worker] org.hibernate.SQL                        : 
    
    alter table parking_info 
       add constraint FKjhj2r0t48s78k97qf72xpawm0 
       foreign key (car_id) 
       references car (car_id)
2023-05-24 02:25:33.730 DEBUG 56768 --- [    Test worker] org.hibernate.SQL                        : 
    
    alter table parking_info 
       add constraint FKjlmlpqme43cbfesbaj3f30225 
       foreign key (parking_lot_id) 
       references parking_lot (parking_lot_id)
2023-05-24 02:25:33.754 DEBUG 56768 --- [    Test worker] org.hibernate.SQL                        : 
    
    alter table report 
       add constraint FKmxlq6fpk3hfesa0qut2vh09ef 
       foreign key (member_member_id) 
       references member (member_id)
2023-05-24 02:25:33.775 DEBUG 56768 --- [    Test worker] org.hibernate.SQL                        : 
    
    alter table report 
       add constraint FKffmfaraf2frrc09ju7dwg7ca3 
       foreign key (report_id) 
       references member (member_id)
2023-05-24 02:25:33.796 DEBUG 56768 --- [    Test worker] org.hibernate.SQL                        : 
    
    alter table upload_file 
       add constraint FK8u9i9pa3m7slsihn06d7dgubp 
       foreign key (report_report_id) 
       references report (report_id)
2023-05-24 02:25:33.820 DEBUG 56768 --- [    Test worker] org.hibernate.SQL                        : 
    
    alter table upload_file 
       add constraint FKj8idbmcr961eyi06jiubgxokg 
       foreign key (image_id) 
       references report (report_id)
2023-05-24 02:25:33.838  INFO 56768 --- [    Test worker] o.h.e.t.j.p.i.JtaPlatformInitiator       : HHH000490: Using JtaPlatform implementation: [org.hibernate.engine.transaction.jta.platform.internal.NoJtaPlatform]
2023-05-24 02:25:33.849 TRACE 56768 --- [    Test worker] o.h.type.spi.TypeConfiguration$Scope     : Handling #sessionFactoryCreated from [org.hibernate.internal.SessionFactoryImpl@733fa95c] for TypeConfiguration
2023-05-24 02:25:33.850  INFO 56768 --- [    Test worker] j.LocalContainerEntityManagerFactoryBean : Initialized JPA EntityManagerFactory for persistence unit 'default'
2023-05-24 02:25:35.063 DEBUG 56768 --- [    Test worker] org.hibernate.SQL                        : 
    insert 
    into
        member
        (created_time, last_modified_time, car_id, member_status, parking_info_id, password, role_type, student_id, user_id, email, phone_number, user_name) 
    values
        (?, ?, ?, ?, ?, ?, ?, ?, ?, ?, ?, ?)
2023-05-24 02:25:35.076 TRACE 56768 --- [    Test worker] o.h.type.descriptor.sql.BasicBinder      : binding parameter [1] as [TIMESTAMP] - [2023-05-24T02:25:34.957415400]
2023-05-24 02:25:35.077 TRACE 56768 --- [    Test worker] o.h.type.descriptor.sql.BasicBinder      : binding parameter [2] as [TIMESTAMP] - [null]
2023-05-24 02:25:35.079 TRACE 56768 --- [    Test worker] o.h.type.descriptor.sql.BasicBinder      : binding parameter [3] as [BIGINT] - [null]
2023-05-24 02:25:35.079 TRACE 56768 --- [    Test worker] o.h.type.descriptor.sql.BasicBinder      : binding parameter [4] as [VARCHAR] - [DEFAULT]
2023-05-24 02:25:35.080 TRACE 56768 --- [    Test worker] o.h.type.descriptor.sql.BasicBinder      : binding parameter [5] as [BIGINT] - [null]
2023-05-24 02:25:35.080 TRACE 56768 --- [    Test worker] o.h.type.descriptor.sql.BasicBinder      : binding parameter [6] as [VARCHAR] - [1234]
2023-05-24 02:25:35.080 TRACE 56768 --- [    Test worker] o.h.type.descriptor.sql.BasicBinder      : binding parameter [7] as [VARCHAR] - [ADMIN]
2023-05-24 02:25:35.082 TRACE 56768 --- [    Test worker] o.h.type.descriptor.sql.BasicBinder      : binding parameter [8] as [INTEGER] - [0]
2023-05-24 02:25:35.084 TRACE 56768 --- [    Test worker] o.h.type.descriptor.sql.BasicBinder      : binding parameter [9] as [VARCHAR] - [admin]
2023-05-24 02:25:35.085 TRACE 56768 --- [    Test worker] o.h.type.descriptor.sql.BasicBinder      : binding parameter [10] as [VARCHAR] - [admin@a.com]
2023-05-24 02:25:35.085 TRACE 56768 --- [    Test worker] o.h.type.descriptor.sql.BasicBinder      : binding parameter [11] as [INTEGER] - [12341234]
2023-05-24 02:25:35.085 TRACE 56768 --- [    Test worker] o.h.type.descriptor.sql.BasicBinder      : binding parameter [12] as [VARCHAR] - [관리자]
2023-05-24 02:25:35.130 DEBUG 56768 --- [    Test worker] org.hibernate.SQL                        : 
    insert 
    into
        parking_lot
        (created_time, last_modified_time, available, name, total, used) 
    values
        (?, ?, ?, ?, ?, ?)
2023-05-24 02:25:35.130 TRACE 56768 --- [    Test worker] o.h.type.descriptor.sql.BasicBinder      : binding parameter [1] as [TIMESTAMP] - [2023-05-24T02:25:35.125324400]
2023-05-24 02:25:35.131 TRACE 56768 --- [    Test worker] o.h.type.descriptor.sql.BasicBinder      : binding parameter [2] as [TIMESTAMP] - [null]
2023-05-24 02:25:35.131 TRACE 56768 --- [    Test worker] o.h.type.descriptor.sql.BasicBinder      : binding parameter [3] as [INTEGER] - [20]
2023-05-24 02:25:35.132 TRACE 56768 --- [    Test worker] o.h.type.descriptor.sql.BasicBinder      : binding parameter [4] as [VARCHAR] - [테스트]
2023-05-24 02:25:35.132 TRACE 56768 --- [    Test worker] o.h.type.descriptor.sql.BasicBinder      : binding parameter [5] as [INTEGER] - [20]
2023-05-24 02:25:35.132 TRACE 56768 --- [    Test worker] o.h.type.descriptor.sql.BasicBinder      : binding parameter [6] as [INTEGER] - [0]
2023-05-24 02:25:35.223 DEBUG 56768 --- [    Test worker] org.hibernate.SQL                        : 
    insert 
    into
        parking_info
        (created_time, last_modified_time, car_id, parking_id, parking_lot_id, parking_status) 
    values
        (?, ?, ?, ?, ?, ?)
2023-05-24 02:25:35.223 TRACE 56768 --- [    Test worker] o.h.type.descriptor.sql.BasicBinder      : binding parameter [1] as [TIMESTAMP] - [2023-05-24T02:25:35.217643600]
2023-05-24 02:25:35.223 TRACE 56768 --- [    Test worker] o.h.type.descriptor.sql.BasicBinder      : binding parameter [2] as [TIMESTAMP] - [null]
2023-05-24 02:25:35.223 TRACE 56768 --- [    Test worker] o.h.type.descriptor.sql.BasicBinder      : binding parameter [3] as [BIGINT] - [null]
2023-05-24 02:25:35.223 TRACE 56768 --- [    Test worker] o.h.type.descriptor.sql.BasicBinder      : binding parameter [4] as [INTEGER] - [1]
2023-05-24 02:25:35.223 TRACE 56768 --- [    Test worker] o.h.type.descriptor.sql.BasicBinder      : binding parameter [5] as [BIGINT] - [1]
2023-05-24 02:25:35.224 TRACE 56768 --- [    Test worker] o.h.type.descriptor.sql.BasicBinder      : binding parameter [6] as [VARCHAR] - [AVAILABLE]
2023-05-24 02:25:35.236 DEBUG 56768 --- [    Test worker] org.hibernate.SQL                        : 
    insert 
    into
        parking_info
        (created_time, last_modified_time, car_id, parking_id, parking_lot_id, parking_status) 
    values
        (?, ?, ?, ?, ?, ?)
2023-05-24 02:25:35.236 TRACE 56768 --- [    Test worker] o.h.type.descriptor.sql.BasicBinder      : binding parameter [1] as [TIMESTAMP] - [2023-05-24T02:25:35.234978500]
2023-05-24 02:25:35.236 TRACE 56768 --- [    Test worker] o.h.type.descriptor.sql.BasicBinder      : binding parameter [2] as [TIMESTAMP] - [null]
2023-05-24 02:25:35.237 TRACE 56768 --- [    Test worker] o.h.type.descriptor.sql.BasicBinder      : binding parameter [3] as [BIGINT] - [null]
2023-05-24 02:25:35.237 TRACE 56768 --- [    Test worker] o.h.type.descriptor.sql.BasicBinder      : binding parameter [4] as [INTEGER] - [2]
2023-05-24 02:25:35.237 TRACE 56768 --- [    Test worker] o.h.type.descriptor.sql.BasicBinder      : binding parameter [5] as [BIGINT] - [1]
2023-05-24 02:25:35.237 TRACE 56768 --- [    Test worker] o.h.type.descriptor.sql.BasicBinder      : binding parameter [6] as [VARCHAR] - [AVAILABLE]
2023-05-24 02:25:35.242 DEBUG 56768 --- [    Test worker] org.hibernate.SQL                        : 
    insert 
    into
        parking_info
        (created_time, last_modified_time, car_id, parking_id, parking_lot_id, parking_status) 
    values
        (?, ?, ?, ?, ?, ?)
2023-05-24 02:25:35.243 TRACE 56768 --- [    Test worker] o.h.type.descriptor.sql.BasicBinder      : binding parameter [1] as [TIMESTAMP] - [2023-05-24T02:25:35.242524700]
2023-05-24 02:25:35.243 TRACE 56768 --- [    Test worker] o.h.type.descriptor.sql.BasicBinder      : binding parameter [2] as [TIMESTAMP] - [null]
2023-05-24 02:25:35.243 TRACE 56768 --- [    Test worker] o.h.type.descriptor.sql.BasicBinder      : binding parameter [3] as [BIGINT] - [null]
2023-05-24 02:25:35.243 TRACE 56768 --- [    Test worker] o.h.type.descriptor.sql.BasicBinder      : binding parameter [4] as [INTEGER] - [3]
2023-05-24 02:25:35.244 TRACE 56768 --- [    Test worker] o.h.type.descriptor.sql.BasicBinder      : binding parameter [5] as [BIGINT] - [1]
2023-05-24 02:25:35.244 TRACE 56768 --- [    Test worker] o.h.type.descriptor.sql.BasicBinder      : binding parameter [6] as [VARCHAR] - [AVAILABLE]
2023-05-24 02:25:35.247 DEBUG 56768 --- [    Test worker] org.hibernate.SQL                        : 
    insert 
    into
        parking_info
        (created_time, last_modified_time, car_id, parking_id, parking_lot_id, parking_status) 
    values
        (?, ?, ?, ?, ?, ?)
2023-05-24 02:25:35.249 TRACE 56768 --- [    Test worker] o.h.type.descriptor.sql.BasicBinder      : binding parameter [1] as [TIMESTAMP] - [2023-05-24T02:25:35.247989500]
2023-05-24 02:25:35.249 TRACE 56768 --- [    Test worker] o.h.type.descriptor.sql.BasicBinder      : binding parameter [2] as [TIMESTAMP] - [null]
2023-05-24 02:25:35.249 TRACE 56768 --- [    Test worker] o.h.type.descriptor.sql.BasicBinder      : binding parameter [3] as [BIGINT] - [null]
2023-05-24 02:25:35.249 TRACE 56768 --- [    Test worker] o.h.type.descriptor.sql.BasicBinder      : binding parameter [4] as [INTEGER] - [4]
2023-05-24 02:25:35.249 TRACE 56768 --- [    Test worker] o.h.type.descriptor.sql.BasicBinder      : binding parameter [5] as [BIGINT] - [1]
2023-05-24 02:25:35.249 TRACE 56768 --- [    Test worker] o.h.type.descriptor.sql.BasicBinder      : binding parameter [6] as [VARCHAR] - [AVAILABLE]
2023-05-24 02:25:35.252 DEBUG 56768 --- [    Test worker] org.hibernate.SQL                        : 
    insert 
    into
        parking_info
        (created_time, last_modified_time, car_id, parking_id, parking_lot_id, parking_status) 
    values
        (?, ?, ?, ?, ?, ?)
2023-05-24 02:25:35.252 TRACE 56768 --- [    Test worker] o.h.type.descriptor.sql.BasicBinder      : binding parameter [1] as [TIMESTAMP] - [2023-05-24T02:25:35.252411100]
2023-05-24 02:25:35.253 TRACE 56768 --- [    Test worker] o.h.type.descriptor.sql.BasicBinder      : binding parameter [2] as [TIMESTAMP] - [null]
2023-05-24 02:25:35.253 TRACE 56768 --- [    Test worker] o.h.type.descriptor.sql.BasicBinder      : binding parameter [3] as [BIGINT] - [null]
2023-05-24 02:25:35.253 TRACE 56768 --- [    Test worker] o.h.type.descriptor.sql.BasicBinder      : binding parameter [4] as [INTEGER] - [5]
2023-05-24 02:25:35.253 TRACE 56768 --- [    Test worker] o.h.type.descriptor.sql.BasicBinder      : binding parameter [5] as [BIGINT] - [1]
2023-05-24 02:25:35.253 TRACE 56768 --- [    Test worker] o.h.type.descriptor.sql.BasicBinder      : binding parameter [6] as [VARCHAR] - [AVAILABLE]
2023-05-24 02:25:35.256 DEBUG 56768 --- [    Test worker] org.hibernate.SQL                        : 
    insert 
    into
        parking_info
        (created_time, last_modified_time, car_id, parking_id, parking_lot_id, parking_status) 
    values
        (?, ?, ?, ?, ?, ?)
2023-05-24 02:25:35.257 TRACE 56768 --- [    Test worker] o.h.type.descriptor.sql.BasicBinder      : binding parameter [1] as [TIMESTAMP] - [2023-05-24T02:25:35.255428700]
2023-05-24 02:25:35.257 TRACE 56768 --- [    Test worker] o.h.type.descriptor.sql.BasicBinder      : binding parameter [2] as [TIMESTAMP] - [null]
2023-05-24 02:25:35.257 TRACE 56768 --- [    Test worker] o.h.type.descriptor.sql.BasicBinder      : binding parameter [3] as [BIGINT] - [null]
2023-05-24 02:25:35.257 TRACE 56768 --- [    Test worker] o.h.type.descriptor.sql.BasicBinder      : binding parameter [4] as [INTEGER] - [6]
2023-05-24 02:25:35.257 TRACE 56768 --- [    Test worker] o.h.type.descriptor.sql.BasicBinder      : binding parameter [5] as [BIGINT] - [1]
2023-05-24 02:25:35.257 TRACE 56768 --- [    Test worker] o.h.type.descriptor.sql.BasicBinder      : binding parameter [6] as [VARCHAR] - [AVAILABLE]
2023-05-24 02:25:35.263 DEBUG 56768 --- [    Test worker] org.hibernate.SQL                        : 
    insert 
    into
        parking_info
        (created_time, last_modified_time, car_id, parking_id, parking_lot_id, parking_status) 
    values
        (?, ?, ?, ?, ?, ?)
2023-05-24 02:25:35.263 TRACE 56768 --- [    Test worker] o.h.type.descriptor.sql.BasicBinder      : binding parameter [1] as [TIMESTAMP] - [2023-05-24T02:25:35.262299100]
2023-05-24 02:25:35.263 TRACE 56768 --- [    Test worker] o.h.type.descriptor.sql.BasicBinder      : binding parameter [2] as [TIMESTAMP] - [null]
2023-05-24 02:25:35.263 TRACE 56768 --- [    Test worker] o.h.type.descriptor.sql.BasicBinder      : binding parameter [3] as [BIGINT] - [null]
2023-05-24 02:25:35.263 TRACE 56768 --- [    Test worker] o.h.type.descriptor.sql.BasicBinder      : binding parameter [4] as [INTEGER] - [7]
2023-05-24 02:25:35.263 TRACE 56768 --- [    Test worker] o.h.type.descriptor.sql.BasicBinder      : binding parameter [5] as [BIGINT] - [1]
2023-05-24 02:25:35.263 TRACE 56768 --- [    Test worker] o.h.type.descriptor.sql.BasicBinder      : binding parameter [6] as [VARCHAR] - [AVAILABLE]
2023-05-24 02:25:35.266 DEBUG 56768 --- [    Test worker] org.hibernate.SQL                        : 
    insert 
    into
        parking_info
        (created_time, last_modified_time, car_id, parking_id, parking_lot_id, parking_status) 
    values
        (?, ?, ?, ?, ?, ?)
2023-05-24 02:25:35.266 TRACE 56768 --- [    Test worker] o.h.type.descriptor.sql.BasicBinder      : binding parameter [1] as [TIMESTAMP] - [2023-05-24T02:25:35.266708600]
2023-05-24 02:25:35.267 TRACE 56768 --- [    Test worker] o.h.type.descriptor.sql.BasicBinder      : binding parameter [2] as [TIMESTAMP] - [null]
2023-05-24 02:25:35.268 TRACE 56768 --- [    Test worker] o.h.type.descriptor.sql.BasicBinder      : binding parameter [3] as [BIGINT] - [null]
2023-05-24 02:25:35.268 TRACE 56768 --- [    Test worker] o.h.type.descriptor.sql.BasicBinder      : binding parameter [4] as [INTEGER] - [8]
2023-05-24 02:25:35.268 TRACE 56768 --- [    Test worker] o.h.type.descriptor.sql.BasicBinder      : binding parameter [5] as [BIGINT] - [1]
2023-05-24 02:25:35.268 TRACE 56768 --- [    Test worker] o.h.type.descriptor.sql.BasicBinder      : binding parameter [6] as [VARCHAR] - [AVAILABLE]
2023-05-24 02:25:35.271 DEBUG 56768 --- [    Test worker] org.hibernate.SQL                        : 
    insert 
    into
        parking_info
        (created_time, last_modified_time, car_id, parking_id, parking_lot_id, parking_status) 
    values
        (?, ?, ?, ?, ?, ?)
2023-05-24 02:25:35.271 TRACE 56768 --- [    Test worker] o.h.type.descriptor.sql.BasicBinder      : binding parameter [1] as [TIMESTAMP] - [2023-05-24T02:25:35.271238900]
2023-05-24 02:25:35.272 TRACE 56768 --- [    Test worker] o.h.type.descriptor.sql.BasicBinder      : binding parameter [2] as [TIMESTAMP] - [null]
2023-05-24 02:25:35.272 TRACE 56768 --- [    Test worker] o.h.type.descriptor.sql.BasicBinder      : binding parameter [3] as [BIGINT] - [null]
2023-05-24 02:25:35.272 TRACE 56768 --- [    Test worker] o.h.type.descriptor.sql.BasicBinder      : binding parameter [4] as [INTEGER] - [9]
2023-05-24 02:25:35.272 TRACE 56768 --- [    Test worker] o.h.type.descriptor.sql.BasicBinder      : binding parameter [5] as [BIGINT] - [1]
2023-05-24 02:25:35.272 TRACE 56768 --- [    Test worker] o.h.type.descriptor.sql.BasicBinder      : binding parameter [6] as [VARCHAR] - [AVAILABLE]
2023-05-24 02:25:35.274 DEBUG 56768 --- [    Test worker] org.hibernate.SQL                        : 
    insert 
    into
        parking_info
        (created_time, last_modified_time, car_id, parking_id, parking_lot_id, parking_status) 
    values
        (?, ?, ?, ?, ?, ?)
2023-05-24 02:25:35.274 TRACE 56768 --- [    Test worker] o.h.type.descriptor.sql.BasicBinder      : binding parameter [1] as [TIMESTAMP] - [2023-05-24T02:25:35.274249]
2023-05-24 02:25:35.274 TRACE 56768 --- [    Test worker] o.h.type.descriptor.sql.BasicBinder      : binding parameter [2] as [TIMESTAMP] - [null]
2023-05-24 02:25:35.275 TRACE 56768 --- [    Test worker] o.h.type.descriptor.sql.BasicBinder      : binding parameter [3] as [BIGINT] - [null]
2023-05-24 02:25:35.275 TRACE 56768 --- [    Test worker] o.h.type.descriptor.sql.BasicBinder      : binding parameter [4] as [INTEGER] - [10]
2023-05-24 02:25:35.275 TRACE 56768 --- [    Test worker] o.h.type.descriptor.sql.BasicBinder      : binding parameter [5] as [BIGINT] - [1]
2023-05-24 02:25:35.275 TRACE 56768 --- [    Test worker] o.h.type.descriptor.sql.BasicBinder      : binding parameter [6] as [VARCHAR] - [AVAILABLE]
2023-05-24 02:25:35.277 DEBUG 56768 --- [    Test worker] org.hibernate.SQL                        : 
    insert 
    into
        parking_info
        (created_time, last_modified_time, car_id, parking_id, parking_lot_id, parking_status) 
    values
        (?, ?, ?, ?, ?, ?)
2023-05-24 02:25:35.277 TRACE 56768 --- [    Test worker] o.h.type.descriptor.sql.BasicBinder      : binding parameter [1] as [TIMESTAMP] - [2023-05-24T02:25:35.277248300]
2023-05-24 02:25:35.277 TRACE 56768 --- [    Test worker] o.h.type.descriptor.sql.BasicBinder      : binding parameter [2] as [TIMESTAMP] - [null]
2023-05-24 02:25:35.277 TRACE 56768 --- [    Test worker] o.h.type.descriptor.sql.BasicBinder      : binding parameter [3] as [BIGINT] - [null]
2023-05-24 02:25:35.277 TRACE 56768 --- [    Test worker] o.h.type.descriptor.sql.BasicBinder      : binding parameter [4] as [INTEGER] - [11]
2023-05-24 02:25:35.277 TRACE 56768 --- [    Test worker] o.h.type.descriptor.sql.BasicBinder      : binding parameter [5] as [BIGINT] - [1]
2023-05-24 02:25:35.277 TRACE 56768 --- [    Test worker] o.h.type.descriptor.sql.BasicBinder      : binding parameter [6] as [VARCHAR] - [AVAILABLE]
2023-05-24 02:25:35.280 DEBUG 56768 --- [    Test worker] org.hibernate.SQL                        : 
    insert 
    into
        parking_info
        (created_time, last_modified_time, car_id, parking_id, parking_lot_id, parking_status) 
    values
        (?, ?, ?, ?, ?, ?)
2023-05-24 02:25:35.280 TRACE 56768 --- [    Test worker] o.h.type.descriptor.sql.BasicBinder      : binding parameter [1] as [TIMESTAMP] - [2023-05-24T02:25:35.279248700]
2023-05-24 02:25:35.280 TRACE 56768 --- [    Test worker] o.h.type.descriptor.sql.BasicBinder      : binding parameter [2] as [TIMESTAMP] - [null]
2023-05-24 02:25:35.280 TRACE 56768 --- [    Test worker] o.h.type.descriptor.sql.BasicBinder      : binding parameter [3] as [BIGINT] - [null]
2023-05-24 02:25:35.280 TRACE 56768 --- [    Test worker] o.h.type.descriptor.sql.BasicBinder      : binding parameter [4] as [INTEGER] - [12]
2023-05-24 02:25:35.280 TRACE 56768 --- [    Test worker] o.h.type.descriptor.sql.BasicBinder      : binding parameter [5] as [BIGINT] - [1]
2023-05-24 02:25:35.280 TRACE 56768 --- [    Test worker] o.h.type.descriptor.sql.BasicBinder      : binding parameter [6] as [VARCHAR] - [AVAILABLE]
2023-05-24 02:25:35.281 DEBUG 56768 --- [    Test worker] org.hibernate.SQL                        : 
    insert 
    into
        parking_info
        (created_time, last_modified_time, car_id, parking_id, parking_lot_id, parking_status) 
    values
        (?, ?, ?, ?, ?, ?)
2023-05-24 02:25:35.283 TRACE 56768 --- [    Test worker] o.h.type.descriptor.sql.BasicBinder      : binding parameter [1] as [TIMESTAMP] - [2023-05-24T02:25:35.281748200]
2023-05-24 02:25:35.283 TRACE 56768 --- [    Test worker] o.h.type.descriptor.sql.BasicBinder      : binding parameter [2] as [TIMESTAMP] - [null]
2023-05-24 02:25:35.283 TRACE 56768 --- [    Test worker] o.h.type.descriptor.sql.BasicBinder      : binding parameter [3] as [BIGINT] - [null]
2023-05-24 02:25:35.283 TRACE 56768 --- [    Test worker] o.h.type.descriptor.sql.BasicBinder      : binding parameter [4] as [INTEGER] - [13]
2023-05-24 02:25:35.283 TRACE 56768 --- [    Test worker] o.h.type.descriptor.sql.BasicBinder      : binding parameter [5] as [BIGINT] - [1]
2023-05-24 02:25:35.283 TRACE 56768 --- [    Test worker] o.h.type.descriptor.sql.BasicBinder      : binding parameter [6] as [VARCHAR] - [AVAILABLE]
2023-05-24 02:25:35.285 DEBUG 56768 --- [    Test worker] org.hibernate.SQL                        : 
    insert 
    into
        parking_info
        (created_time, last_modified_time, car_id, parking_id, parking_lot_id, parking_status) 
    values
        (?, ?, ?, ?, ?, ?)
2023-05-24 02:25:35.285 TRACE 56768 --- [    Test worker] o.h.type.descriptor.sql.BasicBinder      : binding parameter [1] as [TIMESTAMP] - [2023-05-24T02:25:35.285255100]
2023-05-24 02:25:35.286 TRACE 56768 --- [    Test worker] o.h.type.descriptor.sql.BasicBinder      : binding parameter [2] as [TIMESTAMP] - [null]
2023-05-24 02:25:35.286 TRACE 56768 --- [    Test worker] o.h.type.descriptor.sql.BasicBinder      : binding parameter [3] as [BIGINT] - [null]
2023-05-24 02:25:35.286 TRACE 56768 --- [    Test worker] o.h.type.descriptor.sql.BasicBinder      : binding parameter [4] as [INTEGER] - [14]
2023-05-24 02:25:35.286 TRACE 56768 --- [    Test worker] o.h.type.descriptor.sql.BasicBinder      : binding parameter [5] as [BIGINT] - [1]
2023-05-24 02:25:35.286 TRACE 56768 --- [    Test worker] o.h.type.descriptor.sql.BasicBinder      : binding parameter [6] as [VARCHAR] - [AVAILABLE]
2023-05-24 02:25:35.289 DEBUG 56768 --- [    Test worker] org.hibernate.SQL                        : 
    insert 
    into
        parking_info
        (created_time, last_modified_time, car_id, parking_id, parking_lot_id, parking_status) 
    values
        (?, ?, ?, ?, ?, ?)
2023-05-24 02:25:35.289 TRACE 56768 --- [    Test worker] o.h.type.descriptor.sql.BasicBinder      : binding parameter [1] as [TIMESTAMP] - [2023-05-24T02:25:35.288224900]
2023-05-24 02:25:35.289 TRACE 56768 --- [    Test worker] o.h.type.descriptor.sql.BasicBinder      : binding parameter [2] as [TIMESTAMP] - [null]
2023-05-24 02:25:35.289 TRACE 56768 --- [    Test worker] o.h.type.descriptor.sql.BasicBinder      : binding parameter [3] as [BIGINT] - [null]
2023-05-24 02:25:35.289 TRACE 56768 --- [    Test worker] o.h.type.descriptor.sql.BasicBinder      : binding parameter [4] as [INTEGER] - [15]
2023-05-24 02:25:35.289 TRACE 56768 --- [    Test worker] o.h.type.descriptor.sql.BasicBinder      : binding parameter [5] as [BIGINT] - [1]
2023-05-24 02:25:35.290 TRACE 56768 --- [    Test worker] o.h.type.descriptor.sql.BasicBinder      : binding parameter [6] as [VARCHAR] - [AVAILABLE]
2023-05-24 02:25:35.292 DEBUG 56768 --- [    Test worker] org.hibernate.SQL                        : 
    insert 
    into
        parking_info
        (created_time, last_modified_time, car_id, parking_id, parking_lot_id, parking_status) 
    values
        (?, ?, ?, ?, ?, ?)
2023-05-24 02:25:35.292 TRACE 56768 --- [    Test worker] o.h.type.descriptor.sql.BasicBinder      : binding parameter [1] as [TIMESTAMP] - [2023-05-24T02:25:35.292225900]
2023-05-24 02:25:35.292 TRACE 56768 --- [    Test worker] o.h.type.descriptor.sql.BasicBinder      : binding parameter [2] as [TIMESTAMP] - [null]
2023-05-24 02:25:35.292 TRACE 56768 --- [    Test worker] o.h.type.descriptor.sql.BasicBinder      : binding parameter [3] as [BIGINT] - [null]
2023-05-24 02:25:35.292 TRACE 56768 --- [    Test worker] o.h.type.descriptor.sql.BasicBinder      : binding parameter [4] as [INTEGER] - [16]
2023-05-24 02:25:35.292 TRACE 56768 --- [    Test worker] o.h.type.descriptor.sql.BasicBinder      : binding parameter [5] as [BIGINT] - [1]
2023-05-24 02:25:35.292 TRACE 56768 --- [    Test worker] o.h.type.descriptor.sql.BasicBinder      : binding parameter [6] as [VARCHAR] - [AVAILABLE]
2023-05-24 02:25:35.294 DEBUG 56768 --- [    Test worker] org.hibernate.SQL                        : 
    insert 
    into
        parking_info
        (created_time, last_modified_time, car_id, parking_id, parking_lot_id, parking_status) 
    values
        (?, ?, ?, ?, ?, ?)
2023-05-24 02:25:35.294 TRACE 56768 --- [    Test worker] o.h.type.descriptor.sql.BasicBinder      : binding parameter [1] as [TIMESTAMP] - [2023-05-24T02:25:35.294713100]
2023-05-24 02:25:35.294 TRACE 56768 --- [    Test worker] o.h.type.descriptor.sql.BasicBinder      : binding parameter [2] as [TIMESTAMP] - [null]
2023-05-24 02:25:35.294 TRACE 56768 --- [    Test worker] o.h.type.descriptor.sql.BasicBinder      : binding parameter [3] as [BIGINT] - [null]
2023-05-24 02:25:35.294 TRACE 56768 --- [    Test worker] o.h.type.descriptor.sql.BasicBinder      : binding parameter [4] as [INTEGER] - [17]
2023-05-24 02:25:35.294 TRACE 56768 --- [    Test worker] o.h.type.descriptor.sql.BasicBinder      : binding parameter [5] as [BIGINT] - [1]
2023-05-24 02:25:35.294 TRACE 56768 --- [    Test worker] o.h.type.descriptor.sql.BasicBinder      : binding parameter [6] as [VARCHAR] - [AVAILABLE]
2023-05-24 02:25:35.297 DEBUG 56768 --- [    Test worker] org.hibernate.SQL                        : 
    insert 
    into
        parking_info
        (created_time, last_modified_time, car_id, parking_id, parking_lot_id, parking_status) 
    values
        (?, ?, ?, ?, ?, ?)
2023-05-24 02:25:35.297 TRACE 56768 --- [    Test worker] o.h.type.descriptor.sql.BasicBinder      : binding parameter [1] as [TIMESTAMP] - [2023-05-24T02:25:35.297750300]
2023-05-24 02:25:35.297 TRACE 56768 --- [    Test worker] o.h.type.descriptor.sql.BasicBinder      : binding parameter [2] as [TIMESTAMP] - [null]
2023-05-24 02:25:35.297 TRACE 56768 --- [    Test worker] o.h.type.descriptor.sql.BasicBinder      : binding parameter [3] as [BIGINT] - [null]
2023-05-24 02:25:35.297 TRACE 56768 --- [    Test worker] o.h.type.descriptor.sql.BasicBinder      : binding parameter [4] as [INTEGER] - [18]
2023-05-24 02:25:35.297 TRACE 56768 --- [    Test worker] o.h.type.descriptor.sql.BasicBinder      : binding parameter [5] as [BIGINT] - [1]
2023-05-24 02:25:35.297 TRACE 56768 --- [    Test worker] o.h.type.descriptor.sql.BasicBinder      : binding parameter [6] as [VARCHAR] - [AVAILABLE]
2023-05-24 02:25:35.299 DEBUG 56768 --- [    Test worker] org.hibernate.SQL                        : 
    insert 
    into
        parking_info
        (created_time, last_modified_time, car_id, parking_id, parking_lot_id, parking_status) 
    values
        (?, ?, ?, ?, ?, ?)
2023-05-24 02:25:35.300 TRACE 56768 --- [    Test worker] o.h.type.descriptor.sql.BasicBinder      : binding parameter [1] as [TIMESTAMP] - [2023-05-24T02:25:35.299763]
2023-05-24 02:25:35.300 TRACE 56768 --- [    Test worker] o.h.type.descriptor.sql.BasicBinder      : binding parameter [2] as [TIMESTAMP] - [null]
2023-05-24 02:25:35.300 TRACE 56768 --- [    Test worker] o.h.type.descriptor.sql.BasicBinder      : binding parameter [3] as [BIGINT] - [null]
2023-05-24 02:25:35.300 TRACE 56768 --- [    Test worker] o.h.type.descriptor.sql.BasicBinder      : binding parameter [4] as [INTEGER] - [19]
2023-05-24 02:25:35.300 TRACE 56768 --- [    Test worker] o.h.type.descriptor.sql.BasicBinder      : binding parameter [5] as [BIGINT] - [1]
2023-05-24 02:25:35.300 TRACE 56768 --- [    Test worker] o.h.type.descriptor.sql.BasicBinder      : binding parameter [6] as [VARCHAR] - [AVAILABLE]
2023-05-24 02:25:35.301 DEBUG 56768 --- [    Test worker] org.hibernate.SQL                        : 
    insert 
    into
        parking_info
        (created_time, last_modified_time, car_id, parking_id, parking_lot_id, parking_status) 
    values
        (?, ?, ?, ?, ?, ?)
2023-05-24 02:25:35.301 TRACE 56768 --- [    Test worker] o.h.type.descriptor.sql.BasicBinder      : binding parameter [1] as [TIMESTAMP] - [2023-05-24T02:25:35.301963400]
2023-05-24 02:25:35.301 TRACE 56768 --- [    Test worker] o.h.type.descriptor.sql.BasicBinder      : binding parameter [2] as [TIMESTAMP] - [null]
2023-05-24 02:25:35.302 TRACE 56768 --- [    Test worker] o.h.type.descriptor.sql.BasicBinder      : binding parameter [3] as [BIGINT] - [null]
2023-05-24 02:25:35.302 TRACE 56768 --- [    Test worker] o.h.type.descriptor.sql.BasicBinder      : binding parameter [4] as [INTEGER] - [20]
2023-05-24 02:25:35.302 TRACE 56768 --- [    Test worker] o.h.type.descriptor.sql.BasicBinder      : binding parameter [5] as [BIGINT] - [1]
2023-05-24 02:25:35.302 TRACE 56768 --- [    Test worker] o.h.type.descriptor.sql.BasicBinder      : binding parameter [6] as [VARCHAR] - [AVAILABLE]
2023-05-24 02:25:35.304 DEBUG 56768 --- [    Test worker] org.hibernate.SQL                        : 
    insert 
    into
        parking_info
        (created_time, last_modified_time, car_id, parking_id, parking_lot_id, parking_status) 
    values
        (?, ?, ?, ?, ?, ?)
2023-05-24 02:25:35.304 TRACE 56768 --- [    Test worker] o.h.type.descriptor.sql.BasicBinder      : binding parameter [1] as [TIMESTAMP] - [2023-05-24T02:25:35.303976700]
2023-05-24 02:25:35.304 TRACE 56768 --- [    Test worker] o.h.type.descriptor.sql.BasicBinder      : binding parameter [2] as [TIMESTAMP] - [null]
2023-05-24 02:25:35.304 TRACE 56768 --- [    Test worker] o.h.type.descriptor.sql.BasicBinder      : binding parameter [3] as [BIGINT] - [null]
2023-05-24 02:25:35.304 TRACE 56768 --- [    Test worker] o.h.type.descriptor.sql.BasicBinder      : binding parameter [4] as [INTEGER] - [21]
2023-05-24 02:25:35.304 TRACE 56768 --- [    Test worker] o.h.type.descriptor.sql.BasicBinder      : binding parameter [5] as [BIGINT] - [1]
2023-05-24 02:25:35.304 TRACE 56768 --- [    Test worker] o.h.type.descriptor.sql.BasicBinder      : binding parameter [6] as [VARCHAR] - [AVAILABLE]
2023-05-24 02:25:35.307 DEBUG 56768 --- [    Test worker] org.hibernate.SQL                        : 
    insert 
    into
        parking_info
        (created_time, last_modified_time, car_id, parking_id, parking_lot_id, parking_status) 
    values
        (?, ?, ?, ?, ?, ?)
2023-05-24 02:25:35.307 TRACE 56768 --- [    Test worker] o.h.type.descriptor.sql.BasicBinder      : binding parameter [1] as [TIMESTAMP] - [2023-05-24T02:25:35.307139700]
2023-05-24 02:25:35.307 TRACE 56768 --- [    Test worker] o.h.type.descriptor.sql.BasicBinder      : binding parameter [2] as [TIMESTAMP] - [null]
2023-05-24 02:25:35.307 TRACE 56768 --- [    Test worker] o.h.type.descriptor.sql.BasicBinder      : binding parameter [3] as [BIGINT] - [null]
2023-05-24 02:25:35.307 TRACE 56768 --- [    Test worker] o.h.type.descriptor.sql.BasicBinder      : binding parameter [4] as [INTEGER] - [22]
2023-05-24 02:25:35.307 TRACE 56768 --- [    Test worker] o.h.type.descriptor.sql.BasicBinder      : binding parameter [5] as [BIGINT] - [1]
2023-05-24 02:25:35.307 TRACE 56768 --- [    Test worker] o.h.type.descriptor.sql.BasicBinder      : binding parameter [6] as [VARCHAR] - [AVAILABLE]
2023-05-24 02:25:35.310 DEBUG 56768 --- [    Test worker] org.hibernate.SQL                        : 
    insert 
    into
        parking_info
        (created_time, last_modified_time, car_id, parking_id, parking_lot_id, parking_status) 
    values
        (?, ?, ?, ?, ?, ?)
2023-05-24 02:25:35.310 TRACE 56768 --- [    Test worker] o.h.type.descriptor.sql.BasicBinder      : binding parameter [1] as [TIMESTAMP] - [2023-05-24T02:25:35.310534300]
2023-05-24 02:25:35.311 TRACE 56768 --- [    Test worker] o.h.type.descriptor.sql.BasicBinder      : binding parameter [2] as [TIMESTAMP] - [null]
2023-05-24 02:25:35.311 TRACE 56768 --- [    Test worker] o.h.type.descriptor.sql.BasicBinder      : binding parameter [3] as [BIGINT] - [null]
2023-05-24 02:25:35.311 TRACE 56768 --- [    Test worker] o.h.type.descriptor.sql.BasicBinder      : binding parameter [4] as [INTEGER] - [23]
2023-05-24 02:25:35.311 TRACE 56768 --- [    Test worker] o.h.type.descriptor.sql.BasicBinder      : binding parameter [5] as [BIGINT] - [1]
2023-05-24 02:25:35.311 TRACE 56768 --- [    Test worker] o.h.type.descriptor.sql.BasicBinder      : binding parameter [6] as [VARCHAR] - [AVAILABLE]
2023-05-24 02:25:35.315 DEBUG 56768 --- [    Test worker] org.hibernate.SQL                        : 
    insert 
    into
        parking_info
        (created_time, last_modified_time, car_id, parking_id, parking_lot_id, parking_status) 
    values
        (?, ?, ?, ?, ?, ?)
2023-05-24 02:25:35.315 TRACE 56768 --- [    Test worker] o.h.type.descriptor.sql.BasicBinder      : binding parameter [1] as [TIMESTAMP] - [2023-05-24T02:25:35.314545400]
2023-05-24 02:25:35.315 TRACE 56768 --- [    Test worker] o.h.type.descriptor.sql.BasicBinder      : binding parameter [2] as [TIMESTAMP] - [null]
2023-05-24 02:25:35.315 TRACE 56768 --- [    Test worker] o.h.type.descriptor.sql.BasicBinder      : binding parameter [3] as [BIGINT] - [null]
2023-05-24 02:25:35.315 TRACE 56768 --- [    Test worker] o.h.type.descriptor.sql.BasicBinder      : binding parameter [4] as [INTEGER] - [24]
2023-05-24 02:25:35.315 TRACE 56768 --- [    Test worker] o.h.type.descriptor.sql.BasicBinder      : binding parameter [5] as [BIGINT] - [1]
2023-05-24 02:25:35.315 TRACE 56768 --- [    Test worker] o.h.type.descriptor.sql.BasicBinder      : binding parameter [6] as [VARCHAR] - [AVAILABLE]
2023-05-24 02:25:35.319 DEBUG 56768 --- [    Test worker] org.hibernate.SQL                        : 
    insert 
    into
        parking_info
        (created_time, last_modified_time, car_id, parking_id, parking_lot_id, parking_status) 
    values
        (?, ?, ?, ?, ?, ?)
2023-05-24 02:25:35.319 TRACE 56768 --- [    Test worker] o.h.type.descriptor.sql.BasicBinder      : binding parameter [1] as [TIMESTAMP] - [2023-05-24T02:25:35.319544500]
2023-05-24 02:25:35.319 TRACE 56768 --- [    Test worker] o.h.type.descriptor.sql.BasicBinder      : binding parameter [2] as [TIMESTAMP] - [null]
2023-05-24 02:25:35.319 TRACE 56768 --- [    Test worker] o.h.type.descriptor.sql.BasicBinder      : binding parameter [3] as [BIGINT] - [null]
2023-05-24 02:25:35.319 TRACE 56768 --- [    Test worker] o.h.type.descriptor.sql.BasicBinder      : binding parameter [4] as [INTEGER] - [25]
2023-05-24 02:25:35.319 TRACE 56768 --- [    Test worker] o.h.type.descriptor.sql.BasicBinder      : binding parameter [5] as [BIGINT] - [1]
2023-05-24 02:25:35.319 TRACE 56768 --- [    Test worker] o.h.type.descriptor.sql.BasicBinder      : binding parameter [6] as [VARCHAR] - [AVAILABLE]
2023-05-24 02:25:35.322 DEBUG 56768 --- [    Test worker] org.hibernate.SQL                        : 
    insert 
    into
        parking_info
        (created_time, last_modified_time, car_id, parking_id, parking_lot_id, parking_status) 
    values
        (?, ?, ?, ?, ?, ?)
2023-05-24 02:25:35.322 TRACE 56768 --- [    Test worker] o.h.type.descriptor.sql.BasicBinder      : binding parameter [1] as [TIMESTAMP] - [2023-05-24T02:25:35.321542]
2023-05-24 02:25:35.322 TRACE 56768 --- [    Test worker] o.h.type.descriptor.sql.BasicBinder      : binding parameter [2] as [TIMESTAMP] - [null]
2023-05-24 02:25:35.322 TRACE 56768 --- [    Test worker] o.h.type.descriptor.sql.BasicBinder      : binding parameter [3] as [BIGINT] - [null]
2023-05-24 02:25:35.322 TRACE 56768 --- [    Test worker] o.h.type.descriptor.sql.BasicBinder      : binding parameter [4] as [INTEGER] - [26]
2023-05-24 02:25:35.323 TRACE 56768 --- [    Test worker] o.h.type.descriptor.sql.BasicBinder      : binding parameter [5] as [BIGINT] - [1]
2023-05-24 02:25:35.323 TRACE 56768 --- [    Test worker] o.h.type.descriptor.sql.BasicBinder      : binding parameter [6] as [VARCHAR] - [AVAILABLE]
2023-05-24 02:25:35.325 DEBUG 56768 --- [    Test worker] org.hibernate.SQL                        : 
    insert 
    into
        parking_info
        (created_time, last_modified_time, car_id, parking_id, parking_lot_id, parking_status) 
    values
        (?, ?, ?, ?, ?, ?)
2023-05-24 02:25:35.325 TRACE 56768 --- [    Test worker] o.h.type.descriptor.sql.BasicBinder      : binding parameter [1] as [TIMESTAMP] - [2023-05-24T02:25:35.324542400]
2023-05-24 02:25:35.325 TRACE 56768 --- [    Test worker] o.h.type.descriptor.sql.BasicBinder      : binding parameter [2] as [TIMESTAMP] - [null]
2023-05-24 02:25:35.325 TRACE 56768 --- [    Test worker] o.h.type.descriptor.sql.BasicBinder      : binding parameter [3] as [BIGINT] - [null]
2023-05-24 02:25:35.325 TRACE 56768 --- [    Test worker] o.h.type.descriptor.sql.BasicBinder      : binding parameter [4] as [INTEGER] - [27]
2023-05-24 02:25:35.325 TRACE 56768 --- [    Test worker] o.h.type.descriptor.sql.BasicBinder      : binding parameter [5] as [BIGINT] - [1]
2023-05-24 02:25:35.325 TRACE 56768 --- [    Test worker] o.h.type.descriptor.sql.BasicBinder      : binding parameter [6] as [VARCHAR] - [AVAILABLE]
2023-05-24 02:25:35.328 DEBUG 56768 --- [    Test worker] org.hibernate.SQL                        : 
    insert 
    into
        parking_info
        (created_time, last_modified_time, car_id, parking_id, parking_lot_id, parking_status) 
    values
        (?, ?, ?, ?, ?, ?)
2023-05-24 02:25:35.328 TRACE 56768 --- [    Test worker] o.h.type.descriptor.sql.BasicBinder      : binding parameter [1] as [TIMESTAMP] - [2023-05-24T02:25:35.327643900]
2023-05-24 02:25:35.328 TRACE 56768 --- [    Test worker] o.h.type.descriptor.sql.BasicBinder      : binding parameter [2] as [TIMESTAMP] - [null]
2023-05-24 02:25:35.328 TRACE 56768 --- [    Test worker] o.h.type.descriptor.sql.BasicBinder      : binding parameter [3] as [BIGINT] - [null]
2023-05-24 02:25:35.328 TRACE 56768 --- [    Test worker] o.h.type.descriptor.sql.BasicBinder      : binding parameter [4] as [INTEGER] - [28]
2023-05-24 02:25:35.328 TRACE 56768 --- [    Test worker] o.h.type.descriptor.sql.BasicBinder      : binding parameter [5] as [BIGINT] - [1]
2023-05-24 02:25:35.328 TRACE 56768 --- [    Test worker] o.h.type.descriptor.sql.BasicBinder      : binding parameter [6] as [VARCHAR] - [AVAILABLE]
2023-05-24 02:25:35.330 DEBUG 56768 --- [    Test worker] org.hibernate.SQL                        : 
    insert 
    into
        parking_info
        (created_time, last_modified_time, car_id, parking_id, parking_lot_id, parking_status) 
    values
        (?, ?, ?, ?, ?, ?)
2023-05-24 02:25:35.330 TRACE 56768 --- [    Test worker] o.h.type.descriptor.sql.BasicBinder      : binding parameter [1] as [TIMESTAMP] - [2023-05-24T02:25:35.330542900]
2023-05-24 02:25:35.330 TRACE 56768 --- [    Test worker] o.h.type.descriptor.sql.BasicBinder      : binding parameter [2] as [TIMESTAMP] - [null]
2023-05-24 02:25:35.330 TRACE 56768 --- [    Test worker] o.h.type.descriptor.sql.BasicBinder      : binding parameter [3] as [BIGINT] - [null]
2023-05-24 02:25:35.330 TRACE 56768 --- [    Test worker] o.h.type.descriptor.sql.BasicBinder      : binding parameter [4] as [INTEGER] - [29]
2023-05-24 02:25:35.331 TRACE 56768 --- [    Test worker] o.h.type.descriptor.sql.BasicBinder      : binding parameter [5] as [BIGINT] - [1]
[...]
2023-05-24 02:25:35.477 TRACE 56768 --- [    Test worker] o.h.type.descriptor.sql.BasicBinder      : binding parameter [6] as [VARCHAR] - [APPROVED]
2023-05-24 02:25:35.477 TRACE 56768 --- [    Test worker] o.h.type.descriptor.sql.BasicBinder      : binding parameter [7] as [VARCHAR] - [Genesis]
2023-05-24 02:25:35.495 DEBUG 56768 --- [    Test worker] org.hibernate.SQL                        : 
    select
        member0_.member_id as member_i1_2_0_,
        member0_.created_time as created_2_2_0_,
        member0_.last_modified_time as last_mod3_2_0_,
        member0_.car_id as car_id12_2_0_,
        member0_.member_status as member_s4_2_0_,
        member0_.parking_info_id as parking13_2_0_,
        member0_.password as password5_2_0_,
        member0_.role_type as role_typ6_2_0_,
        member0_.student_id as student_7_2_0_,
        member0_.user_id as user_id8_2_0_,
        member0_.email as email9_2_0_,
        member0_.phone_number as phone_n10_2_0_,
        member0_.user_name as user_na11_2_0_ 
    from
        member member0_ 
    where
        member0_.member_id=?
2023-05-24 02:25:35.496 TRACE 56768 --- [    Test worker] o.h.type.descriptor.sql.BasicBinder      : binding parameter [1] as [BIGINT] - [2]
2023-05-24 02:25:35.500 TRACE 56768 --- [    Test worker] o.h.type.descriptor.sql.BasicExtractor   : extracted value ([created_2_2_0_] : [TIMESTAMP]) - [2023-05-24T02:25:35.405792]
2023-05-24 02:25:35.501 TRACE 56768 --- [    Test worker] o.h.type.descriptor.sql.BasicExtractor   : extracted value ([last_mod3_2_0_] : [TIMESTAMP]) - [null]
2023-05-24 02:25:35.501 TRACE 56768 --- [    Test worker] o.h.type.descriptor.sql.BasicExtractor   : extracted value ([car_id12_2_0_] : [BIGINT]) - [null]
2023-05-24 02:25:35.501 TRACE 56768 --- [    Test worker] o.h.type.descriptor.sql.BasicExtractor   : extracted value ([member_s4_2_0_] : [VARCHAR]) - [DEFAULT]
2023-05-24 02:25:35.501 TRACE 56768 --- [    Test worker] o.h.type.descriptor.sql.BasicExtractor   : extracted value ([parking13_2_0_] : [BIGINT]) - [null]
2023-05-24 02:25:35.501 TRACE 56768 --- [    Test worker] o.h.type.descriptor.sql.BasicExtractor   : extracted value ([password5_2_0_] : [VARCHAR]) - [4567]
2023-05-24 02:25:35.502 TRACE 56768 --- [    Test worker] o.h.type.descriptor.sql.BasicExtractor   : extracted value ([role_typ6_2_0_] : [VARCHAR]) - [USER]
2023-05-24 02:25:35.502 TRACE 56768 --- [    Test worker] o.h.type.descriptor.sql.BasicExtractor   : extracted value ([student_7_2_0_] : [INTEGER]) - [0]
2023-05-24 02:25:35.502 TRACE 56768 --- [    Test worker] o.h.type.descriptor.sql.BasicExtractor   : extracted value ([user_id8_2_0_] : [VARCHAR]) - [testUser]
2023-05-24 02:25:35.502 TRACE 56768 --- [    Test worker] o.h.type.descriptor.sql.BasicExtractor   : extracted value ([email9_2_0_] : [VARCHAR]) - [test@a.com]
2023-05-24 02:25:35.502 TRACE 56768 --- [    Test worker] o.h.type.descriptor.sql.BasicExtractor   : extracted value ([phone_n10_2_0_] : [INTEGER]) - [0]
2023-05-24 02:25:35.502 TRACE 56768 --- [    Test worker] o.h.type.descriptor.sql.BasicExtractor   : extracted value ([user_na11_2_0_] : [VARCHAR]) - [테스트유저]
2023-05-24 02:25:35.514 TRACE 56768 --- [    Test worker] org.hibernate.type.CollectionType        : Created collection wrapper: [com.everyparking.server.data.entity.Member.messageList#2]
2023-05-24 02:25:35.514 TRACE 56768 --- [    Test worker] org.hibernate.type.CollectionType        : Created collection wrapper: [com.everyparking.server.data.entity.Member.reportList#2]
2023-05-24 02:25:35.517 DEBUG 56768 --- [    Test worker] org.hibernate.SQL                        : 
    select
        car0_.car_id as car_id1_0_0_,
        car0_.created_time as created_2_0_0_,
        car0_.last_modified_time as last_mod3_0_0_,
        car0_.is_enter as is_enter4_0_0_,
        car0_.parking_lot_id as parking_5_0_0_,
        car0_.car_number as car_numb6_0_0_,
        car0_.car_status as car_stat7_0_0_,
        car0_.model_name as model_na8_0_0_,
        member1_.member_id as member_i1_2_1_,
        member1_.created_time as created_2_2_1_,
        member1_.last_modified_time as last_mod3_2_1_,
        member1_.car_id as car_id12_2_1_,
        member1_.member_status as member_s4_2_1_,
        member1_.parking_info_id as parking13_2_1_,
        member1_.password as password5_2_1_,
        member1_.role_type as role_typ6_2_1_,
        member1_.student_id as student_7_2_1_,
        member1_.user_id as user_id8_2_1_,
        member1_.email as email9_2_1_,
        member1_.phone_number as phone_n10_2_1_,
        member1_.user_name as user_na11_2_1_,
        parkinginf2_.parking_info_id as parking_1_4_2_,
        parkinginf2_.created_time as created_2_4_2_,
        parkinginf2_.last_modified_time as last_mod3_4_2_,
        parkinginf2_.car_id as car_id6_4_2_,
        parkinginf2_.parking_id as parking_4_4_2_,
        parkinginf2_.parking_lot_id as parking_7_4_2_,
        parkinginf2_.parking_status as parking_5_4_2_ 
    from
        car car0_ 
    left outer join
        member member1_ 
            on car0_.car_id=member1_.car_id 
    left outer join
        parking_info parkinginf2_ 
            on member1_.parking_info_id=parkinginf2_.parking_info_id 
    where
        car0_.car_id=?
2023-05-24 02:25:35.518 TRACE 56768 --- [    Test worker] o.h.type.descriptor.sql.BasicBinder      : binding parameter [1] as [BIGINT] - [4]
2023-05-24 02:25:35.521 TRACE 56768 --- [    Test worker] o.h.type.descriptor.sql.BasicExtractor   : extracted value ([member_i1_2_1_] : [BIGINT]) - [null]
2023-05-24 02:25:35.521 TRACE 56768 --- [    Test worker] o.h.type.descriptor.sql.BasicExtractor   : extracted value ([parking_1_4_2_] : [BIGINT]) - [null]
2023-05-24 02:25:35.522 TRACE 56768 --- [    Test worker] o.h.type.descriptor.sql.BasicExtractor   : extracted value ([created_2_0_0_] : [TIMESTAMP]) - [2023-05-24T02:25:35.476699]
2023-05-24 02:25:35.522 TRACE 56768 --- [    Test worker] o.h.type.descriptor.sql.BasicExtractor   : extracted value ([last_mod3_0_0_] : [TIMESTAMP]) - [null]
2023-05-24 02:25:35.522 TRACE 56768 --- [    Test worker] o.h.type.descriptor.sql.BasicExtractor   : extracted value ([is_enter4_0_0_] : [BOOLEAN]) - [false]
2023-05-24 02:25:35.522 TRACE 56768 --- [    Test worker] o.h.type.descriptor.sql.BasicExtractor   : extracted value ([parking_5_0_0_] : [INTEGER]) - [-1]
2023-05-24 02:25:35.523 TRACE 56768 --- [    Test worker] o.h.type.descriptor.sql.BasicExtractor   : extracted value ([car_numb6_0_0_] : [VARCHAR]) - [12가1234]
2023-05-24 02:25:35.523 TRACE 56768 --- [    Test worker] o.h.type.descriptor.sql.BasicExtractor   : extracted value ([car_stat7_0_0_] : [VARCHAR]) - [APPROVED]
2023-05-24 02:25:35.523 TRACE 56768 --- [    Test worker] o.h.type.descriptor.sql.BasicExtractor   : extracted value ([model_na8_0_0_] : [VARCHAR]) - [Genesis]
2023-05-24 02:25:35.524 TRACE 56768 --- [    Test worker] org.hibernate.type.CollectionType        : Created collection wrapper: [com.everyparking.server.data.entity.Car.parkingInfo#4]
2023-05-24 02:25:35.533 DEBUG 56768 --- [    Test worker] org.hibernate.SQL                        : 
    update
        member 
    set
        created_time=?,
        last_modified_time=?,
        car_id=?,
        member_status=?,
        parking_info_id=?,
        password=?,
        role_type=?,
        student_id=?,
        user_id=?,
        email=?,
        phone_number=?,
        user_name=? 
    where
        member_id=?
2023-05-24 02:25:35.534 TRACE 56768 --- [    Test worker] o.h.type.descriptor.sql.BasicBinder      : binding parameter [1] as [TIMESTAMP] - [2023-05-24T02:25:35.405792600]
2023-05-24 02:25:35.534 TRACE 56768 --- [    Test worker] o.h.type.descriptor.sql.BasicBinder      : binding parameter [2] as [TIMESTAMP] - [null]
2023-05-24 02:25:35.534 TRACE 56768 --- [    Test worker] o.h.type.descriptor.sql.BasicBinder      : binding parameter [3] as [BIGINT] - [4]
2023-05-24 02:25:35.534 TRACE 56768 --- [    Test worker] o.h.type.descriptor.sql.BasicBinder      : binding parameter [4] as [VARCHAR] - [DEFAULT]
2023-05-24 02:25:35.534 TRACE 56768 --- [    Test worker] o.h.type.descriptor.sql.BasicBinder      : binding parameter [5] as [BIGINT] - [null]
2023-05-24 02:25:35.534 TRACE 56768 --- [    Test worker] o.h.type.descriptor.sql.BasicBinder      : binding parameter [6] as [VARCHAR] - [4567]
2023-05-24 02:25:35.534 TRACE 56768 --- [    Test worker] o.h.type.descriptor.sql.BasicBinder      : binding parameter [7] as [VARCHAR] - [USER]
2023-05-24 02:25:35.534 TRACE 56768 --- [    Test worker] o.h.type.descriptor.sql.BasicBinder      : binding parameter [8] as [INTEGER] - [0]
2023-05-24 02:25:35.534 TRACE 56768 --- [    Test worker] o.h.type.descriptor.sql.BasicBinder      : binding parameter [9] as [VARCHAR] - [testUser]
2023-05-24 02:25:35.534 TRACE 56768 --- [    Test worker] o.h.type.descriptor.sql.BasicBinder      : binding parameter [10] as [VARCHAR] - [test@a.com]
2023-05-24 02:25:35.534 TRACE 56768 --- [    Test worker] o.h.type.descriptor.sql.BasicBinder      : binding parameter [11] as [INTEGER] - [0]
2023-05-24 02:25:35.534 TRACE 56768 --- [    Test worker] o.h.type.descriptor.sql.BasicBinder      : binding parameter [12] as [VARCHAR] - [테스트유저]
2023-05-24 02:25:35.534 TRACE 56768 --- [    Test worker] o.h.type.descriptor.sql.BasicBinder      : binding parameter [13] as [BIGINT] - [2]
2023-05-24 02:25:35.537 DEBUG 56768 --- [    Test worker] org.hibernate.SQL                        : 
    update
        message 
    set
        message_id=null 
    where
        message_id=?
2023-05-24 02:25:35.537 TRACE 56768 --- [    Test worker] o.h.type.descriptor.sql.BasicBinder      : binding parameter [1] as [BIGINT] - [2]
2023-05-24 02:25:35.548 DEBUG 56768 --- [    Test worker] org.hibernate.SQL                        : 
    update
        report 
    set
        report_id=null 
    where
        report_id=?
2023-05-24 02:25:35.549 TRACE 56768 --- [    Test worker] o.h.type.descriptor.sql.BasicBinder      : binding parameter [1] as [BIGINT] - [2]
2023-05-24 02:25:35.561 DEBUG 56768 --- [    Test worker] org.hibernate.SQL                        : 
    insert 
    into
        member
        (created_time, last_modified_time, car_id, member_status, parking_info_id, password, role_type, student_id, user_id, email, phone_number, user_name) 
    values
        (?, ?, ?, ?, ?, ?, ?, ?, ?, ?, ?, ?)
2023-05-24 02:25:35.561 TRACE 56768 --- [    Test worker] o.h.type.descriptor.sql.BasicBinder      : binding parameter [1] as [TIMESTAMP] - [2023-05-24T02:25:35.560456800]
2023-05-24 02:25:35.561 TRACE 56768 --- [    Test worker] o.h.type.descriptor.sql.BasicBinder      : binding parameter [2] as [TIMESTAMP] - [null]
2023-05-24 02:25:35.561 TRACE 56768 --- [    Test worker] o.h.type.descriptor.sql.BasicBinder      : binding parameter [3] as [BIGINT] - [null]
2023-05-24 02:25:35.561 TRACE 56768 --- [    Test worker] o.h.type.descriptor.sql.BasicBinder      : binding parameter [4] as [VARCHAR] - [DEFAULT]
2023-05-24 02:25:35.561 TRACE 56768 --- [    Test worker] o.h.type.descriptor.sql.BasicBinder      : binding parameter [5] as [BIGINT] - [null]
2023-05-24 02:25:35.561 TRACE 56768 --- [    Test worker] o.h.type.descriptor.sql.BasicBinder      : binding parameter [6] as [VARCHAR] - [1234]
2023-05-24 02:25:35.561 TRACE 56768 --- [    Test worker] o.h.type.descriptor.sql.BasicBinder      : binding parameter [7] as [VARCHAR] - [USER]
2023-05-24 02:25:35.561 TRACE 56768 --- [    Test worker] o.h.type.descriptor.sql.BasicBinder      : binding parameter [8] as [INTEGER] - [0]
2023-05-24 02:25:35.561 TRACE 56768 --- [    Test worker] o.h.type.descriptor.sql.BasicBinder      : binding parameter [9] as [VARCHAR] - [1]
2023-05-24 02:25:35.561 TRACE 56768 --- [    Test worker] o.h.type.descriptor.sql.BasicBinder      : binding parameter [10] as [VARCHAR] - [1@naver.com]
2023-05-24 02:25:35.561 TRACE 56768 --- [    Test worker] o.h.type.descriptor.sql.BasicBinder      : binding parameter [11] as [INTEGER] - [12341234]
2023-05-24 02:25:35.561 TRACE 56768 --- [    Test worker] o.h.type.descriptor.sql.BasicBinder      : binding parameter [12] as [VARCHAR] - [테스트 사용자]
2023-05-24 02:25:35.563 DEBUG 56768 --- [    Test worker] org.hibernate.SQL                        : 
    select
        member0_.member_id as member_i1_2_0_,
        member0_.created_time as created_2_2_0_,
        member0_.last_modified_time as last_mod3_2_0_,
        member0_.car_id as car_id12_2_0_,
        member0_.member_status as member_s4_2_0_,
        member0_.parking_info_id as parking13_2_0_,
        member0_.password as password5_2_0_,
        member0_.role_type as role_typ6_2_0_,
        member0_.student_id as student_7_2_0_,
        member0_.user_id as user_id8_2_0_,
        member0_.email as email9_2_0_,
        member0_.phone_number as phone_n10_2_0_,
        member0_.user_name as user_na11_2_0_ 
    from
        member member0_ 
    where
        member0_.member_id=?
2023-05-24 02:25:35.563 TRACE 56768 --- [    Test worker] o.h.type.descriptor.sql.BasicBinder      : binding parameter [1] as [BIGINT] - [3]
2023-05-24 02:25:35.564 TRACE 56768 --- [    Test worker] o.h.type.descriptor.sql.BasicExtractor   : extracted value ([created_2_2_0_] : [TIMESTAMP]) - [2023-05-24T02:25:35.560456]
2023-05-24 02:25:35.564 TRACE 56768 --- [    Test worker] o.h.type.descriptor.sql.BasicExtractor   : extracted value ([last_mod3_2_0_] : [TIMESTAMP]) - [null]
2023-05-24 02:25:35.564 TRACE 56768 --- [    Test worker] o.h.type.descriptor.sql.BasicExtractor   : extracted value ([car_id12_2_0_] : [BIGINT]) - [null]
2023-05-24 02:25:35.564 TRACE 56768 --- [    Test worker] o.h.type.descriptor.sql.BasicExtractor   : extracted value ([member_s4_2_0_] : [VARCHAR]) - [DEFAULT]
2023-05-24 02:25:35.564 TRACE 56768 --- [    Test worker] o.h.type.descriptor.sql.BasicExtractor   : extracted value ([parking13_2_0_] : [BIGINT]) - [null]
2023-05-24 02:25:35.564 TRACE 56768 --- [    Test worker] o.h.type.descriptor.sql.BasicExtractor   : extracted value ([password5_2_0_] : [VARCHAR]) - [1234]
2023-05-24 02:25:35.564 TRACE 56768 --- [    Test worker] o.h.type.descriptor.sql.BasicExtractor   : extracted value ([role_typ6_2_0_] : [VARCHAR]) - [USER]
2023-05-24 02:25:35.564 TRACE 56768 --- [    Test worker] o.h.type.descriptor.sql.BasicExtractor   : extracted value ([student_7_2_0_] : [INTEGER]) - [0]
2023-05-24 02:25:35.564 TRACE 56768 --- [    Test worker] o.h.type.descriptor.sql.BasicExtractor   : extracted value ([user_id8_2_0_] : [VARCHAR]) - [1]
2023-05-24 02:25:35.564 TRACE 56768 --- [    Test worker] o.h.type.descriptor.sql.BasicExtractor   : extracted value ([email9_2_0_] : [VARCHAR]) - [1@naver.com]
2023-05-24 02:25:35.564 TRACE 56768 --- [    Test worker] o.h.type.descriptor.sql.BasicExtractor   : extracted value ([phone_n10_2_0_] : [INTEGER]) - [12341234]
2023-05-24 02:25:35.564 TRACE 56768 --- [    Test worker] o.h.type.descriptor.sql.BasicExtractor   : extracted value ([user_na11_2_0_] : [VARCHAR]) - [테스트 사용자]
2023-05-24 02:25:35.564 TRACE 56768 --- [    Test worker] org.hibernate.type.CollectionType        : Created collection wrapper: [com.everyparking.server.data.entity.Member.messageList#3]
2023-05-24 02:25:35.564 TRACE 56768 --- [    Test worker] org.hibernate.type.CollectionType        : Created collection wrapper: [com.everyparking.server.data.entity.Member.reportList#3]
2023-05-24 02:25:35.565 DEBUG 56768 --- [    Test worker] org.hibernate.SQL                        : 
    update
        member 
    set
        created_time=?,
        last_modified_time=?,
        car_id=?,
        member_status=?,
        parking_info_id=?,
        password=?,
        role_type=?,
        student_id=?,
        user_id=?,
        email=?,
        phone_number=?,
        user_name=? 
    where
        member_id=?
2023-05-24 02:25:35.565 TRACE 56768 --- [    Test worker] o.h.type.descriptor.sql.BasicBinder      : binding parameter [1] as [TIMESTAMP] - [2023-05-24T02:25:35.560456800]
2023-05-24 02:25:35.565 TRACE 56768 --- [    Test worker] o.h.type.descriptor.sql.BasicBinder      : binding parameter [2] as [TIMESTAMP] - [null]
2023-05-24 02:25:35.565 TRACE 56768 --- [    Test worker] o.h.type.descriptor.sql.BasicBinder      : binding parameter [3] as [BIGINT] - [null]
2023-05-24 02:25:35.565 TRACE 56768 --- [    Test worker] o.h.type.descriptor.sql.BasicBinder      : binding parameter [4] as [VARCHAR] - [DEFAULT]
2023-05-24 02:25:35.565 TRACE 56768 --- [    Test worker] o.h.type.descriptor.sql.BasicBinder      : binding parameter [5] as [BIGINT] - [null]
2023-05-24 02:25:35.565 TRACE 56768 --- [    Test worker] o.h.type.descriptor.sql.BasicBinder      : binding parameter [6] as [VARCHAR] - [1234]
2023-05-24 02:25:35.565 TRACE 56768 --- [    Test worker] o.h.type.descriptor.sql.BasicBinder      : binding parameter [7] as [VARCHAR] - [USER]
2023-05-24 02:25:35.565 TRACE 56768 --- [    Test worker] o.h.type.descriptor.sql.BasicBinder      : binding parameter [8] as [INTEGER] - [0]
2023-05-24 02:25:35.565 TRACE 56768 --- [    Test worker] o.h.type.descriptor.sql.BasicBinder      : binding parameter [9] as [VARCHAR] - [1]
2023-05-24 02:25:35.565 TRACE 56768 --- [    Test worker] o.h.type.descriptor.sql.BasicBinder      : binding parameter [10] as [VARCHAR] - [1@naver.com]
2023-05-24 02:25:35.565 TRACE 56768 --- [    Test worker] o.h.type.descriptor.sql.BasicBinder      : binding parameter [11] as [INTEGER] - [12341234]
2023-05-24 02:25:35.565 TRACE 56768 --- [    Test worker] o.h.type.descriptor.sql.BasicBinder      : binding parameter [12] as [VARCHAR] - [테스트 사용자]
2023-05-24 02:25:35.565 TRACE 56768 --- [    Test worker] o.h.type.descriptor.sql.BasicBinder      : binding parameter [13] as [BIGINT] - [3]
2023-05-24 02:25:35.566 DEBUG 56768 --- [    Test worker] org.hibernate.SQL                        : 
    update
        message 
    set
        message_id=null 
    where
        message_id=?
2023-05-24 02:25:35.566 TRACE 56768 --- [    Test worker] o.h.type.descriptor.sql.BasicBinder      : binding parameter [1] as [BIGINT] - [3]
2023-05-24 02:25:35.566 DEBUG 56768 --- [    Test worker] org.hibernate.SQL                        : 
    update
        report 
    set
        report_id=null 
    where
        report_id=?
2023-05-24 02:25:35.566 TRACE 56768 --- [    Test worker] o.h.type.descriptor.sql.BasicBinder      : binding parameter [1] as [BIGINT] - [3]
2023-05-24 02:25:36.532  WARN 56768 --- [    Test worker] JpaBaseConfiguration$JpaWebConfiguration : spring.jpa.open-in-view is enabled by default. Therefore, database queries may be performed during view rendering. Explicitly configure spring.jpa.open-in-view to disable this warning
2023-05-24 02:25:37.262  INFO 56768 --- [    Test worker] o.s.b.a.w.s.WelcomePageHandlerMapping    : Adding welcome page: class path resource [static/index.html]
2023-05-24 02:25:37.439  WARN 56768 --- [    Test worker] ion$DefaultTemplateResolverConfiguration : Cannot find template location: classpath:/templates/ (please add some templates, check your Thymeleaf configuration, or set spring.thymeleaf.check-template-location=false)
2023-05-24 02:25:37.580  INFO 56768 --- [    Test worker] o.s.m.s.b.SimpleBrokerMessageHandler     : Starting...
2023-05-24 02:25:37.581  INFO 56768 --- [    Test worker] o.s.m.s.b.SimpleBrokerMessageHandler     : BrokerAvailabilityEvent[available=true, SimpleBrokerMessageHandler [org.springframework.messaging.simp.broker.DefaultSubscriptionRegistry@2b551e7b]]
2023-05-24 02:25:37.583  INFO 56768 --- [    Test worker] o.s.m.s.b.SimpleBrokerMessageHandler     : Started.
2023-05-24 02:25:37.606  INFO 56768 --- [    Test worker] c.e.server.ServerApplicationTests        : Started ServerApplicationTests in 8.178 seconds (JVM running for 9.844)
]]></system-out>
  <system-err><![CDATA[]]></system-err>
</testsuite>
