<?xml version="1.0" encoding="UTF-8"?>
<testsuite name="com.everyparking.server.ServerApplicationTests" tests="1" skipped="0" failures="0" errors="0" timestamp="2023-05-18T14:21:45" hostname="gimgyubaeg-ui-MacBookPro.local" time="0.092">
  <properties/>
  <testcase name="contextLoads()" classname="com.everyparking.server.ServerApplicationTests" time="0.092"/>
  <system-out><![CDATA[23:21:18.544 [Test worker] DEBUG org.springframework.test.context.BootstrapUtils - Instantiating CacheAwareContextLoaderDelegate from class [org.springframework.test.context.cache.DefaultCacheAwareContextLoaderDelegate]
23:21:18.552 [Test worker] DEBUG org.springframework.test.context.BootstrapUtils - Instantiating BootstrapContext using constructor [public org.springframework.test.context.support.DefaultBootstrapContext(java.lang.Class,org.springframework.test.context.CacheAwareContextLoaderDelegate)]
23:21:18.578 [Test worker] DEBUG org.springframework.test.context.BootstrapUtils - Instantiating TestContextBootstrapper for test class [com.everyparking.server.ServerApplicationTests] from class [org.springframework.boot.test.context.SpringBootTestContextBootstrapper]
23:21:18.589 [Test worker] INFO org.springframework.boot.test.context.SpringBootTestContextBootstrapper - Neither @ContextConfiguration nor @ContextHierarchy found for test class [com.everyparking.server.ServerApplicationTests], using SpringBootContextLoader
23:21:18.594 [Test worker] DEBUG org.springframework.test.context.support.AbstractContextLoader - Did not detect default resource location for test class [com.everyparking.server.ServerApplicationTests]: class path resource [com/everyparking/server/ServerApplicationTests-context.xml] does not exist
23:21:18.594 [Test worker] DEBUG org.springframework.test.context.support.AbstractContextLoader - Did not detect default resource location for test class [com.everyparking.server.ServerApplicationTests]: class path resource [com/everyparking/server/ServerApplicationTestsContext.groovy] does not exist
23:21:18.595 [Test worker] INFO org.springframework.test.context.support.AbstractContextLoader - Could not detect default resource locations for test class [com.everyparking.server.ServerApplicationTests]: no resource found for suffixes {-context.xml, Context.groovy}.
23:21:18.596 [Test worker] INFO org.springframework.test.context.support.AnnotationConfigContextLoaderUtils - Could not detect default configuration classes for test class [com.everyparking.server.ServerApplicationTests]: ServerApplicationTests does not declare any static, non-private, non-final, nested classes annotated with @Configuration.
23:21:18.636 [Test worker] DEBUG org.springframework.test.context.support.ActiveProfilesUtils - Could not find an 'annotation declaring class' for annotation type [org.springframework.test.context.ActiveProfiles] and class [com.everyparking.server.ServerApplicationTests]
23:21:18.683 [Test worker] DEBUG org.springframework.context.annotation.ClassPathScanningCandidateComponentProvider - Identified candidate component class: file [/Users/gimgyubaeg/Desktop/EveryParking/server/build/classes/java/main/com/everyparking/server/ServerApplication.class]
23:21:18.684 [Test worker] INFO org.springframework.boot.test.context.SpringBootTestContextBootstrapper - Found @SpringBootConfiguration com.everyparking.server.ServerApplication for test class com.everyparking.server.ServerApplicationTests
23:21:18.760 [Test worker] DEBUG org.springframework.boot.test.context.SpringBootTestContextBootstrapper - @TestExecutionListeners is not present for class [com.everyparking.server.ServerApplicationTests]: using defaults.
23:21:18.761 [Test worker] INFO org.springframework.boot.test.context.SpringBootTestContextBootstrapper - Loaded default TestExecutionListener class names from location [META-INF/spring.factories]: [org.springframework.boot.test.autoconfigure.restdocs.RestDocsTestExecutionListener, org.springframework.boot.test.autoconfigure.web.client.MockRestServiceServerResetTestExecutionListener, org.springframework.boot.test.autoconfigure.web.servlet.MockMvcPrintOnlyOnFailureTestExecutionListener, org.springframework.boot.test.autoconfigure.web.servlet.WebDriverTestExecutionListener, org.springframework.boot.test.autoconfigure.webservices.client.MockWebServiceServerTestExecutionListener, org.springframework.boot.test.mock.mockito.MockitoTestExecutionListener, org.springframework.boot.test.mock.mockito.ResetMocksTestExecutionListener, org.springframework.test.context.web.ServletTestExecutionListener, org.springframework.test.context.support.DirtiesContextBeforeModesTestExecutionListener, org.springframework.test.context.event.ApplicationEventsTestExecutionListener, org.springframework.test.context.support.DependencyInjectionTestExecutionListener, org.springframework.test.context.support.DirtiesContextTestExecutionListener, org.springframework.test.context.transaction.TransactionalTestExecutionListener, org.springframework.test.context.jdbc.SqlScriptsTestExecutionListener, org.springframework.test.context.event.EventPublishingTestExecutionListener]
23:21:18.787 [Test worker] INFO org.springframework.boot.test.context.SpringBootTestContextBootstrapper - Using TestExecutionListeners: [org.springframework.test.context.web.ServletTestExecutionListener@402f80f5, org.springframework.test.context.support.DirtiesContextBeforeModesTestExecutionListener@5bbc9f97, org.springframework.test.context.event.ApplicationEventsTestExecutionListener@133e019b, org.springframework.boot.test.mock.mockito.MockitoTestExecutionListener@41382722, org.springframework.boot.test.autoconfigure.SpringBootDependencyInjectionTestExecutionListener@7dac3fd8, org.springframework.test.context.support.DirtiesContextTestExecutionListener@425357dd, org.springframework.test.context.transaction.TransactionalTestExecutionListener@2102a4d5, org.springframework.test.context.jdbc.SqlScriptsTestExecutionListener@210386e0, org.springframework.test.context.event.EventPublishingTestExecutionListener@3d4d3fe7, org.springframework.boot.test.autoconfigure.restdocs.RestDocsTestExecutionListener@65f87a2c, org.springframework.boot.test.autoconfigure.web.client.MockRestServiceServerResetTestExecutionListener@51684e4a, org.springframework.boot.test.autoconfigure.web.servlet.MockMvcPrintOnlyOnFailureTestExecutionListener@6ce1f601, org.springframework.boot.test.autoconfigure.web.servlet.WebDriverTestExecutionListener@38875e7d, org.springframework.boot.test.autoconfigure.webservices.client.MockWebServiceServerTestExecutionListener@1e886a5b, org.springframework.boot.test.mock.mockito.ResetMocksTestExecutionListener@d816dde]
23:21:18.789 [Test worker] DEBUG org.springframework.test.context.support.AbstractDirtiesContextTestExecutionListener - Before test class: context [DefaultTestContext@669253b7 testClass = ServerApplicationTests, testInstance = [null], testMethod = [null], testException = [null], mergedContextConfiguration = [WebMergedContextConfiguration@5305c37d testClass = ServerApplicationTests, locations = '{}', classes = '{class com.everyparking.server.ServerApplication}', contextInitializerClasses = '[]', activeProfiles = '{}', propertySourceLocations = '{}', propertySourceProperties = '{org.springframework.boot.test.context.SpringBootTestContextBootstrapper=true}', contextCustomizers = set[org.springframework.boot.test.autoconfigure.actuate.metrics.MetricsExportContextCustomizerFactory$DisableMetricExportContextCustomizer@278bb07e, org.springframework.boot.test.autoconfigure.properties.PropertyMappingContextCustomizer@0, org.springframework.boot.test.autoconfigure.web.servlet.WebDriverContextCustomizerFactory$Customizer@20a14b55, org.springframework.boot.test.context.filter.ExcludeFilterContextCustomizer@75b25825, org.springframework.boot.test.json.DuplicateJsonObjectContextCustomizerFactory$DuplicateJsonObjectContextCustomizer@57459491, org.springframework.boot.test.mock.mockito.MockitoContextCustomizer@0, org.springframework.boot.test.web.client.TestRestTemplateContextCustomizer@68b6f0d6, org.springframework.boot.test.context.SpringBootTestArgs@1, org.springframework.boot.test.context.SpringBootTestWebEnvironment@7f2cfe3f], resourceBasePath = 'src/main/webapp', contextLoader = 'org.springframework.boot.test.context.SpringBootContextLoader', parent = [null]], attributes = map['org.springframework.test.context.web.ServletTestExecutionListener.activateListener' -> true]], class annotated with @DirtiesContext [false] with mode [null].

  .   ____          _            __ _ _
 /\\ / ___'_ __ _ _(_)_ __  __ _ \ \ \ \
( ( )\___ | '_ | '_| | '_ \/ _` | \ \ \ \
 \\/  ___)| |_)| | | | | || (_| |  ) ) ) )
  '  |____| .__|_| |_|_| |_\__, | / / / /
 =========|_|==============|___/=/_/_/_/
 :: Spring Boot ::                (v2.7.9)

2023-05-18 23:21:19.150  INFO 25070 --- [    Test worker] c.e.server.ServerApplicationTests        : Starting ServerApplicationTests using Java 11.0.11 on gimgyubaeg-ui-MacBookPro.local with PID 25070 (started by gimgyubaeg in /Users/gimgyubaeg/Desktop/EveryParking/server)
2023-05-18 23:21:19.151  INFO 25070 --- [    Test worker] c.e.server.ServerApplicationTests        : No active profile set, falling back to 1 default profile: "default"
2023-05-18 23:21:19.691  INFO 25070 --- [    Test worker] .s.d.r.c.RepositoryConfigurationDelegate : Bootstrapping Spring Data JPA repositories in DEFAULT mode.
2023-05-18 23:21:19.742  INFO 25070 --- [    Test worker] .s.d.r.c.RepositoryConfigurationDelegate : Finished Spring Data repository scanning in 46 ms. Found 5 JPA repository interfaces.
2023-05-18 23:21:20.139  INFO 25070 --- [    Test worker] o.hibernate.jpa.internal.util.LogHelper  : HHH000204: Processing PersistenceUnitInfo [name: default]
2023-05-18 23:21:20.180  INFO 25070 --- [    Test worker] org.hibernate.Version                    : HHH000412: Hibernate ORM core version 5.6.15.Final
2023-05-18 23:21:20.330  INFO 25070 --- [    Test worker] o.hibernate.annotations.common.Version   : HCANN000001: Hibernate Commons Annotations {5.1.2.Final}
2023-05-18 23:21:20.356 DEBUG 25070 --- [    Test worker] org.hibernate.type.BasicTypeRegistry     : Adding type registration boolean -> org.hibernate.type.BooleanType@5c82031b
2023-05-18 23:21:20.356 DEBUG 25070 --- [    Test worker] org.hibernate.type.BasicTypeRegistry     : Adding type registration boolean -> org.hibernate.type.BooleanType@5c82031b
2023-05-18 23:21:20.356 DEBUG 25070 --- [    Test worker] org.hibernate.type.BasicTypeRegistry     : Adding type registration java.lang.Boolean -> org.hibernate.type.BooleanType@5c82031b
2023-05-18 23:21:20.357 DEBUG 25070 --- [    Test worker] org.hibernate.type.BasicTypeRegistry     : Adding type registration numeric_boolean -> org.hibernate.type.NumericBooleanType@661e1399
2023-05-18 23:21:20.357 DEBUG 25070 --- [    Test worker] org.hibernate.type.BasicTypeRegistry     : Adding type registration true_false -> org.hibernate.type.TrueFalseType@3cc3f13e
2023-05-18 23:21:20.358 DEBUG 25070 --- [    Test worker] org.hibernate.type.BasicTypeRegistry     : Adding type registration yes_no -> org.hibernate.type.YesNoType@6793f752
2023-05-18 23:21:20.358 DEBUG 25070 --- [    Test worker] org.hibernate.type.BasicTypeRegistry     : Adding type registration byte -> org.hibernate.type.ByteType@4bcdd11
2023-05-18 23:21:20.359 DEBUG 25070 --- [    Test worker] org.hibernate.type.BasicTypeRegistry     : Adding type registration byte -> org.hibernate.type.ByteType@4bcdd11
2023-05-18 23:21:20.359 DEBUG 25070 --- [    Test worker] org.hibernate.type.BasicTypeRegistry     : Adding type registration java.lang.Byte -> org.hibernate.type.ByteType@4bcdd11
2023-05-18 23:21:20.359 DEBUG 25070 --- [    Test worker] org.hibernate.type.BasicTypeRegistry     : Adding type registration character -> org.hibernate.type.CharacterType@2dd0a0d0
2023-05-18 23:21:20.359 DEBUG 25070 --- [    Test worker] org.hibernate.type.BasicTypeRegistry     : Adding type registration char -> org.hibernate.type.CharacterType@2dd0a0d0
2023-05-18 23:21:20.360 DEBUG 25070 --- [    Test worker] org.hibernate.type.BasicTypeRegistry     : Adding type registration java.lang.Character -> org.hibernate.type.CharacterType@2dd0a0d0
2023-05-18 23:21:20.360 DEBUG 25070 --- [    Test worker] org.hibernate.type.BasicTypeRegistry     : Adding type registration short -> org.hibernate.type.ShortType@589fb74d
2023-05-18 23:21:20.361 DEBUG 25070 --- [    Test worker] org.hibernate.type.BasicTypeRegistry     : Adding type registration short -> org.hibernate.type.ShortType@589fb74d
2023-05-18 23:21:20.361 DEBUG 25070 --- [    Test worker] org.hibernate.type.BasicTypeRegistry     : Adding type registration java.lang.Short -> org.hibernate.type.ShortType@589fb74d
2023-05-18 23:21:20.361 DEBUG 25070 --- [    Test worker] org.hibernate.type.BasicTypeRegistry     : Adding type registration integer -> org.hibernate.type.IntegerType@29170a47
2023-05-18 23:21:20.362 DEBUG 25070 --- [    Test worker] org.hibernate.type.BasicTypeRegistry     : Adding type registration int -> org.hibernate.type.IntegerType@29170a47
2023-05-18 23:21:20.362 DEBUG 25070 --- [    Test worker] org.hibernate.type.BasicTypeRegistry     : Adding type registration java.lang.Integer -> org.hibernate.type.IntegerType@29170a47
2023-05-18 23:21:20.362 DEBUG 25070 --- [    Test worker] org.hibernate.type.BasicTypeRegistry     : Adding type registration long -> org.hibernate.type.LongType@267ff4df
2023-05-18 23:21:20.363 DEBUG 25070 --- [    Test worker] org.hibernate.type.BasicTypeRegistry     : Adding type registration long -> org.hibernate.type.LongType@267ff4df
2023-05-18 23:21:20.363 DEBUG 25070 --- [    Test worker] org.hibernate.type.BasicTypeRegistry     : Adding type registration java.lang.Long -> org.hibernate.type.LongType@267ff4df
2023-05-18 23:21:20.363 DEBUG 25070 --- [    Test worker] org.hibernate.type.BasicTypeRegistry     : Adding type registration float -> org.hibernate.type.FloatType@1b17d8ab
2023-05-18 23:21:20.363 DEBUG 25070 --- [    Test worker] org.hibernate.type.BasicTypeRegistry     : Adding type registration float -> org.hibernate.type.FloatType@1b17d8ab
2023-05-18 23:21:20.364 DEBUG 25070 --- [    Test worker] org.hibernate.type.BasicTypeRegistry     : Adding type registration java.lang.Float -> org.hibernate.type.FloatType@1b17d8ab
2023-05-18 23:21:20.364 DEBUG 25070 --- [    Test worker] org.hibernate.type.BasicTypeRegistry     : Adding type registration double -> org.hibernate.type.DoubleType@28989415
2023-05-18 23:21:20.364 DEBUG 25070 --- [    Test worker] org.hibernate.type.BasicTypeRegistry     : Adding type registration double -> org.hibernate.type.DoubleType@28989415
2023-05-18 23:21:20.364 DEBUG 25070 --- [    Test worker] org.hibernate.type.BasicTypeRegistry     : Adding type registration java.lang.Double -> org.hibernate.type.DoubleType@28989415
2023-05-18 23:21:20.365 DEBUG 25070 --- [    Test worker] org.hibernate.type.BasicTypeRegistry     : Adding type registration big_decimal -> org.hibernate.type.BigDecimalType@7282af25
2023-05-18 23:21:20.365 DEBUG 25070 --- [    Test worker] org.hibernate.type.BasicTypeRegistry     : Adding type registration java.math.BigDecimal -> org.hibernate.type.BigDecimalType@7282af25
2023-05-18 23:21:20.366 DEBUG 25070 --- [    Test worker] org.hibernate.type.BasicTypeRegistry     : Adding type registration big_integer -> org.hibernate.type.BigIntegerType@21dea711
2023-05-18 23:21:20.366 DEBUG 25070 --- [    Test worker] org.hibernate.type.BasicTypeRegistry     : Adding type registration java.math.BigInteger -> org.hibernate.type.BigIntegerType@21dea711
2023-05-18 23:21:20.367 DEBUG 25070 --- [    Test worker] org.hibernate.type.BasicTypeRegistry     : Adding type registration string -> org.hibernate.type.StringType@759a678a
2023-05-18 23:21:20.367 DEBUG 25070 --- [    Test worker] org.hibernate.type.BasicTypeRegistry     : Adding type registration java.lang.String -> org.hibernate.type.StringType@759a678a
2023-05-18 23:21:20.367 DEBUG 25070 --- [    Test worker] org.hibernate.type.BasicTypeRegistry     : Adding type registration nstring -> org.hibernate.type.StringNVarcharType@554566a8
2023-05-18 23:21:20.368 DEBUG 25070 --- [    Test worker] org.hibernate.type.BasicTypeRegistry     : Adding type registration ncharacter -> org.hibernate.type.CharacterNCharType@150d6eaf
2023-05-18 23:21:20.368 DEBUG 25070 --- [    Test worker] org.hibernate.type.BasicTypeRegistry     : Adding type registration url -> org.hibernate.type.UrlType@eaf8427
2023-05-18 23:21:20.368 DEBUG 25070 --- [    Test worker] org.hibernate.type.BasicTypeRegistry     : Adding type registration java.net.URL -> org.hibernate.type.UrlType@eaf8427
2023-05-18 23:21:20.369 DEBUG 25070 --- [    Test worker] org.hibernate.type.BasicTypeRegistry     : Adding type registration Duration -> org.hibernate.type.DurationType@17176b18
2023-05-18 23:21:20.369 DEBUG 25070 --- [    Test worker] org.hibernate.type.BasicTypeRegistry     : Adding type registration java.time.Duration -> org.hibernate.type.DurationType@17176b18
2023-05-18 23:21:20.370 DEBUG 25070 --- [    Test worker] org.hibernate.type.BasicTypeRegistry     : Adding type registration Instant -> org.hibernate.type.InstantType@6c9a3661
2023-05-18 23:21:20.370 DEBUG 25070 --- [    Test worker] org.hibernate.type.BasicTypeRegistry     : Adding type registration java.time.Instant -> org.hibernate.type.InstantType@6c9a3661
2023-05-18 23:21:20.371 DEBUG 25070 --- [    Test worker] org.hibernate.type.BasicTypeRegistry     : Adding type registration LocalDateTime -> org.hibernate.type.LocalDateTimeType@3f0ce0d1
2023-05-18 23:21:20.371 DEBUG 25070 --- [    Test worker] org.hibernate.type.BasicTypeRegistry     : Adding type registration java.time.LocalDateTime -> org.hibernate.type.LocalDateTimeType@3f0ce0d1
2023-05-18 23:21:20.372 DEBUG 25070 --- [    Test worker] org.hibernate.type.BasicTypeRegistry     : Adding type registration LocalDate -> org.hibernate.type.LocalDateType@350ff014
2023-05-18 23:21:20.372 DEBUG 25070 --- [    Test worker] org.hibernate.type.BasicTypeRegistry     : Adding type registration java.time.LocalDate -> org.hibernate.type.LocalDateType@350ff014
2023-05-18 23:21:20.372 DEBUG 25070 --- [    Test worker] org.hibernate.type.BasicTypeRegistry     : Adding type registration LocalTime -> org.hibernate.type.LocalTimeType@3b28b7b0
2023-05-18 23:21:20.372 DEBUG 25070 --- [    Test worker] org.hibernate.type.BasicTypeRegistry     : Adding type registration java.time.LocalTime -> org.hibernate.type.LocalTimeType@3b28b7b0
2023-05-18 23:21:20.373 DEBUG 25070 --- [    Test worker] org.hibernate.type.BasicTypeRegistry     : Adding type registration OffsetDateTime -> org.hibernate.type.OffsetDateTimeType@374c3975
2023-05-18 23:21:20.373 DEBUG 25070 --- [    Test worker] org.hibernate.type.BasicTypeRegistry     : Adding type registration java.time.OffsetDateTime -> org.hibernate.type.OffsetDateTimeType@374c3975
2023-05-18 23:21:20.374 DEBUG 25070 --- [    Test worker] org.hibernate.type.BasicTypeRegistry     : Adding type registration OffsetTime -> org.hibernate.type.OffsetTimeType@60807fd9
2023-05-18 23:21:20.374 DEBUG 25070 --- [    Test worker] org.hibernate.type.BasicTypeRegistry     : Adding type registration java.time.OffsetTime -> org.hibernate.type.OffsetTimeType@60807fd9
2023-05-18 23:21:20.375 DEBUG 25070 --- [    Test worker] org.hibernate.type.BasicTypeRegistry     : Adding type registration ZonedDateTime -> org.hibernate.type.ZonedDateTimeType@5abf6a99
2023-05-18 23:21:20.375 DEBUG 25070 --- [    Test worker] org.hibernate.type.BasicTypeRegistry     : Adding type registration java.time.ZonedDateTime -> org.hibernate.type.ZonedDateTimeType@5abf6a99
2023-05-18 23:21:20.376 DEBUG 25070 --- [    Test worker] org.hibernate.type.BasicTypeRegistry     : Adding type registration date -> org.hibernate.type.DateType@25567581
2023-05-18 23:21:20.376 DEBUG 25070 --- [    Test worker] org.hibernate.type.BasicTypeRegistry     : Adding type registration java.sql.Date -> org.hibernate.type.DateType@25567581
2023-05-18 23:21:20.377 DEBUG 25070 --- [    Test worker] org.hibernate.type.BasicTypeRegistry     : Adding type registration time -> org.hibernate.type.TimeType@197ce367
2023-05-18 23:21:20.377 DEBUG 25070 --- [    Test worker] org.hibernate.type.BasicTypeRegistry     : Adding type registration java.sql.Time -> org.hibernate.type.TimeType@197ce367
2023-05-18 23:21:20.378 DEBUG 25070 --- [    Test worker] org.hibernate.type.BasicTypeRegistry     : Adding type registration timestamp -> org.hibernate.type.TimestampType@25533bba
2023-05-18 23:21:20.378 DEBUG 25070 --- [    Test worker] org.hibernate.type.BasicTypeRegistry     : Adding type registration java.sql.Timestamp -> org.hibernate.type.TimestampType@25533bba
2023-05-18 23:21:20.378 DEBUG 25070 --- [    Test worker] org.hibernate.type.BasicTypeRegistry     : Adding type registration java.util.Date -> org.hibernate.type.TimestampType@25533bba
2023-05-18 23:21:20.380 DEBUG 25070 --- [    Test worker] org.hibernate.type.BasicTypeRegistry     : Adding type registration dbtimestamp -> org.hibernate.type.DbTimestampType@76d0ecd7
2023-05-18 23:21:20.381 DEBUG 25070 --- [    Test worker] org.hibernate.type.BasicTypeRegistry     : Adding type registration calendar -> org.hibernate.type.CalendarType@c472300
2023-05-18 23:21:20.381 DEBUG 25070 --- [    Test worker] org.hibernate.type.BasicTypeRegistry     : Adding type registration java.util.Calendar -> org.hibernate.type.CalendarType@c472300
2023-05-18 23:21:20.381 DEBUG 25070 --- [    Test worker] org.hibernate.type.BasicTypeRegistry     : Adding type registration java.util.GregorianCalendar -> org.hibernate.type.CalendarType@c472300
2023-05-18 23:21:20.382 DEBUG 25070 --- [    Test worker] org.hibernate.type.BasicTypeRegistry     : Adding type registration calendar_date -> org.hibernate.type.CalendarDateType@3a4e524
2023-05-18 23:21:20.383 DEBUG 25070 --- [    Test worker] org.hibernate.type.BasicTypeRegistry     : Adding type registration calendar_time -> org.hibernate.type.CalendarTimeType@30159886
2023-05-18 23:21:20.384 DEBUG 25070 --- [    Test worker] org.hibernate.type.BasicTypeRegistry     : Adding type registration locale -> org.hibernate.type.LocaleType@19eea77c
2023-05-18 23:21:20.384 DEBUG 25070 --- [    Test worker] org.hibernate.type.BasicTypeRegistry     : Adding type registration java.util.Locale -> org.hibernate.type.LocaleType@19eea77c
2023-05-18 23:21:20.385 DEBUG 25070 --- [    Test worker] org.hibernate.type.BasicTypeRegistry     : Adding type registration currency -> org.hibernate.type.CurrencyType@69feb4d9
2023-05-18 23:21:20.385 DEBUG 25070 --- [    Test worker] org.hibernate.type.BasicTypeRegistry     : Adding type registration java.util.Currency -> org.hibernate.type.CurrencyType@69feb4d9
2023-05-18 23:21:20.385 DEBUG 25070 --- [    Test worker] org.hibernate.type.BasicTypeRegistry     : Adding type registration timezone -> org.hibernate.type.TimeZoneType@3ccb12d
2023-05-18 23:21:20.386 DEBUG 25070 --- [    Test worker] org.hibernate.type.BasicTypeRegistry     : Adding type registration java.util.TimeZone -> org.hibernate.type.TimeZoneType@3ccb12d
2023-05-18 23:21:20.386 DEBUG 25070 --- [    Test worker] org.hibernate.type.BasicTypeRegistry     : Adding type registration class -> org.hibernate.type.ClassType@41fc0084
2023-05-18 23:21:20.386 DEBUG 25070 --- [    Test worker] org.hibernate.type.BasicTypeRegistry     : Adding type registration java.lang.Class -> org.hibernate.type.ClassType@41fc0084
2023-05-18 23:21:20.387 DEBUG 25070 --- [    Test worker] org.hibernate.type.BasicTypeRegistry     : Adding type registration uuid-binary -> org.hibernate.type.UUIDBinaryType@4628a02b
2023-05-18 23:21:20.387 DEBUG 25070 --- [    Test worker] org.hibernate.type.BasicTypeRegistry     : Adding type registration java.util.UUID -> org.hibernate.type.UUIDBinaryType@4628a02b
2023-05-18 23:21:20.387 DEBUG 25070 --- [    Test worker] org.hibernate.type.BasicTypeRegistry     : Adding type registration uuid-char -> org.hibernate.type.UUIDCharType@701c223a
2023-05-18 23:21:20.388 DEBUG 25070 --- [    Test worker] org.hibernate.type.BasicTypeRegistry     : Adding type registration binary -> org.hibernate.type.BinaryType@7e94e331
2023-05-18 23:21:20.388 DEBUG 25070 --- [    Test worker] org.hibernate.type.BasicTypeRegistry     : Adding type registration byte[] -> org.hibernate.type.BinaryType@7e94e331
2023-05-18 23:21:20.388 DEBUG 25070 --- [    Test worker] org.hibernate.type.BasicTypeRegistry     : Adding type registration [B -> org.hibernate.type.BinaryType@7e94e331
2023-05-18 23:21:20.389 DEBUG 25070 --- [    Test worker] org.hibernate.type.BasicTypeRegistry     : Adding type registration wrapper-binary -> org.hibernate.type.WrapperBinaryType@7b8aebd0
2023-05-18 23:21:20.389 DEBUG 25070 --- [    Test worker] org.hibernate.type.BasicTypeRegistry     : Adding type registration Byte[] -> org.hibernate.type.WrapperBinaryType@7b8aebd0
2023-05-18 23:21:20.389 DEBUG 25070 --- [    Test worker] org.hibernate.type.BasicTypeRegistry     : Adding type registration [Ljava.lang.Byte; -> org.hibernate.type.WrapperBinaryType@7b8aebd0
2023-05-18 23:21:20.390 DEBUG 25070 --- [    Test worker] org.hibernate.type.BasicTypeRegistry     : Adding type registration row_version -> org.hibernate.type.RowVersionType@71567f33
2023-05-18 23:21:20.391 DEBUG 25070 --- [    Test worker] org.hibernate.type.BasicTypeRegistry     : Adding type registration image -> org.hibernate.type.ImageType@4c04216f
2023-05-18 23:21:20.392 DEBUG 25070 --- [    Test worker] org.hibernate.type.BasicTypeRegistry     : Adding type registration characters -> org.hibernate.type.CharArrayType@39f42d0e
2023-05-18 23:21:20.392 DEBUG 25070 --- [    Test worker] org.hibernate.type.BasicTypeRegistry     : Adding type registration char[] -> org.hibernate.type.CharArrayType@39f42d0e
2023-05-18 23:21:20.392 DEBUG 25070 --- [    Test worker] org.hibernate.type.BasicTypeRegistry     : Adding type registration [C -> org.hibernate.type.CharArrayType@39f42d0e
2023-05-18 23:21:20.393 DEBUG 25070 --- [    Test worker] org.hibernate.type.BasicTypeRegistry     : Adding type registration wrapper-characters -> org.hibernate.type.CharacterArrayType@da09250
2023-05-18 23:21:20.393 DEBUG 25070 --- [    Test worker] org.hibernate.type.BasicTypeRegistry     : Adding type registration [Ljava.lang.Character; -> org.hibernate.type.CharacterArrayType@da09250
2023-05-18 23:21:20.393 DEBUG 25070 --- [    Test worker] org.hibernate.type.BasicTypeRegistry     : Adding type registration Character[] -> org.hibernate.type.CharacterArrayType@da09250
2023-05-18 23:21:20.393 DEBUG 25070 --- [    Test worker] org.hibernate.type.BasicTypeRegistry     : Adding type registration text -> org.hibernate.type.TextType@6fb0261e
2023-05-18 23:21:20.393 DEBUG 25070 --- [    Test worker] org.hibernate.type.BasicTypeRegistry     : Adding type registration ntext -> org.hibernate.type.NTextType@7f426ddd
2023-05-18 23:21:20.394 DEBUG 25070 --- [    Test worker] org.hibernate.type.BasicTypeRegistry     : Adding type registration blob -> org.hibernate.type.BlobType@2bfc2f8b
2023-05-18 23:21:20.395 DEBUG 25070 --- [    Test worker] org.hibernate.type.BasicTypeRegistry     : Adding type registration java.sql.Blob -> org.hibernate.type.BlobType@2bfc2f8b
2023-05-18 23:21:20.395 DEBUG 25070 --- [    Test worker] org.hibernate.type.BasicTypeRegistry     : Adding type registration materialized_blob -> org.hibernate.type.MaterializedBlobType@13ca16bf
2023-05-18 23:21:20.396 DEBUG 25070 --- [    Test worker] org.hibernate.type.BasicTypeRegistry     : Adding type registration clob -> org.hibernate.type.ClobType@5f3b84bd
2023-05-18 23:21:20.396 DEBUG 25070 --- [    Test worker] org.hibernate.type.BasicTypeRegistry     : Adding type registration java.sql.Clob -> org.hibernate.type.ClobType@5f3b84bd
2023-05-18 23:21:20.397 DEBUG 25070 --- [    Test worker] org.hibernate.type.BasicTypeRegistry     : Adding type registration nclob -> org.hibernate.type.NClobType@45eab322
2023-05-18 23:21:20.397 DEBUG 25070 --- [    Test worker] org.hibernate.type.BasicTypeRegistry     : Adding type registration java.sql.NClob -> org.hibernate.type.NClobType@45eab322
2023-05-18 23:21:20.397 DEBUG 25070 --- [    Test worker] org.hibernate.type.BasicTypeRegistry     : Adding type registration materialized_clob -> org.hibernate.type.MaterializedClobType@6fb22ae3
2023-05-18 23:21:20.398 DEBUG 25070 --- [    Test worker] org.hibernate.type.BasicTypeRegistry     : Adding type registration materialized_nclob -> org.hibernate.type.MaterializedNClobType@6735f210
2023-05-18 23:21:20.399 DEBUG 25070 --- [    Test worker] org.hibernate.type.BasicTypeRegistry     : Adding type registration serializable -> org.hibernate.type.SerializableType@55c50f52
2023-05-18 23:21:20.401 DEBUG 25070 --- [    Test worker] org.hibernate.type.BasicTypeRegistry     : Adding type registration object -> org.hibernate.type.ObjectType@77fc19cf
2023-05-18 23:21:20.401 DEBUG 25070 --- [    Test worker] org.hibernate.type.BasicTypeRegistry     : Adding type registration java.lang.Object -> org.hibernate.type.ObjectType@77fc19cf
2023-05-18 23:21:20.402 DEBUG 25070 --- [    Test worker] org.hibernate.type.BasicTypeRegistry     : Adding type registration imm_date -> org.hibernate.type.AdaptedImmutableType@3c16528d
2023-05-18 23:21:20.402 DEBUG 25070 --- [    Test worker] org.hibernate.type.BasicTypeRegistry     : Adding type registration imm_time -> org.hibernate.type.AdaptedImmutableType@2e45a357
2023-05-18 23:21:20.402 DEBUG 25070 --- [    Test worker] org.hibernate.type.BasicTypeRegistry     : Adding type registration imm_timestamp -> org.hibernate.type.AdaptedImmutableType@389a5022
2023-05-18 23:21:20.402 DEBUG 25070 --- [    Test worker] org.hibernate.type.BasicTypeRegistry     : Adding type registration imm_dbtimestamp -> org.hibernate.type.AdaptedImmutableType@bb8ead8
2023-05-18 23:21:20.402 DEBUG 25070 --- [    Test worker] org.hibernate.type.BasicTypeRegistry     : Adding type registration imm_calendar -> org.hibernate.type.AdaptedImmutableType@5b44318
2023-05-18 23:21:20.402 DEBUG 25070 --- [    Test worker] org.hibernate.type.BasicTypeRegistry     : Adding type registration imm_calendar_date -> org.hibernate.type.AdaptedImmutableType@6e807e2
2023-05-18 23:21:20.402 DEBUG 25070 --- [    Test worker] org.hibernate.type.BasicTypeRegistry     : Adding type registration imm_binary -> org.hibernate.type.AdaptedImmutableType@6c995c5d
2023-05-18 23:21:20.403 DEBUG 25070 --- [    Test worker] org.hibernate.type.BasicTypeRegistry     : Adding type registration imm_serializable -> org.hibernate.type.AdaptedImmutableType@203b953c
2023-05-18 23:21:20.451  INFO 25070 --- [    Test worker] com.zaxxer.hikari.HikariDataSource       : HikariPool-1 - Starting...
2023-05-18 23:21:20.664  INFO 25070 --- [    Test worker] com.zaxxer.hikari.HikariDataSource       : HikariPool-1 - Start completed.
2023-05-18 23:21:20.690  INFO 25070 --- [    Test worker] org.hibernate.dialect.Dialect            : HHH000400: Using dialect: org.hibernate.dialect.MariaDB53Dialect
2023-05-18 23:21:20.731 DEBUG 25070 --- [    Test worker] o.h.type.spi.TypeConfiguration$Scope     : Scoping TypeConfiguration [org.hibernate.type.spi.TypeConfiguration@166ce247] to MetadataBuildingContext [org.hibernate.boot.internal.MetadataBuildingContextRootImpl@5d92e8e2]
2023-05-18 23:21:21.005 DEBUG 25070 --- [    Test worker] org.hibernate.type.EnumType              : Using NAMED-based conversion for Enum com.everyparking.server.data.entity.MemberStatus
2023-05-18 23:21:21.006 DEBUG 25070 --- [    Test worker] org.hibernate.type.EnumType              : Using NAMED-based conversion for Enum com.everyparking.server.data.entity.RoleType
2023-05-18 23:21:21.006 DEBUG 25070 --- [    Test worker] org.hibernate.type.EnumType              : Using NAMED-based conversion for Enum com.everyparking.server.data.entity.CarStatus
2023-05-18 23:21:21.006 DEBUG 25070 --- [    Test worker] org.hibernate.type.EnumType              : Using NAMED-based conversion for Enum com.everyparking.server.data.entity.ParkingStatus
2023-05-18 23:21:21.007 DEBUG 25070 --- [    Test worker] o.h.type.spi.TypeConfiguration$Scope     : Scoping TypeConfiguration [org.hibernate.type.spi.TypeConfiguration@166ce247] to SessionFactoryImpl [org.hibernate.internal.SessionFactoryImpl@1d556461]
2023-05-18 23:21:21.391 DEBUG 25070 --- [    Test worker] org.hibernate.SQL                        : 
    
    alter table member 
       drop 
       foreign key FKsev4q8fdxwy6niycwskmklvwx
2023-05-18 23:21:21.636 DEBUG 25070 --- [    Test worker] org.hibernate.SQL                        : 
    
    alter table member 
       drop 
       foreign key FKooq37npsgnsvp2aab38uf6klb
2023-05-18 23:21:21.653 DEBUG 25070 --- [    Test worker] org.hibernate.SQL                        : 
    
    alter table message 
       drop 
       foreign key FK4msccpwmxulmw875edu7p352d
2023-05-18 23:21:21.666 DEBUG 25070 --- [    Test worker] org.hibernate.SQL                        : 
    
    alter table message 
       drop 
       foreign key FKjusoilghlrkxd2gam6ly30fdd
2023-05-18 23:21:21.680 DEBUG 25070 --- [    Test worker] org.hibernate.SQL                        : 
    
    alter table message 
       drop 
       foreign key FKeid59e86pmn4dcpuborxrk3id
2023-05-18 23:21:21.693 DEBUG 25070 --- [    Test worker] org.hibernate.SQL                        : 
    
    alter table parking_info 
       drop 
       foreign key FKjhj2r0t48s78k97qf72xpawm0
2023-05-18 23:21:21.709 DEBUG 25070 --- [    Test worker] org.hibernate.SQL                        : 
    
    alter table parking_info 
       drop 
       foreign key FKjlmlpqme43cbfesbaj3f30225
2023-05-18 23:21:21.723 DEBUG 25070 --- [    Test worker] org.hibernate.SQL                        : 
    
    drop table if exists car
2023-05-18 23:21:21.737 DEBUG 25070 --- [    Test worker] org.hibernate.SQL                        : 
    
    drop table if exists member
2023-05-18 23:21:21.753 DEBUG 25070 --- [    Test worker] org.hibernate.SQL                        : 
    
    drop table if exists message
2023-05-18 23:21:21.997 DEBUG 25070 --- [    Test worker] org.hibernate.SQL                        : 
    
    drop table if exists parking_info
2023-05-18 23:21:22.019 DEBUG 25070 --- [    Test worker] org.hibernate.SQL                        : 
    
    drop table if exists parking_lot
2023-05-18 23:21:22.035 DEBUG 25070 --- [    Test worker] org.hibernate.SQL                        : 
    
    drop table if exists report
2023-05-18 23:21:22.054 DEBUG 25070 --- [    Test worker] org.hibernate.SQL                        : 
    
    create table car (
       car_id bigint not null auto_increment,
        created_time datetime(6),
        last_modified_time datetime(6),
        is_enter bit not null,
        parking_lot_id integer not null,
        car_number varchar(255),
        car_status varchar(255),
        model_name varchar(255),
        primary key (car_id)
    ) engine=InnoDB
2023-05-18 23:21:22.074 DEBUG 25070 --- [    Test worker] org.hibernate.SQL                        : 
    
    create table member (
       member_id bigint not null auto_increment,
        created_time datetime(6),
        last_modified_time datetime(6),
        member_status varchar(255),
        password varchar(255),
        role_type varchar(255),
        student_id integer not null,
        user_id varchar(255),
        email varchar(255),
        phone_number integer not null,
        user_name varchar(255),
        car_id bigint,
        parking_info_id bigint,
        primary key (member_id)
    ) engine=InnoDB
2023-05-18 23:21:22.231 DEBUG 25070 --- [    Test worker] org.hibernate.SQL                        : 
    
    create table message (
       message_id bigint not null auto_increment,
        created_time datetime(6),
        last_modified_time datetime(6),
        details varchar(255),
        member_id bigint,
        sender_member_id bigint,
        primary key (message_id)
    ) engine=InnoDB
2023-05-18 23:21:22.518 DEBUG 25070 --- [    Test worker] org.hibernate.SQL                        : 
    
    create table parking_info (
       parking_info_id bigint not null auto_increment,
        created_time datetime(6),
        last_modified_time datetime(6),
        parking_id integer not null,
        parking_status varchar(255),
        car_id bigint,
        parking_lot_id bigint,
        primary key (parking_info_id)
    ) engine=InnoDB
2023-05-18 23:21:22.765 DEBUG 25070 --- [    Test worker] org.hibernate.SQL                        : 
    
    create table parking_lot (
       parking_lot_id bigint not null auto_increment,
        created_time datetime(6),
        last_modified_time datetime(6),
        available integer not null,
        name varchar(255),
        total integer not null,
        used integer not null,
        primary key (parking_lot_id)
    ) engine=InnoDB
2023-05-18 23:21:23.047 DEBUG 25070 --- [    Test worker] org.hibernate.SQL                        : 
    
    create table report (
       report_id bigint not null auto_increment,
        created_time datetime(6),
        last_modified_time datetime(6),
        detail varchar(255),
        primary key (report_id)
    ) engine=InnoDB
2023-05-18 23:21:23.202 DEBUG 25070 --- [    Test worker] org.hibernate.SQL                        : 
    
    alter table member 
       add constraint FKsev4q8fdxwy6niycwskmklvwx 
       foreign key (car_id) 
       references car (car_id)
2023-05-18 23:21:23.821 DEBUG 25070 --- [    Test worker] org.hibernate.SQL                        : 
    
    alter table member 
       add constraint FKooq37npsgnsvp2aab38uf6klb 
       foreign key (parking_info_id) 
       references parking_info (parking_info_id)
2023-05-18 23:21:24.619 DEBUG 25070 --- [    Test worker] org.hibernate.SQL                        : 
    
    alter table message 
       add constraint FK4msccpwmxulmw875edu7p352d 
       foreign key (member_id) 
       references member (member_id)
2023-05-18 23:21:25.141 DEBUG 25070 --- [    Test worker] org.hibernate.SQL                        : 
    
    alter table message 
       add constraint FKjusoilghlrkxd2gam6ly30fdd 
       foreign key (sender_member_id) 
       references member (member_id)
2023-05-18 23:21:25.700 DEBUG 25070 --- [    Test worker] org.hibernate.SQL                        : 
    
    alter table message 
       add constraint FKeid59e86pmn4dcpuborxrk3id 
       foreign key (message_id) 
       references member (member_id)
2023-05-18 23:21:26.279 DEBUG 25070 --- [    Test worker] org.hibernate.SQL                        : 
    
    alter table parking_info 
       add constraint FKjhj2r0t48s78k97qf72xpawm0 
       foreign key (car_id) 
       references car (car_id)
2023-05-18 23:21:26.947 DEBUG 25070 --- [    Test worker] org.hibernate.SQL                        : 
    
    alter table parking_info 
       add constraint FKjlmlpqme43cbfesbaj3f30225 
       foreign key (parking_lot_id) 
       references parking_lot (parking_lot_id)
2023-05-18 23:21:27.764  INFO 25070 --- [    Test worker] o.h.e.t.j.p.i.JtaPlatformInitiator       : HHH000490: Using JtaPlatform implementation: [org.hibernate.engine.transaction.jta.platform.internal.NoJtaPlatform]
2023-05-18 23:21:27.773 TRACE 25070 --- [    Test worker] o.h.type.spi.TypeConfiguration$Scope     : Handling #sessionFactoryCreated from [org.hibernate.internal.SessionFactoryImpl@1d556461] for TypeConfiguration
2023-05-18 23:21:27.774  INFO 25070 --- [    Test worker] j.LocalContainerEntityManagerFactoryBean : Initialized JPA EntityManagerFactory for persistence unit 'default'
2023-05-18 23:21:28.359 DEBUG 25070 --- [    Test worker] org.hibernate.SQL                        : 
    insert 
    into
        member
        (created_time, last_modified_time, car_id, member_status, parking_info_id, password, role_type, student_id, user_id, email, phone_number, user_name) 
    values
        (?, ?, ?, ?, ?, ?, ?, ?, ?, ?, ?, ?)
2023-05-18 23:21:28.365 TRACE 25070 --- [    Test worker] o.h.type.descriptor.sql.BasicBinder      : binding parameter [1] as [TIMESTAMP] - [2023-05-18T23:21:28.333060]
2023-05-18 23:21:28.365 TRACE 25070 --- [    Test worker] o.h.type.descriptor.sql.BasicBinder      : binding parameter [2] as [TIMESTAMP] - [null]
2023-05-18 23:21:28.365 TRACE 25070 --- [    Test worker] o.h.type.descriptor.sql.BasicBinder      : binding parameter [3] as [BIGINT] - [null]
2023-05-18 23:21:28.366 TRACE 25070 --- [    Test worker] o.h.type.descriptor.sql.BasicBinder      : binding parameter [4] as [VARCHAR] - [DEFAULT]
2023-05-18 23:21:28.366 TRACE 25070 --- [    Test worker] o.h.type.descriptor.sql.BasicBinder      : binding parameter [5] as [BIGINT] - [null]
2023-05-18 23:21:28.366 TRACE 25070 --- [    Test worker] o.h.type.descriptor.sql.BasicBinder      : binding parameter [6] as [VARCHAR] - [1234]
2023-05-18 23:21:28.366 TRACE 25070 --- [    Test worker] o.h.type.descriptor.sql.BasicBinder      : binding parameter [7] as [VARCHAR] - [ADMIN]
2023-05-18 23:21:28.366 TRACE 25070 --- [    Test worker] o.h.type.descriptor.sql.BasicBinder      : binding parameter [8] as [INTEGER] - [0]
2023-05-18 23:21:28.366 TRACE 25070 --- [    Test worker] o.h.type.descriptor.sql.BasicBinder      : binding parameter [9] as [VARCHAR] - [admin]
2023-05-18 23:21:28.367 TRACE 25070 --- [    Test worker] o.h.type.descriptor.sql.BasicBinder      : binding parameter [10] as [VARCHAR] - [admin@a.com]
2023-05-18 23:21:28.367 TRACE 25070 --- [    Test worker] o.h.type.descriptor.sql.BasicBinder      : binding parameter [11] as [INTEGER] - [12341234]
2023-05-18 23:21:28.367 TRACE 25070 --- [    Test worker] o.h.type.descriptor.sql.BasicBinder      : binding parameter [12] as [VARCHAR] - [관리자]
2023-05-18 23:21:28.446 DEBUG 25070 --- [    Test worker] org.hibernate.SQL                        : 
    insert 
    into
        parking_lot
        (created_time, last_modified_time, available, name, total, used) 
    values
        (?, ?, ?, ?, ?, ?)
2023-05-18 23:21:28.447 TRACE 25070 --- [    Test worker] o.h.type.descriptor.sql.BasicBinder      : binding parameter [1] as [TIMESTAMP] - [2023-05-18T23:21:28.444197]
2023-05-18 23:21:28.447 TRACE 25070 --- [    Test worker] o.h.type.descriptor.sql.BasicBinder      : binding parameter [2] as [TIMESTAMP] - [null]
2023-05-18 23:21:28.447 TRACE 25070 --- [    Test worker] o.h.type.descriptor.sql.BasicBinder      : binding parameter [3] as [INTEGER] - [20]
2023-05-18 23:21:28.447 TRACE 25070 --- [    Test worker] o.h.type.descriptor.sql.BasicBinder      : binding parameter [4] as [VARCHAR] - [테스트]
2023-05-18 23:21:28.447 TRACE 25070 --- [    Test worker] o.h.type.descriptor.sql.BasicBinder      : binding parameter [5] as [INTEGER] - [20]
2023-05-18 23:21:28.447 TRACE 25070 --- [    Test worker] o.h.type.descriptor.sql.BasicBinder      : binding parameter [6] as [INTEGER] - [0]
2023-05-18 23:21:28.496 DEBUG 25070 --- [    Test worker] org.hibernate.SQL                        : 
    insert 
    into
        parking_info
        (created_time, last_modified_time, car_id, parking_id, parking_lot_id, parking_status) 
    values
        (?, ?, ?, ?, ?, ?)
2023-05-18 23:21:28.497 TRACE 25070 --- [    Test worker] o.h.type.descriptor.sql.BasicBinder      : binding parameter [1] as [TIMESTAMP] - [2023-05-18T23:21:28.494179]
2023-05-18 23:21:28.497 TRACE 25070 --- [    Test worker] o.h.type.descriptor.sql.BasicBinder      : binding parameter [2] as [TIMESTAMP] - [null]
2023-05-18 23:21:28.497 TRACE 25070 --- [    Test worker] o.h.type.descriptor.sql.BasicBinder      : binding parameter [3] as [BIGINT] - [null]
2023-05-18 23:21:28.497 TRACE 25070 --- [    Test worker] o.h.type.descriptor.sql.BasicBinder      : binding parameter [4] as [INTEGER] - [1]
2023-05-18 23:21:28.497 TRACE 25070 --- [    Test worker] o.h.type.descriptor.sql.BasicBinder      : binding parameter [5] as [BIGINT] - [1]
2023-05-18 23:21:28.497 TRACE 25070 --- [    Test worker] o.h.type.descriptor.sql.BasicBinder      : binding parameter [6] as [VARCHAR] - [AVAILABLE]
2023-05-18 23:21:28.539 DEBUG 25070 --- [    Test worker] org.hibernate.SQL                        : 
    insert 
    into
        parking_info
        (created_time, last_modified_time, car_id, parking_id, parking_lot_id, parking_status) 
    values
        (?, ?, ?, ?, ?, ?)
2023-05-18 23:21:28.539 TRACE 25070 --- [    Test worker] o.h.type.descriptor.sql.BasicBinder      : binding parameter [1] as [TIMESTAMP] - [2023-05-18T23:21:28.539331]
2023-05-18 23:21:28.539 TRACE 25070 --- [    Test worker] o.h.type.descriptor.sql.BasicBinder      : binding parameter [2] as [TIMESTAMP] - [null]
2023-05-18 23:21:28.540 TRACE 25070 --- [    Test worker] o.h.type.descriptor.sql.BasicBinder      : binding parameter [3] as [BIGINT] - [null]
2023-05-18 23:21:28.540 TRACE 25070 --- [    Test worker] o.h.type.descriptor.sql.BasicBinder      : binding parameter [4] as [INTEGER] - [2]
2023-05-18 23:21:28.540 TRACE 25070 --- [    Test worker] o.h.type.descriptor.sql.BasicBinder      : binding parameter [5] as [BIGINT] - [1]
2023-05-18 23:21:28.540 TRACE 25070 --- [    Test worker] o.h.type.descriptor.sql.BasicBinder      : binding parameter [6] as [VARCHAR] - [AVAILABLE]
2023-05-18 23:21:28.586 DEBUG 25070 --- [    Test worker] org.hibernate.SQL                        : 
    insert 
    into
        parking_info
        (created_time, last_modified_time, car_id, parking_id, parking_lot_id, parking_status) 
    values
        (?, ?, ?, ?, ?, ?)
2023-05-18 23:21:28.586 TRACE 25070 --- [    Test worker] o.h.type.descriptor.sql.BasicBinder      : binding parameter [1] as [TIMESTAMP] - [2023-05-18T23:21:28.585809]
2023-05-18 23:21:28.586 TRACE 25070 --- [    Test worker] o.h.type.descriptor.sql.BasicBinder      : binding parameter [2] as [TIMESTAMP] - [null]
2023-05-18 23:21:28.586 TRACE 25070 --- [    Test worker] o.h.type.descriptor.sql.BasicBinder      : binding parameter [3] as [BIGINT] - [null]
2023-05-18 23:21:28.586 TRACE 25070 --- [    Test worker] o.h.type.descriptor.sql.BasicBinder      : binding parameter [4] as [INTEGER] - [3]
2023-05-18 23:21:28.586 TRACE 25070 --- [    Test worker] o.h.type.descriptor.sql.BasicBinder      : binding parameter [5] as [BIGINT] - [1]
2023-05-18 23:21:28.586 TRACE 25070 --- [    Test worker] o.h.type.descriptor.sql.BasicBinder      : binding parameter [6] as [VARCHAR] - [AVAILABLE]
2023-05-18 23:21:28.861 DEBUG 25070 --- [    Test worker] org.hibernate.SQL                        : 
    insert 
    into
        parking_info
        (created_time, last_modified_time, car_id, parking_id, parking_lot_id, parking_status) 
    values
        (?, ?, ?, ?, ?, ?)
2023-05-18 23:21:28.861 TRACE 25070 --- [    Test worker] o.h.type.descriptor.sql.BasicBinder      : binding parameter [1] as [TIMESTAMP] - [2023-05-18T23:21:28.860759]
2023-05-18 23:21:28.861 TRACE 25070 --- [    Test worker] o.h.type.descriptor.sql.BasicBinder      : binding parameter [2] as [TIMESTAMP] - [null]
2023-05-18 23:21:28.861 TRACE 25070 --- [    Test worker] o.h.type.descriptor.sql.BasicBinder      : binding parameter [3] as [BIGINT] - [null]
2023-05-18 23:21:28.862 TRACE 25070 --- [    Test worker] o.h.type.descriptor.sql.BasicBinder      : binding parameter [4] as [INTEGER] - [4]
2023-05-18 23:21:28.862 TRACE 25070 --- [    Test worker] o.h.type.descriptor.sql.BasicBinder      : binding parameter [5] as [BIGINT] - [1]
2023-05-18 23:21:28.862 TRACE 25070 --- [    Test worker] o.h.type.descriptor.sql.BasicBinder      : binding parameter [6] as [VARCHAR] - [AVAILABLE]
2023-05-18 23:21:28.930 DEBUG 25070 --- [    Test worker] org.hibernate.SQL                        : 
    insert 
    into
        parking_info
        (created_time, last_modified_time, car_id, parking_id, parking_lot_id, parking_status) 
    values
        (?, ?, ?, ?, ?, ?)
2023-05-18 23:21:28.930 TRACE 25070 --- [    Test worker] o.h.type.descriptor.sql.BasicBinder      : binding parameter [1] as [TIMESTAMP] - [2023-05-18T23:21:28.929787]
2023-05-18 23:21:28.930 TRACE 25070 --- [    Test worker] o.h.type.descriptor.sql.BasicBinder      : binding parameter [2] as [TIMESTAMP] - [null]
2023-05-18 23:21:28.931 TRACE 25070 --- [    Test worker] o.h.type.descriptor.sql.BasicBinder      : binding parameter [3] as [BIGINT] - [null]
2023-05-18 23:21:28.931 TRACE 25070 --- [    Test worker] o.h.type.descriptor.sql.BasicBinder      : binding parameter [4] as [INTEGER] - [5]
2023-05-18 23:21:28.931 TRACE 25070 --- [    Test worker] o.h.type.descriptor.sql.BasicBinder      : binding parameter [5] as [BIGINT] - [1]
2023-05-18 23:21:28.931 TRACE 25070 --- [    Test worker] o.h.type.descriptor.sql.BasicBinder      : binding parameter [6] as [VARCHAR] - [AVAILABLE]
2023-05-18 23:21:28.978 DEBUG 25070 --- [    Test worker] org.hibernate.SQL                        : 
    insert 
    into
        parking_info
        (created_time, last_modified_time, car_id, parking_id, parking_lot_id, parking_status) 
    values
        (?, ?, ?, ?, ?, ?)
2023-05-18 23:21:28.978 TRACE 25070 --- [    Test worker] o.h.type.descriptor.sql.BasicBinder      : binding parameter [1] as [TIMESTAMP] - [2023-05-18T23:21:28.978156]
2023-05-18 23:21:28.979 TRACE 25070 --- [    Test worker] o.h.type.descriptor.sql.BasicBinder      : binding parameter [2] as [TIMESTAMP] - [null]
2023-05-18 23:21:28.979 TRACE 25070 --- [    Test worker] o.h.type.descriptor.sql.BasicBinder      : binding parameter [3] as [BIGINT] - [null]
2023-05-18 23:21:28.979 TRACE 25070 --- [    Test worker] o.h.type.descriptor.sql.BasicBinder      : binding parameter [4] as [INTEGER] - [6]
2023-05-18 23:21:28.979 TRACE 25070 --- [    Test worker] o.h.type.descriptor.sql.BasicBinder      : binding parameter [5] as [BIGINT] - [1]
2023-05-18 23:21:28.979 TRACE 25070 --- [    Test worker] o.h.type.descriptor.sql.BasicBinder      : binding parameter [6] as [VARCHAR] - [AVAILABLE]
2023-05-18 23:21:29.020 DEBUG 25070 --- [    Test worker] org.hibernate.SQL                        : 
    insert 
    into
        parking_info
        (created_time, last_modified_time, car_id, parking_id, parking_lot_id, parking_status) 
    values
        (?, ?, ?, ?, ?, ?)
2023-05-18 23:21:29.021 TRACE 25070 --- [    Test worker] o.h.type.descriptor.sql.BasicBinder      : binding parameter [1] as [TIMESTAMP] - [2023-05-18T23:21:29.020091]
2023-05-18 23:21:29.021 TRACE 25070 --- [    Test worker] o.h.type.descriptor.sql.BasicBinder      : binding parameter [2] as [TIMESTAMP] - [null]
2023-05-18 23:21:29.021 TRACE 25070 --- [    Test worker] o.h.type.descriptor.sql.BasicBinder      : binding parameter [3] as [BIGINT] - [null]
2023-05-18 23:21:29.021 TRACE 25070 --- [    Test worker] o.h.type.descriptor.sql.BasicBinder      : binding parameter [4] as [INTEGER] - [7]
2023-05-18 23:21:29.021 TRACE 25070 --- [    Test worker] o.h.type.descriptor.sql.BasicBinder      : binding parameter [5] as [BIGINT] - [1]
2023-05-18 23:21:29.021 TRACE 25070 --- [    Test worker] o.h.type.descriptor.sql.BasicBinder      : binding parameter [6] as [VARCHAR] - [AVAILABLE]
2023-05-18 23:21:29.064 DEBUG 25070 --- [    Test worker] org.hibernate.SQL                        : 
    insert 
    into
        parking_info
        (created_time, last_modified_time, car_id, parking_id, parking_lot_id, parking_status) 
    values
        (?, ?, ?, ?, ?, ?)
2023-05-18 23:21:29.064 TRACE 25070 --- [    Test worker] o.h.type.descriptor.sql.BasicBinder      : binding parameter [1] as [TIMESTAMP] - [2023-05-18T23:21:29.063705]
2023-05-18 23:21:29.064 TRACE 25070 --- [    Test worker] o.h.type.descriptor.sql.BasicBinder      : binding parameter [2] as [TIMESTAMP] - [null]
2023-05-18 23:21:29.064 TRACE 25070 --- [    Test worker] o.h.type.descriptor.sql.BasicBinder      : binding parameter [3] as [BIGINT] - [null]
2023-05-18 23:21:29.064 TRACE 25070 --- [    Test worker] o.h.type.descriptor.sql.BasicBinder      : binding parameter [4] as [INTEGER] - [8]
2023-05-18 23:21:29.064 TRACE 25070 --- [    Test worker] o.h.type.descriptor.sql.BasicBinder      : binding parameter [5] as [BIGINT] - [1]
2023-05-18 23:21:29.065 TRACE 25070 --- [    Test worker] o.h.type.descriptor.sql.BasicBinder      : binding parameter [6] as [VARCHAR] - [AVAILABLE]
2023-05-18 23:21:29.107 DEBUG 25070 --- [    Test worker] org.hibernate.SQL                        : 
    insert 
    into
        parking_info
        (created_time, last_modified_time, car_id, parking_id, parking_lot_id, parking_status) 
    values
        (?, ?, ?, ?, ?, ?)
2023-05-18 23:21:29.107 TRACE 25070 --- [    Test worker] o.h.type.descriptor.sql.BasicBinder      : binding parameter [1] as [TIMESTAMP] - [2023-05-18T23:21:29.107077]
2023-05-18 23:21:29.107 TRACE 25070 --- [    Test worker] o.h.type.descriptor.sql.BasicBinder      : binding parameter [2] as [TIMESTAMP] - [null]
2023-05-18 23:21:29.108 TRACE 25070 --- [    Test worker] o.h.type.descriptor.sql.BasicBinder      : binding parameter [3] as [BIGINT] - [null]
2023-05-18 23:21:29.108 TRACE 25070 --- [    Test worker] o.h.type.descriptor.sql.BasicBinder      : binding parameter [4] as [INTEGER] - [9]
2023-05-18 23:21:29.108 TRACE 25070 --- [    Test worker] o.h.type.descriptor.sql.BasicBinder      : binding parameter [5] as [BIGINT] - [1]
2023-05-18 23:21:29.108 TRACE 25070 --- [    Test worker] o.h.type.descriptor.sql.BasicBinder      : binding parameter [6] as [VARCHAR] - [AVAILABLE]
2023-05-18 23:21:29.353 DEBUG 25070 --- [    Test worker] org.hibernate.SQL                        : 
    insert 
    into
        parking_info
        (created_time, last_modified_time, car_id, parking_id, parking_lot_id, parking_status) 
    values
        (?, ?, ?, ?, ?, ?)
2023-05-18 23:21:29.354 TRACE 25070 --- [    Test worker] o.h.type.descriptor.sql.BasicBinder      : binding parameter [1] as [TIMESTAMP] - [2023-05-18T23:21:29.353499]
2023-05-18 23:21:29.354 TRACE 25070 --- [    Test worker] o.h.type.descriptor.sql.BasicBinder      : binding parameter [2] as [TIMESTAMP] - [null]
2023-05-18 23:21:29.354 TRACE 25070 --- [    Test worker] o.h.type.descriptor.sql.BasicBinder      : binding parameter [3] as [BIGINT] - [null]
2023-05-18 23:21:29.354 TRACE 25070 --- [    Test worker] o.h.type.descriptor.sql.BasicBinder      : binding parameter [4] as [INTEGER] - [10]
2023-05-18 23:21:29.354 TRACE 25070 --- [    Test worker] o.h.type.descriptor.sql.BasicBinder      : binding parameter [5] as [BIGINT] - [1]
2023-05-18 23:21:29.354 TRACE 25070 --- [    Test worker] o.h.type.descriptor.sql.BasicBinder      : binding parameter [6] as [VARCHAR] - [AVAILABLE]
2023-05-18 23:21:29.396 DEBUG 25070 --- [    Test worker] org.hibernate.SQL                        : 
    insert 
    into
        parking_info
        (created_time, last_modified_time, car_id, parking_id, parking_lot_id, parking_status) 
    values
        (?, ?, ?, ?, ?, ?)
2023-05-18 23:21:29.397 TRACE 25070 --- [    Test worker] o.h.type.descriptor.sql.BasicBinder      : binding parameter [1] as [TIMESTAMP] - [2023-05-18T23:21:29.396014]
2023-05-18 23:21:29.397 TRACE 25070 --- [    Test worker] o.h.type.descriptor.sql.BasicBinder      : binding parameter [2] as [TIMESTAMP] - [null]
2023-05-18 23:21:29.397 TRACE 25070 --- [    Test worker] o.h.type.descriptor.sql.BasicBinder      : binding parameter [3] as [BIGINT] - [null]
2023-05-18 23:21:29.397 TRACE 25070 --- [    Test worker] o.h.type.descriptor.sql.BasicBinder      : binding parameter [4] as [INTEGER] - [11]
2023-05-18 23:21:29.397 TRACE 25070 --- [    Test worker] o.h.type.descriptor.sql.BasicBinder      : binding parameter [5] as [BIGINT] - [1]
2023-05-18 23:21:29.397 TRACE 25070 --- [    Test worker] o.h.type.descriptor.sql.BasicBinder      : binding parameter [6] as [VARCHAR] - [AVAILABLE]
2023-05-18 23:21:29.437 DEBUG 25070 --- [    Test worker] org.hibernate.SQL                        : 
    insert 
    into
        parking_info
        (created_time, last_modified_time, car_id, parking_id, parking_lot_id, parking_status) 
    values
        (?, ?, ?, ?, ?, ?)
2023-05-18 23:21:29.437 TRACE 25070 --- [    Test worker] o.h.type.descriptor.sql.BasicBinder      : binding parameter [1] as [TIMESTAMP] - [2023-05-18T23:21:29.436904]
2023-05-18 23:21:29.437 TRACE 25070 --- [    Test worker] o.h.type.descriptor.sql.BasicBinder      : binding parameter [2] as [TIMESTAMP] - [null]
2023-05-18 23:21:29.437 TRACE 25070 --- [    Test worker] o.h.type.descriptor.sql.BasicBinder      : binding parameter [3] as [BIGINT] - [null]
2023-05-18 23:21:29.437 TRACE 25070 --- [    Test worker] o.h.type.descriptor.sql.BasicBinder      : binding parameter [4] as [INTEGER] - [12]
2023-05-18 23:21:29.437 TRACE 25070 --- [    Test worker] o.h.type.descriptor.sql.BasicBinder      : binding parameter [5] as [BIGINT] - [1]
2023-05-18 23:21:29.437 TRACE 25070 --- [    Test worker] o.h.type.descriptor.sql.BasicBinder      : binding parameter [6] as [VARCHAR] - [AVAILABLE]
2023-05-18 23:21:29.477 DEBUG 25070 --- [    Test worker] org.hibernate.SQL                        : 
    insert 
    into
        parking_info
        (created_time, last_modified_time, car_id, parking_id, parking_lot_id, parking_status) 
    values
        (?, ?, ?, ?, ?, ?)
2023-05-18 23:21:29.477 TRACE 25070 --- [    Test worker] o.h.type.descriptor.sql.BasicBinder      : binding parameter [1] as [TIMESTAMP] - [2023-05-18T23:21:29.477060]
2023-05-18 23:21:29.478 TRACE 25070 --- [    Test worker] o.h.type.descriptor.sql.BasicBinder      : binding parameter [2] as [TIMESTAMP] - [null]
2023-05-18 23:21:29.478 TRACE 25070 --- [    Test worker] o.h.type.descriptor.sql.BasicBinder      : binding parameter [3] as [BIGINT] - [null]
2023-05-18 23:21:29.478 TRACE 25070 --- [    Test worker] o.h.type.descriptor.sql.BasicBinder      : binding parameter [4] as [INTEGER] - [13]
2023-05-18 23:21:29.478 TRACE 25070 --- [    Test worker] o.h.type.descriptor.sql.BasicBinder      : binding parameter [5] as [BIGINT] - [1]
2023-05-18 23:21:29.478 TRACE 25070 --- [    Test worker] o.h.type.descriptor.sql.BasicBinder      : binding parameter [6] as [VARCHAR] - [AVAILABLE]
2023-05-18 23:21:29.518 DEBUG 25070 --- [    Test worker] org.hibernate.SQL                        : 
    insert 
    into
        parking_info
        (created_time, last_modified_time, car_id, parking_id, parking_lot_id, parking_status) 
    values
        (?, ?, ?, ?, ?, ?)
2023-05-18 23:21:29.518 TRACE 25070 --- [    Test worker] o.h.type.descriptor.sql.BasicBinder      : binding parameter [1] as [TIMESTAMP] - [2023-05-18T23:21:29.518079]
2023-05-18 23:21:29.518 TRACE 25070 --- [    Test worker] o.h.type.descriptor.sql.BasicBinder      : binding parameter [2] as [TIMESTAMP] - [null]
2023-05-18 23:21:29.518 TRACE 25070 --- [    Test worker] o.h.type.descriptor.sql.BasicBinder      : binding parameter [3] as [BIGINT] - [null]
2023-05-18 23:21:29.518 TRACE 25070 --- [    Test worker] o.h.type.descriptor.sql.BasicBinder      : binding parameter [4] as [INTEGER] - [14]
2023-05-18 23:21:29.519 TRACE 25070 --- [    Test worker] o.h.type.descriptor.sql.BasicBinder      : binding parameter [5] as [BIGINT] - [1]
2023-05-18 23:21:29.519 TRACE 25070 --- [    Test worker] o.h.type.descriptor.sql.BasicBinder      : binding parameter [6] as [VARCHAR] - [AVAILABLE]
2023-05-18 23:21:29.574 DEBUG 25070 --- [    Test worker] org.hibernate.SQL                        : 
    insert 
    into
        parking_info
        (created_time, last_modified_time, car_id, parking_id, parking_lot_id, parking_status) 
    values
        (?, ?, ?, ?, ?, ?)
2023-05-18 23:21:29.574 TRACE 25070 --- [    Test worker] o.h.type.descriptor.sql.BasicBinder      : binding parameter [1] as [TIMESTAMP] - [2023-05-18T23:21:29.574065]
2023-05-18 23:21:29.574 TRACE 25070 --- [    Test worker] o.h.type.descriptor.sql.BasicBinder      : binding parameter [2] as [TIMESTAMP] - [null]
2023-05-18 23:21:29.574 TRACE 25070 --- [    Test worker] o.h.type.descriptor.sql.BasicBinder      : binding parameter [3] as [BIGINT] - [null]
2023-05-18 23:21:29.574 TRACE 25070 --- [    Test worker] o.h.type.descriptor.sql.BasicBinder      : binding parameter [4] as [INTEGER] - [15]
2023-05-18 23:21:29.574 TRACE 25070 --- [    Test worker] o.h.type.descriptor.sql.BasicBinder      : binding parameter [5] as [BIGINT] - [1]
2023-05-18 23:21:29.575 TRACE 25070 --- [    Test worker] o.h.type.descriptor.sql.BasicBinder      : binding parameter [6] as [VARCHAR] - [AVAILABLE]
2023-05-18 23:21:29.626 DEBUG 25070 --- [    Test worker] org.hibernate.SQL                        : 
    insert 
    into
        parking_info
        (created_time, last_modified_time, car_id, parking_id, parking_lot_id, parking_status) 
    values
        (?, ?, ?, ?, ?, ?)
2023-05-18 23:21:29.626 TRACE 25070 --- [    Test worker] o.h.type.descriptor.sql.BasicBinder      : binding parameter [1] as [TIMESTAMP] - [2023-05-18T23:21:29.625508]
2023-05-18 23:21:29.626 TRACE 25070 --- [    Test worker] o.h.type.descriptor.sql.BasicBinder      : binding parameter [2] as [TIMESTAMP] - [null]
2023-05-18 23:21:29.626 TRACE 25070 --- [    Test worker] o.h.type.descriptor.sql.BasicBinder      : binding parameter [3] as [BIGINT] - [null]
2023-05-18 23:21:29.626 TRACE 25070 --- [    Test worker] o.h.type.descriptor.sql.BasicBinder      : binding parameter [4] as [INTEGER] - [16]
2023-05-18 23:21:29.626 TRACE 25070 --- [    Test worker] o.h.type.descriptor.sql.BasicBinder      : binding parameter [5] as [BIGINT] - [1]
2023-05-18 23:21:29.626 TRACE 25070 --- [    Test worker] o.h.type.descriptor.sql.BasicBinder      : binding parameter [6] as [VARCHAR] - [AVAILABLE]
2023-05-18 23:21:29.898 DEBUG 25070 --- [    Test worker] org.hibernate.SQL                        : 
    insert 
    into
        parking_info
        (created_time, last_modified_time, car_id, parking_id, parking_lot_id, parking_status) 
    values
        (?, ?, ?, ?, ?, ?)
2023-05-18 23:21:29.898 TRACE 25070 --- [    Test worker] o.h.type.descriptor.sql.BasicBinder      : binding parameter [1] as [TIMESTAMP] - [2023-05-18T23:21:29.897870]
2023-05-18 23:21:29.898 TRACE 25070 --- [    Test worker] o.h.type.descriptor.sql.BasicBinder      : binding parameter [2] as [TIMESTAMP] - [null]
2023-05-18 23:21:29.898 TRACE 25070 --- [    Test worker] o.h.type.descriptor.sql.BasicBinder      : binding parameter [3] as [BIGINT] - [null]
2023-05-18 23:21:29.899 TRACE 25070 --- [    Test worker] o.h.type.descriptor.sql.BasicBinder      : binding parameter [4] as [INTEGER] - [17]
2023-05-18 23:21:29.899 TRACE 25070 --- [    Test worker] o.h.type.descriptor.sql.BasicBinder      : binding parameter [5] as [BIGINT] - [1]
2023-05-18 23:21:29.899 TRACE 25070 --- [    Test worker] o.h.type.descriptor.sql.BasicBinder      : binding parameter [6] as [VARCHAR] - [AVAILABLE]
2023-05-18 23:21:29.941 DEBUG 25070 --- [    Test worker] org.hibernate.SQL                        : 
    insert 
    into
        parking_info
        (created_time, last_modified_time, car_id, parking_id, parking_lot_id, parking_status) 
    values
        (?, ?, ?, ?, ?, ?)
2023-05-18 23:21:29.941 TRACE 25070 --- [    Test worker] o.h.type.descriptor.sql.BasicBinder      : binding parameter [1] as [TIMESTAMP] - [2023-05-18T23:21:29.941172]
2023-05-18 23:21:29.942 TRACE 25070 --- [    Test worker] o.h.type.descriptor.sql.BasicBinder      : binding parameter [2] as [TIMESTAMP] - [null]
2023-05-18 23:21:29.942 TRACE 25070 --- [    Test worker] o.h.type.descriptor.sql.BasicBinder      : binding parameter [3] as [BIGINT] - [null]
2023-05-18 23:21:29.942 TRACE 25070 --- [    Test worker] o.h.type.descriptor.sql.BasicBinder      : binding parameter [4] as [INTEGER] - [18]
2023-05-18 23:21:29.942 TRACE 25070 --- [    Test worker] o.h.type.descriptor.sql.BasicBinder      : binding parameter [5] as [BIGINT] - [1]
2023-05-18 23:21:29.942 TRACE 25070 --- [    Test worker] o.h.type.descriptor.sql.BasicBinder      : binding parameter [6] as [VARCHAR] - [AVAILABLE]
2023-05-18 23:21:29.981 DEBUG 25070 --- [    Test worker] org.hibernate.SQL                        : 
    insert 
    into
        parking_info
        (created_time, last_modified_time, car_id, parking_id, parking_lot_id, parking_status) 
    values
        (?, ?, ?, ?, ?, ?)
2023-05-18 23:21:29.981 TRACE 25070 --- [    Test worker] o.h.type.descriptor.sql.BasicBinder      : binding parameter [1] as [TIMESTAMP] - [2023-05-18T23:21:29.980968]
2023-05-18 23:21:29.981 TRACE 25070 --- [    Test worker] o.h.type.descriptor.sql.BasicBinder      : binding parameter [2] as [TIMESTAMP] - [null]
2023-05-18 23:21:29.981 TRACE 25070 --- [    Test worker] o.h.type.descriptor.sql.BasicBinder      : binding parameter [3] as [BIGINT] - [null]
2023-05-18 23:21:29.981 TRACE 25070 --- [    Test worker] o.h.type.descriptor.sql.BasicBinder      : binding parameter [4] as [INTEGER] - [19]
2023-05-18 23:21:29.981 TRACE 25070 --- [    Test worker] o.h.type.descriptor.sql.BasicBinder      : binding parameter [5] as [BIGINT] - [1]
2023-05-18 23:21:29.982 TRACE 25070 --- [    Test worker] o.h.type.descriptor.sql.BasicBinder      : binding parameter [6] as [VARCHAR] - [AVAILABLE]
2023-05-18 23:21:30.049 DEBUG 25070 --- [    Test worker] org.hibernate.SQL                        : 
    insert 
    into
        parking_info
        (created_time, last_modified_time, car_id, parking_id, parking_lot_id, parking_status) 
    values
        (?, ?, ?, ?, ?, ?)
2023-05-18 23:21:30.049 TRACE 25070 --- [    Test worker] o.h.type.descriptor.sql.BasicBinder      : binding parameter [1] as [TIMESTAMP] - [2023-05-18T23:21:30.049101]
2023-05-18 23:21:30.049 TRACE 25070 --- [    Test worker] o.h.type.descriptor.sql.BasicBinder      : binding parameter [2] as [TIMESTAMP] - [null]
2023-05-18 23:21:30.049 TRACE 25070 --- [    Test worker] o.h.type.descriptor.sql.BasicBinder      : binding parameter [3] as [BIGINT] - [null]
2023-05-18 23:21:30.049 TRACE 25070 --- [    Test worker] o.h.type.descriptor.sql.BasicBinder      : binding parameter [4] as [INTEGER] - [20]
2023-05-18 23:21:30.049 TRACE 25070 --- [    Test worker] o.h.type.descriptor.sql.BasicBinder      : binding parameter [5] as [BIGINT] - [1]
2023-05-18 23:21:30.049 TRACE 25070 --- [    Test worker] o.h.type.descriptor.sql.BasicBinder      : binding parameter [6] as [VARCHAR] - [AVAILABLE]
2023-05-18 23:21:30.093 DEBUG 25070 --- [    Test worker] org.hibernate.SQL                        : 
    insert 
    into
        parking_info
        (created_time, last_modified_time, car_id, parking_id, parking_lot_id, parking_status) 
    values
        (?, ?, ?, ?, ?, ?)
2023-05-18 23:21:30.093 TRACE 25070 --- [    Test worker] o.h.type.descriptor.sql.BasicBinder      : binding parameter [1] as [TIMESTAMP] - [2023-05-18T23:21:30.093216]
2023-05-18 23:21:30.094 TRACE 25070 --- [    Test worker] o.h.type.descriptor.sql.BasicBinder      : binding parameter [2] as [TIMESTAMP] - [null]
2023-05-18 23:21:30.094 TRACE 25070 --- [    Test worker] o.h.type.descriptor.sql.BasicBinder      : binding parameter [3] as [BIGINT] - [null]
2023-05-18 23:21:30.094 TRACE 25070 --- [    Test worker] o.h.type.descriptor.sql.BasicBinder      : binding parameter [4] as [INTEGER] - [21]
2023-05-18 23:21:30.094 TRACE 25070 --- [    Test worker] o.h.type.descriptor.sql.BasicBinder      : binding parameter [5] as [BIGINT] - [1]
2023-05-18 23:21:30.094 TRACE 25070 --- [    Test worker] o.h.type.descriptor.sql.BasicBinder      : binding parameter [6] as [VARCHAR] - [AVAILABLE]
2023-05-18 23:21:30.138 DEBUG 25070 --- [    Test worker] org.hibernate.SQL                        : 
    insert 
    into
        parking_info
        (created_time, last_modified_time, car_id, parking_id, parking_lot_id, parking_status) 
    values
        (?, ?, ?, ?, ?, ?)
2023-05-18 23:21:30.138 TRACE 25070 --- [    Test worker] o.h.type.descriptor.sql.BasicBinder      : binding parameter [1] as [TIMESTAMP] - [2023-05-18T23:21:30.137923]
2023-05-18 23:21:30.138 TRACE 25070 --- [    Test worker] o.h.type.descriptor.sql.BasicBinder      : binding parameter [2] as [TIMESTAMP] - [null]
2023-05-18 23:21:30.138 TRACE 25070 --- [    Test worker] o.h.type.descriptor.sql.BasicBinder      : binding parameter [3] as [BIGINT] - [null]
2023-05-18 23:21:30.138 TRACE 25070 --- [    Test worker] o.h.type.descriptor.sql.BasicBinder      : binding parameter [4] as [INTEGER] - [22]
2023-05-18 23:21:30.138 TRACE 25070 --- [    Test worker] o.h.type.descriptor.sql.BasicBinder      : binding parameter [5] as [BIGINT] - [1]
2023-05-18 23:21:30.138 TRACE 25070 --- [    Test worker] o.h.type.descriptor.sql.BasicBinder      : binding parameter [6] as [VARCHAR] - [AVAILABLE]
2023-05-18 23:21:30.274 DEBUG 25070 --- [    Test worker] org.hibernate.SQL                        : 
    insert 
    into
        parking_info
        (created_time, last_modified_time, car_id, parking_id, parking_lot_id, parking_status) 
    values
        (?, ?, ?, ?, ?, ?)
2023-05-18 23:21:30.274 TRACE 25070 --- [    Test worker] o.h.type.descriptor.sql.BasicBinder      : binding parameter [1] as [TIMESTAMP] - [2023-05-18T23:21:30.273854]
2023-05-18 23:21:30.274 TRACE 25070 --- [    Test worker] o.h.type.descriptor.sql.BasicBinder      : binding parameter [2] as [TIMESTAMP] - [null]
2023-05-18 23:21:30.274 TRACE 25070 --- [    Test worker] o.h.type.descriptor.sql.BasicBinder      : binding parameter [3] as [BIGINT] - [null]
2023-05-18 23:21:30.274 TRACE 25070 --- [    Test worker] o.h.type.descriptor.sql.BasicBinder      : binding parameter [4] as [INTEGER] - [23]
2023-05-18 23:21:30.275 TRACE 25070 --- [    Test worker] o.h.type.descriptor.sql.BasicBinder      : binding parameter [5] as [BIGINT] - [1]
2023-05-18 23:21:30.275 TRACE 25070 --- [    Test worker] o.h.type.descriptor.sql.BasicBinder      : binding parameter [6] as [VARCHAR] - [AVAILABLE]
2023-05-18 23:21:30.409 DEBUG 25070 --- [    Test worker] org.hibernate.SQL                        : 
    insert 
    into
        parking_info
        (created_time, last_modified_time, car_id, parking_id, parking_lot_id, parking_status) 
    values
        (?, ?, ?, ?, ?, ?)
2023-05-18 23:21:30.410 TRACE 25070 --- [    Test worker] o.h.type.descriptor.sql.BasicBinder      : binding parameter [1] as [TIMESTAMP] - [2023-05-18T23:21:30.409561]
2023-05-18 23:21:30.410 TRACE 25070 --- [    Test worker] o.h.type.descriptor.sql.BasicBinder      : binding parameter [2] as [TIMESTAMP] - [null]
2023-05-18 23:21:30.410 TRACE 25070 --- [    Test worker] o.h.type.descriptor.sql.BasicBinder      : binding parameter [3] as [BIGINT] - [null]
2023-05-18 23:21:30.410 TRACE 25070 --- [    Test worker] o.h.type.descriptor.sql.BasicBinder      : binding parameter [4] as [INTEGER] - [24]
2023-05-18 23:21:30.410 TRACE 25070 --- [    Test worker] o.h.type.descriptor.sql.BasicBinder      : binding parameter [5] as [BIGINT] - [1]
2023-05-18 23:21:30.410 TRACE 25070 --- [    Test worker] o.h.type.descriptor.sql.BasicBinder      : binding parameter [6] as [VARCHAR] - [AVAILABLE]
2023-05-18 23:21:30.475 DEBUG 25070 --- [    Test worker] org.hibernate.SQL                        : 
    insert 
    into
        parking_info
        (created_time, last_modified_time, car_id, parking_id, parking_lot_id, parking_status) 
    values
        (?, ?, ?, ?, ?, ?)
2023-05-18 23:21:30.476 TRACE 25070 --- [    Test worker] o.h.type.descriptor.sql.BasicBinder      : binding parameter [1] as [TIMESTAMP] - [2023-05-18T23:21:30.475415]
2023-05-18 23:21:30.476 TRACE 25070 --- [    Test worker] o.h.type.descriptor.sql.BasicBinder      : binding parameter [2] as [TIMESTAMP] - [null]
2023-05-18 23:21:30.476 TRACE 25070 --- [    Test worker] o.h.type.descriptor.sql.BasicBinder      : binding parameter [3] as [BIGINT] - [null]
2023-05-18 23:21:30.476 TRACE 25070 --- [    Test worker] o.h.type.descriptor.sql.BasicBinder      : binding parameter [4] as [INTEGER] - [25]
2023-05-18 23:21:30.476 TRACE 25070 --- [    Test worker] o.h.type.descriptor.sql.BasicBinder      : binding parameter [5] as [BIGINT] - [1]
2023-05-18 23:21:30.476 TRACE 25070 --- [    Test worker] o.h.type.descriptor.sql.BasicBinder      : binding parameter [6] as [VARCHAR] - [AVAILABLE]
2023-05-18 23:21:30.522 DEBUG 25070 --- [    Test worker] org.hibernate.SQL                        : 
    insert 
    into
        parking_info
        (created_time, last_modified_time, car_id, parking_id, parking_lot_id, parking_status) 
    values
        (?, ?, ?, ?, ?, ?)
2023-05-18 23:21:30.522 TRACE 25070 --- [    Test worker] o.h.type.descriptor.sql.BasicBinder      : binding parameter [1] as [TIMESTAMP] - [2023-05-18T23:21:30.521742]
2023-05-18 23:21:30.522 TRACE 25070 --- [    Test worker] o.h.type.descriptor.sql.BasicBinder      : binding parameter [2] as [TIMESTAMP] - [null]
2023-05-18 23:21:30.522 TRACE 25070 --- [    Test worker] o.h.type.descriptor.sql.BasicBinder      : binding parameter [3] as [BIGINT] - [null]
2023-05-18 23:21:30.522 TRACE 25070 --- [    Test worker] o.h.type.descriptor.sql.BasicBinder      : binding parameter [4] as [INTEGER] - [26]
2023-05-18 23:21:30.522 TRACE 25070 --- [    Test worker] o.h.type.descriptor.sql.BasicBinder      : binding parameter [5] as [BIGINT] - [1]
2023-05-18 23:21:30.522 TRACE 25070 --- [    Test worker] o.h.type.descriptor.sql.BasicBinder      : binding parameter [6] as [VARCHAR] - [AVAILABLE]
2023-05-18 23:21:30.561 DEBUG 25070 --- [    Test worker] org.hibernate.SQL                        : 
    insert 
    into
        parking_info
        (created_time, last_modified_time, car_id, parking_id, parking_lot_id, parking_status) 
    values
        (?, ?, ?, ?, ?, ?)
2023-05-18 23:21:30.562 TRACE 25070 --- [    Test worker] o.h.type.descriptor.sql.BasicBinder      : binding parameter [1] as [TIMESTAMP] - [2023-05-18T23:21:30.561427]
2023-05-18 23:21:30.562 TRACE 25070 --- [    Test worker] o.h.type.descriptor.sql.BasicBinder      : binding parameter [2] as [TIMESTAMP] - [null]
2023-05-18 23:21:30.562 TRACE 25070 --- [    Test worker] o.h.type.descriptor.sql.BasicBinder      : binding parameter [3] as [BIGINT] - [null]
2023-05-18 23:21:30.562 TRACE 25070 --- [    Test worker] o.h.type.descriptor.sql.BasicBinder      : binding parameter [4] as [INTEGER] - [27]
2023-05-18 23:21:30.562 TRACE 25070 --- [    Test worker] o.h.type.descriptor.sql.BasicBinder      : binding parameter [5] as [BIGINT] - [1]
2023-05-18 23:21:30.562 TRACE 25070 --- [    Test worker] o.h.type.descriptor.sql.BasicBinder      : binding parameter [6] as [VARCHAR] - [AVAILABLE]
2023-05-18 23:21:30.607 DEBUG 25070 --- [    Test worker] org.hibernate.SQL                        : 
    insert 
    into
        parking_info
        (created_time, last_modified_time, car_id, parking_id, parking_lot_id, parking_status) 
    values
        (?, ?, ?, ?, ?, ?)
2023-05-18 23:21:30.608 TRACE 25070 --- [    Test worker] o.h.type.descriptor.sql.BasicBinder      : binding parameter [1] as [TIMESTAMP] - [2023-05-18T23:21:30.607557]
2023-05-18 23:21:30.608 TRACE 25070 --- [    Test worker] o.h.type.descriptor.sql.BasicBinder      : binding parameter [2] as [TIMESTAMP] - [null]
2023-05-18 23:21:30.608 TRACE 25070 --- [    Test worker] o.h.type.descriptor.sql.BasicBinder      : binding parameter [3] as [BIGINT] - [null]
2023-05-18 23:21:30.608 TRACE 25070 --- [    Test worker] o.h.type.descriptor.sql.BasicBinder      : binding parameter [4] as [INTEGER] - [28]
2023-05-18 23:21:30.608 TRACE 25070 --- [    Test worker] o.h.type.descriptor.sql.BasicBinder      : binding parameter [5] as [BIGINT] - [1]
2023-05-18 23:21:30.608 TRACE 25070 --- [    Test worker] o.h.type.descriptor.sql.BasicBinder      : binding parameter [6] as [VARCHAR] - [AVAILABLE]
2023-05-18 23:21:30.648 DEBUG 25070 --- [    Test worker] org.hibernate.SQL                        : 
    insert 
    into
        parking_info
        (created_time, last_modified_time, car_id, parking_id, parking_lot_id, parking_status) 
    values
        (?, ?, ?, ?, ?, ?)
2023-05-18 23:21:30.649 TRACE 25070 --- [    Test worker] o.h.type.descriptor.sql.BasicBinder      : binding parameter [1] as [TIMESTAMP] - [2023-05-18T23:21:30.648474]
2023-05-18 23:21:30.649 TRACE 25070 --- [    Test worker] o.h.type.descriptor.sql.BasicBinder      : binding parameter [2] as [TIMESTAMP] - [null]
2023-05-18 23:21:30.649 TRACE 25070 --- [    Test worker] o.h.type.descriptor.sql.BasicBinder      : binding parameter [3] as [BIGINT] - [null]
2023-05-18 23:21:30.649 TRACE 25070 --- [    Test worker] o.h.type.descriptor.sql.BasicBinder      : binding parameter [4] as [INTEGER] - [29]
2023-05-18 23:21:30.649 TRACE 25070 --- [    Test worker] o.h.type.descriptor.sql.BasicBinder      : binding parameter [5] as [BIGINT] - [1]
2023-05-18 23:21:30.649 TRACE 25070 --- [    Test worker] o.h.type.descriptor.sql.BasicBinder      : binding parameter [6] as [VARCHAR] - [AVAILABLE]
2023-05-18 23:21:30.924 DEBUG 25070 --- [    Test worker] org.hibernate.SQL                        : 
    insert 
    into
        parking_info
        (created_time, last_modified_time, car_id, parking_id, parking_lot_id, parking_status) 
    values
        (?, ?, ?, ?, ?, ?)
2023-05-18 23:21:30.924 TRACE 25070 --- [    Test worker] o.h.type.descriptor.sql.BasicBinder      : binding parameter [1] as [TIMESTAMP] - [2023-05-18T23:21:30.924238]
2023-05-18 23:21:30.924 TRACE 25070 --- [    Test worker] o.h.type.descriptor.sql.BasicBinder      : binding parameter [2] as [TIMESTAMP] - [null]
2023-05-18 23:21:30.925 TRACE 25070 --- [    Test worker] o.h.type.descriptor.sql.BasicBinder      : binding parameter [3] as [BIGINT] - [null]
2023-05-18 23:21:30.925 TRACE 25070 --- [    Test worker] o.h.type.descriptor.sql.BasicBinder      : binding parameter [4] as [INTEGER] - [30]
2023-05-18 23:21:30.925 TRACE 25070 --- [    Test worker] o.h.type.descriptor.sql.BasicBinder      : binding parameter [5] as [BIGINT] - [1]
2023-05-18 23:21:30.925 TRACE 25070 --- [    Test worker] o.h.type.descriptor.sql.BasicBinder      : binding parameter [6] as [VARCHAR] - [AVAILABLE]
2023-05-18 23:21:30.963 DEBUG 25070 --- [    Test worker] org.hibernate.SQL                        : 
    insert 
    into
        parking_info
        (created_time, last_modified_time, car_id, parking_id, parking_lot_id, parking_status) 
    values
        (?, ?, ?, ?, ?, ?)
2023-05-18 23:21:30.964 TRACE 25070 --- [    Test worker] o.h.type.descriptor.sql.BasicBinder      : binding parameter [1] as [TIMESTAMP] - [2023-05-18T23:21:30.963642]
2023-05-18 23:21:30.964 TRACE 25070 --- [    Test worker] o.h.type.descriptor.sql.BasicBinder      : binding parameter [2] as [TIMESTAMP] - [null]
2023-05-18 23:21:30.964 TRACE 25070 --- [    Test worker] o.h.type.descriptor.sql.BasicBinder      : binding parameter [3] as [BIGINT] - [null]
2023-05-18 23:21:30.964 TRACE 25070 --- [    Test worker] o.h.type.descriptor.sql.BasicBinder      : binding parameter [4] as [INTEGER] - [31]
2023-05-18 23:21:30.964 TRACE 25070 --- [    Test worker] o.h.type.descriptor.sql.BasicBinder      : binding parameter [5] as [BIGINT] - [1]
2023-05-18 23:21:30.964 TRACE 25070 --- [    Test worker] o.h.type.descriptor.sql.BasicBinder      : binding parameter [6] as [VARCHAR] - [AVAILABLE]
2023-05-18 23:21:31.001 DEBUG 25070 --- [    Test worker] org.hibernate.SQL                        : 
    insert 
    into
        parking_info
        (created_time, last_modified_time, car_id, parking_id, parking_lot_id, parking_status) 
    values
        (?, ?, ?, ?, ?, ?)
2023-05-18 23:21:31.001 TRACE 25070 --- [    Test worker] o.h.type.descriptor.sql.BasicBinder      : binding parameter [1] as [TIMESTAMP] - [2023-05-18T23:21:31.000764]
2023-05-18 23:21:31.001 TRACE 25070 --- [    Test worker] o.h.type.descriptor.sql.BasicBinder      : binding parameter [2] as [TIMESTAMP] - [null]
[...]
2023-05-18 23:21:38.441 TRACE 25070 --- [    Test worker] o.h.type.descriptor.sql.BasicBinder      : binding parameter [4] as [INTEGER] - [54]
2023-05-18 23:21:38.441 TRACE 25070 --- [    Test worker] o.h.type.descriptor.sql.BasicBinder      : binding parameter [5] as [BIGINT] - [1]
2023-05-18 23:21:38.441 TRACE 25070 --- [    Test worker] o.h.type.descriptor.sql.BasicBinder      : binding parameter [6] as [VARCHAR] - [AVAILABLE]
2023-05-18 23:21:38.544 DEBUG 25070 --- [    Test worker] org.hibernate.SQL                        : 
    insert 
    into
        parking_info
        (created_time, last_modified_time, car_id, parking_id, parking_lot_id, parking_status) 
    values
        (?, ?, ?, ?, ?, ?)
2023-05-18 23:21:38.544 TRACE 25070 --- [    Test worker] o.h.type.descriptor.sql.BasicBinder      : binding parameter [1] as [TIMESTAMP] - [2023-05-18T23:21:38.544042]
2023-05-18 23:21:38.544 TRACE 25070 --- [    Test worker] o.h.type.descriptor.sql.BasicBinder      : binding parameter [2] as [TIMESTAMP] - [null]
2023-05-18 23:21:38.544 TRACE 25070 --- [    Test worker] o.h.type.descriptor.sql.BasicBinder      : binding parameter [3] as [BIGINT] - [null]
2023-05-18 23:21:38.544 TRACE 25070 --- [    Test worker] o.h.type.descriptor.sql.BasicBinder      : binding parameter [4] as [INTEGER] - [55]
2023-05-18 23:21:38.544 TRACE 25070 --- [    Test worker] o.h.type.descriptor.sql.BasicBinder      : binding parameter [5] as [BIGINT] - [1]
2023-05-18 23:21:38.544 TRACE 25070 --- [    Test worker] o.h.type.descriptor.sql.BasicBinder      : binding parameter [6] as [VARCHAR] - [AVAILABLE]
2023-05-18 23:21:38.796 DEBUG 25070 --- [    Test worker] org.hibernate.SQL                        : 
    insert 
    into
        parking_info
        (created_time, last_modified_time, car_id, parking_id, parking_lot_id, parking_status) 
    values
        (?, ?, ?, ?, ?, ?)
2023-05-18 23:21:38.797 TRACE 25070 --- [    Test worker] o.h.type.descriptor.sql.BasicBinder      : binding parameter [1] as [TIMESTAMP] - [2023-05-18T23:21:38.796519]
2023-05-18 23:21:38.797 TRACE 25070 --- [    Test worker] o.h.type.descriptor.sql.BasicBinder      : binding parameter [2] as [TIMESTAMP] - [null]
2023-05-18 23:21:38.797 TRACE 25070 --- [    Test worker] o.h.type.descriptor.sql.BasicBinder      : binding parameter [3] as [BIGINT] - [null]
2023-05-18 23:21:38.797 TRACE 25070 --- [    Test worker] o.h.type.descriptor.sql.BasicBinder      : binding parameter [4] as [INTEGER] - [56]
2023-05-18 23:21:38.797 TRACE 25070 --- [    Test worker] o.h.type.descriptor.sql.BasicBinder      : binding parameter [5] as [BIGINT] - [1]
2023-05-18 23:21:38.797 TRACE 25070 --- [    Test worker] o.h.type.descriptor.sql.BasicBinder      : binding parameter [6] as [VARCHAR] - [AVAILABLE]
2023-05-18 23:21:39.464 DEBUG 25070 --- [    Test worker] org.hibernate.SQL                        : 
    insert 
    into
        member
        (created_time, last_modified_time, car_id, member_status, parking_info_id, password, role_type, student_id, user_id, email, phone_number, user_name) 
    values
        (?, ?, ?, ?, ?, ?, ?, ?, ?, ?, ?, ?)
2023-05-18 23:21:39.464 TRACE 25070 --- [    Test worker] o.h.type.descriptor.sql.BasicBinder      : binding parameter [1] as [TIMESTAMP] - [2023-05-18T23:21:39.464027]
2023-05-18 23:21:39.464 TRACE 25070 --- [    Test worker] o.h.type.descriptor.sql.BasicBinder      : binding parameter [2] as [TIMESTAMP] - [null]
2023-05-18 23:21:39.465 TRACE 25070 --- [    Test worker] o.h.type.descriptor.sql.BasicBinder      : binding parameter [3] as [BIGINT] - [null]
2023-05-18 23:21:39.465 TRACE 25070 --- [    Test worker] o.h.type.descriptor.sql.BasicBinder      : binding parameter [4] as [VARCHAR] - [FORBIDDEN]
2023-05-18 23:21:39.465 TRACE 25070 --- [    Test worker] o.h.type.descriptor.sql.BasicBinder      : binding parameter [5] as [BIGINT] - [null]
2023-05-18 23:21:39.465 TRACE 25070 --- [    Test worker] o.h.type.descriptor.sql.BasicBinder      : binding parameter [6] as [VARCHAR] - [4567]
2023-05-18 23:21:39.465 TRACE 25070 --- [    Test worker] o.h.type.descriptor.sql.BasicBinder      : binding parameter [7] as [VARCHAR] - [USER]
2023-05-18 23:21:39.465 TRACE 25070 --- [    Test worker] o.h.type.descriptor.sql.BasicBinder      : binding parameter [8] as [INTEGER] - [0]
2023-05-18 23:21:39.465 TRACE 25070 --- [    Test worker] o.h.type.descriptor.sql.BasicBinder      : binding parameter [9] as [VARCHAR] - [testUser]
2023-05-18 23:21:39.465 TRACE 25070 --- [    Test worker] o.h.type.descriptor.sql.BasicBinder      : binding parameter [10] as [VARCHAR] - [test@a.com]
2023-05-18 23:21:39.465 TRACE 25070 --- [    Test worker] o.h.type.descriptor.sql.BasicBinder      : binding parameter [11] as [INTEGER] - [0]
2023-05-18 23:21:39.465 TRACE 25070 --- [    Test worker] o.h.type.descriptor.sql.BasicBinder      : binding parameter [12] as [VARCHAR] - [테스트유저]
2023-05-18 23:21:41.943 DEBUG 25070 --- [    Test worker] org.hibernate.SQL                        : 
    insert 
    into
        car
        (created_time, last_modified_time, is_enter, parking_lot_id, car_number, car_status, model_name) 
    values
        (?, ?, ?, ?, ?, ?, ?)
2023-05-18 23:21:41.943 TRACE 25070 --- [    Test worker] o.h.type.descriptor.sql.BasicBinder      : binding parameter [1] as [TIMESTAMP] - [2023-05-18T23:21:41.939527]
2023-05-18 23:21:41.943 TRACE 25070 --- [    Test worker] o.h.type.descriptor.sql.BasicBinder      : binding parameter [2] as [TIMESTAMP] - [null]
2023-05-18 23:21:41.943 TRACE 25070 --- [    Test worker] o.h.type.descriptor.sql.BasicBinder      : binding parameter [3] as [BOOLEAN] - [false]
2023-05-18 23:21:41.944 TRACE 25070 --- [    Test worker] o.h.type.descriptor.sql.BasicBinder      : binding parameter [4] as [INTEGER] - [-1]
2023-05-18 23:21:41.944 TRACE 25070 --- [    Test worker] o.h.type.descriptor.sql.BasicBinder      : binding parameter [5] as [VARCHAR] - [65노0887]
2023-05-18 23:21:41.944 TRACE 25070 --- [    Test worker] o.h.type.descriptor.sql.BasicBinder      : binding parameter [6] as [VARCHAR] - [APPROVED]
2023-05-18 23:21:41.944 TRACE 25070 --- [    Test worker] o.h.type.descriptor.sql.BasicBinder      : binding parameter [7] as [VARCHAR] - [Sonata]
2023-05-18 23:21:42.082 DEBUG 25070 --- [    Test worker] org.hibernate.SQL                        : 
    insert 
    into
        car
        (created_time, last_modified_time, is_enter, parking_lot_id, car_number, car_status, model_name) 
    values
        (?, ?, ?, ?, ?, ?, ?)
2023-05-18 23:21:42.083 TRACE 25070 --- [    Test worker] o.h.type.descriptor.sql.BasicBinder      : binding parameter [1] as [TIMESTAMP] - [2023-05-18T23:21:42.082532]
2023-05-18 23:21:42.083 TRACE 25070 --- [    Test worker] o.h.type.descriptor.sql.BasicBinder      : binding parameter [2] as [TIMESTAMP] - [null]
2023-05-18 23:21:42.083 TRACE 25070 --- [    Test worker] o.h.type.descriptor.sql.BasicBinder      : binding parameter [3] as [BOOLEAN] - [false]
2023-05-18 23:21:42.083 TRACE 25070 --- [    Test worker] o.h.type.descriptor.sql.BasicBinder      : binding parameter [4] as [INTEGER] - [-1]
2023-05-18 23:21:42.083 TRACE 25070 --- [    Test worker] o.h.type.descriptor.sql.BasicBinder      : binding parameter [5] as [VARCHAR] - [38육4104]
2023-05-18 23:21:42.083 TRACE 25070 --- [    Test worker] o.h.type.descriptor.sql.BasicBinder      : binding parameter [6] as [VARCHAR] - [APPROVED]
2023-05-18 23:21:42.083 TRACE 25070 --- [    Test worker] o.h.type.descriptor.sql.BasicBinder      : binding parameter [7] as [VARCHAR] - [Grandeur]
2023-05-18 23:21:42.464 DEBUG 25070 --- [    Test worker] org.hibernate.SQL                        : 
    insert 
    into
        car
        (created_time, last_modified_time, is_enter, parking_lot_id, car_number, car_status, model_name) 
    values
        (?, ?, ?, ?, ?, ?, ?)
2023-05-18 23:21:42.464 TRACE 25070 --- [    Test worker] o.h.type.descriptor.sql.BasicBinder      : binding parameter [1] as [TIMESTAMP] - [2023-05-18T23:21:42.464015]
2023-05-18 23:21:42.464 TRACE 25070 --- [    Test worker] o.h.type.descriptor.sql.BasicBinder      : binding parameter [2] as [TIMESTAMP] - [null]
2023-05-18 23:21:42.464 TRACE 25070 --- [    Test worker] o.h.type.descriptor.sql.BasicBinder      : binding parameter [3] as [BOOLEAN] - [false]
2023-05-18 23:21:42.464 TRACE 25070 --- [    Test worker] o.h.type.descriptor.sql.BasicBinder      : binding parameter [4] as [INTEGER] - [-1]
2023-05-18 23:21:42.464 TRACE 25070 --- [    Test worker] o.h.type.descriptor.sql.BasicBinder      : binding parameter [5] as [VARCHAR] - [245우1234]
2023-05-18 23:21:42.464 TRACE 25070 --- [    Test worker] o.h.type.descriptor.sql.BasicBinder      : binding parameter [6] as [VARCHAR] - [APPROVED]
2023-05-18 23:21:42.465 TRACE 25070 --- [    Test worker] o.h.type.descriptor.sql.BasicBinder      : binding parameter [7] as [VARCHAR] - [Santafe]
2023-05-18 23:21:42.611 DEBUG 25070 --- [    Test worker] org.hibernate.SQL                        : 
    insert 
    into
        car
        (created_time, last_modified_time, is_enter, parking_lot_id, car_number, car_status, model_name) 
    values
        (?, ?, ?, ?, ?, ?, ?)
2023-05-18 23:21:42.611 TRACE 25070 --- [    Test worker] o.h.type.descriptor.sql.BasicBinder      : binding parameter [1] as [TIMESTAMP] - [2023-05-18T23:21:42.610781]
2023-05-18 23:21:42.611 TRACE 25070 --- [    Test worker] o.h.type.descriptor.sql.BasicBinder      : binding parameter [2] as [TIMESTAMP] - [null]
2023-05-18 23:21:42.611 TRACE 25070 --- [    Test worker] o.h.type.descriptor.sql.BasicBinder      : binding parameter [3] as [BOOLEAN] - [false]
2023-05-18 23:21:42.611 TRACE 25070 --- [    Test worker] o.h.type.descriptor.sql.BasicBinder      : binding parameter [4] as [INTEGER] - [-1]
2023-05-18 23:21:42.611 TRACE 25070 --- [    Test worker] o.h.type.descriptor.sql.BasicBinder      : binding parameter [5] as [VARCHAR] - [68오8269]
2023-05-18 23:21:42.611 TRACE 25070 --- [    Test worker] o.h.type.descriptor.sql.BasicBinder      : binding parameter [6] as [VARCHAR] - [APPROVED]
2023-05-18 23:21:42.611 TRACE 25070 --- [    Test worker] o.h.type.descriptor.sql.BasicBinder      : binding parameter [7] as [VARCHAR] - [Genesis]
2023-05-18 23:21:43.201 DEBUG 25070 --- [    Test worker] org.hibernate.SQL                        : 
    select
        member0_.member_id as member_i1_1_0_,
        member0_.created_time as created_2_1_0_,
        member0_.last_modified_time as last_mod3_1_0_,
        member0_.car_id as car_id12_1_0_,
        member0_.member_status as member_s4_1_0_,
        member0_.parking_info_id as parking13_1_0_,
        member0_.password as password5_1_0_,
        member0_.role_type as role_typ6_1_0_,
        member0_.student_id as student_7_1_0_,
        member0_.user_id as user_id8_1_0_,
        member0_.email as email9_1_0_,
        member0_.phone_number as phone_n10_1_0_,
        member0_.user_name as user_na11_1_0_ 
    from
        member member0_ 
    where
        member0_.member_id=?
2023-05-18 23:21:43.201 TRACE 25070 --- [    Test worker] o.h.type.descriptor.sql.BasicBinder      : binding parameter [1] as [BIGINT] - [2]
2023-05-18 23:21:43.215 TRACE 25070 --- [    Test worker] o.h.type.descriptor.sql.BasicExtractor   : extracted value ([created_2_1_0_] : [TIMESTAMP]) - [2023-05-18T23:21:39.464027]
2023-05-18 23:21:43.215 TRACE 25070 --- [    Test worker] o.h.type.descriptor.sql.BasicExtractor   : extracted value ([last_mod3_1_0_] : [TIMESTAMP]) - [null]
2023-05-18 23:21:43.215 TRACE 25070 --- [    Test worker] o.h.type.descriptor.sql.BasicExtractor   : extracted value ([car_id12_1_0_] : [BIGINT]) - [null]
2023-05-18 23:21:43.215 TRACE 25070 --- [    Test worker] o.h.type.descriptor.sql.BasicExtractor   : extracted value ([member_s4_1_0_] : [VARCHAR]) - [FORBIDDEN]
2023-05-18 23:21:43.215 TRACE 25070 --- [    Test worker] o.h.type.descriptor.sql.BasicExtractor   : extracted value ([parking13_1_0_] : [BIGINT]) - [null]
2023-05-18 23:21:43.215 TRACE 25070 --- [    Test worker] o.h.type.descriptor.sql.BasicExtractor   : extracted value ([password5_1_0_] : [VARCHAR]) - [4567]
2023-05-18 23:21:43.215 TRACE 25070 --- [    Test worker] o.h.type.descriptor.sql.BasicExtractor   : extracted value ([role_typ6_1_0_] : [VARCHAR]) - [USER]
2023-05-18 23:21:43.216 TRACE 25070 --- [    Test worker] o.h.type.descriptor.sql.BasicExtractor   : extracted value ([student_7_1_0_] : [INTEGER]) - [0]
2023-05-18 23:21:43.216 TRACE 25070 --- [    Test worker] o.h.type.descriptor.sql.BasicExtractor   : extracted value ([user_id8_1_0_] : [VARCHAR]) - [testUser]
2023-05-18 23:21:43.216 TRACE 25070 --- [    Test worker] o.h.type.descriptor.sql.BasicExtractor   : extracted value ([email9_1_0_] : [VARCHAR]) - [test@a.com]
2023-05-18 23:21:43.216 TRACE 25070 --- [    Test worker] o.h.type.descriptor.sql.BasicExtractor   : extracted value ([phone_n10_1_0_] : [INTEGER]) - [0]
2023-05-18 23:21:43.216 TRACE 25070 --- [    Test worker] o.h.type.descriptor.sql.BasicExtractor   : extracted value ([user_na11_1_0_] : [VARCHAR]) - [테스트유저]
2023-05-18 23:21:43.223 TRACE 25070 --- [    Test worker] org.hibernate.type.CollectionType        : Created collection wrapper: [com.everyparking.server.data.entity.Member.messageList#2]
2023-05-18 23:21:43.224 DEBUG 25070 --- [    Test worker] org.hibernate.SQL                        : 
    select
        car0_.car_id as car_id1_0_0_,
        car0_.created_time as created_2_0_0_,
        car0_.last_modified_time as last_mod3_0_0_,
        car0_.is_enter as is_enter4_0_0_,
        car0_.parking_lot_id as parking_5_0_0_,
        car0_.car_number as car_numb6_0_0_,
        car0_.car_status as car_stat7_0_0_,
        car0_.model_name as model_na8_0_0_,
        member1_.member_id as member_i1_1_1_,
        member1_.created_time as created_2_1_1_,
        member1_.last_modified_time as last_mod3_1_1_,
        member1_.car_id as car_id12_1_1_,
        member1_.member_status as member_s4_1_1_,
        member1_.parking_info_id as parking13_1_1_,
        member1_.password as password5_1_1_,
        member1_.role_type as role_typ6_1_1_,
        member1_.student_id as student_7_1_1_,
        member1_.user_id as user_id8_1_1_,
        member1_.email as email9_1_1_,
        member1_.phone_number as phone_n10_1_1_,
        member1_.user_name as user_na11_1_1_,
        parkinginf2_.parking_info_id as parking_1_3_2_,
        parkinginf2_.created_time as created_2_3_2_,
        parkinginf2_.last_modified_time as last_mod3_3_2_,
        parkinginf2_.car_id as car_id6_3_2_,
        parkinginf2_.parking_id as parking_4_3_2_,
        parkinginf2_.parking_lot_id as parking_7_3_2_,
        parkinginf2_.parking_status as parking_5_3_2_ 
    from
        car car0_ 
    left outer join
        member member1_ 
            on car0_.car_id=member1_.car_id 
    left outer join
        parking_info parkinginf2_ 
            on member1_.parking_info_id=parkinginf2_.parking_info_id 
    where
        car0_.car_id=?
2023-05-18 23:21:43.224 TRACE 25070 --- [    Test worker] o.h.type.descriptor.sql.BasicBinder      : binding parameter [1] as [BIGINT] - [4]
2023-05-18 23:21:43.236 TRACE 25070 --- [    Test worker] o.h.type.descriptor.sql.BasicExtractor   : extracted value ([member_i1_1_1_] : [BIGINT]) - [null]
2023-05-18 23:21:43.237 TRACE 25070 --- [    Test worker] o.h.type.descriptor.sql.BasicExtractor   : extracted value ([parking_1_3_2_] : [BIGINT]) - [null]
2023-05-18 23:21:43.237 TRACE 25070 --- [    Test worker] o.h.type.descriptor.sql.BasicExtractor   : extracted value ([created_2_0_0_] : [TIMESTAMP]) - [2023-05-18T23:21:42.610781]
2023-05-18 23:21:43.237 TRACE 25070 --- [    Test worker] o.h.type.descriptor.sql.BasicExtractor   : extracted value ([last_mod3_0_0_] : [TIMESTAMP]) - [null]
2023-05-18 23:21:43.237 TRACE 25070 --- [    Test worker] o.h.type.descriptor.sql.BasicExtractor   : extracted value ([is_enter4_0_0_] : [BOOLEAN]) - [false]
2023-05-18 23:21:43.237 TRACE 25070 --- [    Test worker] o.h.type.descriptor.sql.BasicExtractor   : extracted value ([parking_5_0_0_] : [INTEGER]) - [-1]
2023-05-18 23:21:43.237 TRACE 25070 --- [    Test worker] o.h.type.descriptor.sql.BasicExtractor   : extracted value ([car_numb6_0_0_] : [VARCHAR]) - [68오8269]
2023-05-18 23:21:43.237 TRACE 25070 --- [    Test worker] o.h.type.descriptor.sql.BasicExtractor   : extracted value ([car_stat7_0_0_] : [VARCHAR]) - [APPROVED]
2023-05-18 23:21:43.237 TRACE 25070 --- [    Test worker] o.h.type.descriptor.sql.BasicExtractor   : extracted value ([model_na8_0_0_] : [VARCHAR]) - [Genesis]
2023-05-18 23:21:43.238 TRACE 25070 --- [    Test worker] org.hibernate.type.CollectionType        : Created collection wrapper: [com.everyparking.server.data.entity.Car.parkingInfo#4]
2023-05-18 23:21:43.246 DEBUG 25070 --- [    Test worker] org.hibernate.SQL                        : 
    update
        member 
    set
        created_time=?,
        last_modified_time=?,
        car_id=?,
        member_status=?,
        parking_info_id=?,
        password=?,
        role_type=?,
        student_id=?,
        user_id=?,
        email=?,
        phone_number=?,
        user_name=? 
    where
        member_id=?
2023-05-18 23:21:43.246 TRACE 25070 --- [    Test worker] o.h.type.descriptor.sql.BasicBinder      : binding parameter [1] as [TIMESTAMP] - [2023-05-18T23:21:39.464027]
2023-05-18 23:21:43.246 TRACE 25070 --- [    Test worker] o.h.type.descriptor.sql.BasicBinder      : binding parameter [2] as [TIMESTAMP] - [null]
2023-05-18 23:21:43.246 TRACE 25070 --- [    Test worker] o.h.type.descriptor.sql.BasicBinder      : binding parameter [3] as [BIGINT] - [4]
2023-05-18 23:21:43.246 TRACE 25070 --- [    Test worker] o.h.type.descriptor.sql.BasicBinder      : binding parameter [4] as [VARCHAR] - [FORBIDDEN]
2023-05-18 23:21:43.246 TRACE 25070 --- [    Test worker] o.h.type.descriptor.sql.BasicBinder      : binding parameter [5] as [BIGINT] - [null]
2023-05-18 23:21:43.246 TRACE 25070 --- [    Test worker] o.h.type.descriptor.sql.BasicBinder      : binding parameter [6] as [VARCHAR] - [4567]
2023-05-18 23:21:43.246 TRACE 25070 --- [    Test worker] o.h.type.descriptor.sql.BasicBinder      : binding parameter [7] as [VARCHAR] - [USER]
2023-05-18 23:21:43.246 TRACE 25070 --- [    Test worker] o.h.type.descriptor.sql.BasicBinder      : binding parameter [8] as [INTEGER] - [0]
2023-05-18 23:21:43.246 TRACE 25070 --- [    Test worker] o.h.type.descriptor.sql.BasicBinder      : binding parameter [9] as [VARCHAR] - [testUser]
2023-05-18 23:21:43.246 TRACE 25070 --- [    Test worker] o.h.type.descriptor.sql.BasicBinder      : binding parameter [10] as [VARCHAR] - [test@a.com]
2023-05-18 23:21:43.246 TRACE 25070 --- [    Test worker] o.h.type.descriptor.sql.BasicBinder      : binding parameter [11] as [INTEGER] - [0]
2023-05-18 23:21:43.246 TRACE 25070 --- [    Test worker] o.h.type.descriptor.sql.BasicBinder      : binding parameter [12] as [VARCHAR] - [테스트유저]
2023-05-18 23:21:43.246 TRACE 25070 --- [    Test worker] o.h.type.descriptor.sql.BasicBinder      : binding parameter [13] as [BIGINT] - [2]
2023-05-18 23:21:44.303 DEBUG 25070 --- [    Test worker] org.hibernate.SQL                        : 
    update
        message 
    set
        message_id=null 
    where
        message_id=?
2023-05-18 23:21:44.303 TRACE 25070 --- [    Test worker] o.h.type.descriptor.sql.BasicBinder      : binding parameter [1] as [BIGINT] - [2]
2023-05-18 23:21:45.018  WARN 25070 --- [    Test worker] JpaBaseConfiguration$JpaWebConfiguration : spring.jpa.open-in-view is enabled by default. Therefore, database queries may be performed during view rendering. Explicitly configure spring.jpa.open-in-view to disable this warning
2023-05-18 23:21:45.469  INFO 25070 --- [    Test worker] c.e.server.ServerApplicationTests        : Started ServerApplicationTests in 26.652 seconds (JVM running for 27.718)
]]></system-out>
  <system-err><![CDATA[]]></system-err>
</testsuite>
